# zsim stats
===
root: # Stats
 contention: # Contention simulation stats
  domain-0: # Domain stats
   time: 13796276816 # Weave simulation time
 time: # Simulator time breakdown
  init: 2085457012
  bound: 100245744524
  weave: 15777788958
  ff: 0
 trigger: 20000 # Reason for this stats dump
 phase: 150340 # Simulated phases
 westmere: # Core stats
  westmere-0: # Core stats
   cycles: 1503402369 # Simulated unhalted cycles
   cCycles: 393024697 # Cycles due to contention stalls
   instrs: 1000002066 # Simulated instructions
   uops: 1166695165 # Retired micro-ops
   bbls: 78828847 # Basic blocks
   approxInstrs: 9960884 # Instrs with approx uop decoding
   mispredBranches: 614287 # Mispredicted branches
   condBranches: 76585602 # conditional branches
 l1i: # Cache stats
  l1i-0: # Filter cache stats
   fhGETS: 111873899 # Filtered GETS hits
   fhGETX: 0 # Filtered GETX hits
   hGETS: 40336 # GETS hits
   hGETX: 0 # GETX hits
   mGETS: 3415 # GETS misses
   mGETXIM: 0 # GETX I->M misses
   mGETXSM: 0 # GETX S->M misses (upgrade misses)
   PUTS: 0 # Clean evictions (from lower level)
   PUTX: 0 # Dirty evictions (from lower level)
   INV: 141 # Invalidates (from upper level)
   INVX: 0 # Downgrades (from upper level)
   FWD: 0 # Forwards (from upper level)
   latGETnl: 400410 # GET request latency on next level
   latGETnet: 0 # GET request latency on network to next level
 l1d: # Cache stats
  l1d-0: # Filter cache stats
   fhGETS: 191679737 # Filtered GETS hits
   fhGETX: 64519924 # Filtered GETX hits
   hGETS: 119151034 # GETS hits
   hGETX: 28584832 # GETX hits
   mGETS: 24582137 # GETS misses
   mGETXIM: 8043785 # GETX I->M misses
   mGETXSM: 0 # GETX S->M misses (upgrade misses)
   PUTS: 0 # Clean evictions (from lower level)
   PUTX: 0 # Dirty evictions (from lower level)
   INV: 0 # Invalidates (from upper level)
   INVX: 0 # Downgrades (from upper level)
   FWD: 0 # Forwards (from upper level)
   latGETnl: 2593923226 # GET request latency on next level
   latGETnet: 0 # GET request latency on network to next level
 l2: # Cache stats
  l2-0: # Cache stats
   hGETS: 6383764 # GETS hits
   hGETX: 2602489 # GETX hits
   mGETS: 18201788 # GETS misses
   mGETXIM: 5441296 # GETX I->M misses
   mGETXSM: 0 # GETX S->M misses (upgrade misses)
   PUTS: 22057554 # Clean evictions (from lower level)
   PUTX: 10570618 # Dirty evictions (from lower level)
   INV: 141 # Invalidates (from upper level)
   INVX: 0 # Downgrades (from upper level)
   FWD: 0 # Forwards (from upper level)
   latGETnl: 2333288940 # GET request latency on next level
   latGETnet: 0 # GET request latency on network to next level
 l3: # Cache stats
  l3-0: # Cache stats
   hGETS: 2434378 # GETS hits
   hGETX: 537292 # GETX hits
   mGETS: 15767410 # GETS misses
   mGETXIM: 4904004 # GETX I->M misses
   mGETXSM: 0 # GETX S->M misses (upgrade misses)
   PUTS: 16711980 # Clean evictions (from lower level)
   PUTX: 6926867 # Dirty evictions (from lower level)
   INV: 0 # Invalidates (from upper level)
   INVX: 0 # Downgrades (from upper level)
   FWD: 0 # Forwards (from upper level)
   latGETnl: 1860427260 # GET request latency on next level
   latGETnet: 0 # GET request latency on network to next level
 mem: # Memory controller stats
  mem-0: # Memory controller stats
   rd: 5167623 # Read requests
   wr: 1597752 # Write requests
   rdlat: 752264300 # Total latency experienced by read requests
   wrlat: 246440512 # Total latency experienced by write requests
   rdhits: 14633 # Read row hits
   wrhits: 8403 # Write row hits
   mlh: # latency histogram for memory requests
    0: 0
    1: 0
    2: 0
    3: 0
    4: 0
    5: 0
    6: 0
    7: 0
    8: 0
    9: 0
    10: 0
    11: 121
    12: 2327
    13: 3347292
    14: 842990
    15: 357453
    16: 70337
    17: 142243
    18: 61491
    19: 63885
    20: 8031
    21: 3974
    22: 3673
    23: 23951
    24: 110282
    25: 45943
    26: 24110
    27: 4241
    28: 2290
    29: 2695
    30: 2917
    31: 3075
    32: 2625
    33: 2955
    34: 3126
    35: 5428
    36: 3389
    37: 2918
    38: 2853
    39: 3001
    40: 3062
    41: 3042
    42: 2903
    43: 1816
    44: 1005
    45: 644
    46: 520
    47: 943
    48: 1308
    49: 622
    50: 449
    51: 471
    52: 401
    53: 221
    54: 187
    55: 76
    56: 47
    57: 8
    58: 15
    59: 179
    60: 65
    61: 4
    62: 8
    63: 2
    64: 1
    65: 2
    66: 0
    67: 1
    68: 1
    69: 0
    70: 3
    71: 0
    72: 1
    73: 0
    74: 0
    75: 0
    76: 0
    77: 0
    78: 0
    79: 0
    80: 0
    81: 0
    82: 0
    83: 0
    84: 0
    85: 0
    86: 0
    87: 0
    88: 0
    89: 0
    90: 0
    91: 0
    92: 0
    93: 0
    94: 0
    95: 0
    96: 0
    97: 0
    98: 0
    99: 0
  mem-1: # Memory controller stats
   rd: 5167702 # Read requests
   wr: 1597679 # Write requests
   rdlat: 752319151 # Total latency experienced by read requests
   wrlat: 246361552 # Total latency experienced by write requests
   rdhits: 14722 # Read row hits
   wrhits: 8571 # Write row hits
   mlh: # latency histogram for memory requests
    0: 0
    1: 0
    2: 0
    3: 0
    4: 0
    5: 0
    6: 0
    7: 0
    8: 0
    9: 0
    10: 0
    11: 137
    12: 2218
    13: 3348113
    14: 841475
    15: 358419
    16: 70271
    17: 141699
    18: 61219
    19: 63456
    20: 8206
    21: 4266
    22: 3912
    23: 23644
    24: 110968
    25: 46117
    26: 24174
    27: 4265
    28: 2202
    29: 2732
    30: 2893
    31: 3089
    32: 2641
    33: 2948
    34: 3055
    35: 5360
    36: 3408
    37: 3032
    38: 2939
    39: 3009
    40: 3053
    41: 2852
    42: 2923
    43: 1795
    44: 1010
    45: 651
    46: 502
    47: 913
    48: 1334
    49: 651
    50: 480
    51: 441
    52: 390
    53: 209
    54: 212
    55: 87
    56: 46
    57: 13
    58: 26
    59: 161
    60: 56
    61: 12
    62: 2
    63: 3
    64: 4
    65: 2
    66: 1
    67: 0
    68: 0
    69: 4
    70: 1
    71: 1
    72: 0
    73: 0
    74: 0
    75: 0
    76: 0
    77: 0
    78: 0
    79: 0
    80: 0
    81: 0
    82: 0
    83: 0
    84: 0
    85: 0
    86: 0
    87: 0
    88: 0
    89: 0
    90: 0
    91: 0
    92: 0
    93: 0
    94: 0
    95: 0
    96: 0
    97: 0
    98: 0
    99: 0
  mem-2: # Memory controller stats
   rd: 5168037 # Read requests
   wr: 1597902 # Write requests
   rdlat: 752964062 # Total latency experienced by read requests
   wrlat: 246532755 # Total latency experienced by write requests
   rdhits: 14684 # Read row hits
   wrhits: 8404 # Write row hits
   mlh: # latency histogram for memory requests
    0: 0
    1: 0
    2: 0
    3: 0
    4: 0
    5: 0
    6: 0
    7: 0
    8: 0
    9: 0
    10: 0
    11: 154
    12: 2247
    13: 3343703
    14: 839862
    15: 357575
    16: 70188
    17: 143916
    18: 61760
    19: 63787
    20: 9705
    21: 5412
    22: 4117
    23: 24026
    24: 111331
    25: 46214
    26: 24002
    27: 4254
    28: 2413
    29: 2747
    30: 3036
    31: 3069
    32: 2578
    33: 2884
    34: 3023
    35: 5333
    36: 3332
    37: 2979
    38: 2947
    39: 2958
    40: 3063
    41: 2941
    42: 3059
    43: 1914
    44: 984
    45: 676
    46: 545
    47: 960
    48: 1388
    49: 680
    50: 464
    51: 471
    52: 425
    53: 256
    54: 188
    55: 80
    56: 52
    57: 10
    58: 34
    59: 178
    60: 63
    61: 15
    62: 8
    63: 6
    64: 9
    65: 5
    66: 0
    67: 0
    68: 0
    69: 6
    70: 1
    71: 3
    72: 1
    73: 0
    74: 0
    75: 0
    76: 0
    77: 0
    78: 0
    79: 0
    80: 0
    81: 0
    82: 0
    83: 0
    84: 0
    85: 0
    86: 0
    87: 0
    88: 0
    89: 0
    90: 0
    91: 0
    92: 0
    93: 0
    94: 0
    95: 0
    96: 0
    97: 0
    98: 0
    99: 0
  mem-3: # Memory controller stats
   rd: 5168017 # Read requests
   wr: 1597816 # Write requests
   rdlat: 752760199 # Total latency experienced by read requests
   wrlat: 246041545 # Total latency experienced by write requests
   rdhits: 14681 # Read row hits
   wrhits: 8973 # Write row hits
   mlh: # latency histogram for memory requests
    0: 0
    1: 0
    2: 0
    3: 0
    4: 0
    5: 0
    6: 0
    7: 0
    8: 0
    9: 0
    10: 0
    11: 142
    12: 2182
    13: 3346055
    14: 841439
    15: 357544
    16: 70033
    17: 142578
    18: 61125
    19: 63033
    20: 9078
    21: 4820
    22: 4180
    23: 23857
    24: 111454
    25: 46463
    26: 24056
    27: 4230
    28: 2519
    29: 3078
    30: 3005
    31: 2962
    32: 2557
    33: 2846
    34: 2987
    35: 5256
    36: 3319
    37: 2870
    38: 2855
    39: 2933
    40: 3015
    41: 3002
    42: 2996
    43: 1853
    44: 1031
    45: 654
    46: 569
    47: 943
    48: 1450
    49: 676
    50: 467
    51: 506
    52: 439
    53: 252
    54: 193
    55: 82
    56: 60
    57: 18
    58: 39
    59: 188
    60: 71
    61: 26
    62: 11
    63: 9
    64: 5
    65: 1
    66: 1
    67: 0
    68: 1
    69: 2
    70: 1
    71: 0
    72: 0
    73: 0
    74: 0
    75: 0
    76: 0
    77: 0
    78: 0
    79: 0
    80: 0
    81: 0
    82: 0
    83: 0
    84: 0
    85: 0
    86: 0
    87: 0
    88: 0
    89: 0
    90: 0
    91: 0
    92: 0
    93: 0
    94: 0
    95: 0
    96: 0
    97: 0
    98: 0
    99: 0
 sched: # Scheduler stats
  thCr: 1 # Threads created
  thFn: 1 # Threads finished
  schedEvs: 1 # Schedule events
  waitEvs: 0 # Wait events
  handoffEvs: 0 # Handoff events
  sleepEvs: 0 # Sleep events
  idlePhases: 0 # Phases with no thread active
  idlePeriods: 0 # Periods with no thread active
  occHist: # Occupancy histogram
   0: 0
   1: 150340
  rqSzHist: # Run queue size histogram
   0: 150340
   1: 0
   2: 0
   3: 0
   4: 0
   5: 0
   6: 0
   7: 0
   8: 0
   9: 0
   10: 0
   11: 0
   12: 0
   13: 0
   14: 0
   15: 0
   16: 0
 procCycles: # Per-process unhalted core cycles
  0: 1503402369
  1: 0
  2: 0
  3: 0
  4: 0
  5: 0
  6: 0
  7: 0
  8: 0
  9: 0
  10: 0
  11: 0
  12: 0
  13: 0
  14: 0
  15: 0
  16: 0
  17: 0
  18: 0
  19: 0
  20: 0
  21: 0
  22: 0
  23: 0
  24: 0
  25: 0
  26: 0
  27: 0
  28: 0
  29: 0
  30: 0
  31: 0
  32: 0
  33: 0
  34: 0
  35: 0
  36: 0
  37: 0
  38: 0
  39: 0
  40: 0
  41: 0
  42: 0
  43: 0
  44: 0
  45: 0
  46: 0
  47: 0
  48: 0
  49: 0
  50: 0
  51: 0
  52: 0
  53: 0
  54: 0
  55: 0
  56: 0
  57: 0
  58: 0
  59: 0
  60: 0
  61: 0
  62: 0
  63: 0
 procInstrs: # Per-process instructions
  0: 1000002066
  1: 0
  2: 0
  3: 0
  4: 0
  5: 0
  6: 0
  7: 0
  8: 0
  9: 0
  10: 0
  11: 0
  12: 0
  13: 0
  14: 0
  15: 0
  16: 0
  17: 0
  18: 0
  19: 0
  20: 0
  21: 0
  22: 0
  23: 0
  24: 0
  25: 0
  26: 0
  27: 0
  28: 0
  29: 0
  30: 0
  31: 0
  32: 0
  33: 0
  34: 0
  35: 0
  36: 0
  37: 0
  38: 0
  39: 0
  40: 0
  41: 0
  42: 0
  43: 0
  44: 0
  45: 0
  46: 0
  47: 0
  48: 0
  49: 0
  50: 0
  51: 0
  52: 0
  53: 0
  54: 0
  55: 0
  56: 0
  57: 0
  58: 0
  59: 0
  60: 0
  61: 0
  62: 0
  63: 0
 heartbeats: # Per-process heartbeats
  0: 0
  1: 0
  2: 0
  3: 0
  4: 0
  5: 0
  6: 0
  7: 0
  8: 0
  9: 0
  10: 0
  11: 0
  12: 0
  13: 0
  14: 0
  15: 0
  16: 0
  17: 0
  18: 0
  19: 0
  20: 0
  21: 0
  22: 0
  23: 0
  24: 0
  25: 0
  26: 0
  27: 0
  28: 0
  29: 0
  30: 0
  31: 0
  32: 0
  33: 0
  34: 0
  35: 0
  36: 0
  37: 0
  38: 0
  39: 0
  40: 0
  41: 0
  42: 0
  43: 0
  44: 0
  45: 0
  46: 0
  47: 0
  48: 0
  49: 0
  50: 0
  51: 0
  52: 0
  53: 0
  54: 0
  55: 0
  56: 0
  57: 0
  58: 0
  59: 0
  60: 0
  61: 0
  62: 0
  63: 0
===
