# zsim stats
===
root: # Stats
 contention: # Contention simulation stats
  domain-0: # Domain stats
   time: 1771362663 # Weave simulation time
 time: # Simulator time breakdown
  init: 12130263687
  bound: 80816807825
  weave: 3245063874
  ff: 0
 trigger: 20000 # Reason for this stats dump
 phase: 103240 # Simulated phases
 westmere: # Core stats
  westmere-0: # Core stats
   cycles: 1032401067 # Simulated unhalted cycles
   cCycles: 64973036 # Cycles due to contention stalls
   instrs: 1000002925 # Simulated instructions
   uops: 1207621334 # Retired micro-ops
   bbls: 230340599 # Basic blocks
   approxInstrs: 3785375 # Instrs with approx uop decoding
   mispredBranches: 13113011 # Mispredicted branches
   condBranches: 160017737 # conditional branches
 l1i: # Cache stats
  l1i-0: # Filter cache stats
   fhGETS: 232346075 # Filtered GETS hits
   fhGETX: 0 # Filtered GETX hits
   hGETS: 46902694 # GETS hits
   hGETX: 0 # GETX hits
   mGETS: 11499407 # GETS misses
   mGETXIM: 0 # GETX I->M misses
   mGETXSM: 0 # GETX S->M misses (upgrade misses)
   PUTS: 0 # Clean evictions (from lower level)
   PUTX: 0 # Dirty evictions (from lower level)
   INV: 251 # Invalidates (from upper level)
   INVX: 0 # Downgrades (from upper level)
   FWD: 0 # Forwards (from upper level)
   latGETnl: 109393466 # GET request latency on next level
   latGETnet: 0 # GET request latency on network to next level
 l1d: # Cache stats
  l1d-0: # Filter cache stats
   fhGETS: 227379907 # Filtered GETS hits
   fhGETX: 147704760 # Filtered GETX hits
   hGETS: 28536881 # GETS hits
   hGETX: 14079669 # GETX hits
   mGETS: 6050684 # GETS misses
   mGETXIM: 2091016 # GETX I->M misses
   mGETXSM: 0 # GETX S->M misses (upgrade misses)
   PUTS: 0 # Clean evictions (from lower level)
   PUTX: 0 # Dirty evictions (from lower level)
   INV: 356 # Invalidates (from upper level)
   INVX: 0 # Downgrades (from upper level)
   FWD: 0 # Forwards (from upper level)
   latGETnl: 312348800 # GET request latency on next level
   latGETnet: 0 # GET request latency on network to next level
 l2: # Cache stats
  l2-0: # Cache stats
   hGETS: 13760697 # GETS hits
   hGETX: 1048229 # GETX hits
   mGETS: 3789394 # GETS misses
   mGETXIM: 1042787 # GETX I->M misses
   mGETXSM: 0 # GETX S->M misses (upgrade misses)
   PUTS: 16375168 # Clean evictions (from lower level)
   PUTX: 3264308 # Dirty evictions (from lower level)
   INV: 0 # Invalidates (from upper level)
   INVX: 0 # Downgrades (from upper level)
   FWD: 0 # Forwards (from upper level)
   latGETnl: 264613410 # GET request latency on next level
   latGETnet: 0 # GET request latency on network to next level
 l3: # Cache stats
  l3-0: # Cache stats
   hGETS: 2769898 # GETS hits
   hGETX: 195952 # GETX hits
   mGETS: 1019496 # GETS misses
   mGETXIM: 846835 # GETX I->M misses
   mGETXSM: 0 # GETX S->M misses (upgrade misses)
   PUTS: 3011049 # Clean evictions (from lower level)
   PUTX: 1817036 # Dirty evictions (from lower level)
   INV: 0 # Invalidates (from upper level)
   INVX: 0 # Downgrades (from upper level)
   FWD: 0 # Forwards (from upper level)
   latGETnl: 167969790 # GET request latency on next level
   latGETnet: 0 # GET request latency on network to next level
 mem: # Memory controller stats
  mem-0: # Memory controller stats
   rd: 479776 # Read requests
   wr: 275402 # Write requests
   rdlat: 64512479 # Total latency experienced by read requests
   wrlat: 38948639 # Total latency experienced by write requests
   rdhits: 1073 # Read row hits
   wrhits: 618 # Write row hits
   mlh: # latency histogram for memory requests
    0: 0
    1: 0
    2: 0
    3: 0
    4: 0
    5: 0
    6: 0
    7: 0
    8: 0
    9: 0
    10: 0
    11: 82
    12: 129
    13: 462522
    14: 4614
    15: 3266
    16: 1225
    17: 466
    18: 578
    19: 352
    20: 537
    21: 341
    22: 290
    23: 259
    24: 278
    25: 260
    26: 236
    27: 243
    28: 235
    29: 230
    30: 268
    31: 246
    32: 258
    33: 257
    34: 289
    35: 264
    36: 294
    37: 248
    38: 298
    39: 252
    40: 241
    41: 274
    42: 275
    43: 109
    44: 10
    45: 18
    46: 14
    47: 12
    48: 5
    49: 0
    50: 1
    51: 0
    52: 0
    53: 0
    54: 0
    55: 0
    56: 0
    57: 0
    58: 0
    59: 0
    60: 0
    61: 0
    62: 0
    63: 0
    64: 0
    65: 0
    66: 0
    67: 0
    68: 0
    69: 0
    70: 0
    71: 0
    72: 0
    73: 0
    74: 0
    75: 0
    76: 0
    77: 0
    78: 0
    79: 0
    80: 0
    81: 0
    82: 0
    83: 0
    84: 0
    85: 0
    86: 0
    87: 0
    88: 0
    89: 0
    90: 0
    91: 0
    92: 0
    93: 0
    94: 0
    95: 0
    96: 0
    97: 0
    98: 0
    99: 0
  mem-1: # Memory controller stats
   rd: 453259 # Read requests
   wr: 272615 # Write requests
   rdlat: 60939784 # Total latency experienced by read requests
   wrlat: 38578873 # Total latency experienced by write requests
   rdhits: 1094 # Read row hits
   wrhits: 604 # Write row hits
   mlh: # latency histogram for memory requests
    0: 0
    1: 0
    2: 0
    3: 0
    4: 0
    5: 0
    6: 0
    7: 0
    8: 0
    9: 0
    10: 0
    11: 94
    12: 123
    13: 436877
    14: 4501
    15: 2960
    16: 1223
    17: 467
    18: 490
    19: 367
    20: 460
    21: 328
    22: 281
    23: 257
    24: 306
    25: 223
    26: 218
    27: 230
    28: 215
    29: 247
    30: 240
    31: 232
    32: 263
    33: 251
    34: 269
    35: 241
    36: 251
    37: 266
    38: 253
    39: 253
    40: 209
    41: 255
    42: 255
    43: 104
    44: 11
    45: 10
    46: 8
    47: 10
    48: 5
    49: 4
    50: 0
    51: 0
    52: 0
    53: 2
    54: 0
    55: 0
    56: 0
    57: 0
    58: 0
    59: 0
    60: 0
    61: 0
    62: 0
    63: 0
    64: 0
    65: 0
    66: 0
    67: 0
    68: 0
    69: 0
    70: 0
    71: 0
    72: 0
    73: 0
    74: 0
    75: 0
    76: 0
    77: 0
    78: 0
    79: 0
    80: 0
    81: 0
    82: 0
    83: 0
    84: 0
    85: 0
    86: 0
    87: 0
    88: 0
    89: 0
    90: 0
    91: 0
    92: 0
    93: 0
    94: 0
    95: 0
    96: 0
    97: 0
    98: 0
    99: 0
  mem-2: # Memory controller stats
   rd: 478324 # Read requests
   wr: 275108 # Write requests
   rdlat: 64305405 # Total latency experienced by read requests
   wrlat: 38936720 # Total latency experienced by write requests
   rdhits: 1107 # Read row hits
   wrhits: 653 # Write row hits
   mlh: # latency histogram for memory requests
    0: 0
    1: 0
    2: 0
    3: 0
    4: 0
    5: 0
    6: 0
    7: 0
    8: 0
    9: 0
    10: 0
    11: 87
    12: 107
    13: 461305
    14: 4591
    15: 3233
    16: 1200
    17: 470
    18: 459
    19: 394
    20: 527
    21: 353
    22: 252
    23: 294
    24: 276
    25: 257
    26: 209
    27: 253
    28: 225
    29: 238
    30: 249
    31: 246
    32: 285
    33: 290
    34: 252
    35: 267
    36: 263
    37: 285
    38: 282
    39: 243
    40: 264
    41: 264
    42: 256
    43: 100
    44: 13
    45: 8
    46: 10
    47: 12
    48: 3
    49: 1
    50: 1
    51: 0
    52: 0
    53: 0
    54: 0
    55: 0
    56: 0
    57: 0
    58: 0
    59: 0
    60: 0
    61: 0
    62: 0
    63: 0
    64: 0
    65: 0
    66: 0
    67: 0
    68: 0
    69: 0
    70: 0
    71: 0
    72: 0
    73: 0
    74: 0
    75: 0
    76: 0
    77: 0
    78: 0
    79: 0
    80: 0
    81: 0
    82: 0
    83: 0
    84: 0
    85: 0
    86: 0
    87: 0
    88: 0
    89: 0
    90: 0
    91: 0
    92: 0
    93: 0
    94: 0
    95: 0
    96: 0
    97: 0
    98: 0
    99: 0
  mem-3: # Memory controller stats
   rd: 454967 # Read requests
   wr: 273473 # Write requests
   rdlat: 61145970 # Total latency experienced by read requests
   wrlat: 38667142 # Total latency experienced by write requests
   rdhits: 1066 # Read row hits
   wrhits: 667 # Write row hits
   mlh: # latency histogram for memory requests
    0: 0
    1: 0
    2: 0
    3: 0
    4: 0
    5: 0
    6: 0
    7: 0
    8: 0
    9: 0
    10: 0
    11: 83
    12: 117
    13: 438432
    14: 4751
    15: 2937
    16: 1187
    17: 481
    18: 549
    19: 358
    20: 514
    21: 330
    22: 241
    23: 241
    24: 278
    25: 235
    26: 204
    27: 235
    28: 216
    29: 240
    30: 247
    31: 242
    32: 261
    33: 266
    34: 249
    35: 260
    36: 268
    37: 272
    38: 242
    39: 209
    40: 232
    41: 228
    42: 235
    43: 80
    44: 16
    45: 9
    46: 10
    47: 9
    48: 3
    49: 0
    50: 0
    51: 0
    52: 0
    53: 0
    54: 0
    55: 0
    56: 0
    57: 0
    58: 0
    59: 0
    60: 0
    61: 0
    62: 0
    63: 0
    64: 0
    65: 0
    66: 0
    67: 0
    68: 0
    69: 0
    70: 0
    71: 0
    72: 0
    73: 0
    74: 0
    75: 0
    76: 0
    77: 0
    78: 0
    79: 0
    80: 0
    81: 0
    82: 0
    83: 0
    84: 0
    85: 0
    86: 0
    87: 0
    88: 0
    89: 0
    90: 0
    91: 0
    92: 0
    93: 0
    94: 0
    95: 0
    96: 0
    97: 0
    98: 0
    99: 0
 sched: # Scheduler stats
  thCr: 1 # Threads created
  thFn: 1 # Threads finished
  schedEvs: 1 # Schedule events
  waitEvs: 0 # Wait events
  handoffEvs: 0 # Handoff events
  sleepEvs: 0 # Sleep events
  idlePhases: 0 # Phases with no thread active
  idlePeriods: 0 # Periods with no thread active
  occHist: # Occupancy histogram
   0: 0
   1: 103240
  rqSzHist: # Run queue size histogram
   0: 103240
   1: 0
   2: 0
   3: 0
   4: 0
   5: 0
   6: 0
   7: 0
   8: 0
   9: 0
   10: 0
   11: 0
   12: 0
   13: 0
   14: 0
   15: 0
   16: 0
 procCycles: # Per-process unhalted core cycles
  0: 1032401067
  1: 0
  2: 0
  3: 0
  4: 0
  5: 0
  6: 0
  7: 0
  8: 0
  9: 0
  10: 0
  11: 0
  12: 0
  13: 0
  14: 0
  15: 0
  16: 0
  17: 0
  18: 0
  19: 0
  20: 0
  21: 0
  22: 0
  23: 0
  24: 0
  25: 0
  26: 0
  27: 0
  28: 0
  29: 0
  30: 0
  31: 0
  32: 0
  33: 0
  34: 0
  35: 0
  36: 0
  37: 0
  38: 0
  39: 0
  40: 0
  41: 0
  42: 0
  43: 0
  44: 0
  45: 0
  46: 0
  47: 0
  48: 0
  49: 0
  50: 0
  51: 0
  52: 0
  53: 0
  54: 0
  55: 0
  56: 0
  57: 0
  58: 0
  59: 0
  60: 0
  61: 0
  62: 0
  63: 0
 procInstrs: # Per-process instructions
  0: 1000002925
  1: 0
  2: 0
  3: 0
  4: 0
  5: 0
  6: 0
  7: 0
  8: 0
  9: 0
  10: 0
  11: 0
  12: 0
  13: 0
  14: 0
  15: 0
  16: 0
  17: 0
  18: 0
  19: 0
  20: 0
  21: 0
  22: 0
  23: 0
  24: 0
  25: 0
  26: 0
  27: 0
  28: 0
  29: 0
  30: 0
  31: 0
  32: 0
  33: 0
  34: 0
  35: 0
  36: 0
  37: 0
  38: 0
  39: 0
  40: 0
  41: 0
  42: 0
  43: 0
  44: 0
  45: 0
  46: 0
  47: 0
  48: 0
  49: 0
  50: 0
  51: 0
  52: 0
  53: 0
  54: 0
  55: 0
  56: 0
  57: 0
  58: 0
  59: 0
  60: 0
  61: 0
  62: 0
  63: 0
 heartbeats: # Per-process heartbeats
  0: 0
  1: 0
  2: 0
  3: 0
  4: 0
  5: 0
  6: 0
  7: 0
  8: 0
  9: 0
  10: 0
  11: 0
  12: 0
  13: 0
  14: 0
  15: 0
  16: 0
  17: 0
  18: 0
  19: 0
  20: 0
  21: 0
  22: 0
  23: 0
  24: 0
  25: 0
  26: 0
  27: 0
  28: 0
  29: 0
  30: 0
  31: 0
  32: 0
  33: 0
  34: 0
  35: 0
  36: 0
  37: 0
  38: 0
  39: 0
  40: 0
  41: 0
  42: 0
  43: 0
  44: 0
  45: 0
  46: 0
  47: 0
  48: 0
  49: 0
  50: 0
  51: 0
  52: 0
  53: 0
  54: 0
  55: 0
  56: 0
  57: 0
  58: 0
  59: 0
  60: 0
  61: 0
  62: 0
  63: 0
===
