# zsim stats
===
root: # Stats
 contention: # Contention simulation stats
  domain-0: # Domain stats
   time: 2336901395 # Weave simulation time
 time: # Simulator time breakdown
  init: 2634082632
  bound: 12672973310
  weave: 2831874615
  ff: 0
 trigger: 20000 # Reason for this stats dump
 phase: 37525 # Simulated phases
 westmere: # Core stats
  westmere-0: # Core stats
   cycles: 375252133 # Simulated unhalted cycles
   cCycles: 72664948 # Cycles due to contention stalls
   instrs: 100001824 # Simulated instructions
   uops: 115443748 # Retired micro-ops
   bbls: 23504038 # Basic blocks
   approxInstrs: 1076016 # Instrs with approx uop decoding
   mispredBranches: 268953 # Mispredicted branches
   condBranches: 18721429 # conditional branches
 l1i: # Cache stats
  l1i-0: # Filter cache stats
   fhGETS: 13169708 # Filtered GETS hits
   fhGETX: 0 # Filtered GETX hits
   hGETS: 2807564 # GETS hits
   hGETX: 0 # GETX hits
   mGETS: 8575929 # GETS misses
   mGETXIM: 0 # GETX I->M misses
   mGETXSM: 0 # GETX S->M misses (upgrade misses)
   PUTS: 0 # Clean evictions (from lower level)
   PUTX: 0 # Dirty evictions (from lower level)
   INV: 8575572 # Invalidates (from upper level)
   INVX: 0 # Downgrades (from upper level)
   FWD: 0 # Forwards (from upper level)
   latGETnl: 270263522 # GET request latency on next level
   latGETnet: 0 # GET request latency on network to next level
 l1d: # Cache stats
  l1d-0: # Filter cache stats
   fhGETS: 15164767 # Filtered GETS hits
   fhGETX: 4567923 # Filtered GETX hits
   hGETS: 5977023 # GETS hits
   hGETX: 230864 # GETX hits
   mGETS: 1266646 # GETS misses
   mGETXIM: 324780 # GETX I->M misses
   mGETXSM: 6878357 # GETX S->M misses (upgrade misses)
   PUTS: 0 # Clean evictions (from lower level)
   PUTX: 0 # Dirty evictions (from lower level)
   INV: 1591156 # Invalidates (from upper level)
   INVX: 6997105 # Downgrades (from upper level)
   FWD: 0 # Forwards (from upper level)
   latGETnl: 206769362 # GET request latency on next level
   latGETnet: 0 # GET request latency on network to next level
 l2: # Cache stats
  l2-0: # Cache stats
   hGETS: 7995568 # GETS hits
   hGETX: 6468166 # GETX hits
   mGETS: 1847007 # GETS misses
   mGETXIM: 37840 # GETX I->M misses
   mGETXSM: 697131 # GETX S->M misses (upgrade misses)
   PUTS: 44 # Clean evictions (from lower level)
   PUTX: 0 # Dirty evictions (from lower level)
   INV: 1884421 # Invalidates (from upper level)
   INVX: 0 # Downgrades (from upper level)
   FWD: 0 # Forwards (from upper level)
   latGETnl: 284017580 # GET request latency on next level
   latGETnet: 0 # GET request latency on network to next level
 l3: # Cache stats
  l3-0: # Cache stats
   hGETS: 0 # GETS hits
   hGETX: 0 # GETX hits
   mGETS: 1847007 # GETS misses
   mGETXIM: 37840 # GETX I->M misses
   mGETXSM: 697131 # GETX S->M misses (upgrade misses)
   PUTS: 0 # Clean evictions (from lower level)
   PUTX: 0 # Dirty evictions (from lower level)
   INV: 0 # Invalidates (from upper level)
   INVX: 0 # Downgrades (from upper level)
   FWD: 0 # Forwards (from upper level)
   latGETnl: 232378020 # GET request latency on next level
   latGETnet: 0 # GET request latency on network to next level
 mem: # Memory controller stats
  mem-0: # Memory controller stats
   rd: 669664 # Read requests
   wr: 247928 # Write requests
   rdlat: 89596318 # Total latency experienced by read requests
   wrlat: 34147696 # Total latency experienced by write requests
   rdhits: 8 # Read row hits
   wrhits: 2 # Write row hits
   mlh: # latency histogram for memory requests
    0: 0
    1: 0
    2: 0
    3: 0
    4: 0
    5: 0
    6: 0
    7: 0
    8: 0
    9: 0
    10: 0
    11: 4
    12: 3
    13: 661826
    14: 77
    15: 44
    16: 58
    17: 35
    18: 57
    19: 68
    20: 80
    21: 80
    22: 108
    23: 110
    24: 515
    25: 212
    26: 293
    27: 237
    28: 235
    29: 236
    30: 313
    31: 514
    32: 384
    33: 353
    34: 335
    35: 532
    36: 504
    37: 353
    38: 402
    39: 406
    40: 406
    41: 369
    42: 378
    43: 127
    44: 0
    45: 2
    46: 0
    47: 8
    48: 0
    49: 0
    50: 0
    51: 0
    52: 0
    53: 0
    54: 0
    55: 0
    56: 0
    57: 0
    58: 0
    59: 0
    60: 0
    61: 0
    62: 0
    63: 0
    64: 0
    65: 0
    66: 0
    67: 0
    68: 0
    69: 0
    70: 0
    71: 0
    72: 0
    73: 0
    74: 0
    75: 0
    76: 0
    77: 0
    78: 0
    79: 0
    80: 0
    81: 0
    82: 0
    83: 0
    84: 0
    85: 0
    86: 0
    87: 0
    88: 0
    89: 0
    90: 0
    91: 0
    92: 0
    93: 0
    94: 0
    95: 0
    96: 0
    97: 0
    98: 0
    99: 0
  mem-1: # Memory controller stats
   rd: 673897 # Read requests
   wr: 204977 # Write requests
   rdlat: 90274747 # Total latency experienced by read requests
   wrlat: 28476511 # Total latency experienced by write requests
   rdhits: 0 # Read row hits
   wrhits: 0 # Write row hits
   mlh: # latency histogram for memory requests
    0: 0
    1: 0
    2: 0
    3: 0
    4: 0
    5: 0
    6: 0
    7: 0
    8: 0
    9: 0
    10: 0
    11: 0
    12: 0
    13: 655957
    14: 11210
    15: 1
    16: 3
    17: 4
    18: 20
    19: 21
    20: 42
    21: 45
    22: 51
    23: 54
    24: 107
    25: 132
    26: 165
    27: 236
    28: 272
    29: 403
    30: 404
    31: 502
    32: 338
    33: 311
    34: 296
    35: 345
    36: 473
    37: 521
    38: 379
    39: 361
    40: 344
    41: 328
    42: 367
    43: 139
    44: 8
    45: 50
    46: 0
    47: 0
    48: 8
    49: 0
    50: 0
    51: 0
    52: 0
    53: 0
    54: 0
    55: 0
    56: 0
    57: 0
    58: 0
    59: 0
    60: 0
    61: 0
    62: 0
    63: 0
    64: 0
    65: 0
    66: 0
    67: 0
    68: 0
    69: 0
    70: 0
    71: 0
    72: 0
    73: 0
    74: 0
    75: 0
    76: 0
    77: 0
    78: 0
    79: 0
    80: 0
    81: 0
    82: 0
    83: 0
    84: 0
    85: 0
    86: 0
    87: 0
    88: 0
    89: 0
    90: 0
    91: 0
    92: 0
    93: 0
    94: 0
    95: 0
    96: 0
    97: 0
    98: 0
    99: 0
  mem-2: # Memory controller stats
   rd: 756797 # Read requests
   wr: 252197 # Write requests
   rdlat: 101131196 # Total latency experienced by read requests
   wrlat: 34388445 # Total latency experienced by write requests
   rdhits: 122 # Read row hits
   wrhits: 0 # Write row hits
   mlh: # latency histogram for memory requests
    0: 0
    1: 0
    2: 0
    3: 0
    4: 0
    5: 0
    6: 0
    7: 0
    8: 0
    9: 0
    10: 0
    11: 0
    12: 31
    13: 748311
    14: 72
    15: 53
    16: 87
    17: 72
    18: 79
    19: 88
    20: 95
    21: 102
    22: 104
    23: 106
    24: 150
    25: 213
    26: 245
    27: 285
    28: 299
    29: 320
    30: 538
    31: 507
    32: 372
    33: 359
    34: 337
    35: 619
    36: 588
    37: 400
    38: 434
    39: 434
    40: 416
    41: 418
    42: 423
    43: 138
    44: 79
    45: 16
    46: 7
    47: 0
    48: 0
    49: 0
    50: 0
    51: 0
    52: 0
    53: 0
    54: 0
    55: 0
    56: 0
    57: 0
    58: 0
    59: 0
    60: 0
    61: 0
    62: 0
    63: 0
    64: 0
    65: 0
    66: 0
    67: 0
    68: 0
    69: 0
    70: 0
    71: 0
    72: 0
    73: 0
    74: 0
    75: 0
    76: 0
    77: 0
    78: 0
    79: 0
    80: 0
    81: 0
    82: 0
    83: 0
    84: 0
    85: 0
    86: 0
    87: 0
    88: 0
    89: 0
    90: 0
    91: 0
    92: 0
    93: 0
    94: 0
    95: 0
    96: 0
    97: 0
    98: 0
    99: 0
  mem-3: # Memory controller stats
   rd: 481604 # Read requests
   wr: 149310 # Write requests
   rdlat: 65550671 # Total latency experienced by read requests
   wrlat: 21887316 # Total latency experienced by write requests
   rdhits: 113 # Read row hits
   wrhits: 0 # Write row hits
   mlh: # latency histogram for memory requests
    0: 0
    1: 0
    2: 0
    3: 0
    4: 0
    5: 0
    6: 0
    7: 0
    8: 0
    9: 0
    10: 0
    11: 0
    12: 0
    13: 448770
    14: 16282
    15: 38
    16: 38
    17: 38
    18: 62
    19: 56
    20: 59
    21: 11027
    22: 87
    23: 90
    24: 118
    25: 185
    26: 222
    27: 206
    28: 165
    29: 234
    30: 366
    31: 342
    32: 206
    33: 210
    34: 241
    35: 282
    36: 468
    37: 269
    38: 230
    39: 261
    40: 285
    41: 258
    42: 220
    43: 70
    44: 50
    45: 19
    46: 115
    47: 9
    48: 11
    49: 8
    50: 3
    51: 4
    52: 0
    53: 0
    54: 0
    55: 0
    56: 0
    57: 0
    58: 0
    59: 0
    60: 0
    61: 0
    62: 0
    63: 0
    64: 0
    65: 0
    66: 0
    67: 0
    68: 0
    69: 0
    70: 0
    71: 0
    72: 0
    73: 0
    74: 0
    75: 0
    76: 0
    77: 0
    78: 0
    79: 0
    80: 0
    81: 0
    82: 0
    83: 0
    84: 0
    85: 0
    86: 0
    87: 0
    88: 0
    89: 0
    90: 0
    91: 0
    92: 0
    93: 0
    94: 0
    95: 0
    96: 0
    97: 0
    98: 0
    99: 0
 sched: # Scheduler stats
  thCr: 1 # Threads created
  thFn: 1 # Threads finished
  schedEvs: 1 # Schedule events
  waitEvs: 0 # Wait events
  handoffEvs: 0 # Handoff events
  sleepEvs: 0 # Sleep events
  idlePhases: 0 # Phases with no thread active
  idlePeriods: 0 # Periods with no thread active
  occHist: # Occupancy histogram
   0: 0
   1: 37525
  rqSzHist: # Run queue size histogram
   0: 37525
   1: 0
   2: 0
   3: 0
   4: 0
   5: 0
   6: 0
   7: 0
   8: 0
   9: 0
   10: 0
   11: 0
   12: 0
   13: 0
   14: 0
   15: 0
   16: 0
 procCycles: # Per-process unhalted core cycles
  0: 375252133
  1: 0
  2: 0
  3: 0
  4: 0
  5: 0
  6: 0
  7: 0
  8: 0
  9: 0
  10: 0
  11: 0
  12: 0
  13: 0
  14: 0
  15: 0
  16: 0
  17: 0
  18: 0
  19: 0
  20: 0
  21: 0
  22: 0
  23: 0
  24: 0
  25: 0
  26: 0
  27: 0
  28: 0
  29: 0
  30: 0
  31: 0
  32: 0
  33: 0
  34: 0
  35: 0
  36: 0
  37: 0
  38: 0
  39: 0
  40: 0
  41: 0
  42: 0
  43: 0
  44: 0
  45: 0
  46: 0
  47: 0
  48: 0
  49: 0
  50: 0
  51: 0
  52: 0
  53: 0
  54: 0
  55: 0
  56: 0
  57: 0
  58: 0
  59: 0
  60: 0
  61: 0
  62: 0
  63: 0
 procInstrs: # Per-process instructions
  0: 100001824
  1: 0
  2: 0
  3: 0
  4: 0
  5: 0
  6: 0
  7: 0
  8: 0
  9: 0
  10: 0
  11: 0
  12: 0
  13: 0
  14: 0
  15: 0
  16: 0
  17: 0
  18: 0
  19: 0
  20: 0
  21: 0
  22: 0
  23: 0
  24: 0
  25: 0
  26: 0
  27: 0
  28: 0
  29: 0
  30: 0
  31: 0
  32: 0
  33: 0
  34: 0
  35: 0
  36: 0
  37: 0
  38: 0
  39: 0
  40: 0
  41: 0
  42: 0
  43: 0
  44: 0
  45: 0
  46: 0
  47: 0
  48: 0
  49: 0
  50: 0
  51: 0
  52: 0
  53: 0
  54: 0
  55: 0
  56: 0
  57: 0
  58: 0
  59: 0
  60: 0
  61: 0
  62: 0
  63: 0
 heartbeats: # Per-process heartbeats
  0: 0
  1: 0
  2: 0
  3: 0
  4: 0
  5: 0
  6: 0
  7: 0
  8: 0
  9: 0
  10: 0
  11: 0
  12: 0
  13: 0
  14: 0
  15: 0
  16: 0
  17: 0
  18: 0
  19: 0
  20: 0
  21: 0
  22: 0
  23: 0
  24: 0
  25: 0
  26: 0
  27: 0
  28: 0
  29: 0
  30: 0
  31: 0
  32: 0
  33: 0
  34: 0
  35: 0
  36: 0
  37: 0
  38: 0
  39: 0
  40: 0
  41: 0
  42: 0
  43: 0
  44: 0
  45: 0
  46: 0
  47: 0
  48: 0
  49: 0
  50: 0
  51: 0
  52: 0
  53: 0
  54: 0
  55: 0
  56: 0
  57: 0
  58: 0
  59: 0
  60: 0
  61: 0
  62: 0
  63: 0
===
