# zsim stats
===
root: # Stats
 contention: # Contention simulation stats
  domain-0: # Domain stats
   time: 601110976 # Weave simulation time
 time: # Simulator time breakdown
  init: 3322862629
  bound: 342872558270
  weave: 4161581732
  ff: 0
 trigger: 20000 # Reason for this stats dump
 phase: 99546 # Simulated phases
 westmere: # Core stats
  westmere-0: # Core stats
   cycles: 868899321 # Simulated unhalted cycles
   cCycles: 13599 # Cycles due to contention stalls
   instrs: 629070069 # Simulated instructions
   uops: 710430979 # Retired micro-ops
   bbls: 65293277 # Basic blocks
   approxInstrs: 3224236 # Instrs with approx uop decoding
   mispredBranches: 832873 # Mispredicted branches
   condBranches: 54246182 # conditional branches
  westmere-1: # Core stats
   cycles: 856200238 # Simulated unhalted cycles
   cCycles: 4873 # Cycles due to contention stalls
   instrs: 616767748 # Simulated instructions
   uops: 695725519 # Retired micro-ops
   bbls: 63777638 # Basic blocks
   approxInstrs: 3096909 # Instrs with approx uop decoding
   mispredBranches: 796675 # Mispredicted branches
   condBranches: 53330574 # conditional branches
  westmere-2: # Core stats
   cycles: 855625284 # Simulated unhalted cycles
   cCycles: 1927 # Cycles due to contention stalls
   instrs: 617081763 # Simulated instructions
   uops: 696028403 # Retired micro-ops
   bbls: 63685493 # Basic blocks
   approxInstrs: 3112655 # Instrs with approx uop decoding
   mispredBranches: 793152 # Mispredicted branches
   condBranches: 53235877 # conditional branches
  westmere-3: # Core stats
   cycles: 910803614 # Simulated unhalted cycles
   cCycles: 36809 # Cycles due to contention stalls
   instrs: 678664149 # Simulated instructions
   uops: 760047300 # Retired micro-ops
   bbls: 67138405 # Basic blocks
   approxInstrs: 3097239 # Instrs with approx uop decoding
   mispredBranches: 797768 # Mispredicted branches
   condBranches: 56537619 # conditional branches
  westmere-4: # Core stats
   cycles: 853899264 # Simulated unhalted cycles
   cCycles: 3187 # Cycles due to contention stalls
   instrs: 615613434 # Simulated instructions
   uops: 694155856 # Retired micro-ops
   bbls: 63619869 # Basic blocks
   approxInstrs: 3093456 # Instrs with approx uop decoding
   mispredBranches: 790160 # Mispredicted branches
   condBranches: 53264981 # conditional branches
  westmere-5: # Core stats
   cycles: 856840379 # Simulated unhalted cycles
   cCycles: 2794 # Cycles due to contention stalls
   instrs: 618365594 # Simulated instructions
   uops: 697304790 # Retired micro-ops
   bbls: 64000387 # Basic blocks
   approxInstrs: 3110281 # Instrs with approx uop decoding
   mispredBranches: 797251 # Mispredicted branches
   condBranches: 53581361 # conditional branches
  westmere-6: # Core stats
   cycles: 856575889 # Simulated unhalted cycles
   cCycles: 10760 # Cycles due to contention stalls
   instrs: 616545720 # Simulated instructions
   uops: 695376264 # Retired micro-ops
   bbls: 63709371 # Basic blocks
   approxInstrs: 3128040 # Instrs with approx uop decoding
   mispredBranches: 821599 # Mispredicted branches
   condBranches: 53283644 # conditional branches
  westmere-7: # Core stats
   cycles: 845646809 # Simulated unhalted cycles
   cCycles: 3389 # Cycles due to contention stalls
   instrs: 607899654 # Simulated instructions
   uops: 684821820 # Retired micro-ops
   bbls: 62680707 # Basic blocks
   approxInstrs: 3024366 # Instrs with approx uop decoding
   mispredBranches: 781805 # Mispredicted branches
   condBranches: 52757053 # conditional branches
 l1i: # Cache stats
  l1i-0: # Filter cache stats
   fhGETS: 64395434 # Filtered GETS hits
   fhGETX: 0 # Filtered GETX hits
   hGETS: 1074195 # GETS hits
   hGETX: 0 # GETX hits
   mGETS: 22971737 # GETS misses
   mGETXIM: 0 # GETX I->M misses
   mGETXSM: 0 # GETX S->M misses (upgrade misses)
   PUTS: 0 # Clean evictions (from lower level)
   PUTX: 0 # Dirty evictions (from lower level)
   INV: 22901208 # Invalidates (from upper level)
   INVX: 0 # Downgrades (from upper level)
   FWD: 0 # Forwards (from upper level)
   latGETnl: 606511372 # GET request latency on next level
   latGETnet: 0 # GET request latency on network to next level
  l1i-1: # Filter cache stats
   fhGETS: 62959525 # Filtered GETS hits
   fhGETX: 0 # Filtered GETX hits
   hGETS: 1068803 # GETS hits
   hGETX: 0 # GETX hits
   mGETS: 22344047 # GETS misses
   mGETXIM: 0 # GETX I->M misses
   mGETXSM: 0 # GETX S->M misses (upgrade misses)
   PUTS: 0 # Clean evictions (from lower level)
   PUTX: 0 # Dirty evictions (from lower level)
   INV: 22274153 # Invalidates (from upper level)
   INVX: 0 # Downgrades (from upper level)
   FWD: 0 # Forwards (from upper level)
   latGETnl: 599328470 # GET request latency on next level
   latGETnet: 0 # GET request latency on network to next level
  l1i-2: # Filter cache stats
   fhGETS: 62880159 # Filtered GETS hits
   fhGETX: 0 # Filtered GETX hits
   hGETS: 1067470 # GETS hits
   hGETX: 0 # GETX hits
   mGETS: 22359636 # GETS misses
   mGETXIM: 0 # GETX I->M misses
   mGETXSM: 0 # GETX S->M misses (upgrade misses)
   PUTS: 0 # Clean evictions (from lower level)
   PUTX: 0 # Dirty evictions (from lower level)
   INV: 22290815 # Invalidates (from upper level)
   INVX: 0 # Downgrades (from upper level)
   FWD: 0 # Forwards (from upper level)
   latGETnl: 598781789 # GET request latency on next level
   latGETnet: 0 # GET request latency on network to next level
  l1i-3: # Filter cache stats
   fhGETS: 65844591 # Filtered GETS hits
   fhGETX: 0 # Filtered GETX hits
   hGETS: 1075731 # GETS hits
   hGETX: 0 # GETX hits
   mGETS: 25420999 # GETS misses
   mGETXIM: 0 # GETX I->M misses
   mGETXSM: 0 # GETX S->M misses (upgrade misses)
   PUTS: 0 # Clean evictions (from lower level)
   PUTX: 0 # Dirty evictions (from lower level)
   INV: 25350159 # Invalidates (from upper level)
   INVX: 0 # Downgrades (from upper level)
   FWD: 0 # Forwards (from upper level)
   latGETnl: 633858110 # GET request latency on next level
   latGETnet: 0 # GET request latency on network to next level
  l1i-4: # Filter cache stats
   fhGETS: 62870355 # Filtered GETS hits
   fhGETX: 0 # Filtered GETX hits
   hGETS: 1066854 # GETS hits
   hGETX: 0 # GETX hits
   mGETS: 22236929 # GETS misses
   mGETXIM: 0 # GETX I->M misses
   mGETXSM: 0 # GETX S->M misses (upgrade misses)
   PUTS: 0 # Clean evictions (from lower level)
   PUTX: 0 # Dirty evictions (from lower level)
   INV: 22167414 # Invalidates (from upper level)
   INVX: 0 # Downgrades (from upper level)
   FWD: 0 # Forwards (from upper level)
   latGETnl: 597530199 # GET request latency on next level
   latGETnet: 0 # GET request latency on network to next level
  l1i-5: # Filter cache stats
   fhGETS: 63264484 # Filtered GETS hits
   fhGETX: 0 # Filtered GETX hits
   hGETS: 1069917 # GETS hits
   hGETX: 0 # GETX hits
   mGETS: 22326883 # GETS misses
   mGETXIM: 0 # GETX I->M misses
   mGETXSM: 0 # GETX S->M misses (upgrade misses)
   PUTS: 0 # Clean evictions (from lower level)
   PUTX: 0 # Dirty evictions (from lower level)
   INV: 22256707 # Invalidates (from upper level)
   INVX: 0 # Downgrades (from upper level)
   FWD: 0 # Forwards (from upper level)
   latGETnl: 599278302 # GET request latency on next level
   latGETnet: 0 # GET request latency on network to next level
  l1i-6: # Filter cache stats
   fhGETS: 63008386 # Filtered GETS hits
   fhGETX: 0 # Filtered GETX hits
   hGETS: 1072408 # GETS hits
   hGETX: 0 # GETX hits
   mGETS: 22324990 # GETS misses
   mGETXIM: 0 # GETX I->M misses
   mGETXSM: 0 # GETX S->M misses (upgrade misses)
   PUTS: 0 # Clean evictions (from lower level)
   PUTX: 0 # Dirty evictions (from lower level)
   INV: 22255367 # Invalidates (from upper level)
   INVX: 0 # Downgrades (from upper level)
   FWD: 0 # Forwards (from upper level)
   latGETnl: 599324898 # GET request latency on next level
   latGETnet: 0 # GET request latency on network to next level
  l1i-7: # Filter cache stats
   fhGETS: 62060872 # Filtered GETS hits
   fhGETX: 0 # Filtered GETX hits
   hGETS: 1065825 # GETS hits
   hGETX: 0 # GETX hits
   mGETS: 21807906 # GETS misses
   mGETXIM: 0 # GETX I->M misses
   mGETXSM: 0 # GETX S->M misses (upgrade misses)
   PUTS: 0 # Clean evictions (from lower level)
   PUTX: 0 # Dirty evictions (from lower level)
   INV: 21738558 # Invalidates (from upper level)
   INVX: 0 # Downgrades (from upper level)
   FWD: 0 # Forwards (from upper level)
   latGETnl: 592493148 # GET request latency on next level
   latGETnet: 0 # GET request latency on network to next level
 l1d: # Cache stats
  l1d-0: # Filter cache stats
   fhGETS: 102821038 # Filtered GETS hits
   fhGETX: 13832468 # Filtered GETX hits
   hGETS: 9160649 # GETS hits
   hGETX: 38266 # GETX hits
   mGETS: 8069905 # GETS misses
   mGETXIM: 3534825 # GETX I->M misses
   mGETXSM: 17877940 # GETX S->M misses (upgrade misses)
   PUTS: 0 # Clean evictions (from lower level)
   PUTX: 0 # Dirty evictions (from lower level)
   INV: 12035430 # Invalidates (from upper level)
   INVX: 20477178 # Downgrades (from upper level)
   FWD: 0 # Forwards (from upper level)
   latGETnl: 772023325 # GET request latency on next level
   latGETnet: 0 # GET request latency on network to next level
  l1d-1: # Filter cache stats
   fhGETS: 100611352 # Filtered GETS hits
   fhGETX: 13219636 # Filtered GETX hits
   hGETS: 8699693 # GETS hits
   hGETX: 36386 # GETX hits
   mGETS: 8055574 # GETS misses
   mGETXIM: 3542616 # GETX I->M misses
   mGETXSM: 17249675 # GETX S->M misses (upgrade misses)
   PUTS: 0 # Clean evictions (from lower level)
   PUTX: 0 # Dirty evictions (from lower level)
   INV: 12047372 # Invalidates (from upper level)
   INVX: 19859688 # Downgrades (from upper level)
   FWD: 0 # Forwards (from upper level)
   latGETnl: 765039612 # GET request latency on next level
   latGETnet: 0 # GET request latency on network to next level
  l1d-2: # Filter cache stats
   fhGETS: 100685688 # Filtered GETS hits
   fhGETX: 13245001 # Filtered GETX hits
   hGETS: 8736239 # GETS hits
   hGETX: 36504 # GETX hits
   mGETS: 8033601 # GETS misses
   mGETXIM: 3514457 # GETX I->M misses
   mGETXSM: 17328886 # GETX S->M misses (upgrade misses)
   PUTS: 0 # Clean evictions (from lower level)
   PUTX: 0 # Dirty evictions (from lower level)
   INV: 12051376 # Invalidates (from upper level)
   INVX: 19912696 # Downgrades (from upper level)
   FWD: 0 # Forwards (from upper level)
   latGETnl: 764997919 # GET request latency on next level
   latGETnet: 0 # GET request latency on network to next level
  l1d-3: # Filter cache stats
   fhGETS: 112900998 # Filtered GETS hits
   fhGETX: 14725418 # Filtered GETX hits
   hGETS: 9197293 # GETS hits
   hGETX: 35937 # GETX hits
   mGETS: 8065090 # GETS misses
   mGETXIM: 3559953 # GETX I->M misses
   mGETXSM: 20338223 # GETX S->M misses (upgrade misses)
   PUTS: 0 # Clean evictions (from lower level)
   PUTX: 0 # Dirty evictions (from lower level)
   INV: 12112868 # Invalidates (from upper level)
   INVX: 22954212 # Downgrades (from upper level)
   FWD: 0 # Forwards (from upper level)
   latGETnl: 800933030 # GET request latency on next level
   latGETnet: 0 # GET request latency on network to next level
  l1d-4: # Filter cache stats
   fhGETS: 100393220 # Filtered GETS hits
   fhGETX: 13065672 # Filtered GETX hits
   hGETS: 8630446 # GETS hits
   hGETX: 36383 # GETX hits
   mGETS: 8053159 # GETS misses
   mGETXIM: 3528635 # GETX I->M misses
   mGETXSM: 17190714 # GETX S->M misses (upgrade misses)
   PUTS: 0 # Clean evictions (from lower level)
   PUTX: 0 # Dirty evictions (from lower level)
   INV: 12089984 # Invalidates (from upper level)
   INVX: 19774737 # Downgrades (from upper level)
   FWD: 0 # Forwards (from upper level)
   latGETnl: 764459732 # GET request latency on next level
   latGETnet: 0 # GET request latency on network to next level
  l1d-5: # Filter cache stats
   fhGETS: 100917069 # Filtered GETS hits
   fhGETX: 13134614 # Filtered GETX hits
   hGETS: 8667910 # GETS hits
   hGETX: 36463 # GETX hits
   mGETS: 8061485 # GETS misses
   mGETXIM: 3546158 # GETX I->M misses
   mGETXSM: 17264908 # GETX S->M misses (upgrade misses)
   PUTS: 0 # Clean evictions (from lower level)
   PUTX: 0 # Dirty evictions (from lower level)
   INV: 12127937 # Invalidates (from upper level)
   INVX: 19861162 # Downgrades (from upper level)
   FWD: 0 # Forwards (from upper level)
   latGETnl: 766300918 # GET request latency on next level
   latGETnet: 0 # GET request latency on network to next level
  l1d-6: # Filter cache stats
   fhGETS: 100503430 # Filtered GETS hits
   fhGETX: 13177685 # Filtered GETX hits
   hGETS: 8682027 # GETS hits
   hGETX: 37096 # GETX hits
   mGETS: 8063316 # GETS misses
   mGETXIM: 3549291 # GETX I->M misses
   mGETXSM: 17257275 # GETX S->M misses (upgrade misses)
   PUTS: 0 # Clean evictions (from lower level)
   PUTX: 0 # Dirty evictions (from lower level)
   INV: 12151892 # Invalidates (from upper level)
   INVX: 19867247 # Downgrades (from upper level)
   FWD: 0 # Forwards (from upper level)
   latGETnl: 765937459 # GET request latency on next level
   latGETnet: 0 # GET request latency on network to next level
  l1d-7: # Filter cache stats
   fhGETS: 98979526 # Filtered GETS hits
   fhGETX: 12634183 # Filtered GETX hits
   hGETS: 8308768 # GETS hits
   hGETX: 35497 # GETX hits
   mGETS: 8026763 # GETS misses
   mGETXIM: 3557187 # GETX I->M misses
   mGETXSM: 16741767 # GETX S->M misses (upgrade misses)
   PUTS: 0 # Clean evictions (from lower level)
   PUTX: 0 # Dirty evictions (from lower level)
   INV: 12123082 # Invalidates (from upper level)
   INVX: 19354227 # Downgrades (from upper level)
   FWD: 0 # Forwards (from upper level)
   latGETnl: 758757750 # GET request latency on next level
   latGETnet: 0 # GET request latency on network to next level
 l2: # Cache stats
  l2-0: # Cache stats
   hGETS: 18926477 # GETS hits
   hGETX: 9511033 # GETX hits
   mGETS: 12115165 # GETS misses
   mGETXIM: 894489 # GETX I->M misses
   mGETXSM: 11007243 # GETX S->M misses (upgrade misses)
   PUTS: 120207 # Clean evictions (from lower level)
   PUTX: 2818 # Dirty evictions (from lower level)
   INV: 13476823 # Invalidates (from upper level)
   INVX: 10631666 # Downgrades (from upper level)
   FWD: 0 # Forwards (from upper level)
   latGETnl: 823815728 # GET request latency on next level
   latGETnet: 0 # GET request latency on network to next level
  l2-1: # Cache stats
   hGETS: 18304659 # GETS hits
   hGETX: 8879343 # GETX hits
   mGETS: 12094962 # GETS misses
   mGETXIM: 892765 # GETX I->M misses
   mGETXSM: 11020183 # GETX S->M misses (upgrade misses)
   PUTS: 116382 # Clean evictions (from lower level)
   PUTX: 2484 # Dirty evictions (from lower level)
   INV: 13475597 # Invalidates (from upper level)
   INVX: 10641683 # Downgrades (from upper level)
   FWD: 0 # Forwards (from upper level)
   latGETnl: 823529438 # GET request latency on next level
   latGETnet: 0 # GET request latency on network to next level
  l2-2: # Cache stats
   hGETS: 18347902 # GETS hits
   hGETX: 8915769 # GETX hits
   mGETS: 12045335 # GETS misses
   mGETXIM: 914249 # GETX I->M misses
   mGETXSM: 11013325 # GETX S->M misses (upgrade misses)
   PUTS: 114963 # Clean evictions (from lower level)
   PUTX: 2335 # Dirty evictions (from lower level)
   INV: 13462170 # Invalidates (from upper level)
   INVX: 10643511 # Downgrades (from upper level)
   FWD: 0 # Forwards (from upper level)
   latGETnl: 822431272 # GET request latency on next level
   latGETnet: 0 # GET request latency on network to next level
  l2-3: # Cache stats
   hGETS: 21393641 # GETS hits
   hGETX: 11920140 # GETX hits
   mGETS: 12092448 # GETS misses
   mGETXIM: 898653 # GETX I->M misses
   mGETXSM: 11079383 # GETX S->M misses (upgrade misses)
   PUTS: 119605 # Clean evictions (from lower level)
   PUTX: 3034 # Dirty evictions (from lower level)
   INV: 13520406 # Invalidates (from upper level)
   INVX: 10685058 # Downgrades (from upper level)
   FWD: 0 # Forwards (from upper level)
   latGETnl: 825917711 # GET request latency on next level
   latGETnet: 0 # GET request latency on network to next level
  l2-4: # Cache stats
   hGETS: 18236354 # GETS hits
   hGETX: 8771991 # GETX hits
   mGETS: 12053734 # GETS misses
   mGETXIM: 887313 # GETX I->M misses
   mGETXSM: 11060045 # GETX S->M misses (upgrade misses)
   PUTS: 116249 # Clean evictions (from lower level)
   PUTX: 2452 # Dirty evictions (from lower level)
   INV: 13488298 # Invalidates (from upper level)
   INVX: 10661673 # Downgrades (from upper level)
   FWD: 0 # Forwards (from upper level)
   latGETnl: 823202182 # GET request latency on next level
   latGETnet: 0 # GET request latency on network to next level
  l2-5: # Cache stats
   hGETS: 18327053 # GETS hits
   hGETX: 8826824 # GETX hits
   mGETS: 12061315 # GETS misses
   mGETXIM: 885418 # GETX I->M misses
   mGETXSM: 11098824 # GETX S->M misses (upgrade misses)
   PUTS: 120359 # Clean evictions (from lower level)
   PUTX: 2709 # Dirty evictions (from lower level)
   INV: 13518410 # Invalidates (from upper level)
   INVX: 10692005 # Downgrades (from upper level)
   FWD: 0 # Forwards (from upper level)
   latGETnl: 824753777 # GET request latency on next level
   latGETnet: 0 # GET request latency on network to next level
  l2-6: # Cache stats
   hGETS: 18339394 # GETS hits
   hGETX: 8819073 # GETX hits
   mGETS: 12048912 # GETS misses
   mGETXIM: 879804 # GETX I->M misses
   mGETXSM: 11107689 # GETX S->M misses (upgrade misses)
   PUTS: 113892 # Clean evictions (from lower level)
   PUTX: 2448 # Dirty evictions (from lower level)
   INV: 13515079 # Invalidates (from upper level)
   INVX: 10700111 # Downgrades (from upper level)
   FWD: 0 # Forwards (from upper level)
   latGETnl: 824483335 # GET request latency on next level
   latGETnet: 0 # GET request latency on network to next level
  l2-7: # Cache stats
   hGETS: 17830241 # GETS hits
   hGETX: 8337311 # GETX hits
   mGETS: 12004428 # GETS misses
   mGETXIM: 871229 # GETX I->M misses
   mGETXSM: 11090414 # GETX S->M misses (upgrade misses)
   PUTS: 116056 # Clean evictions (from lower level)
   PUTX: 2305 # Dirty evictions (from lower level)
   INV: 13483294 # Invalidates (from upper level)
   INVX: 10669340 # Downgrades (from upper level)
   FWD: 0 # Forwards (from upper level)
   latGETnl: 822086868 # GET request latency on next level
   latGETnet: 0 # GET request latency on network to next level
 l3: # Cache stats
  l3-0b0: # Cache stats
   hGETS: 7309515 # GETS hits
   hGETX: 7255166 # GETX hits
   mGETS: 314 # GETS misses
   mGETXIM: 15 # GETX I->M misses
   mGETXSM: 152 # GETX S->M misses (upgrade misses)
   PUTS: 0 # Clean evictions (from lower level)
   PUTX: 0 # Dirty evictions (from lower level)
   INV: 0 # Invalidates (from upper level)
   INVX: 0 # Downgrades (from upper level)
   FWD: 0 # Forwards (from upper level)
   latGETnl: 43290 # GET request latency on next level
   latGETnet: 0 # GET request latency on network to next level
  l3-0b1: # Cache stats
   hGETS: 5708012 # GETS hits
   hGETX: 5627461 # GETX hits
   mGETS: 305 # GETS misses
   mGETXIM: 19 # GETX I->M misses
   mGETXSM: 145 # GETX S->M misses (upgrade misses)
   PUTS: 2 # Clean evictions (from lower level)
   PUTX: 0 # Dirty evictions (from lower level)
   INV: 0 # Invalidates (from upper level)
   INVX: 0 # Downgrades (from upper level)
   FWD: 0 # Forwards (from upper level)
   latGETnl: 42210 # GET request latency on next level
   latGETnet: 0 # GET request latency on network to next level
  l3-0b2: # Cache stats
   hGETS: 12644749 # GETS hits
   hGETX: 12853901 # GETX hits
   mGETS: 297 # GETS misses
   mGETXIM: 18 # GETX I->M misses
   mGETXSM: 164 # GETX S->M misses (upgrade misses)
   PUTS: 0 # Clean evictions (from lower level)
   PUTX: 0 # Dirty evictions (from lower level)
   INV: 0 # Invalidates (from upper level)
   INVX: 0 # Downgrades (from upper level)
   FWD: 0 # Forwards (from upper level)
   latGETnl: 43110 # GET request latency on next level
   latGETnet: 0 # GET request latency on network to next level
  l3-0b3: # Cache stats
   hGETS: 14562351 # GETS hits
   hGETX: 14158696 # GETX hits
   mGETS: 308 # GETS misses
   mGETXIM: 22 # GETX I->M misses
   mGETXSM: 136 # GETX S->M misses (upgrade misses)
   PUTS: 0 # Clean evictions (from lower level)
   PUTX: 0 # Dirty evictions (from lower level)
   INV: 0 # Invalidates (from upper level)
   INVX: 0 # Downgrades (from upper level)
   FWD: 0 # Forwards (from upper level)
   latGETnl: 41940 # GET request latency on next level
   latGETnet: 0 # GET request latency on network to next level
  l3-0b4: # Cache stats
   hGETS: 9646177 # GETS hits
   hGETX: 11176975 # GETX hits
   mGETS: 306 # GETS misses
   mGETXIM: 19 # GETX I->M misses
   mGETXSM: 151 # GETX S->M misses (upgrade misses)
   PUTS: 0 # Clean evictions (from lower level)
   PUTX: 0 # Dirty evictions (from lower level)
   INV: 0 # Invalidates (from upper level)
   INVX: 0 # Downgrades (from upper level)
   FWD: 0 # Forwards (from upper level)
   latGETnl: 42840 # GET request latency on next level
   latGETnet: 0 # GET request latency on network to next level
  l3-0b5: # Cache stats
   hGETS: 16066836 # GETS hits
   hGETX: 14476299 # GETX hits
   mGETS: 304 # GETS misses
   mGETXIM: 22 # GETX I->M misses
   mGETXSM: 150 # GETX S->M misses (upgrade misses)
   PUTS: 1 # Clean evictions (from lower level)
   PUTX: 0 # Dirty evictions (from lower level)
   INV: 0 # Invalidates (from upper level)
   INVX: 0 # Downgrades (from upper level)
   FWD: 0 # Forwards (from upper level)
   latGETnl: 42840 # GET request latency on next level
   latGETnet: 0 # GET request latency on network to next level
  l3-0b6: # Cache stats
   hGETS: 17349626 # GETS hits
   hGETX: 16447315 # GETX hits
   mGETS: 312 # GETS misses
   mGETXIM: 19 # GETX I->M misses
   mGETXSM: 137 # GETX S->M misses (upgrade misses)
   PUTS: 0 # Clean evictions (from lower level)
   PUTX: 0 # Dirty evictions (from lower level)
   INV: 0 # Invalidates (from upper level)
   INVX: 0 # Downgrades (from upper level)
   FWD: 0 # Forwards (from upper level)
   latGETnl: 42120 # GET request latency on next level
   latGETnet: 0 # GET request latency on network to next level
  l3-0b7: # Cache stats
   hGETS: 13226575 # GETS hits
   hGETX: 13603879 # GETX hits
   mGETS: 312 # GETS misses
   mGETXIM: 15 # GETX I->M misses
   mGETXSM: 150 # GETX S->M misses (upgrade misses)
   PUTS: 2 # Clean evictions (from lower level)
   PUTX: 0 # Dirty evictions (from lower level)
   INV: 0 # Invalidates (from upper level)
   INVX: 0 # Downgrades (from upper level)
   FWD: 0 # Forwards (from upper level)
   latGETnl: 42930 # GET request latency on next level
   latGETnet: 0 # GET request latency on network to next level
 mem: # Memory controller stats
  mem-0: # Memory controller stats
   rd: 945 # Read requests
   wr: 0 # Write requests
   rdlat: 127021 # Total latency experienced by read requests
   wrlat: 0 # Total latency experienced by write requests
   rdhits: 10 # Read row hits
   wrhits: 0 # Write row hits
   mlh: # latency histogram for memory requests
    0: 0
    1: 0
    2: 0
    3: 0
    4: 0
    5: 0
    6: 0
    7: 0
    8: 0
    9: 0
    10: 0
    11: 3
    12: 1
    13: 864
    14: 55
    15: 9
    16: 2
    17: 1
    18: 0
    19: 1
    20: 0
    21: 1
    22: 0
    23: 0
    24: 0
    25: 0
    26: 0
    27: 0
    28: 1
    29: 1
    30: 1
    31: 1
    32: 0
    33: 0
    34: 1
    35: 0
    36: 0
    37: 0
    38: 2
    39: 0
    40: 1
    41: 0
    42: 0
    43: 0
    44: 0
    45: 0
    46: 0
    47: 0
    48: 0
    49: 0
    50: 0
    51: 0
    52: 0
    53: 0
    54: 0
    55: 0
    56: 0
    57: 0
    58: 0
    59: 0
    60: 0
    61: 0
    62: 0
    63: 0
    64: 0
    65: 0
    66: 0
    67: 0
    68: 0
    69: 0
    70: 0
    71: 0
    72: 0
    73: 0
    74: 0
    75: 0
    76: 0
    77: 0
    78: 0
    79: 0
    80: 0
    81: 0
    82: 0
    83: 0
    84: 0
    85: 0
    86: 0
    87: 0
    88: 0
    89: 0
    90: 0
    91: 0
    92: 0
    93: 0
    94: 0
    95: 0
    96: 0
    97: 0
    98: 0
    99: 0
  mem-1: # Memory controller stats
   rd: 957 # Read requests
   wr: 0 # Write requests
   rdlat: 129149 # Total latency experienced by read requests
   wrlat: 0 # Total latency experienced by write requests
   rdhits: 3 # Read row hits
   wrhits: 0 # Write row hits
   mlh: # latency histogram for memory requests
    0: 0
    1: 0
    2: 0
    3: 0
    4: 0
    5: 0
    6: 0
    7: 0
    8: 0
    9: 0
    10: 0
    11: 1
    12: 2
    13: 865
    14: 64
    15: 7
    16: 2
    17: 1
    18: 2
    19: 0
    20: 1
    21: 3
    22: 0
    23: 1
    24: 0
    25: 0
    26: 1
    27: 0
    28: 0
    29: 1
    30: 1
    31: 0
    32: 0
    33: 0
    34: 0
    35: 0
    36: 0
    37: 1
    38: 3
    39: 0
    40: 0
    41: 0
    42: 0
    43: 1
    44: 0
    45: 0
    46: 0
    47: 0
    48: 0
    49: 0
    50: 0
    51: 0
    52: 0
    53: 0
    54: 0
    55: 0
    56: 0
    57: 0
    58: 0
    59: 0
    60: 0
    61: 0
    62: 0
    63: 0
    64: 0
    65: 0
    66: 0
    67: 0
    68: 0
    69: 0
    70: 0
    71: 0
    72: 0
    73: 0
    74: 0
    75: 0
    76: 0
    77: 0
    78: 0
    79: 0
    80: 0
    81: 0
    82: 0
    83: 0
    84: 0
    85: 0
    86: 0
    87: 0
    88: 0
    89: 0
    90: 0
    91: 0
    92: 0
    93: 0
    94: 0
    95: 0
    96: 0
    97: 0
    98: 0
    99: 0
  mem-2: # Memory controller stats
   rd: 943 # Read requests
   wr: 0 # Write requests
   rdlat: 126830 # Total latency experienced by read requests
   wrlat: 0 # Total latency experienced by write requests
   rdhits: 6 # Read row hits
   wrhits: 0 # Write row hits
   mlh: # latency histogram for memory requests
    0: 0
    1: 0
    2: 0
    3: 0
    4: 0
    5: 0
    6: 0
    7: 0
    8: 0
    9: 0
    10: 0
    11: 2
    12: 0
    13: 858
    14: 59
    15: 4
    16: 4
    17: 1
    18: 2
    19: 2
    20: 3
    21: 0
    22: 0
    23: 0
    24: 1
    25: 1
    26: 0
    27: 1
    28: 1
    29: 0
    30: 0
    31: 0
    32: 1
    33: 0
    34: 0
    35: 1
    36: 0
    37: 0
    38: 2
    39: 0
    40: 0
    41: 0
    42: 0
    43: 0
    44: 0
    45: 0
    46: 0
    47: 0
    48: 0
    49: 0
    50: 0
    51: 0
    52: 0
    53: 0
    54: 0
    55: 0
    56: 0
    57: 0
    58: 0
    59: 0
    60: 0
    61: 0
    62: 0
    63: 0
    64: 0
    65: 0
    66: 0
    67: 0
    68: 0
    69: 0
    70: 0
    71: 0
    72: 0
    73: 0
    74: 0
    75: 0
    76: 0
    77: 0
    78: 0
    79: 0
    80: 0
    81: 0
    82: 0
    83: 0
    84: 0
    85: 0
    86: 0
    87: 0
    88: 0
    89: 0
    90: 0
    91: 0
    92: 0
    93: 0
    94: 0
    95: 0
    96: 0
    97: 0
    98: 0
    99: 0
  mem-3: # Memory controller stats
   rd: 947 # Read requests
   wr: 0 # Write requests
   rdlat: 127304 # Total latency experienced by read requests
   wrlat: 0 # Total latency experienced by write requests
   rdhits: 12 # Read row hits
   wrhits: 0 # Write row hits
   mlh: # latency histogram for memory requests
    0: 0
    1: 0
    2: 0
    3: 0
    4: 0
    5: 0
    6: 0
    7: 0
    8: 0
    9: 0
    10: 0
    11: 5
    12: 1
    13: 857
    14: 55
    15: 12
    16: 2
    17: 2
    18: 1
    19: 3
    20: 1
    21: 1
    22: 0
    23: 0
    24: 1
    25: 0
    26: 0
    27: 1
    28: 0
    29: 0
    30: 0
    31: 1
    32: 0
    33: 1
    34: 1
    35: 0
    36: 0
    37: 0
    38: 1
    39: 0
    40: 1
    41: 0
    42: 0
    43: 0
    44: 0
    45: 0
    46: 0
    47: 0
    48: 0
    49: 0
    50: 0
    51: 0
    52: 0
    53: 0
    54: 0
    55: 0
    56: 0
    57: 0
    58: 0
    59: 0
    60: 0
    61: 0
    62: 0
    63: 0
    64: 0
    65: 0
    66: 0
    67: 0
    68: 0
    69: 0
    70: 0
    71: 0
    72: 0
    73: 0
    74: 0
    75: 0
    76: 0
    77: 0
    78: 0
    79: 0
    80: 0
    81: 0
    82: 0
    83: 0
    84: 0
    85: 0
    86: 0
    87: 0
    88: 0
    89: 0
    90: 0
    91: 0
    92: 0
    93: 0
    94: 0
    95: 0
    96: 0
    97: 0
    98: 0
    99: 0
 sched: # Scheduler stats
  thCr: 9 # Threads created
  thFn: 0 # Threads finished
  schedEvs: 379 # Schedule events
  waitEvs: 25 # Wait events
  handoffEvs: 0 # Handoff events
  sleepEvs: 0 # Sleep events
  idlePhases: 0 # Phases with no thread active
  idlePeriods: 0 # Periods with no thread active
  occHist: # Occupancy histogram
   0: 0
   1: 158
   2: 0
   3: 0
   4: 0
   5: 0
   6: 0
   7: 0
   8: 99388
  rqSzHist: # Run queue size histogram
   0: 99546
   1: 0
   2: 0
   3: 0
   4: 0
   5: 0
   6: 0
   7: 0
   8: 0
   9: 0
   10: 0
   11: 0
   12: 0
   13: 0
   14: 0
   15: 0
   16: 0
 procCycles: # Per-process unhalted core cycles
  0: 6904490798
  1: 0
  2: 0
  3: 0
  4: 0
  5: 0
  6: 0
  7: 0
  8: 0
  9: 0
  10: 0
  11: 0
  12: 0
  13: 0
  14: 0
  15: 0
  16: 0
  17: 0
  18: 0
  19: 0
  20: 0
  21: 0
  22: 0
  23: 0
  24: 0
  25: 0
  26: 0
  27: 0
  28: 0
  29: 0
  30: 0
  31: 0
  32: 0
  33: 0
  34: 0
  35: 0
  36: 0
  37: 0
  38: 0
  39: 0
  40: 0
  41: 0
  42: 0
  43: 0
  44: 0
  45: 0
  46: 0
  47: 0
  48: 0
  49: 0
  50: 0
  51: 0
  52: 0
  53: 0
  54: 0
  55: 0
  56: 0
  57: 0
  58: 0
  59: 0
  60: 0
  61: 0
  62: 0
  63: 0
 procInstrs: # Per-process instructions
  0: 5000008131
  1: 0
  2: 0
  3: 0
  4: 0
  5: 0
  6: 0
  7: 0
  8: 0
  9: 0
  10: 0
  11: 0
  12: 0
  13: 0
  14: 0
  15: 0
  16: 0
  17: 0
  18: 0
  19: 0
  20: 0
  21: 0
  22: 0
  23: 0
  24: 0
  25: 0
  26: 0
  27: 0
  28: 0
  29: 0
  30: 0
  31: 0
  32: 0
  33: 0
  34: 0
  35: 0
  36: 0
  37: 0
  38: 0
  39: 0
  40: 0
  41: 0
  42: 0
  43: 0
  44: 0
  45: 0
  46: 0
  47: 0
  48: 0
  49: 0
  50: 0
  51: 0
  52: 0
  53: 0
  54: 0
  55: 0
  56: 0
  57: 0
  58: 0
  59: 0
  60: 0
  61: 0
  62: 0
  63: 0
 heartbeats: # Per-process heartbeats
  0: 0
  1: 0
  2: 0
  3: 0
  4: 0
  5: 0
  6: 0
  7: 0
  8: 0
  9: 0
  10: 0
  11: 0
  12: 0
  13: 0
  14: 0
  15: 0
  16: 0
  17: 0
  18: 0
  19: 0
  20: 0
  21: 0
  22: 0
  23: 0
  24: 0
  25: 0
  26: 0
  27: 0
  28: 0
  29: 0
  30: 0
  31: 0
  32: 0
  33: 0
  34: 0
  35: 0
  36: 0
  37: 0
  38: 0
  39: 0
  40: 0
  41: 0
  42: 0
  43: 0
  44: 0
  45: 0
  46: 0
  47: 0
  48: 0
  49: 0
  50: 0
  51: 0
  52: 0
  53: 0
  54: 0
  55: 0
  56: 0
  57: 0
  58: 0
  59: 0
  60: 0
  61: 0
  62: 0
  63: 0
===
