# zsim stats
===
root: # Stats
 contention: # Contention simulation stats
  domain-0: # Domain stats
   time: 946267441 # Weave simulation time
 time: # Simulator time breakdown
  init: 2702282489
  bound: 541855118403
  weave: 6803703023
  ff: 0
 trigger: 20000 # Reason for this stats dump
 phase: 82711 # Simulated phases
 westmere: # Core stats
  westmere-0: # Core stats
   cycles: 826562870 # Simulated unhalted cycles
   cCycles: 21924 # Cycles due to contention stalls
   instrs: 599773275 # Simulated instructions
   uops: 718486050 # Retired micro-ops
   bbls: 65242193 # Basic blocks
   approxInstrs: 186109 # Instrs with approx uop decoding
   mispredBranches: 4617415 # Mispredicted branches
   condBranches: 55044175 # conditional branches
  westmere-1: # Core stats
   cycles: 827096456 # Simulated unhalted cycles
   cCycles: 2255 # Cycles due to contention stalls
   instrs: 542597556 # Simulated instructions
   uops: 652661710 # Retired micro-ops
   bbls: 56614729 # Basic blocks
   approxInstrs: 169901 # Instrs with approx uop decoding
   mispredBranches: 2943589 # Mispredicted branches
   condBranches: 47821242 # conditional branches
  westmere-2: # Core stats
   cycles: 827102822 # Simulated unhalted cycles
   cCycles: 2182 # Cycles due to contention stalls
   instrs: 696380308 # Simulated instructions
   uops: 798941057 # Retired micro-ops
   bbls: 92753405 # Basic blocks
   approxInstrs: 163815 # Instrs with approx uop decoding
   mispredBranches: 3769602 # Mispredicted branches
   condBranches: 84088643 # conditional branches
  westmere-3: # Core stats
   cycles: 827100004 # Simulated unhalted cycles
   cCycles: 1970 # Cycles due to contention stalls
   instrs: 590070077 # Simulated instructions
   uops: 670629359 # Retired micro-ops
   bbls: 81380509 # Basic blocks
   approxInstrs: 160632 # Instrs with approx uop decoding
   mispredBranches: 4605635 # Mispredicted branches
   condBranches: 72975107 # conditional branches
  westmere-4: # Core stats
   cycles: 827100006 # Simulated unhalted cycles
   cCycles: 1194 # Cycles due to contention stalls
   instrs: 740093055 # Simulated instructions
   uops: 895958688 # Retired micro-ops
   bbls: 74422856 # Basic blocks
   approxInstrs: 198788 # Instrs with approx uop decoding
   mispredBranches: 2272544 # Mispredicted branches
   condBranches: 63773349 # conditional branches
  westmere-5: # Core stats
   cycles: 827092431 # Simulated unhalted cycles
   cCycles: 1103 # Cycles due to contention stalls
   instrs: 652876217 # Simulated instructions
   uops: 760505758 # Retired micro-ops
   bbls: 81184701 # Basic blocks
   approxInstrs: 201794 # Instrs with approx uop decoding
   mispredBranches: 3313687 # Mispredicted branches
   condBranches: 72448963 # conditional branches
  westmere-6: # Core stats
   cycles: 826266929 # Simulated unhalted cycles
   cCycles: 3888 # Cycles due to contention stalls
   instrs: 552053991 # Simulated instructions
   uops: 624880425 # Retired micro-ops
   bbls: 77712906 # Basic blocks
   approxInstrs: 165209 # Instrs with approx uop decoding
   mispredBranches: 5209517 # Mispredicted branches
   condBranches: 69364287 # conditional branches
  westmere-7: # Core stats
   cycles: 827091319 # Simulated unhalted cycles
   cCycles: 2045 # Cycles due to contention stalls
   instrs: 626178992 # Simulated instructions
   uops: 731193053 # Retired micro-ops
   bbls: 76444294 # Basic blocks
   approxInstrs: 140997 # Instrs with approx uop decoding
   mispredBranches: 3416409 # Mispredicted branches
   condBranches: 67875611 # conditional branches
 l1i: # Cache stats
  l1i-0: # Filter cache stats
   fhGETS: 70297071 # Filtered GETS hits
   fhGETX: 0 # Filtered GETX hits
   hGETS: 393117 # GETS hits
   hGETX: 0 # GETX hits
   mGETS: 25935752 # GETS misses
   mGETXIM: 0 # GETX I->M misses
   mGETXSM: 0 # GETX S->M misses (upgrade misses)
   PUTS: 0 # Clean evictions (from lower level)
   PUTX: 0 # Dirty evictions (from lower level)
   INV: 25919354 # Invalidates (from upper level)
   INVX: 0 # Downgrades (from upper level)
   FWD: 0 # Forwards (from upper level)
   latGETnl: 544170773 # GET request latency on next level
   latGETnet: 0 # GET request latency on network to next level
  l1i-1: # Filter cache stats
   fhGETS: 58558773 # Filtered GETS hits
   fhGETX: 0 # Filtered GETX hits
   hGETS: 435656 # GETS hits
   hGETX: 0 # GETX hits
   mGETS: 22511160 # GETS misses
   mGETXIM: 0 # GETX I->M misses
   mGETXSM: 0 # GETX S->M misses (upgrade misses)
   PUTS: 0 # Clean evictions (from lower level)
   PUTX: 0 # Dirty evictions (from lower level)
   INV: 22498167 # Invalidates (from upper level)
   INVX: 0 # Downgrades (from upper level)
   FWD: 0 # Forwards (from upper level)
   latGETnl: 574116918 # GET request latency on next level
   latGETnet: 0 # GET request latency on network to next level
  l1i-2: # Filter cache stats
   fhGETS: 91910475 # Filtered GETS hits
   fhGETX: 0 # Filtered GETX hits
   hGETS: 224496 # GETS hits
   hGETX: 0 # GETX hits
   mGETS: 20047085 # GETS misses
   mGETXIM: 0 # GETX I->M misses
   mGETXSM: 0 # GETX S->M misses (upgrade misses)
   PUTS: 0 # Clean evictions (from lower level)
   PUTX: 0 # Dirty evictions (from lower level)
   INV: 20033381 # Invalidates (from upper level)
   INVX: 0 # Downgrades (from upper level)
   FWD: 0 # Forwards (from upper level)
   latGETnl: 411045908 # GET request latency on next level
   latGETnet: 0 # GET request latency on network to next level
  l1i-3: # Filter cache stats
   fhGETS: 83922230 # Filtered GETS hits
   fhGETX: 0 # Filtered GETX hits
   hGETS: 314635 # GETS hits
   hGETX: 0 # GETX hits
   mGETS: 22951564 # GETS misses
   mGETXIM: 0 # GETX I->M misses
   mGETXSM: 0 # GETX S->M misses (upgrade misses)
   PUTS: 0 # Clean evictions (from lower level)
   PUTX: 0 # Dirty evictions (from lower level)
   INV: 22934026 # Invalidates (from upper level)
   INVX: 0 # Downgrades (from upper level)
   FWD: 0 # Forwards (from upper level)
   latGETnl: 523442809 # GET request latency on next level
   latGETnet: 0 # GET request latency on network to next level
  l1i-4: # Filter cache stats
   fhGETS: 73982196 # Filtered GETS hits
   fhGETX: 0 # Filtered GETX hits
   hGETS: 427800 # GETS hits
   hGETX: 0 # GETX hits
   mGETS: 21198323 # GETS misses
   mGETXIM: 0 # GETX I->M misses
   mGETXSM: 0 # GETX S->M misses (upgrade misses)
   PUTS: 0 # Clean evictions (from lower level)
   PUTX: 0 # Dirty evictions (from lower level)
   INV: 21188330 # Invalidates (from upper level)
   INVX: 0 # Downgrades (from upper level)
   FWD: 0 # Forwards (from upper level)
   latGETnl: 413205066 # GET request latency on next level
   latGETnet: 0 # GET request latency on network to next level
  l1i-5: # Filter cache stats
   fhGETS: 80427241 # Filtered GETS hits
   fhGETX: 0 # Filtered GETX hits
   hGETS: 265153 # GETS hits
   hGETX: 0 # GETX hits
   mGETS: 20375455 # GETS misses
   mGETXIM: 0 # GETX I->M misses
   mGETXSM: 0 # GETX S->M misses (upgrade misses)
   PUTS: 0 # Clean evictions (from lower level)
   PUTX: 0 # Dirty evictions (from lower level)
   INV: 20361093 # Invalidates (from upper level)
   INVX: 0 # Downgrades (from upper level)
   FWD: 0 # Forwards (from upper level)
   latGETnl: 452605361 # GET request latency on next level
   latGETnet: 0 # GET request latency on network to next level
  l1i-6: # Filter cache stats
   fhGETS: 82062407 # Filtered GETS hits
   fhGETX: 0 # Filtered GETX hits
   hGETS: 274755 # GETS hits
   hGETX: 0 # GETX hits
   mGETS: 23508792 # GETS misses
   mGETXIM: 0 # GETX I->M misses
   mGETXSM: 0 # GETX S->M misses (upgrade misses)
   PUTS: 0 # Clean evictions (from lower level)
   PUTX: 0 # Dirty evictions (from lower level)
   INV: 23488613 # Invalidates (from upper level)
   INVX: 0 # Downgrades (from upper level)
   FWD: 0 # Forwards (from upper level)
   latGETnl: 550443349 # GET request latency on next level
   latGETnet: 0 # GET request latency on network to next level
  l1i-7: # Filter cache stats
   fhGETS: 77185396 # Filtered GETS hits
   fhGETX: 0 # Filtered GETX hits
   hGETS: 236614 # GETS hits
   hGETX: 0 # GETX hits
   mGETS: 20349669 # GETS misses
   mGETXIM: 0 # GETX I->M misses
   mGETXSM: 0 # GETX S->M misses (upgrade misses)
   PUTS: 0 # Clean evictions (from lower level)
   PUTX: 0 # Dirty evictions (from lower level)
   INV: 20337457 # Invalidates (from upper level)
   INVX: 0 # Downgrades (from upper level)
   FWD: 0 # Forwards (from upper level)
   latGETnl: 478958013 # GET request latency on next level
   latGETnet: 0 # GET request latency on network to next level
 l1d: # Cache stats
  l1d-0: # Filter cache stats
   fhGETS: 147436584 # Filtered GETS hits
   fhGETX: 38198055 # Filtered GETX hits
   hGETS: 16729923 # GETS hits
   hGETX: 34921 # GETX hits
   mGETS: 5722553 # GETS misses
   mGETXIM: 3249453 # GETX I->M misses
   mGETXSM: 20397995 # GETX S->M misses (upgrade misses)
   PUTS: 0 # Clean evictions (from lower level)
   PUTX: 0 # Dirty evictions (from lower level)
   INV: 9230581 # Invalidates (from upper level)
   INVX: 22910985 # Downgrades (from upper level)
   FWD: 0 # Forwards (from upper level)
   latGETnl: 662589285 # GET request latency on next level
   latGETnet: 0 # GET request latency on network to next level
  l1d-1: # Filter cache stats
   fhGETS: 131927772 # Filtered GETS hits
   fhGETX: 34559536 # Filtered GETX hits
   hGETS: 12335669 # GETS hits
   hGETX: 30218 # GETX hits
   mGETS: 7988886 # GETS misses
   mGETXIM: 3239444 # GETX I->M misses
   mGETXSM: 17512146 # GETX S->M misses (upgrade misses)
   PUTS: 0 # Clean evictions (from lower level)
   PUTX: 0 # Dirty evictions (from lower level)
   INV: 11521836 # Invalidates (from upper level)
   INVX: 19985838 # Downgrades (from upper level)
   FWD: 0 # Forwards (from upper level)
   latGETnl: 745315467 # GET request latency on next level
   latGETnet: 0 # GET request latency on network to next level
  l1d-2: # Filter cache stats
   fhGETS: 201205486 # Filtered GETS hits
   fhGETX: 21626088 # Filtered GETX hits
   hGETS: 11627829 # GETS hits
   hGETX: 19312 # GETX hits
   mGETS: 3868840 # GETS misses
   mGETXIM: 2836397 # GETX I->M misses
   mGETXSM: 15247075 # GETX S->M misses (upgrade misses)
   PUTS: 0 # Clean evictions (from lower level)
   PUTX: 0 # Dirty evictions (from lower level)
   INV: 7059623 # Invalidates (from upper level)
   INVX: 17301262 # Downgrades (from upper level)
   FWD: 0 # Forwards (from upper level)
   latGETnl: 495913691 # GET request latency on next level
   latGETnet: 0 # GET request latency on network to next level
  l1d-3: # Filter cache stats
   fhGETS: 151169885 # Filtered GETS hits
   fhGETX: 29118851 # Filtered GETX hits
   hGETS: 12209162 # GETS hits
   hGETX: 21432 # GETX hits
   mGETS: 5821619 # GETS misses
   mGETXIM: 3732706 # GETX I->M misses
   mGETXSM: 16569142 # GETX S->M misses (upgrade misses)
   PUTS: 0 # Clean evictions (from lower level)
   PUTX: 0 # Dirty evictions (from lower level)
   INV: 9953247 # Invalidates (from upper level)
   INVX: 19380333 # Downgrades (from upper level)
   FWD: 0 # Forwards (from upper level)
   latGETnl: 643931134 # GET request latency on next level
   latGETnet: 0 # GET request latency on network to next level
  l1d-4: # Filter cache stats
   fhGETS: 203521986 # Filtered GETS hits
   fhGETX: 29471769 # Filtered GETX hits
   hGETS: 15882885 # GETS hits
   hGETX: 33819 # GETX hits
   mGETS: 4259399 # GETS misses
   mGETXIM: 1924839 # GETX I->M misses
   mGETXSM: 18100668 # GETX S->M misses (upgrade misses)
   PUTS: 0 # Clean evictions (from lower level)
   PUTX: 0 # Dirty evictions (from lower level)
   INV: 6458533 # Invalidates (from upper level)
   INVX: 19582105 # Downgrades (from upper level)
   FWD: 0 # Forwards (from upper level)
   latGETnl: 507903267 # GET request latency on next level
   latGETnet: 0 # GET request latency on network to next level
  l1d-5: # Filter cache stats
   fhGETS: 182460928 # Filtered GETS hits
   fhGETX: 24631242 # Filtered GETX hits
   hGETS: 11485636 # GETS hits
   hGETX: 24799 # GETX hits
   mGETS: 5104454 # GETS misses
   mGETXIM: 2872930 # GETX I->M misses
   mGETXSM: 15642804 # GETX S->M misses (upgrade misses)
   PUTS: 0 # Clean evictions (from lower level)
   PUTX: 0 # Dirty evictions (from lower level)
   INV: 8381136 # Invalidates (from upper level)
   INVX: 17726262 # Downgrades (from upper level)
   FWD: 0 # Forwards (from upper level)
   latGETnl: 565169664 # GET request latency on next level
   latGETnet: 0 # GET request latency on network to next level
  l1d-6: # Filter cache stats
   fhGETS: 137129259 # Filtered GETS hits
   fhGETX: 29686578 # Filtered GETX hits
   hGETS: 11849974 # GETS hits
   hGETX: 17672 # GETX hits
   mGETS: 6316096 # GETS misses
   mGETXIM: 4061105 # GETX I->M misses
   mGETXSM: 16583268 # GETX S->M misses (upgrade misses)
   PUTS: 0 # Clean evictions (from lower level)
   PUTX: 0 # Dirty evictions (from lower level)
   INV: 10784068 # Invalidates (from upper level)
   INVX: 19716525 # Downgrades (from upper level)
   FWD: 0 # Forwards (from upper level)
   latGETnl: 686219192 # GET request latency on next level
   latGETnet: 0 # GET request latency on network to next level
  l1d-7: # Filter cache stats
   fhGETS: 170812896 # Filtered GETS hits
   fhGETX: 25459195 # Filtered GETX hits
   hGETS: 11142996 # GETS hits
   hGETX: 14351 # GETX hits
   mGETS: 5865393 # GETS misses
   mGETXIM: 3001060 # GETX I->M misses
   mGETXSM: 15369632 # GETX S->M misses (upgrade misses)
   PUTS: 0 # Clean evictions (from lower level)
   PUTX: 0 # Dirty evictions (from lower level)
   INV: 9259262 # Invalidates (from upper level)
   INVX: 17615043 # Downgrades (from upper level)
   FWD: 0 # Forwards (from upper level)
   latGETnl: 607105986 # GET request latency on next level
   latGETnet: 0 # GET request latency on network to next level
 l2: # Cache stats
  l2-0: # Cache stats
   hGETS: 22748526 # GETS hits
   hGETX: 14574344 # GETX hits
   mGETS: 8909779 # GETS misses
   mGETXIM: 1193214 # GETX I->M misses
   mGETXSM: 7879890 # GETX S->M misses (upgrade misses)
   PUTS: 17162 # Clean evictions (from lower level)
   PUTX: 735 # Dirty evictions (from lower level)
   INV: 10304905 # Invalidates (from upper level)
   INVX: 7709918 # Downgrades (from upper level)
   FWD: 0 # Forwards (from upper level)
   latGETnl: 614839912 # GET request latency on next level
   latGETnet: 0 # GET request latency on network to next level
  l2-1: # Cache stats
   hGETS: 19212010 # GETS hits
   hGETX: 9424833 # GETX hits
   mGETS: 11288036 # GETS misses
   mGETXIM: 1066549 # GETX I->M misses
   mGETXSM: 10260208 # GETX S->M misses (upgrade misses)
   PUTS: 13632 # Clean evictions (from lower level)
   PUTX: 651 # Dirty evictions (from lower level)
   INV: 12569108 # Invalidates (from upper level)
   INVX: 10086343 # Downgrades (from upper level)
   FWD: 0 # Forwards (from upper level)
   latGETnl: 776558674 # GET request latency on next level
   latGETnet: 0 # GET request latency on network to next level
  l2-2: # Cache stats
   hGETS: 17413190 # GETS hits
   hGETX: 11158258 # GETX hits
   mGETS: 6502735 # GETS misses
   mGETXIM: 1232014 # GETX I->M misses
   mGETXSM: 5693200 # GETX S->M misses (upgrade misses)
   PUTS: 14192 # Clean evictions (from lower level)
   PUTX: 526 # Dirty evictions (from lower level)
   INV: 7977865 # Invalidates (from upper level)
   INVX: 5505165 # Downgrades (from upper level)
   FWD: 0 # Forwards (from upper level)
   latGETnl: 457258134 # GET request latency on next level
   latGETnet: 0 # GET request latency on network to next level
  l2-3: # Cache stats
   hGETS: 19408542 # GETS hits
   hGETX: 10714214 # GETX hits
   mGETS: 9364641 # GETS misses
   mGETXIM: 1482551 # GETX I->M misses
   mGETXSM: 8105083 # GETX S->M misses (upgrade misses)
   PUTS: 18310 # Clean evictions (from lower level)
   PUTX: 819 # Dirty evictions (from lower level)
   INV: 11153248 # Invalidates (from upper level)
   INVX: 7886999 # Downgrades (from upper level)
   FWD: 0 # Forwards (from upper level)
   latGETnl: 645015348 # GET request latency on next level
   latGETnet: 0 # GET request latency on network to next level
  l2-4: # Cache stats
   hGETS: 19324231 # GETS hits
   hGETX: 13593811 # GETX hits
   mGETS: 6133491 # GETS misses
   mGETXIM: 686483 # GETX I->M misses
   mGETXSM: 5745213 # GETX S->M misses (upgrade misses)
   PUTS: 10455 # Clean evictions (from lower level)
   PUTX: 542 # Dirty evictions (from lower level)
   INV: 6994453 # Invalidates (from upper level)
   INVX: 5594919 # Downgrades (from upper level)
   FWD: 0 # Forwards (from upper level)
   latGETnl: 432300662 # GET request latency on next level
   latGETnet: 0 # GET request latency on network to next level
  l2-5: # Cache stats
   hGETS: 17588056 # GETS hits
   hGETX: 10336677 # GETX hits
   mGETS: 7891853 # GETS misses
   mGETXIM: 1168622 # GETX I->M misses
   mGETXSM: 7010435 # GETX S->M misses (upgrade misses)
   PUTS: 14954 # Clean evictions (from lower level)
   PUTX: 607 # Dirty evictions (from lower level)
   INV: 9350221 # Invalidates (from upper level)
   INVX: 6786613 # Downgrades (from upper level)
   FWD: 0 # Forwards (from upper level)
   latGETnl: 548687646 # GET request latency on next level
   latGETnet: 0 # GET request latency on network to next level
  l2-6: # Cache stats
   hGETS: 19686299 # GETS hits
   hGETX: 10198342 # GETX hits
   mGETS: 10138589 # GETS misses
   mGETXIM: 1533789 # GETX I->M misses
   mGETXSM: 8912242 # GETX S->M misses (upgrade misses)
   PUTS: 21158 # Clean evictions (from lower level)
   PUTX: 904 # Dirty evictions (from lower level)
   INV: 12026761 # Invalidates (from upper level)
   INVX: 8669810 # Downgrades (from upper level)
   FWD: 0 # Forwards (from upper level)
   latGETnl: 700369948 # GET request latency on next level
   latGETnet: 0 # GET request latency on network to next level
  l2-7: # Cache stats
   hGETS: 17342408 # GETS hits
   hGETX: 9321799 # GETX hits
   mGETS: 8872654 # GETS misses
   mGETXIM: 1121660 # GETX I->M misses
   mGETXSM: 7927233 # GETX S->M misses (upgrade misses)
   PUTS: 12681 # Clean evictions (from lower level)
   PUTX: 530 # Dirty evictions (from lower level)
   INV: 10310018 # Invalidates (from upper level)
   INVX: 7693344 # Downgrades (from upper level)
   FWD: 0 # Forwards (from upper level)
   latGETnl: 612213022 # GET request latency on next level
   latGETnet: 0 # GET request latency on network to next level
 l3: # Cache stats
  l3-0b0: # Cache stats
   hGETS: 6629438 # GETS hits
   hGETX: 10163954 # GETX hits
   mGETS: 130 # GETS misses
   mGETXIM: 8 # GETX I->M misses
   mGETXSM: 69 # GETX S->M misses (upgrade misses)
   PUTS: 0 # Clean evictions (from lower level)
   PUTX: 0 # Dirty evictions (from lower level)
   INV: 0 # Invalidates (from upper level)
   INVX: 0 # Downgrades (from upper level)
   FWD: 0 # Forwards (from upper level)
   latGETnl: 18630 # GET request latency on next level
   latGETnet: 0 # GET request latency on network to next level
  l3-0b1: # Cache stats
   hGETS: 11650543 # GETS hits
   hGETX: 10841704 # GETX hits
   mGETS: 133 # GETS misses
   mGETXIM: 6 # GETX I->M misses
   mGETXSM: 65 # GETX S->M misses (upgrade misses)
   PUTS: 0 # Clean evictions (from lower level)
   PUTX: 0 # Dirty evictions (from lower level)
   INV: 0 # Invalidates (from upper level)
   INVX: 0 # Downgrades (from upper level)
   FWD: 0 # Forwards (from upper level)
   latGETnl: 18360 # GET request latency on next level
   latGETnet: 0 # GET request latency on network to next level
  l3-0b2: # Cache stats
   hGETS: 5307865 # GETS hits
   hGETX: 4831748 # GETX hits
   mGETS: 135 # GETS misses
   mGETXIM: 4 # GETX I->M misses
   mGETXSM: 69 # GETX S->M misses (upgrade misses)
   PUTS: 0 # Clean evictions (from lower level)
   PUTX: 0 # Dirty evictions (from lower level)
   INV: 0 # Invalidates (from upper level)
   INVX: 0 # Downgrades (from upper level)
   FWD: 0 # Forwards (from upper level)
   latGETnl: 18720 # GET request latency on next level
   latGETnet: 0 # GET request latency on network to next level
  l3-0b3: # Cache stats
   hGETS: 12869625 # GETS hits
   hGETX: 12529761 # GETX hits
   mGETS: 136 # GETS misses
   mGETXIM: 4 # GETX I->M misses
   mGETXSM: 73 # GETX S->M misses (upgrade misses)
   PUTS: 0 # Clean evictions (from lower level)
   PUTX: 0 # Dirty evictions (from lower level)
   INV: 0 # Invalidates (from upper level)
   INVX: 0 # Downgrades (from upper level)
   FWD: 0 # Forwards (from upper level)
   latGETnl: 19170 # GET request latency on next level
   latGETnet: 0 # GET request latency on network to next level
  l3-0b4: # Cache stats
   hGETS: 11003408 # GETS hits
   hGETX: 10653744 # GETX hits
   mGETS: 126 # GETS misses
   mGETXIM: 9 # GETX I->M misses
   mGETXSM: 65 # GETX S->M misses (upgrade misses)
   PUTS: 0 # Clean evictions (from lower level)
   PUTX: 0 # Dirty evictions (from lower level)
   INV: 0 # Invalidates (from upper level)
   INVX: 0 # Downgrades (from upper level)
   FWD: 0 # Forwards (from upper level)
   latGETnl: 18000 # GET request latency on next level
   latGETnet: 0 # GET request latency on network to next level
  l3-0b5: # Cache stats
   hGETS: 8000552 # GETS hits
   hGETX: 7125641 # GETX hits
   mGETS: 135 # GETS misses
   mGETXIM: 5 # GETX I->M misses
   mGETXSM: 60 # GETX S->M misses (upgrade misses)
   PUTS: 0 # Clean evictions (from lower level)
   PUTX: 0 # Dirty evictions (from lower level)
   INV: 0 # Invalidates (from upper level)
   INVX: 0 # Downgrades (from upper level)
   FWD: 0 # Forwards (from upper level)
   latGETnl: 18000 # GET request latency on next level
   latGETnet: 0 # GET request latency on network to next level
  l3-0b6: # Cache stats
   hGETS: 8866636 # GETS hits
   hGETX: 8400016 # GETX hits
   mGETS: 124 # GETS misses
   mGETXIM: 10 # GETX I->M misses
   mGETXSM: 64 # GETX S->M misses (upgrade misses)
   PUTS: 0 # Clean evictions (from lower level)
   PUTX: 0 # Dirty evictions (from lower level)
   INV: 0 # Invalidates (from upper level)
   INVX: 0 # Downgrades (from upper level)
   FWD: 0 # Forwards (from upper level)
   latGETnl: 17820 # GET request latency on next level
   latGETnet: 0 # GET request latency on network to next level
  l3-0b7: # Cache stats
   hGETS: 4772661 # GETS hits
   hGETX: 6471225 # GETX hits
   mGETS: 131 # GETS misses
   mGETXIM: 5 # GETX I->M misses
   mGETXSM: 77 # GETX S->M misses (upgrade misses)
   PUTS: 0 # Clean evictions (from lower level)
   PUTX: 0 # Dirty evictions (from lower level)
   INV: 0 # Invalidates (from upper level)
   INVX: 0 # Downgrades (from upper level)
   FWD: 0 # Forwards (from upper level)
   latGETnl: 19170 # GET request latency on next level
   latGETnet: 0 # GET request latency on network to next level
 mem: # Memory controller stats
  mem-0: # Memory controller stats
   rd: 404 # Read requests
   wr: 0 # Write requests
   rdlat: 54405 # Total latency experienced by read requests
   wrlat: 0 # Total latency experienced by write requests
   rdhits: 5 # Read row hits
   wrhits: 0 # Write row hits
   mlh: # latency histogram for memory requests
    0: 0
    1: 0
    2: 0
    3: 0
    4: 0
    5: 0
    6: 0
    7: 0
    8: 0
    9: 0
    10: 0
    11: 1
    12: 0
    13: 376
    14: 20
    15: 0
    16: 1
    17: 0
    18: 0
    19: 0
    20: 1
    21: 1
    22: 0
    23: 0
    24: 1
    25: 0
    26: 0
    27: 0
    28: 0
    29: 0
    30: 0
    31: 1
    32: 0
    33: 0
    34: 0
    35: 0
    36: 0
    37: 0
    38: 1
    39: 0
    40: 0
    41: 0
    42: 1
    43: 0
    44: 0
    45: 0
    46: 0
    47: 0
    48: 0
    49: 0
    50: 0
    51: 0
    52: 0
    53: 0
    54: 0
    55: 0
    56: 0
    57: 0
    58: 0
    59: 0
    60: 0
    61: 0
    62: 0
    63: 0
    64: 0
    65: 0
    66: 0
    67: 0
    68: 0
    69: 0
    70: 0
    71: 0
    72: 0
    73: 0
    74: 0
    75: 0
    76: 0
    77: 0
    78: 0
    79: 0
    80: 0
    81: 0
    82: 0
    83: 0
    84: 0
    85: 0
    86: 0
    87: 0
    88: 0
    89: 0
    90: 0
    91: 0
    92: 0
    93: 0
    94: 0
    95: 0
    96: 0
    97: 0
    98: 0
    99: 0
  mem-1: # Memory controller stats
   rd: 407 # Read requests
   wr: 0 # Write requests
   rdlat: 54730 # Total latency experienced by read requests
   wrlat: 0 # Total latency experienced by write requests
   rdhits: 3 # Read row hits
   wrhits: 0 # Write row hits
   mlh: # latency histogram for memory requests
    0: 0
    1: 0
    2: 0
    3: 0
    4: 0
    5: 0
    6: 0
    7: 0
    8: 0
    9: 0
    10: 0
    11: 0
    12: 0
    13: 377
    14: 21
    15: 2
    16: 0
    17: 0
    18: 1
    19: 0
    20: 2
    21: 0
    22: 0
    23: 0
    24: 0
    25: 0
    26: 0
    27: 1
    28: 1
    29: 1
    30: 0
    31: 0
    32: 0
    33: 1
    34: 0
    35: 0
    36: 0
    37: 0
    38: 0
    39: 0
    40: 0
    41: 0
    42: 0
    43: 0
    44: 0
    45: 0
    46: 0
    47: 0
    48: 0
    49: 0
    50: 0
    51: 0
    52: 0
    53: 0
    54: 0
    55: 0
    56: 0
    57: 0
    58: 0
    59: 0
    60: 0
    61: 0
    62: 0
    63: 0
    64: 0
    65: 0
    66: 0
    67: 0
    68: 0
    69: 0
    70: 0
    71: 0
    72: 0
    73: 0
    74: 0
    75: 0
    76: 0
    77: 0
    78: 0
    79: 0
    80: 0
    81: 0
    82: 0
    83: 0
    84: 0
    85: 0
    86: 0
    87: 0
    88: 0
    89: 0
    90: 0
    91: 0
    92: 0
    93: 0
    94: 0
    95: 0
    96: 0
    97: 0
    98: 0
    99: 0
  mem-2: # Memory controller stats
   rd: 426 # Read requests
   wr: 0 # Write requests
   rdlat: 57145 # Total latency experienced by read requests
   wrlat: 0 # Total latency experienced by write requests
   rdhits: 4 # Read row hits
   wrhits: 0 # Write row hits
   mlh: # latency histogram for memory requests
    0: 0
    1: 0
    2: 0
    3: 0
    4: 0
    5: 0
    6: 0
    7: 0
    8: 0
    9: 0
    10: 0
    11: 1
    12: 1
    13: 389
    14: 27
    15: 2
    16: 0
    17: 1
    18: 1
    19: 0
    20: 1
    21: 0
    22: 0
    23: 0
    24: 0
    25: 0
    26: 0
    27: 0
    28: 0
    29: 0
    30: 1
    31: 1
    32: 0
    33: 0
    34: 0
    35: 0
    36: 0
    37: 0
    38: 0
    39: 0
    40: 1
    41: 0
    42: 0
    43: 0
    44: 0
    45: 0
    46: 0
    47: 0
    48: 0
    49: 0
    50: 0
    51: 0
    52: 0
    53: 0
    54: 0
    55: 0
    56: 0
    57: 0
    58: 0
    59: 0
    60: 0
    61: 0
    62: 0
    63: 0
    64: 0
    65: 0
    66: 0
    67: 0
    68: 0
    69: 0
    70: 0
    71: 0
    72: 0
    73: 0
    74: 0
    75: 0
    76: 0
    77: 0
    78: 0
    79: 0
    80: 0
    81: 0
    82: 0
    83: 0
    84: 0
    85: 0
    86: 0
    87: 0
    88: 0
    89: 0
    90: 0
    91: 0
    92: 0
    93: 0
    94: 0
    95: 0
    96: 0
    97: 0
    98: 0
    99: 0
  mem-3: # Memory controller stats
   rd: 406 # Read requests
   wr: 0 # Write requests
   rdlat: 54968 # Total latency experienced by read requests
   wrlat: 0 # Total latency experienced by write requests
   rdhits: 4 # Read row hits
   wrhits: 0 # Write row hits
   mlh: # latency histogram for memory requests
    0: 0
    1: 0
    2: 0
    3: 0
    4: 0
    5: 0
    6: 0
    7: 0
    8: 0
    9: 0
    10: 0
    11: 0
    12: 0
    13: 370
    14: 24
    15: 2
    16: 1
    17: 1
    18: 0
    19: 0
    20: 3
    21: 1
    22: 0
    23: 0
    24: 0
    25: 0
    26: 0
    27: 0
    28: 0
    29: 0
    30: 1
    31: 1
    32: 0
    33: 0
    34: 0
    35: 1
    36: 0
    37: 0
    38: 0
    39: 0
    40: 1
    41: 0
    42: 0
    43: 0
    44: 0
    45: 0
    46: 0
    47: 0
    48: 0
    49: 0
    50: 0
    51: 0
    52: 0
    53: 0
    54: 0
    55: 0
    56: 0
    57: 0
    58: 0
    59: 0
    60: 0
    61: 0
    62: 0
    63: 0
    64: 0
    65: 0
    66: 0
    67: 0
    68: 0
    69: 0
    70: 0
    71: 0
    72: 0
    73: 0
    74: 0
    75: 0
    76: 0
    77: 0
    78: 0
    79: 0
    80: 0
    81: 0
    82: 0
    83: 0
    84: 0
    85: 0
    86: 0
    87: 0
    88: 0
    89: 0
    90: 0
    91: 0
    92: 0
    93: 0
    94: 0
    95: 0
    96: 0
    97: 0
    98: 0
    99: 0
 sched: # Scheduler stats
  thCr: 25 # Threads created
  thFn: 5 # Threads finished
  schedEvs: 204 # Schedule events
  waitEvs: 186 # Wait events
  handoffEvs: 64 # Handoff events
  sleepEvs: 0 # Sleep events
  idlePhases: 0 # Phases with no thread active
  idlePeriods: 0 # Periods with no thread active
  occHist: # Occupancy histogram
   0: 0
   1: 0
   2: 0
   3: 1
   4: 0
   5: 0
   6: 0
   7: 0
   8: 82710
  rqSzHist: # Run queue size histogram
   0: 88
   1: 4
   2: 10
   3: 31
   4: 1
   5: 40
   6: 44
   7: 123
   8: 194
   9: 11255
   10: 1778
   11: 2647
   12: 44085
   13: 4403
   14: 18008
   15: 0
   16: 0
 procCycles: # Per-process unhalted core cycles
  0: 6615412837
  1: 0
  2: 0
  3: 0
  4: 0
  5: 0
  6: 0
  7: 0
  8: 0
  9: 0
  10: 0
  11: 0
  12: 0
  13: 0
  14: 0
  15: 0
  16: 0
  17: 0
  18: 0
  19: 0
  20: 0
  21: 0
  22: 0
  23: 0
  24: 0
  25: 0
  26: 0
  27: 0
  28: 0
  29: 0
  30: 0
  31: 0
  32: 0
  33: 0
  34: 0
  35: 0
  36: 0
  37: 0
  38: 0
  39: 0
  40: 0
  41: 0
  42: 0
  43: 0
  44: 0
  45: 0
  46: 0
  47: 0
  48: 0
  49: 0
  50: 0
  51: 0
  52: 0
  53: 0
  54: 0
  55: 0
  56: 0
  57: 0
  58: 0
  59: 0
  60: 0
  61: 0
  62: 0
  63: 0
 procInstrs: # Per-process instructions
  0: 5000023471
  1: 0
  2: 0
  3: 0
  4: 0
  5: 0
  6: 0
  7: 0
  8: 0
  9: 0
  10: 0
  11: 0
  12: 0
  13: 0
  14: 0
  15: 0
  16: 0
  17: 0
  18: 0
  19: 0
  20: 0
  21: 0
  22: 0
  23: 0
  24: 0
  25: 0
  26: 0
  27: 0
  28: 0
  29: 0
  30: 0
  31: 0
  32: 0
  33: 0
  34: 0
  35: 0
  36: 0
  37: 0
  38: 0
  39: 0
  40: 0
  41: 0
  42: 0
  43: 0
  44: 0
  45: 0
  46: 0
  47: 0
  48: 0
  49: 0
  50: 0
  51: 0
  52: 0
  53: 0
  54: 0
  55: 0
  56: 0
  57: 0
  58: 0
  59: 0
  60: 0
  61: 0
  62: 0
  63: 0
 heartbeats: # Per-process heartbeats
  0: 0
  1: 0
  2: 0
  3: 0
  4: 0
  5: 0
  6: 0
  7: 0
  8: 0
  9: 0
  10: 0
  11: 0
  12: 0
  13: 0
  14: 0
  15: 0
  16: 0
  17: 0
  18: 0
  19: 0
  20: 0
  21: 0
  22: 0
  23: 0
  24: 0
  25: 0
  26: 0
  27: 0
  28: 0
  29: 0
  30: 0
  31: 0
  32: 0
  33: 0
  34: 0
  35: 0
  36: 0
  37: 0
  38: 0
  39: 0
  40: 0
  41: 0
  42: 0
  43: 0
  44: 0
  45: 0
  46: 0
  47: 0
  48: 0
  49: 0
  50: 0
  51: 0
  52: 0
  53: 0
  54: 0
  55: 0
  56: 0
  57: 0
  58: 0
  59: 0
  60: 0
  61: 0
  62: 0
  63: 0
===
