# zsim stats
===
root: # Stats
 contention: # Contention simulation stats
  domain-0: # Domain stats
   time: 628756482 # Weave simulation time
 time: # Simulator time breakdown
  init: 28892733456
  bound: 161022948629
  weave: 4700987682
  ff: 10405129
 trigger: 20000 # Reason for this stats dump
 phase: 53253 # Simulated phases
 westmere: # Core stats
  westmere-0: # Core stats
   cycles: 528843592 # Simulated unhalted cycles
   cCycles: 6937 # Cycles due to contention stalls
   instrs: 215329018 # Simulated instructions
   uops: 272229557 # Retired micro-ops
   bbls: 21789415 # Basic blocks
   approxInstrs: 15796881 # Instrs with approx uop decoding
   mispredBranches: 798743 # Mispredicted branches
   condBranches: 13970116 # conditional branches
  westmere-1: # Core stats
   cycles: 528455956 # Simulated unhalted cycles
   cCycles: 5420 # Cycles due to contention stalls
   instrs: 215146267 # Simulated instructions
   uops: 271969207 # Retired micro-ops
   bbls: 21783535 # Basic blocks
   approxInstrs: 15772368 # Instrs with approx uop decoding
   mispredBranches: 797292 # Mispredicted branches
   condBranches: 13965679 # conditional branches
  westmere-2: # Core stats
   cycles: 528125427 # Simulated unhalted cycles
   cCycles: 4675 # Cycles due to contention stalls
   instrs: 215258894 # Simulated instructions
   uops: 272143689 # Retired micro-ops
   bbls: 21784351 # Basic blocks
   approxInstrs: 15794929 # Instrs with approx uop decoding
   mispredBranches: 798529 # Mispredicted branches
   condBranches: 13966964 # conditional branches
  westmere-3: # Core stats
   cycles: 528224534 # Simulated unhalted cycles
   cCycles: 829 # Cycles due to contention stalls
   instrs: 215046487 # Simulated instructions
   uops: 271872214 # Retired micro-ops
   bbls: 21770702 # Basic blocks
   approxInstrs: 15770627 # Instrs with approx uop decoding
   mispredBranches: 798446 # Mispredicted branches
   condBranches: 13956624 # conditional branches
  westmere-4: # Core stats
   cycles: 528571291 # Simulated unhalted cycles
   cCycles: 1187 # Cycles due to contention stalls
   instrs: 215465398 # Simulated instructions
   uops: 272403291 # Retired micro-ops
   bbls: 21802416 # Basic blocks
   approxInstrs: 15811936 # Instrs with approx uop decoding
   mispredBranches: 799940 # Mispredicted branches
   condBranches: 13978858 # conditional branches
  westmere-5: # Core stats
   cycles: 527766496 # Simulated unhalted cycles
   cCycles: 738 # Cycles due to contention stalls
   instrs: 215342350 # Simulated instructions
   uops: 272252858 # Retired micro-ops
   bbls: 21786839 # Basic blocks
   approxInstrs: 15803156 # Instrs with approx uop decoding
   mispredBranches: 798151 # Mispredicted branches
   condBranches: 13968175 # conditional branches
  westmere-6: # Core stats
   cycles: 526811866 # Simulated unhalted cycles
   cCycles: 180 # Cycles due to contention stalls
   instrs: 215135236 # Simulated instructions
   uops: 271990027 # Retired micro-ops
   bbls: 21773365 # Basic blocks
   approxInstrs: 15782288 # Instrs with approx uop decoding
   mispredBranches: 799345 # Mispredicted branches
   condBranches: 13958060 # conditional branches
  westmere-7: # Core stats
   cycles: 526988373 # Simulated unhalted cycles
   cCycles: 40 # Cycles due to contention stalls
   instrs: 215187628 # Simulated instructions
   uops: 272040950 # Retired micro-ops
   bbls: 21784430 # Basic blocks
   approxInstrs: 15781197 # Instrs with approx uop decoding
   mispredBranches: 799243 # Mispredicted branches
   condBranches: 13965353 # conditional branches
 l1i: # Cache stats
  l1i-0: # Filter cache stats
   fhGETS: 17112882 # Filtered GETS hits
   fhGETX: 0 # Filtered GETX hits
   hGETS: 98433 # GETS hits
   hGETX: 0 # GETX hits
   mGETS: 12832542 # GETS misses
   mGETXIM: 0 # GETX I->M misses
   mGETXSM: 0 # GETX S->M misses (upgrade misses)
   PUTS: 0 # Clean evictions (from lower level)
   PUTX: 0 # Dirty evictions (from lower level)
   INV: 12832183 # Invalidates (from upper level)
   INVX: 0 # Downgrades (from upper level)
   FWD: 0 # Forwards (from upper level)
   latGETnl: 333475817 # GET request latency on next level
   latGETnet: 0 # GET request latency on network to next level
  l1i-1: # Filter cache stats
   fhGETS: 17098599 # Filtered GETS hits
   fhGETX: 0 # Filtered GETX hits
   hGETS: 97599 # GETS hits
   hGETX: 0 # GETX hits
   mGETS: 12832963 # GETS misses
   mGETXIM: 0 # GETX I->M misses
   mGETXSM: 0 # GETX S->M misses (upgrade misses)
   PUTS: 0 # Clean evictions (from lower level)
   PUTX: 0 # Dirty evictions (from lower level)
   INV: 12832738 # Invalidates (from upper level)
   INVX: 0 # Downgrades (from upper level)
   FWD: 0 # Forwards (from upper level)
   latGETnl: 333304323 # GET request latency on next level
   latGETnet: 0 # GET request latency on network to next level
  l1i-2: # Filter cache stats
   fhGETS: 17143223 # Filtered GETS hits
   fhGETX: 0 # Filtered GETX hits
   hGETS: 97973 # GETS hits
   hGETX: 0 # GETX hits
   mGETS: 12792239 # GETS misses
   mGETXIM: 0 # GETX I->M misses
   mGETXSM: 0 # GETX S->M misses (upgrade misses)
   PUTS: 0 # Clean evictions (from lower level)
   PUTX: 0 # Dirty evictions (from lower level)
   INV: 12791977 # Invalidates (from upper level)
   INVX: 0 # Downgrades (from upper level)
   FWD: 0 # Forwards (from upper level)
   latGETnl: 332558593 # GET request latency on next level
   latGETnet: 0 # GET request latency on network to next level
  l1i-3: # Filter cache stats
   fhGETS: 17129883 # Filtered GETS hits
   fhGETX: 0 # Filtered GETX hits
   hGETS: 98182 # GETS hits
   hGETX: 0 # GETX hits
   mGETS: 12790155 # GETS misses
   mGETXIM: 0 # GETX I->M misses
   mGETXSM: 0 # GETX S->M misses (upgrade misses)
   PUTS: 0 # Clean evictions (from lower level)
   PUTX: 0 # Dirty evictions (from lower level)
   INV: 12789928 # Invalidates (from upper level)
   INVX: 0 # Downgrades (from upper level)
   FWD: 0 # Forwards (from upper level)
   latGETnl: 332326388 # GET request latency on next level
   latGETnet: 0 # GET request latency on network to next level
  l1i-4: # Filter cache stats
   fhGETS: 17161890 # Filtered GETS hits
   fhGETX: 0 # Filtered GETX hits
   hGETS: 98455 # GETS hits
   hGETX: 0 # GETX hits
   mGETS: 12808700 # GETS misses
   mGETXIM: 0 # GETX I->M misses
   mGETXSM: 0 # GETX S->M misses (upgrade misses)
   PUTS: 0 # Clean evictions (from lower level)
   PUTX: 0 # Dirty evictions (from lower level)
   INV: 12808465 # Invalidates (from upper level)
   INVX: 0 # Downgrades (from upper level)
   FWD: 0 # Forwards (from upper level)
   latGETnl: 332352016 # GET request latency on next level
   latGETnet: 0 # GET request latency on network to next level
  l1i-5: # Filter cache stats
   fhGETS: 17138956 # Filtered GETS hits
   fhGETX: 0 # Filtered GETX hits
   hGETS: 98783 # GETS hits
   hGETX: 0 # GETX hits
   mGETS: 12806258 # GETS misses
   mGETXIM: 0 # GETX I->M misses
   mGETXSM: 0 # GETX S->M misses (upgrade misses)
   PUTS: 0 # Clean evictions (from lower level)
   PUTX: 0 # Dirty evictions (from lower level)
   INV: 12806095 # Invalidates (from upper level)
   INVX: 0 # Downgrades (from upper level)
   FWD: 0 # Forwards (from upper level)
   latGETnl: 332372513 # GET request latency on next level
   latGETnet: 0 # GET request latency on network to next level
  l1i-6: # Filter cache stats
   fhGETS: 17160228 # Filtered GETS hits
   fhGETX: 0 # Filtered GETX hits
   hGETS: 98223 # GETS hits
   hGETX: 0 # GETX hits
   mGETS: 12771898 # GETS misses
   mGETXIM: 0 # GETX I->M misses
   mGETXSM: 0 # GETX S->M misses (upgrade misses)
   PUTS: 0 # Clean evictions (from lower level)
   PUTX: 0 # Dirty evictions (from lower level)
   INV: 12771713 # Invalidates (from upper level)
   INVX: 0 # Downgrades (from upper level)
   FWD: 0 # Forwards (from upper level)
   latGETnl: 331291539 # GET request latency on next level
   latGETnet: 0 # GET request latency on network to next level
  l1i-7: # Filter cache stats
   fhGETS: 17175901 # Filtered GETS hits
   fhGETX: 0 # Filtered GETX hits
   hGETS: 98653 # GETS hits
   hGETX: 0 # GETX hits
   mGETS: 12771407 # GETS misses
   mGETXIM: 0 # GETX I->M misses
   mGETXSM: 0 # GETX S->M misses (upgrade misses)
   PUTS: 0 # Clean evictions (from lower level)
   PUTX: 0 # Dirty evictions (from lower level)
   INV: 12771172 # Invalidates (from upper level)
   INVX: 0 # Downgrades (from upper level)
   FWD: 0 # Forwards (from upper level)
   latGETnl: 330996100 # GET request latency on next level
   latGETnet: 0 # GET request latency on network to next level
 l1d: # Cache stats
  l1d-0: # Filter cache stats
   fhGETS: 47099616 # Filtered GETS hits
   fhGETX: 3940095 # Filtered GETX hits
   hGETS: 5967214 # GETS hits
   hGETX: 2368 # GETX hits
   mGETS: 3529880 # GETS misses
   mGETXIM: 3340200 # GETX I->M misses
   mGETXSM: 7236856 # GETX S->M misses (upgrade misses)
   PUTS: 0 # Clean evictions (from lower level)
   PUTX: 0 # Dirty evictions (from lower level)
   INV: 7508769 # Invalidates (from upper level)
   INVX: 9649784 # Downgrades (from upper level)
   FWD: 0 # Forwards (from upper level)
   latGETnl: 414015843 # GET request latency on next level
   latGETnet: 0 # GET request latency on network to next level
  l1d-1: # Filter cache stats
   fhGETS: 47047616 # Filtered GETS hits
   fhGETX: 3940237 # Filtered GETX hits
   hGETS: 5958366 # GETS hits
   hGETX: 2387 # GETX hits
   mGETS: 3528964 # GETS misses
   mGETXIM: 3345169 # GETX I->M misses
   mGETXSM: 7228730 # GETX S->M misses (upgrade misses)
   PUTS: 0 # Clean evictions (from lower level)
   PUTX: 0 # Dirty evictions (from lower level)
   INV: 7518788 # Invalidates (from upper level)
   INVX: 9651613 # Downgrades (from upper level)
   FWD: 0 # Forwards (from upper level)
   latGETnl: 414015917 # GET request latency on next level
   latGETnet: 0 # GET request latency on network to next level
  l1d-2: # Filter cache stats
   fhGETS: 47136162 # Filtered GETS hits
   fhGETX: 3943683 # Filtered GETX hits
   hGETS: 5955059 # GETS hits
   hGETX: 1641 # GETX hits
   mGETS: 3493662 # GETS misses
   mGETXIM: 3354374 # GETX I->M misses
   mGETXSM: 7212025 # GETX S->M misses (upgrade misses)
   PUTS: 0 # Clean evictions (from lower level)
   PUTX: 0 # Dirty evictions (from lower level)
   INV: 7500534 # Invalidates (from upper level)
   INVX: 9639402 # Downgrades (from upper level)
   FWD: 0 # Forwards (from upper level)
   latGETnl: 412870805 # GET request latency on next level
   latGETnet: 0 # GET request latency on network to next level
  l1d-3: # Filter cache stats
   fhGETS: 47073307 # Filtered GETS hits
   fhGETX: 3943669 # Filtered GETX hits
   hGETS: 5949524 # GETS hits
   hGETX: 1633 # GETX hits
   mGETS: 3496348 # GETS misses
   mGETXIM: 3358685 # GETX I->M misses
   mGETXSM: 7205607 # GETX S->M misses (upgrade misses)
   PUTS: 0 # Clean evictions (from lower level)
   PUTX: 0 # Dirty evictions (from lower level)
   INV: 7519759 # Invalidates (from upper level)
   INVX: 9636835 # Downgrades (from upper level)
   FWD: 0 # Forwards (from upper level)
   latGETnl: 413116206 # GET request latency on next level
   latGETnet: 0 # GET request latency on network to next level
  l1d-4: # Filter cache stats
   fhGETS: 47160599 # Filtered GETS hits
   fhGETX: 3939570 # Filtered GETX hits
   hGETS: 5967581 # GETS hits
   hGETX: 1830 # GETX hits
   mGETS: 3508850 # GETS misses
   mGETXIM: 3339541 # GETX I->M misses
   mGETXSM: 7241130 # GETX S->M misses (upgrade misses)
   PUTS: 0 # Clean evictions (from lower level)
   PUTX: 0 # Dirty evictions (from lower level)
   INV: 7536924 # Invalidates (from upper level)
   INVX: 9650112 # Downgrades (from upper level)
   FWD: 0 # Forwards (from upper level)
   latGETnl: 413680873 # GET request latency on next level
   latGETnet: 0 # GET request latency on network to next level
  l1d-5: # Filter cache stats
   fhGETS: 47129906 # Filtered GETS hits
   fhGETX: 3932941 # Filtered GETX hits
   hGETS: 5968340 # GETS hits
   hGETX: 2145 # GETX hits
   mGETS: 3509876 # GETS misses
   mGETXIM: 3332412 # GETX I->M misses
   mGETXSM: 7247501 # GETX S->M misses (upgrade misses)
   PUTS: 0 # Clean evictions (from lower level)
   PUTX: 0 # Dirty evictions (from lower level)
   INV: 7531259 # Invalidates (from upper level)
   INVX: 9647825 # Downgrades (from upper level)
   FWD: 0 # Forwards (from upper level)
   latGETnl: 413126065 # GET request latency on next level
   latGETnet: 0 # GET request latency on network to next level
  l1d-6: # Filter cache stats
   fhGETS: 47114236 # Filtered GETS hits
   fhGETX: 3939544 # Filtered GETX hits
   hGETS: 5959746 # GETS hits
   hGETX: 1519 # GETX hits
   mGETS: 3475148 # GETS misses
   mGETXIM: 3340989 # GETX I->M misses
   mGETXSM: 7227918 # GETX S->M misses (upgrade misses)
   PUTS: 0 # Clean evictions (from lower level)
   PUTX: 0 # Dirty evictions (from lower level)
   INV: 7510795 # Invalidates (from upper level)
   INVX: 9642813 # Downgrades (from upper level)
   FWD: 0 # Forwards (from upper level)
   latGETnl: 411836501 # GET request latency on next level
   latGETnet: 0 # GET request latency on network to next level
  l1d-7: # Filter cache stats
   fhGETS: 47118082 # Filtered GETS hits
   fhGETX: 3939424 # Filtered GETX hits
   hGETS: 5963970 # GETS hits
   hGETX: 1533 # GETX hits
   mGETS: 3472010 # GETS misses
   mGETXIM: 3342872 # GETX I->M misses
   mGETXSM: 7232503 # GETX S->M misses (upgrade misses)
   PUTS: 0 # Clean evictions (from lower level)
   PUTX: 0 # Dirty evictions (from lower level)
   INV: 7519493 # Invalidates (from upper level)
   INVX: 9649305 # Downgrades (from upper level)
   FWD: 0 # Forwards (from upper level)
   latGETnl: 412242736 # GET request latency on next level
   latGETnet: 0 # GET request latency on network to next level
 l2: # Cache stats
  l2-0: # Cache stats
   hGETS: 9454956 # GETS hits
   hGETX: 3694784 # GETX hits
   mGETS: 6907466 # GETS misses
   mGETXIM: 1406017 # GETX I->M misses
   mGETXSM: 5476255 # GETX S->M misses (upgrade misses)
   PUTS: 22 # Clean evictions (from lower level)
   PUTX: 1 # Dirty evictions (from lower level)
   INV: 8790416 # Invalidates (from upper level)
   INVX: 5269265 # Downgrades (from upper level)
   FWD: 0 # Forwards (from upper level)
   latGETnl: 463759475 # GET request latency on next level
   latGETnet: 0 # GET request latency on network to next level
  l2-1: # Cache stats
   hGETS: 9466327 # GETS hits
   hGETX: 3684846 # GETX hits
   mGETS: 6895600 # GETS misses
   mGETXIM: 1391804 # GETX I->M misses
   mGETXSM: 5497249 # GETX S->M misses (upgrade misses)
   PUTS: 5 # Clean evictions (from lower level)
   PUTX: 0 # Dirty evictions (from lower level)
   INV: 8787680 # Invalidates (from upper level)
   INVX: 5274751 # Downgrades (from upper level)
   FWD: 0 # Forwards (from upper level)
   latGETnl: 463622672 # GET request latency on next level
   latGETnet: 0 # GET request latency on network to next level
  l2-2: # Cache stats
   hGETS: 9433375 # GETS hits
   hGETX: 3663681 # GETX hits
   mGETS: 6852526 # GETS misses
   mGETXIM: 1399930 # GETX I->M misses
   mGETXSM: 5502788 # GETX S->M misses (upgrade misses)
   PUTS: 5 # Clean evictions (from lower level)
   PUTX: 0 # Dirty evictions (from lower level)
   INV: 8755992 # Invalidates (from upper level)
   INVX: 5289476 # Downgrades (from upper level)
   FWD: 0 # Forwards (from upper level)
   latGETnl: 462604674 # GET request latency on next level
   latGETnet: 0 # GET request latency on network to next level
  l2-3: # Cache stats
   hGETS: 9440071 # GETS hits
   hGETX: 3652744 # GETX hits
   mGETS: 6846432 # GETS misses
   mGETXIM: 1394649 # GETX I->M misses
   mGETXSM: 5516899 # GETX S->M misses (upgrade misses)
   PUTS: 7 # Clean evictions (from lower level)
   PUTX: 0 # Dirty evictions (from lower level)
   INV: 8765554 # Invalidates (from upper level)
   INVX: 5295937 # Downgrades (from upper level)
   FWD: 0 # Forwards (from upper level)
   latGETnl: 462653266 # GET request latency on next level
   latGETnet: 0 # GET request latency on network to next level
  l2-4: # Cache stats
   hGETS: 9467570 # GETS hits
   hGETX: 3671169 # GETX hits
   mGETS: 6849980 # GETS misses
   mGETXIM: 1384210 # GETX I->M misses
   mGETXSM: 5525292 # GETX S->M misses (upgrade misses)
   PUTS: 3 # Clean evictions (from lower level)
   PUTX: 0 # Dirty evictions (from lower level)
   INV: 8776839 # Invalidates (from upper level)
   INVX: 5291323 # Downgrades (from upper level)
   FWD: 0 # Forwards (from upper level)
   latGETnl: 462744819 # GET request latency on next level
   latGETnet: 0 # GET request latency on network to next level
  l2-5: # Cache stats
   hGETS: 9472774 # GETS hits
   hGETX: 3678794 # GETX hits
   mGETS: 6843360 # GETS misses
   mGETXIM: 1364179 # GETX I->M misses
   mGETXSM: 5536940 # GETX S->M misses (upgrade misses)
   PUTS: 1 # Clean evictions (from lower level)
   PUTX: 0 # Dirty evictions (from lower level)
   INV: 8767393 # Invalidates (from upper level)
   INVX: 5285212 # Downgrades (from upper level)
   FWD: 0 # Forwards (from upper level)
   latGETnl: 462240049 # GET request latency on next level
   latGETnet: 0 # GET request latency on network to next level
  l2-6: # Cache stats
   hGETS: 9454132 # GETS hits
   hGETX: 3663170 # GETX hits
   mGETS: 6792914 # GETS misses
   mGETXIM: 1363114 # GETX I->M misses
   mGETXSM: 5542623 # GETX S->M misses (upgrade misses)
   PUTS: 1 # Clean evictions (from lower level)
   PUTX: 0 # Dirty evictions (from lower level)
   INV: 8723983 # Invalidates (from upper level)
   INVX: 5293604 # Downgrades (from upper level)
   FWD: 0 # Forwards (from upper level)
   latGETnl: 460682223 # GET request latency on next level
   latGETnet: 0 # GET request latency on network to next level
  l2-7: # Cache stats
   hGETS: 9458606 # GETS hits
   hGETX: 3658948 # GETX hits
   mGETS: 6784811 # GETS misses
   mGETXIM: 1355194 # GETX I->M misses
   mGETXSM: 5561233 # GETX S->M misses (upgrade misses)
   PUTS: 3 # Clean evictions (from lower level)
   PUTX: 0 # Dirty evictions (from lower level)
   INV: 8725501 # Invalidates (from upper level)
   INVX: 5302807 # Downgrades (from upper level)
   FWD: 0 # Forwards (from upper level)
   latGETnl: 460763146 # GET request latency on next level
   latGETnet: 0 # GET request latency on network to next level
 l3: # Cache stats
  l3-0b0: # Cache stats
   hGETS: 2061298 # GETS hits
   hGETX: 1757071 # GETX hits
   mGETS: 73 # GETS misses
   mGETXIM: 7 # GETX I->M misses
   mGETXSM: 35 # GETX S->M misses (upgrade misses)
   PUTS: 0 # Clean evictions (from lower level)
   PUTX: 0 # Dirty evictions (from lower level)
   INV: 0 # Invalidates (from upper level)
   INVX: 0 # Downgrades (from upper level)
   FWD: 0 # Forwards (from upper level)
   latGETnl: 10350 # GET request latency on next level
   latGETnet: 0 # GET request latency on network to next level
  l3-0b1: # Cache stats
   hGETS: 2656380 # GETS hits
   hGETX: 2429709 # GETX hits
   mGETS: 81 # GETS misses
   mGETXIM: 4 # GETX I->M misses
   mGETXSM: 33 # GETX S->M misses (upgrade misses)
   PUTS: 0 # Clean evictions (from lower level)
   PUTX: 0 # Dirty evictions (from lower level)
   INV: 0 # Invalidates (from upper level)
   INVX: 0 # Downgrades (from upper level)
   FWD: 0 # Forwards (from upper level)
   latGETnl: 10620 # GET request latency on next level
   latGETnet: 0 # GET request latency on network to next level
  l3-0b2: # Cache stats
   hGETS: 9515355 # GETS hits
   hGETX: 11198727 # GETX hits
   mGETS: 72 # GETS misses
   mGETXIM: 7 # GETX I->M misses
   mGETXSM: 33 # GETX S->M misses (upgrade misses)
   PUTS: 0 # Clean evictions (from lower level)
   PUTX: 0 # Dirty evictions (from lower level)
   INV: 0 # Invalidates (from upper level)
   INVX: 0 # Downgrades (from upper level)
   FWD: 0 # Forwards (from upper level)
   latGETnl: 10080 # GET request latency on next level
   latGETnet: 0 # GET request latency on network to next level
  l3-0b3: # Cache stats
   hGETS: 8859496 # GETS hits
   hGETX: 12180797 # GETX hits
   mGETS: 80 # GETS misses
   mGETXIM: 3 # GETX I->M misses
   mGETXSM: 43 # GETX S->M misses (upgrade misses)
   PUTS: 0 # Clean evictions (from lower level)
   PUTX: 0 # Dirty evictions (from lower level)
   INV: 0 # Invalidates (from upper level)
   INVX: 0 # Downgrades (from upper level)
   FWD: 0 # Forwards (from upper level)
   latGETnl: 11340 # GET request latency on next level
   latGETnet: 0 # GET request latency on network to next level
  l3-0b4: # Cache stats
   hGETS: 9873838 # GETS hits
   hGETX: 7648028 # GETX hits
   mGETS: 82 # GETS misses
   mGETXIM: 4 # GETX I->M misses
   mGETXSM: 42 # GETX S->M misses (upgrade misses)
   PUTS: 0 # Clean evictions (from lower level)
   PUTX: 0 # Dirty evictions (from lower level)
   INV: 0 # Invalidates (from upper level)
   INVX: 0 # Downgrades (from upper level)
   FWD: 0 # Forwards (from upper level)
   latGETnl: 11520 # GET request latency on next level
   latGETnet: 0 # GET request latency on network to next level
  l3-0b5: # Cache stats
   hGETS: 11995965 # GETS hits
   hGETX: 9714010 # GETX hits
   mGETS: 82 # GETS misses
   mGETXIM: 4 # GETX I->M misses
   mGETXSM: 49 # GETX S->M misses (upgrade misses)
   PUTS: 0 # Clean evictions (from lower level)
   PUTX: 0 # Dirty evictions (from lower level)
   INV: 0 # Invalidates (from upper level)
   INVX: 0 # Downgrades (from upper level)
   FWD: 0 # Forwards (from upper level)
   latGETnl: 12150 # GET request latency on next level
   latGETnet: 0 # GET request latency on network to next level
  l3-0b6: # Cache stats
   hGETS: 9561147 # GETS hits
   hGETX: 10077147 # GETX hits
   mGETS: 73 # GETS misses
   mGETXIM: 4 # GETX I->M misses
   mGETXSM: 37 # GETX S->M misses (upgrade misses)
   PUTS: 0 # Clean evictions (from lower level)
   PUTX: 0 # Dirty evictions (from lower level)
   INV: 0 # Invalidates (from upper level)
   INVX: 0 # Downgrades (from upper level)
   FWD: 0 # Forwards (from upper level)
   latGETnl: 10260 # GET request latency on next level
   latGETnet: 0 # GET request latency on network to next level
  l3-0b7: # Cache stats
   hGETS: 248992 # GETS hits
   hGETX: 212540 # GETX hits
   mGETS: 75 # GETS misses
   mGETXIM: 9 # GETX I->M misses
   mGETXSM: 33 # GETX S->M misses (upgrade misses)
   PUTS: 0 # Clean evictions (from lower level)
   PUTX: 0 # Dirty evictions (from lower level)
   INV: 0 # Invalidates (from upper level)
   INVX: 0 # Downgrades (from upper level)
   FWD: 0 # Forwards (from upper level)
   latGETnl: 10530 # GET request latency on next level
   latGETnet: 0 # GET request latency on network to next level
 mem: # Memory controller stats
  mem-0: # Memory controller stats
   rd: 252 # Read requests
   wr: 0 # Write requests
   rdlat: 34452 # Total latency experienced by read requests
   wrlat: 0 # Total latency experienced by write requests
   rdhits: 4 # Read row hits
   wrhits: 0 # Write row hits
   mlh: # latency histogram for memory requests
    0: 0
    1: 0
    2: 0
    3: 0
    4: 0
    5: 0
    6: 0
    7: 0
    8: 0
    9: 0
    10: 0
    11: 1
    12: 0
    13: 229
    14: 10
    15: 4
    16: 0
    17: 0
    18: 1
    19: 1
    20: 2
    21: 0
    22: 0
    23: 0
    24: 0
    25: 0
    26: 0
    27: 0
    28: 0
    29: 0
    30: 0
    31: 0
    32: 2
    33: 1
    34: 0
    35: 0
    36: 0
    37: 0
    38: 1
    39: 0
    40: 0
    41: 0
    42: 0
    43: 0
    44: 0
    45: 0
    46: 0
    47: 0
    48: 0
    49: 0
    50: 0
    51: 0
    52: 0
    53: 0
    54: 0
    55: 0
    56: 0
    57: 0
    58: 0
    59: 0
    60: 0
    61: 0
    62: 0
    63: 0
    64: 0
    65: 0
    66: 0
    67: 0
    68: 0
    69: 0
    70: 0
    71: 0
    72: 0
    73: 0
    74: 0
    75: 0
    76: 0
    77: 0
    78: 0
    79: 0
    80: 0
    81: 0
    82: 0
    83: 0
    84: 0
    85: 0
    86: 0
    87: 0
    88: 0
    89: 0
    90: 0
    91: 0
    92: 0
    93: 0
    94: 0
    95: 0
    96: 0
    97: 0
    98: 0
    99: 0
  mem-1: # Memory controller stats
   rd: 242 # Read requests
   wr: 0 # Write requests
   rdlat: 32850 # Total latency experienced by read requests
   wrlat: 0 # Total latency experienced by write requests
   rdhits: 2 # Read row hits
   wrhits: 0 # Write row hits
   mlh: # latency histogram for memory requests
    0: 0
    1: 0
    2: 0
    3: 0
    4: 0
    5: 0
    6: 0
    7: 0
    8: 0
    9: 0
    10: 0
    11: 1
    12: 0
    13: 221
    14: 11
    15: 0
    16: 2
    17: 0
    18: 1
    19: 2
    20: 0
    21: 2
    22: 0
    23: 0
    24: 0
    25: 0
    26: 0
    27: 0
    28: 0
    29: 0
    30: 0
    31: 0
    32: 0
    33: 1
    34: 0
    35: 0
    36: 0
    37: 0
    38: 1
    39: 0
    40: 0
    41: 0
    42: 0
    43: 0
    44: 0
    45: 0
    46: 0
    47: 0
    48: 0
    49: 0
    50: 0
    51: 0
    52: 0
    53: 0
    54: 0
    55: 0
    56: 0
    57: 0
    58: 0
    59: 0
    60: 0
    61: 0
    62: 0
    63: 0
    64: 0
    65: 0
    66: 0
    67: 0
    68: 0
    69: 0
    70: 0
    71: 0
    72: 0
    73: 0
    74: 0
    75: 0
    76: 0
    77: 0
    78: 0
    79: 0
    80: 0
    81: 0
    82: 0
    83: 0
    84: 0
    85: 0
    86: 0
    87: 0
    88: 0
    89: 0
    90: 0
    91: 0
    92: 0
    93: 0
    94: 0
    95: 0
    96: 0
    97: 0
    98: 0
    99: 0
  mem-2: # Memory controller stats
   rd: 242 # Read requests
   wr: 0 # Write requests
   rdlat: 32552 # Total latency experienced by read requests
   wrlat: 0 # Total latency experienced by write requests
   rdhits: 4 # Read row hits
   wrhits: 0 # Write row hits
   mlh: # latency histogram for memory requests
    0: 0
    1: 0
    2: 0
    3: 0
    4: 0
    5: 0
    6: 0
    7: 0
    8: 0
    9: 0
    10: 0
    11: 0
    12: 1
    13: 226
    14: 9
    15: 1
    16: 0
    17: 0
    18: 0
    19: 0
    20: 2
    21: 1
    22: 0
    23: 0
    24: 0
    25: 0
    26: 0
    27: 0
    28: 0
    29: 0
    30: 0
    31: 2
    32: 0
    33: 0
    34: 0
    35: 0
    36: 0
    37: 0
    38: 0
    39: 0
    40: 0
    41: 0
    42: 0
    43: 0
    44: 0
    45: 0
    46: 0
    47: 0
    48: 0
    49: 0
    50: 0
    51: 0
    52: 0
    53: 0
    54: 0
    55: 0
    56: 0
    57: 0
    58: 0
    59: 0
    60: 0
    61: 0
    62: 0
    63: 0
    64: 0
    65: 0
    66: 0
    67: 0
    68: 0
    69: 0
    70: 0
    71: 0
    72: 0
    73: 0
    74: 0
    75: 0
    76: 0
    77: 0
    78: 0
    79: 0
    80: 0
    81: 0
    82: 0
    83: 0
    84: 0
    85: 0
    86: 0
    87: 0
    88: 0
    89: 0
    90: 0
    91: 0
    92: 0
    93: 0
    94: 0
    95: 0
    96: 0
    97: 0
    98: 0
    99: 0
  mem-3: # Memory controller stats
   rd: 225 # Read requests
   wr: 0 # Write requests
   rdlat: 30439 # Total latency experienced by read requests
   wrlat: 0 # Total latency experienced by write requests
   rdhits: 4 # Read row hits
   wrhits: 0 # Write row hits
   mlh: # latency histogram for memory requests
    0: 0
    1: 0
    2: 0
    3: 0
    4: 0
    5: 0
    6: 0
    7: 0
    8: 0
    9: 0
    10: 0
    11: 1
    12: 0
    13: 208
    14: 11
    15: 1
    16: 0
    17: 0
    18: 0
    19: 0
    20: 0
    21: 0
    22: 0
    23: 0
    24: 0
    25: 1
    26: 0
    27: 0
    28: 0
    29: 0
    30: 0
    31: 1
    32: 0
    33: 1
    34: 0
    35: 0
    36: 1
    37: 0
    38: 0
    39: 0
    40: 0
    41: 0
    42: 0
    43: 0
    44: 0
    45: 0
    46: 0
    47: 0
    48: 0
    49: 0
    50: 0
    51: 0
    52: 0
    53: 0
    54: 0
    55: 0
    56: 0
    57: 0
    58: 0
    59: 0
    60: 0
    61: 0
    62: 0
    63: 0
    64: 0
    65: 0
    66: 0
    67: 0
    68: 0
    69: 0
    70: 0
    71: 0
    72: 0
    73: 0
    74: 0
    75: 0
    76: 0
    77: 0
    78: 0
    79: 0
    80: 0
    81: 0
    82: 0
    83: 0
    84: 0
    85: 0
    86: 0
    87: 0
    88: 0
    89: 0
    90: 0
    91: 0
    92: 0
    93: 0
    94: 0
    95: 0
    96: 0
    97: 0
    98: 0
    99: 0
 sched: # Scheduler stats
  thCr: 9 # Threads created
  thFn: 9 # Threads finished
  schedEvs: 17 # Schedule events
  waitEvs: 0 # Wait events
  handoffEvs: 0 # Handoff events
  sleepEvs: 0 # Sleep events
  idlePhases: 0 # Phases with no thread active
  idlePeriods: 0 # Periods with no thread active
  occHist: # Occupancy histogram
   0: 0
   1: 3
   2: 0
   3: 0
   4: 0
   5: 0
   6: 0
   7: 0
   8: 53250
  rqSzHist: # Run queue size histogram
   0: 53253
   1: 0
   2: 0
   3: 0
   4: 0
   5: 0
   6: 0
   7: 0
   8: 0
   9: 0
   10: 0
   11: 0
   12: 0
   13: 0
   14: 0
   15: 0
   16: 0
 procCycles: # Per-process unhalted core cycles
  0: 4223786264
  1: 0
  2: 0
  3: 0
  4: 0
  5: 0
  6: 0
  7: 0
  8: 0
  9: 0
  10: 0
  11: 0
  12: 0
  13: 0
  14: 0
  15: 0
  16: 0
  17: 0
  18: 0
  19: 0
  20: 0
  21: 0
  22: 0
  23: 0
  24: 0
  25: 0
  26: 0
  27: 0
  28: 0
  29: 0
  30: 0
  31: 0
  32: 0
  33: 0
  34: 0
  35: 0
  36: 0
  37: 0
  38: 0
  39: 0
  40: 0
  41: 0
  42: 0
  43: 0
  44: 0
  45: 0
  46: 0
  47: 0
  48: 0
  49: 0
  50: 0
  51: 0
  52: 0
  53: 0
  54: 0
  55: 0
  56: 0
  57: 0
  58: 0
  59: 0
  60: 0
  61: 0
  62: 0
  63: 0
 procInstrs: # Per-process instructions
  0: 1721911278
  1: 0
  2: 0
  3: 0
  4: 0
  5: 0
  6: 0
  7: 0
  8: 0
  9: 0
  10: 0
  11: 0
  12: 0
  13: 0
  14: 0
  15: 0
  16: 0
  17: 0
  18: 0
  19: 0
  20: 0
  21: 0
  22: 0
  23: 0
  24: 0
  25: 0
  26: 0
  27: 0
  28: 0
  29: 0
  30: 0
  31: 0
  32: 0
  33: 0
  34: 0
  35: 0
  36: 0
  37: 0
  38: 0
  39: 0
  40: 0
  41: 0
  42: 0
  43: 0
  44: 0
  45: 0
  46: 0
  47: 0
  48: 0
  49: 0
  50: 0
  51: 0
  52: 0
  53: 0
  54: 0
  55: 0
  56: 0
  57: 0
  58: 0
  59: 0
  60: 0
  61: 0
  62: 0
  63: 0
 heartbeats: # Per-process heartbeats
  0: 0
  1: 0
  2: 0
  3: 0
  4: 0
  5: 0
  6: 0
  7: 0
  8: 0
  9: 0
  10: 0
  11: 0
  12: 0
  13: 0
  14: 0
  15: 0
  16: 0
  17: 0
  18: 0
  19: 0
  20: 0
  21: 0
  22: 0
  23: 0
  24: 0
  25: 0
  26: 0
  27: 0
  28: 0
  29: 0
  30: 0
  31: 0
  32: 0
  33: 0
  34: 0
  35: 0
  36: 0
  37: 0
  38: 0
  39: 0
  40: 0
  41: 0
  42: 0
  43: 0
  44: 0
  45: 0
  46: 0
  47: 0
  48: 0
  49: 0
  50: 0
  51: 0
  52: 0
  53: 0
  54: 0
  55: 0
  56: 0
  57: 0
  58: 0
  59: 0
  60: 0
  61: 0
  62: 0
  63: 0
===
