# zsim stats
===
root: # Stats
 contention: # Contention simulation stats
  domain-0: # Domain stats
   time: 9562576013 # Weave simulation time
 time: # Simulator time breakdown
  init: 1445186384
  bound: 75083401081
  weave: 11227970093
  ff: 0
 trigger: 20000 # Reason for this stats dump
 phase: 144079 # Simulated phases
 westmere: # Core stats
  westmere-0: # Core stats
   cycles: 1440792477 # Simulated unhalted cycles
   cCycles: 338031177 # Cycles due to contention stalls
   instrs: 1000001836 # Simulated instructions
   uops: 1137314143 # Retired micro-ops
   bbls: 80857800 # Basic blocks
   approxInstrs: 6560312 # Instrs with approx uop decoding
   mispredBranches: 32033 # Mispredicted branches
   condBranches: 51112603 # conditional branches
 l1i: # Cache stats
  l1i-0: # Filter cache stats
   fhGETS: 119185367 # Filtered GETS hits
   fhGETX: 0 # Filtered GETX hits
   hGETS: 3203359 # GETS hits
   hGETX: 0 # GETX hits
   mGETS: 3224 # GETS misses
   mGETXIM: 0 # GETX I->M misses
   mGETXSM: 0 # GETX S->M misses (upgrade misses)
   PUTS: 0 # Clean evictions (from lower level)
   PUTX: 0 # Dirty evictions (from lower level)
   INV: 2935 # Invalidates (from upper level)
   INVX: 0 # Downgrades (from upper level)
   FWD: 0 # Forwards (from upper level)
   latGETnl: 363822 # GET request latency on next level
   latGETnet: 0 # GET request latency on network to next level
 l1d: # Cache stats
  l1d-0: # Filter cache stats
   fhGETS: 251260084 # Filtered GETS hits
   fhGETX: 76548682 # Filtered GETX hits
   hGETS: 6017547 # GETS hits
   hGETX: 1400095 # GETX hits
   mGETS: 12051102 # GETS misses
   mGETXIM: 3685507 # GETX I->M misses
   mGETXSM: 0 # GETX S->M misses (upgrade misses)
   PUTS: 0 # Clean evictions (from lower level)
   PUTX: 0 # Dirty evictions (from lower level)
   INV: 3095775 # Invalidates (from upper level)
   INVX: 0 # Downgrades (from upper level)
   FWD: 0 # Forwards (from upper level)
   latGETnl: 1808321562 # GET request latency on next level
   latGETnet: 0 # GET request latency on network to next level
 l2: # Cache stats
  l2-0: # Cache stats
   hGETS: 145695 # GETS hits
   hGETX: 0 # GETX hits
   mGETS: 11908631 # GETS misses
   mGETXIM: 3685507 # GETX I->M misses
   mGETXSM: 0 # GETX S->M misses (upgrade misses)
   PUTS: 10517017 # Clean evictions (from lower level)
   PUTX: 2123584 # Dirty evictions (from lower level)
   INV: 6607147 # Invalidates (from upper level)
   INVX: 0 # Downgrades (from upper level)
   FWD: 0 # Forwards (from upper level)
   latGETnl: 1682766720 # GET request latency on next level
   latGETnet: 0 # GET request latency on network to next level
 l3: # Cache stats
  l3-0: # Cache stats
   hGETS: 361292 # GETS hits
   hGETX: 802 # GETX hits
   mGETS: 11547339 # GETS misses
   mGETXIM: 3684705 # GETX I->M misses
   mGETXSM: 0 # GETX S->M misses (upgrade misses)
   PUTS: 7728296 # Clean evictions (from lower level)
   PUTX: 1254636 # Dirty evictions (from lower level)
   INV: 0 # Invalidates (from upper level)
   INVX: 0 # Downgrades (from upper level)
   FWD: 0 # Forwards (from upper level)
   latGETnl: 1370883960 # GET request latency on next level
   latGETnet: 0 # GET request latency on network to next level
 mem: # Memory controller stats
  mem-0: # Memory controller stats
   rd: 5797197 # Read requests
   wr: 997652 # Write requests
   rdlat: 816649513 # Total latency experienced by read requests
   wrlat: 202229523 # Total latency experienced by write requests
   rdhits: 133152 # Read row hits
   wrhits: 75972 # Write row hits
   mlh: # latency histogram for memory requests
    0: 0
    1: 0
    2: 0
    3: 0
    4: 0
    5: 0
    6: 0
    7: 0
    8: 0
    9: 0
    10: 1
    11: 1968
    12: 9948
    13: 4759611
    14: 299698
    15: 46061
    16: 31913
    17: 469166
    18: 13890
    19: 15201
    20: 22900
    21: 10753
    22: 5491
    23: 9704
    24: 12583
    25: 3741
    26: 1793
    27: 2553
    28: 3247
    29: 4303
    30: 6316
    31: 6390
    32: 4445
    33: 5150
    34: 4550
    35: 5555
    36: 5143
    37: 4533
    38: 3881
    39: 3348
    40: 4825
    41: 3538
    42: 3022
    43: 1578
    44: 584
    45: 1018
    46: 906
    47: 568
    48: 401
    49: 337
    50: 297
    51: 403
    52: 733
    53: 562
    54: 319
    55: 235
    56: 484
    57: 621
    58: 377
    59: 458
    60: 595
    61: 35
    62: 39
    63: 23
    64: 26
    65: 16
    66: 11
    67: 26
    68: 28
    69: 507
    70: 508
    71: 23
    72: 18
    73: 12
    74: 12
    75: 11
    76: 7
    77: 4
    78: 3
    79: 6
    80: 8
    81: 5
    82: 12
    83: 17
    84: 7
    85: 7
    86: 9
    87: 8
    88: 4
    89: 3
    90: 9
    91: 10
    92: 12
    93: 15
    94: 14
    95: 9
    96: 4
    97: 7
    98: 6
    99: 19
  mem-1: # Memory controller stats
   rd: 2548685 # Read requests
   wr: 837425 # Write requests
   rdlat: 345032084 # Total latency experienced by read requests
   wrlat: 120620307 # Total latency experienced by write requests
   rdhits: 1623 # Read row hits
   wrhits: 1719 # Write row hits
   mlh: # latency histogram for memory requests
    0: 0
    1: 0
    2: 0
    3: 0
    4: 0
    5: 0
    6: 0
    7: 0
    8: 0
    9: 0
    10: 0
    11: 159
    12: 450
    13: 2263705
    14: 207463
    15: 12680
    16: 30644
    17: 191
    18: 192
    19: 404
    20: 755
    21: 1088
    22: 653
    23: 826
    24: 1792
    25: 2835
    26: 1035
    27: 1386
    28: 1271
    29: 1657
    30: 1662
    31: 1607
    32: 1667
    33: 1554
    34: 1316
    35: 1326
    36: 1295
    37: 1169
    38: 1227
    39: 1357
    40: 1499
    41: 1408
    42: 1471
    43: 494
    44: 89
    45: 46
    46: 15
    47: 29
    48: 235
    49: 16
    50: 5
    51: 5
    52: 1
    53: 1
    54: 4
    55: 1
    56: 0
    57: 0
    58: 0
    59: 0
    60: 0
    61: 0
    62: 0
    63: 0
    64: 0
    65: 0
    66: 0
    67: 0
    68: 0
    69: 0
    70: 0
    71: 0
    72: 0
    73: 0
    74: 0
    75: 0
    76: 0
    77: 0
    78: 0
    79: 0
    80: 0
    81: 0
    82: 0
    83: 0
    84: 0
    85: 0
    86: 0
    87: 0
    88: 0
    89: 0
    90: 0
    91: 0
    92: 0
    93: 0
    94: 0
    95: 0
    96: 0
    97: 0
    98: 0
    99: 0
  mem-2: # Memory controller stats
   rd: 4011549 # Read requests
   wr: 998070 # Write requests
   rdlat: 540904297 # Total latency experienced by read requests
   wrlat: 141846974 # Total latency experienced by write requests
   rdhits: 2936 # Read row hits
   wrhits: 1974 # Write row hits
   mlh: # latency histogram for memory requests
    0: 0
    1: 0
    2: 0
    3: 0
    4: 0
    5: 0
    6: 0
    7: 0
    8: 0
    9: 0
    10: 0
    11: 297
    12: 678
    13: 3688520
    14: 245759
    15: 19789
    16: 1455
    17: 338
    18: 338
    19: 332
    20: 607
    21: 1647
    22: 1315
    23: 1659
    24: 4671
    25: 4148
    26: 1661
    27: 2140
    28: 1846
    29: 2035
    30: 3461
    31: 2688
    32: 2728
    33: 2498
    34: 1904
    35: 2414
    36: 2218
    37: 1685
    38: 1829
    39: 1963
    40: 2352
    41: 2320
    42: 2153
    43: 940
    44: 178
    45: 263
    46: 54
    47: 336
    48: 257
    49: 24
    50: 9
    51: 13
    52: 8
    53: 11
    54: 8
    55: 0
    56: 0
    57: 0
    58: 0
    59: 0
    60: 0
    61: 0
    62: 0
    63: 0
    64: 0
    65: 0
    66: 0
    67: 0
    68: 0
    69: 0
    70: 0
    71: 0
    72: 0
    73: 0
    74: 0
    75: 0
    76: 0
    77: 0
    78: 0
    79: 0
    80: 0
    81: 0
    82: 0
    83: 0
    84: 0
    85: 0
    86: 0
    87: 0
    88: 0
    89: 0
    90: 0
    91: 0
    92: 0
    93: 0
    94: 0
    95: 0
    96: 0
    97: 0
    98: 0
    99: 0
  mem-3: # Memory controller stats
   rd: 2874571 # Read requests
   wr: 837452 # Write requests
   rdlat: 388548307 # Total latency experienced by read requests
   wrlat: 118658778 # Total latency experienced by write requests
   rdhits: 2424 # Read row hits
   wrhits: 1946 # Write row hits
   mlh: # latency histogram for memory requests
    0: 0
    1: 0
    2: 0
    3: 0
    4: 0
    5: 0
    6: 0
    7: 0
    8: 0
    9: 0
    10: 0
    11: 171
    12: 543
    13: 2587118
    14: 215037
    15: 11303
    16: 21208
    17: 206
    18: 226
    19: 371
    20: 664
    21: 875
    22: 787
    23: 1232
    24: 2732
    25: 3273
    26: 1287
    27: 1344
    28: 1695
    29: 2052
    30: 2147
    31: 1768
    32: 2248
    33: 1554
    34: 1417
    35: 1486
    36: 1303
    37: 1271
    38: 1410
    39: 1570
    40: 1806
    41: 1665
    42: 1675
    43: 620
    44: 74
    45: 21
    46: 16
    47: 61
    48: 294
    49: 8
    50: 11
    51: 7
    52: 4
    53: 2
    54: 4
    55: 4
    56: 0
    57: 0
    58: 0
    59: 1
    60: 0
    61: 0
    62: 0
    63: 0
    64: 0
    65: 0
    66: 0
    67: 0
    68: 0
    69: 0
    70: 0
    71: 0
    72: 0
    73: 0
    74: 0
    75: 0
    76: 0
    77: 0
    78: 0
    79: 0
    80: 0
    81: 0
    82: 0
    83: 0
    84: 0
    85: 0
    86: 0
    87: 0
    88: 0
    89: 0
    90: 0
    91: 0
    92: 0
    93: 0
    94: 0
    95: 0
    96: 0
    97: 0
    98: 0
    99: 0
 sched: # Scheduler stats
  thCr: 1 # Threads created
  thFn: 1 # Threads finished
  schedEvs: 1 # Schedule events
  waitEvs: 0 # Wait events
  handoffEvs: 0 # Handoff events
  sleepEvs: 0 # Sleep events
  idlePhases: 0 # Phases with no thread active
  idlePeriods: 0 # Periods with no thread active
  occHist: # Occupancy histogram
   0: 0
   1: 144079
  rqSzHist: # Run queue size histogram
   0: 144079
   1: 0
   2: 0
   3: 0
   4: 0
   5: 0
   6: 0
   7: 0
   8: 0
   9: 0
   10: 0
   11: 0
   12: 0
   13: 0
   14: 0
   15: 0
   16: 0
 procCycles: # Per-process unhalted core cycles
  0: 1440792477
  1: 0
  2: 0
  3: 0
  4: 0
  5: 0
  6: 0
  7: 0
  8: 0
  9: 0
  10: 0
  11: 0
  12: 0
  13: 0
  14: 0
  15: 0
  16: 0
  17: 0
  18: 0
  19: 0
  20: 0
  21: 0
  22: 0
  23: 0
  24: 0
  25: 0
  26: 0
  27: 0
  28: 0
  29: 0
  30: 0
  31: 0
  32: 0
  33: 0
  34: 0
  35: 0
  36: 0
  37: 0
  38: 0
  39: 0
  40: 0
  41: 0
  42: 0
  43: 0
  44: 0
  45: 0
  46: 0
  47: 0
  48: 0
  49: 0
  50: 0
  51: 0
  52: 0
  53: 0
  54: 0
  55: 0
  56: 0
  57: 0
  58: 0
  59: 0
  60: 0
  61: 0
  62: 0
  63: 0
 procInstrs: # Per-process instructions
  0: 1000001836
  1: 0
  2: 0
  3: 0
  4: 0
  5: 0
  6: 0
  7: 0
  8: 0
  9: 0
  10: 0
  11: 0
  12: 0
  13: 0
  14: 0
  15: 0
  16: 0
  17: 0
  18: 0
  19: 0
  20: 0
  21: 0
  22: 0
  23: 0
  24: 0
  25: 0
  26: 0
  27: 0
  28: 0
  29: 0
  30: 0
  31: 0
  32: 0
  33: 0
  34: 0
  35: 0
  36: 0
  37: 0
  38: 0
  39: 0
  40: 0
  41: 0
  42: 0
  43: 0
  44: 0
  45: 0
  46: 0
  47: 0
  48: 0
  49: 0
  50: 0
  51: 0
  52: 0
  53: 0
  54: 0
  55: 0
  56: 0
  57: 0
  58: 0
  59: 0
  60: 0
  61: 0
  62: 0
  63: 0
 heartbeats: # Per-process heartbeats
  0: 0
  1: 0
  2: 0
  3: 0
  4: 0
  5: 0
  6: 0
  7: 0
  8: 0
  9: 0
  10: 0
  11: 0
  12: 0
  13: 0
  14: 0
  15: 0
  16: 0
  17: 0
  18: 0
  19: 0
  20: 0
  21: 0
  22: 0
  23: 0
  24: 0
  25: 0
  26: 0
  27: 0
  28: 0
  29: 0
  30: 0
  31: 0
  32: 0
  33: 0
  34: 0
  35: 0
  36: 0
  37: 0
  38: 0
  39: 0
  40: 0
  41: 0
  42: 0
  43: 0
  44: 0
  45: 0
  46: 0
  47: 0
  48: 0
  49: 0
  50: 0
  51: 0
  52: 0
  53: 0
  54: 0
  55: 0
  56: 0
  57: 0
  58: 0
  59: 0
  60: 0
  61: 0
  62: 0
  63: 0
===
