# zsim stats
===
root: # Stats
 contention: # Contention simulation stats
  domain-0: # Domain stats
   time: 321686899 # Weave simulation time
 time: # Simulator time breakdown
  init: 2891858975
  bound: 60081212501
  weave: 1793181034
  ff: 10957965
 trigger: 20000 # Reason for this stats dump
 phase: 74528 # Simulated phases
 westmere: # Core stats
  westmere-0: # Core stats
   cycles: 745165507 # Simulated unhalted cycles
   cCycles: 165255 # Cycles due to contention stalls
   instrs: 1015665976 # Simulated instructions
   uops: 1243849460 # Retired micro-ops
   bbls: 97711427 # Basic blocks
   approxInstrs: 13333236 # Instrs with approx uop decoding
   mispredBranches: 484932 # Mispredicted branches
   condBranches: 61165558 # conditional branches
  westmere-1: # Core stats
   cycles: 745122657 # Simulated unhalted cycles
   cCycles: 165041 # Cycles due to contention stalls
   instrs: 1015665252 # Simulated instructions
   uops: 1243847824 # Retired micro-ops
   bbls: 97711239 # Basic blocks
   approxInstrs: 13332817 # Instrs with approx uop decoding
   mispredBranches: 480786 # Mispredicted branches
   condBranches: 61165287 # conditional branches
  westmere-2: # Core stats
   cycles: 745187645 # Simulated unhalted cycles
   cCycles: 162540 # Cycles due to contention stalls
   instrs: 1015676813 # Simulated instructions
   uops: 1243861500 # Retired micro-ops
   bbls: 97712847 # Basic blocks
   approxInstrs: 13334604 # Instrs with approx uop decoding
   mispredBranches: 486076 # Mispredicted branches
   condBranches: 61164923 # conditional branches
  westmere-3: # Core stats
   cycles: 745266090 # Simulated unhalted cycles
   cCycles: 161267 # Cycles due to contention stalls
   instrs: 1015682913 # Simulated instructions
   uops: 1243868200 # Retired micro-ops
   bbls: 97713947 # Basic blocks
   approxInstrs: 13335604 # Instrs with approx uop decoding
   mispredBranches: 490277 # Mispredicted branches
   condBranches: 61164923 # conditional branches
 l1i: # Cache stats
  l1i-0: # Filter cache stats
   fhGETS: 108748643 # Filtered GETS hits
   fhGETX: 0 # Filtered GETX hits
   hGETS: 31258901 # GETS hits
   hGETX: 0 # GETX hits
   mGETS: 195 # GETS misses
   mGETXIM: 0 # GETX I->M misses
   mGETXSM: 0 # GETX S->M misses (upgrade misses)
   PUTS: 0 # Clean evictions (from lower level)
   PUTX: 0 # Dirty evictions (from lower level)
   INV: 6 # Invalidates (from upper level)
   INVX: 0 # Downgrades (from upper level)
   FWD: 0 # Forwards (from upper level)
   latGETnl: 15900 # GET request latency on next level
   latGETnet: 0 # GET request latency on network to next level
  l1i-1: # Filter cache stats
   fhGETS: 108754594 # Filtered GETS hits
   fhGETX: 0 # Filtered GETX hits
   hGETS: 31232144 # GETS hits
   hGETX: 0 # GETX hits
   mGETS: 204 # GETS misses
   mGETXIM: 0 # GETX I->M misses
   mGETXSM: 0 # GETX S->M misses (upgrade misses)
   PUTS: 0 # Clean evictions (from lower level)
   PUTX: 0 # Dirty evictions (from lower level)
   INV: 0 # Invalidates (from upper level)
   INVX: 0 # Downgrades (from upper level)
   FWD: 0 # Forwards (from upper level)
   latGETnl: 20382 # GET request latency on next level
   latGETnet: 0 # GET request latency on network to next level
  l1i-2: # Filter cache stats
   fhGETS: 108758858 # Filtered GETS hits
   fhGETX: 0 # Filtered GETX hits
   hGETS: 31256344 # GETS hits
   hGETX: 0 # GETX hits
   mGETS: 88 # GETS misses
   mGETXIM: 0 # GETX I->M misses
   mGETXSM: 0 # GETX S->M misses (upgrade misses)
   PUTS: 0 # Clean evictions (from lower level)
   PUTX: 0 # Dirty evictions (from lower level)
   INV: 0 # Invalidates (from upper level)
   INVX: 0 # Downgrades (from upper level)
   FWD: 0 # Forwards (from upper level)
   latGETnl: 2734 # GET request latency on next level
   latGETnet: 0 # GET request latency on network to next level
  l1i-3: # Filter cache stats
   fhGETS: 108769596 # Filtered GETS hits
   fhGETX: 0 # Filtered GETX hits
   hGETS: 31267709 # GETS hits
   hGETX: 0 # GETX hits
   mGETS: 86 # GETS misses
   mGETXIM: 0 # GETX I->M misses
   mGETXSM: 0 # GETX S->M misses (upgrade misses)
   PUTS: 0 # Clean evictions (from lower level)
   PUTX: 0 # Dirty evictions (from lower level)
   INV: 0 # Invalidates (from upper level)
   INVX: 0 # Downgrades (from upper level)
   FWD: 0 # Forwards (from upper level)
   latGETnl: 2678 # GET request latency on next level
   latGETnet: 0 # GET request latency on network to next level
 l1d: # Cache stats
  l1d-0: # Filter cache stats
   fhGETS: 192905325 # Filtered GETS hits
   fhGETX: 78314376 # Filtered GETX hits
   hGETS: 19425234 # GETS hits
   hGETX: 3985246 # GETX hits
   mGETS: 906712 # GETS misses
   mGETXIM: 102590 # GETX I->M misses
   mGETXSM: 6 # GETX S->M misses (upgrade misses)
   PUTS: 0 # Clean evictions (from lower level)
   PUTX: 0 # Dirty evictions (from lower level)
   INV: 121 # Invalidates (from upper level)
   INVX: 62 # Downgrades (from upper level)
   FWD: 0 # Forwards (from upper level)
   latGETnl: 23089398 # GET request latency on next level
   latGETnet: 0 # GET request latency on network to next level
  l1d-1: # Filter cache stats
   fhGETS: 192898524 # Filtered GETS hits
   fhGETX: 78306225 # Filtered GETX hits
   hGETS: 19427016 # GETS hits
   hGETX: 3992745 # GETX hits
   mGETS: 912035 # GETS misses
   mGETXIM: 102528 # GETX I->M misses
   mGETXSM: 5 # GETX S->M misses (upgrade misses)
   PUTS: 0 # Clean evictions (from lower level)
   PUTX: 0 # Dirty evictions (from lower level)
   INV: 107 # Invalidates (from upper level)
   INVX: 97 # Downgrades (from upper level)
   FWD: 0 # Forwards (from upper level)
   latGETnl: 23128594 # GET request latency on next level
   latGETnet: 0 # GET request latency on network to next level
  l1d-2: # Filter cache stats
   fhGETS: 192929415 # Filtered GETS hits
   fhGETX: 78316232 # Filtered GETX hits
   hGETS: 19400969 # GETS hits
   hGETX: 3983098 # GETX hits
   mGETS: 909477 # GETS misses
   mGETXIM: 102516 # GETX I->M misses
   mGETXSM: 2 # GETX S->M misses (upgrade misses)
   PUTS: 0 # Clean evictions (from lower level)
   PUTX: 0 # Dirty evictions (from lower level)
   INV: 107 # Invalidates (from upper level)
   INVX: 64 # Downgrades (from upper level)
   FWD: 0 # Forwards (from upper level)
   latGETnl: 23100488 # GET request latency on next level
   latGETnet: 0 # GET request latency on network to next level
  l1d-3: # Filter cache stats
   fhGETS: 192951313 # Filtered GETS hits
   fhGETX: 78312932 # Filtered GETX hits
   hGETS: 19343396 # GETS hits
   hGETX: 3986085 # GETX hits
   mGETS: 946152 # GETS misses
   mGETXIM: 102529 # GETX I->M misses
   mGETXSM: 2 # GETX S->M misses (upgrade misses)
   PUTS: 0 # Clean evictions (from lower level)
   PUTX: 0 # Dirty evictions (from lower level)
   INV: 32 # Invalidates (from upper level)
   INVX: 34 # Downgrades (from upper level)
   FWD: 0 # Forwards (from upper level)
   latGETnl: 23392358 # GET request latency on next level
   latGETnet: 0 # GET request latency on network to next level
 l2: # Cache stats
  l2-0: # Cache stats
   hGETS: 291549 # GETS hits
   hGETX: 0 # GETX hits
   mGETS: 615358 # GETS misses
   mGETXIM: 102590 # GETX I->M misses
   mGETXSM: 6 # GETX S->M misses (upgrade misses)
   PUTS: 906260 # Clean evictions (from lower level)
   PUTX: 102412 # Dirty evictions (from lower level)
   INV: 127 # Invalidates (from upper level)
   INVX: 62 # Downgrades (from upper level)
   FWD: 0 # Forwards (from upper level)
   latGETnl: 15029274 # GET request latency on next level
   latGETnet: 0 # GET request latency on network to next level
  l2-1: # Cache stats
   hGETS: 296847 # GETS hits
   hGETX: 0 # GETX hits
   mGETS: 615392 # GETS misses
   mGETXIM: 102528 # GETX I->M misses
   mGETXSM: 5 # GETX S->M misses (upgrade misses)
   PUTS: 911595 # Clean evictions (from lower level)
   PUTX: 102349 # Dirty evictions (from lower level)
   INV: 107 # Invalidates (from upper level)
   INVX: 97 # Downgrades (from upper level)
   FWD: 0 # Forwards (from upper level)
   latGETnl: 15030800 # GET request latency on next level
   latGETnet: 0 # GET request latency on network to next level
  l2-2: # Cache stats
   hGETS: 294438 # GETS hits
   hGETX: 0 # GETX hits
   mGETS: 615127 # GETS misses
   mGETXIM: 102516 # GETX I->M misses
   mGETXSM: 2 # GETX S->M misses (upgrade misses)
   PUTS: 909029 # Clean evictions (from lower level)
   PUTX: 102347 # Dirty evictions (from lower level)
   INV: 107 # Invalidates (from upper level)
   INVX: 64 # Downgrades (from upper level)
   FWD: 0 # Forwards (from upper level)
   latGETnl: 15006558 # GET request latency on next level
   latGETnet: 0 # GET request latency on network to next level
  l2-3: # Cache stats
   hGETS: 331112 # GETS hits
   hGETX: 0 # GETX hits
   mGETS: 615126 # GETS misses
   mGETXIM: 102529 # GETX I->M misses
   mGETXSM: 2 # GETX S->M misses (upgrade misses)
   PUTS: 945704 # Clean evictions (from lower level)
   PUTX: 102435 # Dirty evictions (from lower level)
   INV: 32 # Invalidates (from upper level)
   INVX: 34 # Downgrades (from upper level)
   FWD: 0 # Forwards (from upper level)
   latGETnl: 15004884 # GET request latency on next level
   latGETnet: 0 # GET request latency on network to next level
 l3: # Cache stats
  l3-0b0: # Cache stats
   hGETS: 609312 # GETS hits
   hGETX: 101388 # GETX hits
   mGETS: 6287 # GETS misses
   mGETXIM: 1051 # GETX I->M misses
   mGETXSM: 0 # GETX S->M misses (upgrade misses)
   PUTS: 612152 # Clean evictions (from lower level)
   PUTX: 101788 # Dirty evictions (from lower level)
   INV: 0 # Invalidates (from upper level)
   INVX: 0 # Downgrades (from upper level)
   FWD: 0 # Forwards (from upper level)
   latGETnl: 660420 # GET request latency on next level
   latGETnet: 0 # GET request latency on network to next level
  l3-0b1: # Cache stats
   hGETS: 608919 # GETS hits
   hGETX: 101381 # GETX hits
   mGETS: 6288 # GETS misses
   mGETXIM: 1046 # GETX I->M misses
   mGETXSM: 0 # GETX S->M misses (upgrade misses)
   PUTS: 611743 # Clean evictions (from lower level)
   PUTX: 101777 # Dirty evictions (from lower level)
   INV: 0 # Invalidates (from upper level)
   INVX: 0 # Downgrades (from upper level)
   FWD: 0 # Forwards (from upper level)
   latGETnl: 660060 # GET request latency on next level
   latGETnet: 0 # GET request latency on network to next level
  l3-0b2: # Cache stats
   hGETS: 608723 # GETS hits
   hGETX: 101386 # GETX hits
   mGETS: 6283 # GETS misses
   mGETXIM: 1046 # GETX I->M misses
   mGETXSM: 0 # GETX S->M misses (upgrade misses)
   PUTS: 611552 # Clean evictions (from lower level)
   PUTX: 101760 # Dirty evictions (from lower level)
   INV: 0 # Invalidates (from upper level)
   INVX: 0 # Downgrades (from upper level)
   FWD: 0 # Forwards (from upper level)
   latGETnl: 659610 # GET request latency on next level
   latGETnet: 0 # GET request latency on network to next level
  l3-0b3: # Cache stats
   hGETS: 608906 # GETS hits
   hGETX: 101828 # GETX hits
   mGETS: 6285 # GETS misses
   mGETXIM: 1052 # GETX I->M misses
   mGETXSM: 0 # GETX S->M misses (upgrade misses)
   PUTS: 611762 # Clean evictions (from lower level)
   PUTX: 101889 # Dirty evictions (from lower level)
   INV: 0 # Invalidates (from upper level)
   INVX: 0 # Downgrades (from upper level)
   FWD: 0 # Forwards (from upper level)
   latGETnl: 660330 # GET request latency on next level
   latGETnet: 0 # GET request latency on network to next level
 mem: # Memory controller stats
  mem-0: # Memory controller stats
   rd: 7343 # Read requests
   wr: 0 # Write requests
   rdlat: 1190932 # Total latency experienced by read requests
   wrlat: 0 # Total latency experienced by write requests
   rdhits: 3076 # Read row hits
   wrhits: 0 # Write row hits
   mlh: # latency histogram for memory requests
    0: 0
    1: 0
    2: 0
    3: 0
    4: 0
    5: 0
    6: 0
    7: 0
    8: 0
    9: 0
    10: 0
    11: 2
    12: 1
    13: 2163
    14: 1023
    15: 899
    16: 116
    17: 1009
    18: 1011
    19: 848
    20: 171
    21: 3
    22: 6
    23: 3
    24: 1
    25: 1
    26: 3
    27: 1
    28: 2
    29: 3
    30: 5
    31: 2
    32: 4
    33: 5
    34: 2
    35: 1
    36: 4
    37: 6
    38: 3
    39: 5
    40: 6
    41: 4
    42: 6
    43: 7
    44: 3
    45: 3
    46: 4
    47: 1
    48: 3
    49: 1
    50: 1
    51: 0
    52: 1
    53: 0
    54: 0
    55: 0
    56: 0
    57: 0
    58: 0
    59: 0
    60: 0
    61: 0
    62: 0
    63: 0
    64: 0
    65: 0
    66: 0
    67: 0
    68: 0
    69: 0
    70: 0
    71: 0
    72: 0
    73: 0
    74: 0
    75: 0
    76: 0
    77: 0
    78: 0
    79: 0
    80: 0
    81: 0
    82: 0
    83: 0
    84: 0
    85: 0
    86: 0
    87: 0
    88: 0
    89: 0
    90: 0
    91: 0
    92: 0
    93: 0
    94: 0
    95: 0
    96: 0
    97: 0
    98: 0
    99: 0
  mem-1: # Memory controller stats
   rd: 7325 # Read requests
   wr: 0 # Write requests
   rdlat: 1189090 # Total latency experienced by read requests
   wrlat: 0 # Total latency experienced by write requests
   rdhits: 3070 # Read row hits
   wrhits: 0 # Write row hits
   mlh: # latency histogram for memory requests
    0: 0
    1: 0
    2: 0
    3: 0
    4: 0
    5: 0
    6: 0
    7: 0
    8: 0
    9: 0
    10: 0
    11: 0
    12: 2
    13: 2154
    14: 1014
    15: 871
    16: 138
    17: 1005
    18: 1010
    19: 824
    20: 190
    21: 6
    22: 9
    23: 5
    24: 8
    25: 6
    26: 5
    27: 2
    28: 5
    29: 5
    30: 2
    31: 4
    32: 3
    33: 5
    34: 3
    35: 2
    36: 1
    37: 4
    38: 3
    39: 4
    40: 5
    41: 2
    42: 3
    43: 2
    44: 4
    45: 2
    46: 2
    47: 0
    48: 4
    49: 5
    50: 2
    51: 2
    52: 2
    53: 0
    54: 0
    55: 0
    56: 0
    57: 0
    58: 0
    59: 0
    60: 0
    61: 0
    62: 0
    63: 0
    64: 0
    65: 0
    66: 0
    67: 0
    68: 0
    69: 0
    70: 0
    71: 0
    72: 0
    73: 0
    74: 0
    75: 0
    76: 0
    77: 0
    78: 0
    79: 0
    80: 0
    81: 0
    82: 0
    83: 0
    84: 0
    85: 0
    86: 0
    87: 0
    88: 0
    89: 0
    90: 0
    91: 0
    92: 0
    93: 0
    94: 0
    95: 0
    96: 0
    97: 0
    98: 0
    99: 0
  mem-2: # Memory controller stats
   rd: 7322 # Read requests
   wr: 0 # Write requests
   rdlat: 1192111 # Total latency experienced by read requests
   wrlat: 0 # Total latency experienced by write requests
   rdhits: 3065 # Read row hits
   wrhits: 0 # Write row hits
   mlh: # latency histogram for memory requests
    0: 0
    1: 0
    2: 0
    3: 0
    4: 0
    5: 0
    6: 0
    7: 0
    8: 0
    9: 0
    10: 0
    11: 0
    12: 0
    13: 2152
    14: 1018
    15: 894
    16: 127
    17: 1004
    18: 1003
    19: 834
    20: 176
    21: 4
    22: 3
    23: 1
    24: 3
    25: 2
    26: 1
    27: 1
    28: 1
    29: 2
    30: 4
    31: 2
    32: 6
    33: 4
    34: 7
    35: 3
    36: 4
    37: 7
    38: 8
    39: 6
    40: 5
    41: 7
    42: 2
    43: 5
    44: 4
    45: 3
    46: 0
    47: 1
    48: 4
    49: 5
    50: 3
    51: 3
    52: 2
    53: 1
    54: 0
    55: 0
    56: 0
    57: 0
    58: 0
    59: 0
    60: 0
    61: 0
    62: 0
    63: 0
    64: 0
    65: 0
    66: 0
    67: 0
    68: 0
    69: 0
    70: 0
    71: 0
    72: 0
    73: 0
    74: 0
    75: 0
    76: 0
    77: 0
    78: 0
    79: 0
    80: 0
    81: 0
    82: 0
    83: 0
    84: 0
    85: 0
    86: 0
    87: 0
    88: 0
    89: 0
    90: 0
    91: 0
    92: 0
    93: 0
    94: 0
    95: 0
    96: 0
    97: 0
    98: 0
    99: 0
  mem-3: # Memory controller stats
   rd: 7326 # Read requests
   wr: 1 # Write requests
   rdlat: 1188663 # Total latency experienced by read requests
   wrlat: 132 # Total latency experienced by write requests
   rdhits: 3073 # Read row hits
   wrhits: 0 # Write row hits
   mlh: # latency histogram for memory requests
    0: 0
    1: 0
    2: 0
    3: 0
    4: 0
    5: 0
    6: 0
    7: 0
    8: 0
    9: 0
    10: 0
    11: 0
    12: 2
    13: 2161
    14: 1014
    15: 880
    16: 138
    17: 1009
    18: 1009
    19: 822
    20: 187
    21: 2
    22: 2
    23: 0
    24: 0
    25: 4
    26: 2
    27: 4
    28: 2
    29: 4
    30: 5
    31: 8
    32: 8
    33: 5
    34: 6
    35: 4
    36: 6
    37: 4
    38: 5
    39: 2
    40: 4
    41: 2
    42: 5
    43: 3
    44: 4
    45: 1
    46: 1
    47: 2
    48: 4
    49: 2
    50: 2
    51: 1
    52: 0
    53: 0
    54: 0
    55: 0
    56: 0
    57: 0
    58: 0
    59: 0
    60: 0
    61: 0
    62: 0
    63: 0
    64: 0
    65: 0
    66: 0
    67: 0
    68: 0
    69: 0
    70: 0
    71: 0
    72: 0
    73: 0
    74: 0
    75: 0
    76: 0
    77: 0
    78: 0
    79: 0
    80: 0
    81: 0
    82: 0
    83: 0
    84: 0
    85: 0
    86: 0
    87: 0
    88: 0
    89: 0
    90: 0
    91: 0
    92: 0
    93: 0
    94: 0
    95: 0
    96: 0
    97: 0
    98: 0
    99: 0
 sched: # Scheduler stats
  thCr: 5 # Threads created
  thFn: 5 # Threads finished
  schedEvs: 6 # Schedule events
  waitEvs: 1 # Wait events
  handoffEvs: 0 # Handoff events
  sleepEvs: 0 # Sleep events
  idlePhases: 0 # Phases with no thread active
  idlePeriods: 0 # Periods with no thread active
  occHist: # Occupancy histogram
   0: 0
   1: 1
   2: 9
   3: 4
   4: 74514
  rqSzHist: # Run queue size histogram
   0: 74528
   1: 0
   2: 0
   3: 0
   4: 0
   5: 0
   6: 0
   7: 0
   8: 0
   9: 0
   10: 0
   11: 0
   12: 0
   13: 0
   14: 0
   15: 0
   16: 0
 procCycles: # Per-process unhalted core cycles
  0: 2980741735
  1: 0
  2: 0
  3: 0
  4: 0
  5: 0
  6: 0
  7: 0
  8: 0
  9: 0
  10: 0
  11: 0
  12: 0
  13: 0
  14: 0
  15: 0
  16: 0
  17: 0
  18: 0
  19: 0
  20: 0
  21: 0
  22: 0
  23: 0
  24: 0
  25: 0
  26: 0
  27: 0
  28: 0
  29: 0
  30: 0
  31: 0
  32: 0
  33: 0
  34: 0
  35: 0
  36: 0
  37: 0
  38: 0
  39: 0
  40: 0
  41: 0
  42: 0
  43: 0
  44: 0
  45: 0
  46: 0
  47: 0
  48: 0
  49: 0
  50: 0
  51: 0
  52: 0
  53: 0
  54: 0
  55: 0
  56: 0
  57: 0
  58: 0
  59: 0
  60: 0
  61: 0
  62: 0
  63: 0
 procInstrs: # Per-process instructions
  0: 4062690954
  1: 0
  2: 0
  3: 0
  4: 0
  5: 0
  6: 0
  7: 0
  8: 0
  9: 0
  10: 0
  11: 0
  12: 0
  13: 0
  14: 0
  15: 0
  16: 0
  17: 0
  18: 0
  19: 0
  20: 0
  21: 0
  22: 0
  23: 0
  24: 0
  25: 0
  26: 0
  27: 0
  28: 0
  29: 0
  30: 0
  31: 0
  32: 0
  33: 0
  34: 0
  35: 0
  36: 0
  37: 0
  38: 0
  39: 0
  40: 0
  41: 0
  42: 0
  43: 0
  44: 0
  45: 0
  46: 0
  47: 0
  48: 0
  49: 0
  50: 0
  51: 0
  52: 0
  53: 0
  54: 0
  55: 0
  56: 0
  57: 0
  58: 0
  59: 0
  60: 0
  61: 0
  62: 0
  63: 0
 heartbeats: # Per-process heartbeats
  0: 0
  1: 0
  2: 0
  3: 0
  4: 0
  5: 0
  6: 0
  7: 0
  8: 0
  9: 0
  10: 0
  11: 0
  12: 0
  13: 0
  14: 0
  15: 0
  16: 0
  17: 0
  18: 0
  19: 0
  20: 0
  21: 0
  22: 0
  23: 0
  24: 0
  25: 0
  26: 0
  27: 0
  28: 0
  29: 0
  30: 0
  31: 0
  32: 0
  33: 0
  34: 0
  35: 0
  36: 0
  37: 0
  38: 0
  39: 0
  40: 0
  41: 0
  42: 0
  43: 0
  44: 0
  45: 0
  46: 0
  47: 0
  48: 0
  49: 0
  50: 0
  51: 0
  52: 0
  53: 0
  54: 0
  55: 0
  56: 0
  57: 0
  58: 0
  59: 0
  60: 0
  61: 0
  62: 0
  63: 0
===
