# zsim stats
===
root: # Stats
 contention: # Contention simulation stats
  domain-0: # Domain stats
   time: 376321572 # Weave simulation time
 time: # Simulator time breakdown
  init: 1732982354
  bound: 63176985957
  weave: 2355091108
  ff: 0
 trigger: 20000 # Reason for this stats dump
 phase: 54122 # Simulated phases
 westmere: # Core stats
  westmere-0: # Core stats
   cycles: 541220013 # Simulated unhalted cycles
   cCycles: 4273213 # Cycles due to contention stalls
   instrs: 1000007462 # Simulated instructions
   uops: 1425257872 # Retired micro-ops
   bbls: 48442868 # Basic blocks
   approxInstrs: 31622 # Instrs with approx uop decoding
   mispredBranches: 255414 # Mispredicted branches
   condBranches: 47610754 # conditional branches
 l1i: # Cache stats
  l1i-0: # Filter cache stats
   fhGETS: 94810659 # Filtered GETS hits
   fhGETX: 0 # Filtered GETX hits
   hGETS: 298067 # GETS hits
   hGETX: 0 # GETX hits
   mGETS: 25889 # GETS misses
   mGETXIM: 0 # GETX I->M misses
   mGETXSM: 0 # GETX S->M misses (upgrade misses)
   PUTS: 0 # Clean evictions (from lower level)
   PUTX: 0 # Dirty evictions (from lower level)
   INV: 3662 # Invalidates (from upper level)
   INVX: 0 # Downgrades (from upper level)
   FWD: 0 # Forwards (from upper level)
   latGETnl: 939162 # GET request latency on next level
   latGETnet: 0 # GET request latency on network to next level
 l1d: # Cache stats
  l1d-0: # Filter cache stats
   fhGETS: 272583610 # Filtered GETS hits
   fhGETX: 90819038 # Filtered GETX hits
   hGETS: 155246043 # GETS hits
   hGETX: 59264210 # GETX hits
   mGETS: 2426408 # GETS misses
   mGETXIM: 2907530 # GETX I->M misses
   mGETXSM: 0 # GETX S->M misses (upgrade misses)
   PUTS: 0 # Clean evictions (from lower level)
   PUTX: 0 # Dirty evictions (from lower level)
   INV: 10146 # Invalidates (from upper level)
   INVX: 0 # Downgrades (from upper level)
   FWD: 0 # Forwards (from upper level)
   latGETnl: 122620764 # GET request latency on next level
   latGETnet: 0 # GET request latency on network to next level
 l2: # Cache stats
  l2-0: # Cache stats
   hGETS: 2115698 # GETS hits
   hGETX: 12526 # GETX hits
   mGETS: 336599 # GETS misses
   mGETXIM: 2895004 # GETX I->M misses
   mGETXSM: 0 # GETX S->M misses (upgrade misses)
   PUTS: 2434139 # Clean evictions (from lower level)
   PUTX: 2910925 # Dirty evictions (from lower level)
   INV: 20681 # Invalidates (from upper level)
   INVX: 0 # Downgrades (from upper level)
   FWD: 0 # Forwards (from upper level)
   latGETnl: 80681310 # GET request latency on next level
   latGETnet: 0 # GET request latency on network to next level
 l3: # Cache stats
  l3-0: # Cache stats
   hGETS: 317879 # GETS hits
   hGETX: 2735399 # GETX hits
   mGETS: 18720 # GETS misses
   mGETXIM: 159605 # GETX I->M misses
   mGETXSM: 0 # GETX S->M misses (upgrade misses)
   PUTS: 315931 # Clean evictions (from lower level)
   PUTX: 2890895 # Dirty evictions (from lower level)
   INV: 0 # Invalidates (from upper level)
   INVX: 0 # Downgrades (from upper level)
   FWD: 0 # Forwards (from upper level)
   latGETnl: 16049250 # GET request latency on next level
   latGETnet: 0 # GET request latency on network to next level
 mem: # Memory controller stats
  mem-0: # Memory controller stats
   rd: 44657 # Read requests
   wr: 33205 # Write requests
   rdlat: 6150628 # Total latency experienced by read requests
   wrlat: 4733453 # Total latency experienced by write requests
   rdhits: 3 # Read row hits
   wrhits: 978 # Write row hits
   mlh: # latency histogram for memory requests
    0: 0
    1: 0
    2: 0
    3: 0
    4: 0
    5: 0
    6: 0
    7: 0
    8: 0
    9: 0
    10: 0
    11: 0
    12: 1
    13: 34191
    14: 9562
    15: 143
    16: 54
    17: 21
    18: 13
    19: 12
    20: 21
    21: 23
    22: 43
    23: 28
    24: 18
    25: 21
    26: 26
    27: 16
    28: 23
    29: 34
    30: 33
    31: 20
    32: 37
    33: 45
    34: 39
    35: 23
    36: 16
    37: 27
    38: 24
    39: 19
    40: 21
    41: 15
    42: 27
    43: 17
    44: 1
    45: 0
    46: 1
    47: 38
    48: 4
    49: 0
    50: 0
    51: 0
    52: 0
    53: 0
    54: 0
    55: 0
    56: 0
    57: 0
    58: 0
    59: 0
    60: 0
    61: 0
    62: 0
    63: 0
    64: 0
    65: 0
    66: 0
    67: 0
    68: 0
    69: 0
    70: 0
    71: 0
    72: 0
    73: 0
    74: 0
    75: 0
    76: 0
    77: 0
    78: 0
    79: 0
    80: 0
    81: 0
    82: 0
    83: 0
    84: 0
    85: 0
    86: 0
    87: 0
    88: 0
    89: 0
    90: 0
    91: 0
    92: 0
    93: 0
    94: 0
    95: 0
    96: 0
    97: 0
    98: 0
    99: 0
  mem-1: # Memory controller stats
   rd: 44812 # Read requests
   wr: 33334 # Write requests
   rdlat: 6155523 # Total latency experienced by read requests
   wrlat: 4747646 # Total latency experienced by write requests
   rdhits: 5 # Read row hits
   wrhits: 1020 # Write row hits
   mlh: # latency histogram for memory requests
    0: 0
    1: 0
    2: 0
    3: 0
    4: 0
    5: 0
    6: 0
    7: 0
    8: 0
    9: 0
    10: 0
    11: 1
    12: 3
    13: 34358
    14: 9592
    15: 132
    16: 72
    17: 26
    18: 15
    19: 26
    20: 32
    21: 22
    22: 34
    23: 22
    24: 10
    25: 23
    26: 21
    27: 15
    28: 21
    29: 19
    30: 25
    31: 22
    32: 26
    33: 39
    34: 18
    35: 33
    36: 39
    37: 37
    38: 31
    39: 15
    40: 18
    41: 20
    42: 14
    43: 6
    44: 1
    45: 0
    46: 0
    47: 23
    48: 1
    49: 0
    50: 0
    51: 0
    52: 0
    53: 0
    54: 0
    55: 0
    56: 0
    57: 0
    58: 0
    59: 0
    60: 0
    61: 0
    62: 0
    63: 0
    64: 0
    65: 0
    66: 0
    67: 0
    68: 0
    69: 0
    70: 0
    71: 0
    72: 0
    73: 0
    74: 0
    75: 0
    76: 0
    77: 0
    78: 0
    79: 0
    80: 0
    81: 0
    82: 0
    83: 0
    84: 0
    85: 0
    86: 0
    87: 0
    88: 0
    89: 0
    90: 0
    91: 0
    92: 0
    93: 0
    94: 0
    95: 0
    96: 0
    97: 0
    98: 0
    99: 0
  mem-2: # Memory controller stats
   rd: 44568 # Read requests
   wr: 33016 # Write requests
   rdlat: 6129022 # Total latency experienced by read requests
   wrlat: 4702401 # Total latency experienced by write requests
   rdhits: 4 # Read row hits
   wrhits: 956 # Write row hits
   mlh: # latency histogram for memory requests
    0: 0
    1: 0
    2: 0
    3: 0
    4: 0
    5: 0
    6: 0
    7: 0
    8: 0
    9: 0
    10: 0
    11: 1
    12: 2
    13: 34103
    14: 9598
    15: 130
    16: 63
    17: 26
    18: 18
    19: 22
    20: 24
    21: 29
    22: 32
    23: 21
    24: 27
    25: 18
    26: 10
    27: 14
    28: 29
    29: 17
    30: 25
    31: 23
    32: 23
    33: 48
    34: 28
    35: 24
    36: 27
    37: 29
    38: 27
    39: 14
    40: 15
    41: 23
    42: 33
    43: 11
    44: 1
    45: 0
    46: 0
    47: 30
    48: 3
    49: 0
    50: 0
    51: 0
    52: 0
    53: 0
    54: 0
    55: 0
    56: 0
    57: 0
    58: 0
    59: 0
    60: 0
    61: 0
    62: 0
    63: 0
    64: 0
    65: 0
    66: 0
    67: 0
    68: 0
    69: 0
    70: 0
    71: 0
    72: 0
    73: 0
    74: 0
    75: 0
    76: 0
    77: 0
    78: 0
    79: 0
    80: 0
    81: 0
    82: 0
    83: 0
    84: 0
    85: 0
    86: 0
    87: 0
    88: 0
    89: 0
    90: 0
    91: 0
    92: 0
    93: 0
    94: 0
    95: 0
    96: 0
    97: 0
    98: 0
    99: 0
  mem-3: # Memory controller stats
   rd: 44288 # Read requests
   wr: 32859 # Write requests
   rdlat: 6098373 # Total latency experienced by read requests
   wrlat: 4689976 # Total latency experienced by write requests
   rdhits: 15 # Read row hits
   wrhits: 954 # Write row hits
   mlh: # latency histogram for memory requests
    0: 0
    1: 0
    2: 0
    3: 0
    4: 0
    5: 0
    6: 0
    7: 0
    8: 0
    9: 0
    10: 0
    11: 3
    12: 3
    13: 33759
    14: 9605
    15: 140
    16: 60
    17: 26
    18: 21
    19: 12
    20: 22
    21: 37
    22: 43
    23: 21
    24: 22
    25: 23
    26: 25
    27: 25
    28: 26
    29: 33
    30: 19
    31: 23
    32: 34
    33: 47
    34: 15
    35: 27
    36: 22
    37: 26
    38: 38
    39: 13
    40: 33
    41: 27
    42: 18
    43: 12
    44: 2
    45: 0
    46: 0
    47: 25
    48: 1
    49: 0
    50: 0
    51: 0
    52: 0
    53: 0
    54: 0
    55: 0
    56: 0
    57: 0
    58: 0
    59: 0
    60: 0
    61: 0
    62: 0
    63: 0
    64: 0
    65: 0
    66: 0
    67: 0
    68: 0
    69: 0
    70: 0
    71: 0
    72: 0
    73: 0
    74: 0
    75: 0
    76: 0
    77: 0
    78: 0
    79: 0
    80: 0
    81: 0
    82: 0
    83: 0
    84: 0
    85: 0
    86: 0
    87: 0
    88: 0
    89: 0
    90: 0
    91: 0
    92: 0
    93: 0
    94: 0
    95: 0
    96: 0
    97: 0
    98: 0
    99: 0
 sched: # Scheduler stats
  thCr: 1 # Threads created
  thFn: 1 # Threads finished
  schedEvs: 1 # Schedule events
  waitEvs: 0 # Wait events
  handoffEvs: 0 # Handoff events
  sleepEvs: 0 # Sleep events
  idlePhases: 0 # Phases with no thread active
  idlePeriods: 0 # Periods with no thread active
  occHist: # Occupancy histogram
   0: 0
   1: 54122
  rqSzHist: # Run queue size histogram
   0: 54122
   1: 0
   2: 0
   3: 0
   4: 0
   5: 0
   6: 0
   7: 0
   8: 0
   9: 0
   10: 0
   11: 0
   12: 0
   13: 0
   14: 0
   15: 0
   16: 0
 procCycles: # Per-process unhalted core cycles
  0: 541220013
  1: 0
  2: 0
  3: 0
  4: 0
  5: 0
  6: 0
  7: 0
  8: 0
  9: 0
  10: 0
  11: 0
  12: 0
  13: 0
  14: 0
  15: 0
  16: 0
  17: 0
  18: 0
  19: 0
  20: 0
  21: 0
  22: 0
  23: 0
  24: 0
  25: 0
  26: 0
  27: 0
  28: 0
  29: 0
  30: 0
  31: 0
  32: 0
  33: 0
  34: 0
  35: 0
  36: 0
  37: 0
  38: 0
  39: 0
  40: 0
  41: 0
  42: 0
  43: 0
  44: 0
  45: 0
  46: 0
  47: 0
  48: 0
  49: 0
  50: 0
  51: 0
  52: 0
  53: 0
  54: 0
  55: 0
  56: 0
  57: 0
  58: 0
  59: 0
  60: 0
  61: 0
  62: 0
  63: 0
 procInstrs: # Per-process instructions
  0: 1000007462
  1: 0
  2: 0
  3: 0
  4: 0
  5: 0
  6: 0
  7: 0
  8: 0
  9: 0
  10: 0
  11: 0
  12: 0
  13: 0
  14: 0
  15: 0
  16: 0
  17: 0
  18: 0
  19: 0
  20: 0
  21: 0
  22: 0
  23: 0
  24: 0
  25: 0
  26: 0
  27: 0
  28: 0
  29: 0
  30: 0
  31: 0
  32: 0
  33: 0
  34: 0
  35: 0
  36: 0
  37: 0
  38: 0
  39: 0
  40: 0
  41: 0
  42: 0
  43: 0
  44: 0
  45: 0
  46: 0
  47: 0
  48: 0
  49: 0
  50: 0
  51: 0
  52: 0
  53: 0
  54: 0
  55: 0
  56: 0
  57: 0
  58: 0
  59: 0
  60: 0
  61: 0
  62: 0
  63: 0
 heartbeats: # Per-process heartbeats
  0: 0
  1: 0
  2: 0
  3: 0
  4: 0
  5: 0
  6: 0
  7: 0
  8: 0
  9: 0
  10: 0
  11: 0
  12: 0
  13: 0
  14: 0
  15: 0
  16: 0
  17: 0
  18: 0
  19: 0
  20: 0
  21: 0
  22: 0
  23: 0
  24: 0
  25: 0
  26: 0
  27: 0
  28: 0
  29: 0
  30: 0
  31: 0
  32: 0
  33: 0
  34: 0
  35: 0
  36: 0
  37: 0
  38: 0
  39: 0
  40: 0
  41: 0
  42: 0
  43: 0
  44: 0
  45: 0
  46: 0
  47: 0
  48: 0
  49: 0
  50: 0
  51: 0
  52: 0
  53: 0
  54: 0
  55: 0
  56: 0
  57: 0
  58: 0
  59: 0
  60: 0
  61: 0
  62: 0
  63: 0
===
