# zsim stats
===
root: # Stats
 contention: # Contention simulation stats
  domain-0: # Domain stats
   time: 601825129 # Weave simulation time
 time: # Simulator time breakdown
  init: 2293063930
  bound: 52452458356
  weave: 2668738607
  ff: 0
 trigger: 20000 # Reason for this stats dump
 phase: 47688 # Simulated phases
 westmere: # Core stats
  westmere-0: # Core stats
   cycles: 476880053 # Simulated unhalted cycles
   cCycles: 5156055 # Cycles due to contention stalls
   instrs: 1000010790 # Simulated instructions
   uops: 1041249230 # Retired micro-ops
   bbls: 233100880 # Basic blocks
   approxInstrs: 1839075 # Instrs with approx uop decoding
   mispredBranches: 2962800 # Mispredicted branches
   condBranches: 213317923 # conditional branches
 l1i: # Cache stats
  l1i-0: # Filter cache stats
   fhGETS: 238853824 # Filtered GETS hits
   fhGETX: 0 # Filtered GETX hits
   hGETS: 12111675 # GETS hits
   hGETX: 0 # GETX hits
   mGETS: 477315 # GETS misses
   mGETXIM: 0 # GETX I->M misses
   mGETXSM: 0 # GETX S->M misses (upgrade misses)
   PUTS: 0 # Clean evictions (from lower level)
   PUTX: 0 # Dirty evictions (from lower level)
   INV: 1119 # Invalidates (from upper level)
   INVX: 0 # Downgrades (from upper level)
   FWD: 0 # Forwards (from upper level)
   latGETnl: 4165220 # GET request latency on next level
   latGETnet: 0 # GET request latency on network to next level
 l1d: # Cache stats
  l1d-0: # Filter cache stats
   fhGETS: 87775907 # Filtered GETS hits
   fhGETX: 46582392 # Filtered GETX hits
   hGETS: 142791154 # GETS hits
   hGETX: 6784027 # GETX hits
   mGETS: 2632784 # GETS misses
   mGETXIM: 188918 # GETX I->M misses
   mGETXSM: 0 # GETX S->M misses (upgrade misses)
   PUTS: 0 # Clean evictions (from lower level)
   PUTX: 0 # Dirty evictions (from lower level)
   INV: 1327 # Invalidates (from upper level)
   INVX: 0 # Downgrades (from upper level)
   FWD: 0 # Forwards (from upper level)
   latGETnl: 51143346 # GET request latency on next level
   latGETnet: 0 # GET request latency on network to next level
 l2: # Cache stats
  l2-0: # Cache stats
   hGETS: 2775449 # GETS hits
   hGETX: 13706 # GETX hits
   mGETS: 334650 # GETS misses
   mGETXIM: 175212 # GETX I->M misses
   mGETXSM: 0 # GETX S->M misses (upgrade misses)
   PUTS: 3039657 # Clean evictions (from lower level)
   PUTX: 256365 # Dirty evictions (from lower level)
   INV: 9344 # Invalidates (from upper level)
   INVX: 0 # Downgrades (from upper level)
   FWD: 0 # Forwards (from upper level)
   latGETnl: 28916430 # GET request latency on next level
   latGETnet: 0 # GET request latency on network to next level
 l3: # Cache stats
  l3-0: # Cache stats
   hGETS: 284986 # GETS hits
   hGETX: 16885 # GETX hits
   mGETS: 49664 # GETS misses
   mGETXIM: 158327 # GETX I->M misses
   mGETXSM: 0 # GETX S->M misses (upgrade misses)
   PUTS: 292308 # Clean evictions (from lower level)
   PUTX: 204120 # Dirty evictions (from lower level)
   INV: 0 # Invalidates (from upper level)
   INVX: 0 # Downgrades (from upper level)
   FWD: 0 # Forwards (from upper level)
   latGETnl: 18719190 # GET request latency on next level
   latGETnet: 0 # GET request latency on network to next level
 mem: # Memory controller stats
  mem-0: # Memory controller stats
   rd: 52062 # Read requests
   wr: 36765 # Write requests
   rdlat: 7132991 # Total latency experienced by read requests
   wrlat: 5309433 # Total latency experienced by write requests
   rdhits: 41 # Read row hits
   wrhits: 105 # Write row hits
   mlh: # latency histogram for memory requests
    0: 0
    1: 0
    2: 0
    3: 0
    4: 0
    5: 0
    6: 0
    7: 0
    8: 0
    9: 0
    10: 0
    11: 4
    12: 13
    13: 40994
    14: 9668
    15: 378
    16: 199
    17: 57
    18: 27
    19: 31
    20: 42
    21: 26
    22: 24
    23: 30
    24: 43
    25: 32
    26: 19
    27: 18
    28: 19
    29: 25
    30: 20
    31: 16
    32: 25
    33: 20
    34: 22
    35: 39
    36: 46
    37: 68
    38: 32
    39: 16
    40: 22
    41: 27
    42: 27
    43: 17
    44: 6
    45: 1
    46: 0
    47: 7
    48: 2
    49: 0
    50: 0
    51: 0
    52: 0
    53: 0
    54: 0
    55: 0
    56: 0
    57: 0
    58: 0
    59: 0
    60: 0
    61: 0
    62: 0
    63: 0
    64: 0
    65: 0
    66: 0
    67: 0
    68: 0
    69: 0
    70: 0
    71: 0
    72: 0
    73: 0
    74: 0
    75: 0
    76: 0
    77: 0
    78: 0
    79: 0
    80: 0
    81: 0
    82: 0
    83: 0
    84: 0
    85: 0
    86: 0
    87: 0
    88: 0
    89: 0
    90: 0
    91: 0
    92: 0
    93: 0
    94: 0
    95: 0
    96: 0
    97: 0
    98: 0
    99: 0
  mem-1: # Memory controller stats
   rd: 52039 # Read requests
   wr: 36769 # Write requests
   rdlat: 7136257 # Total latency experienced by read requests
   wrlat: 5320731 # Total latency experienced by write requests
   rdhits: 35 # Read row hits
   wrhits: 102 # Write row hits
   mlh: # latency histogram for memory requests
    0: 0
    1: 0
    2: 0
    3: 0
    4: 0
    5: 0
    6: 0
    7: 0
    8: 0
    9: 0
    10: 0
    11: 1
    12: 4
    13: 40815
    14: 9799
    15: 351
    16: 201
    17: 87
    18: 39
    19: 30
    20: 37
    21: 31
    22: 27
    23: 23
    24: 29
    25: 34
    26: 16
    27: 23
    28: 34
    29: 26
    30: 22
    31: 27
    32: 34
    33: 31
    34: 33
    35: 61
    36: 33
    37: 39
    38: 32
    39: 22
    40: 18
    41: 22
    42: 20
    43: 18
    44: 5
    45: 1
    46: 1
    47: 9
    48: 4
    49: 0
    50: 0
    51: 0
    52: 0
    53: 0
    54: 0
    55: 0
    56: 0
    57: 0
    58: 0
    59: 0
    60: 0
    61: 0
    62: 0
    63: 0
    64: 0
    65: 0
    66: 0
    67: 0
    68: 0
    69: 0
    70: 0
    71: 0
    72: 0
    73: 0
    74: 0
    75: 0
    76: 0
    77: 0
    78: 0
    79: 0
    80: 0
    81: 0
    82: 0
    83: 0
    84: 0
    85: 0
    86: 0
    87: 0
    88: 0
    89: 0
    90: 0
    91: 0
    92: 0
    93: 0
    94: 0
    95: 0
    96: 0
    97: 0
    98: 0
    99: 0
  mem-2: # Memory controller stats
   rd: 51937 # Read requests
   wr: 36750 # Write requests
   rdlat: 7121163 # Total latency experienced by read requests
   wrlat: 5313475 # Total latency experienced by write requests
   rdhits: 24 # Read row hits
   wrhits: 115 # Write row hits
   mlh: # latency histogram for memory requests
    0: 0
    1: 0
    2: 0
    3: 0
    4: 0
    5: 0
    6: 0
    7: 0
    8: 0
    9: 0
    10: 0
    11: 3
    12: 5
    13: 40847
    14: 9660
    15: 379
    16: 197
    17: 78
    18: 33
    19: 31
    20: 40
    21: 27
    22: 27
    23: 33
    24: 37
    25: 28
    26: 18
    27: 15
    28: 25
    29: 20
    30: 14
    31: 25
    32: 26
    33: 40
    34: 34
    35: 46
    36: 29
    37: 44
    38: 32
    39: 26
    40: 36
    41: 26
    42: 23
    43: 17
    44: 6
    45: 0
    46: 1
    47: 8
    48: 1
    49: 0
    50: 0
    51: 0
    52: 0
    53: 0
    54: 0
    55: 0
    56: 0
    57: 0
    58: 0
    59: 0
    60: 0
    61: 0
    62: 0
    63: 0
    64: 0
    65: 0
    66: 0
    67: 0
    68: 0
    69: 0
    70: 0
    71: 0
    72: 0
    73: 0
    74: 0
    75: 0
    76: 0
    77: 0
    78: 0
    79: 0
    80: 0
    81: 0
    82: 0
    83: 0
    84: 0
    85: 0
    86: 0
    87: 0
    88: 0
    89: 0
    90: 0
    91: 0
    92: 0
    93: 0
    94: 0
    95: 0
    96: 0
    97: 0
    98: 0
    99: 0
  mem-3: # Memory controller stats
   rd: 51953 # Read requests
   wr: 36711 # Write requests
   rdlat: 7116863 # Total latency experienced by read requests
   wrlat: 5317103 # Total latency experienced by write requests
   rdhits: 18 # Read row hits
   wrhits: 103 # Write row hits
   mlh: # latency histogram for memory requests
    0: 0
    1: 0
    2: 0
    3: 0
    4: 0
    5: 0
    6: 0
    7: 0
    8: 0
    9: 0
    10: 0
    11: 4
    12: 3
    13: 40862
    14: 9728
    15: 359
    16: 221
    17: 73
    18: 28
    19: 36
    20: 22
    21: 19
    22: 22
    23: 26
    24: 20
    25: 22
    26: 20
    27: 26
    28: 25
    29: 25
    30: 17
    31: 25
    32: 26
    33: 31
    34: 32
    35: 41
    36: 29
    37: 42
    38: 24
    39: 34
    40: 26
    41: 27
    42: 19
    43: 12
    44: 0
    45: 0
    46: 6
    47: 10
    48: 10
    49: 1
    50: 0
    51: 0
    52: 0
    53: 0
    54: 0
    55: 0
    56: 0
    57: 0
    58: 0
    59: 0
    60: 0
    61: 0
    62: 0
    63: 0
    64: 0
    65: 0
    66: 0
    67: 0
    68: 0
    69: 0
    70: 0
    71: 0
    72: 0
    73: 0
    74: 0
    75: 0
    76: 0
    77: 0
    78: 0
    79: 0
    80: 0
    81: 0
    82: 0
    83: 0
    84: 0
    85: 0
    86: 0
    87: 0
    88: 0
    89: 0
    90: 0
    91: 0
    92: 0
    93: 0
    94: 0
    95: 0
    96: 0
    97: 0
    98: 0
    99: 0
 sched: # Scheduler stats
  thCr: 1 # Threads created
  thFn: 1 # Threads finished
  schedEvs: 1 # Schedule events
  waitEvs: 0 # Wait events
  handoffEvs: 0 # Handoff events
  sleepEvs: 0 # Sleep events
  idlePhases: 0 # Phases with no thread active
  idlePeriods: 0 # Periods with no thread active
  occHist: # Occupancy histogram
   0: 0
   1: 47688
  rqSzHist: # Run queue size histogram
   0: 47688
   1: 0
   2: 0
   3: 0
   4: 0
   5: 0
   6: 0
   7: 0
   8: 0
   9: 0
   10: 0
   11: 0
   12: 0
   13: 0
   14: 0
   15: 0
   16: 0
 procCycles: # Per-process unhalted core cycles
  0: 476880053
  1: 0
  2: 0
  3: 0
  4: 0
  5: 0
  6: 0
  7: 0
  8: 0
  9: 0
  10: 0
  11: 0
  12: 0
  13: 0
  14: 0
  15: 0
  16: 0
  17: 0
  18: 0
  19: 0
  20: 0
  21: 0
  22: 0
  23: 0
  24: 0
  25: 0
  26: 0
  27: 0
  28: 0
  29: 0
  30: 0
  31: 0
  32: 0
  33: 0
  34: 0
  35: 0
  36: 0
  37: 0
  38: 0
  39: 0
  40: 0
  41: 0
  42: 0
  43: 0
  44: 0
  45: 0
  46: 0
  47: 0
  48: 0
  49: 0
  50: 0
  51: 0
  52: 0
  53: 0
  54: 0
  55: 0
  56: 0
  57: 0
  58: 0
  59: 0
  60: 0
  61: 0
  62: 0
  63: 0
 procInstrs: # Per-process instructions
  0: 1000010790
  1: 0
  2: 0
  3: 0
  4: 0
  5: 0
  6: 0
  7: 0
  8: 0
  9: 0
  10: 0
  11: 0
  12: 0
  13: 0
  14: 0
  15: 0
  16: 0
  17: 0
  18: 0
  19: 0
  20: 0
  21: 0
  22: 0
  23: 0
  24: 0
  25: 0
  26: 0
  27: 0
  28: 0
  29: 0
  30: 0
  31: 0
  32: 0
  33: 0
  34: 0
  35: 0
  36: 0
  37: 0
  38: 0
  39: 0
  40: 0
  41: 0
  42: 0
  43: 0
  44: 0
  45: 0
  46: 0
  47: 0
  48: 0
  49: 0
  50: 0
  51: 0
  52: 0
  53: 0
  54: 0
  55: 0
  56: 0
  57: 0
  58: 0
  59: 0
  60: 0
  61: 0
  62: 0
  63: 0
 heartbeats: # Per-process heartbeats
  0: 0
  1: 0
  2: 0
  3: 0
  4: 0
  5: 0
  6: 0
  7: 0
  8: 0
  9: 0
  10: 0
  11: 0
  12: 0
  13: 0
  14: 0
  15: 0
  16: 0
  17: 0
  18: 0
  19: 0
  20: 0
  21: 0
  22: 0
  23: 0
  24: 0
  25: 0
  26: 0
  27: 0
  28: 0
  29: 0
  30: 0
  31: 0
  32: 0
  33: 0
  34: 0
  35: 0
  36: 0
  37: 0
  38: 0
  39: 0
  40: 0
  41: 0
  42: 0
  43: 0
  44: 0
  45: 0
  46: 0
  47: 0
  48: 0
  49: 0
  50: 0
  51: 0
  52: 0
  53: 0
  54: 0
  55: 0
  56: 0
  57: 0
  58: 0
  59: 0
  60: 0
  61: 0
  62: 0
  63: 0
===
