[H] Starting zsim, built Sun Dec  3 15:23:18 CST 2023 (rev no git repo)
[H] Creating global segment, 1024 MBs
[H] Global segment shmid = 10944535
[H] Deadlock detection ON
[S 0] Started instance
[S 0] Started RR scheduler, quantum=10000 phases
[S 0] mem-0: domain 0, 4 ranks/ch 8 banks/rank, tech DDR3-1333-CL10, boundLat 90 rd / 40 wr
[S 0] mem-0: Address mapping rank:col:bank row 63:15 col 12:3 rank 14:13 bank 2:0
[S 0] mem-1: domain 0, 4 ranks/ch 8 banks/rank, tech DDR3-1333-CL10, boundLat 90 rd / 40 wr
[S 0] mem-1: Address mapping rank:col:bank row 63:15 col 12:3 rank 14:13 bank 2:0
[S 0] mem-2: domain 0, 4 ranks/ch 8 banks/rank, tech DDR3-1333-CL10, boundLat 90 rd / 40 wr
[S 0] mem-2: Address mapping rank:col:bank row 63:15 col 12:3 rank 14:13 bank 2:0
[S 0] mem-3: domain 0, 4 ranks/ch 8 banks/rank, tech DDR3-1333-CL10, boundLat 90 rd / 40 wr
[S 0] mem-3: Address mapping rank:col:bank row 63:15 col 12:3 rank 14:13 bank 2:0
[S 0] Hierarchy: [ l1i-0 l1d-0 ] -> l2-0
[S 0] Hierarchy: [ l1i-1 l1d-1 ] -> l2-1
[S 0] Hierarchy: [ l1i-2 l1d-2 ] -> l2-2
[S 0] Hierarchy: [ l1i-3 l1d-3 ] -> l2-3
[S 0] Hierarchy: [ l2-0 l2-1 l2-2 l2-3 ] -> l3-0b0..l3-0b3
[S 0] Initialized system
[S 0] HDF5 backend: Opening ./outputs/term_project/SRRIP/swaptions_8c_simlarge/zsim.h5
[S 0] HDF5 backend: Created table, 7144 bytes/record, 147 records/write
[S 0] HDF5 backend: Opening ./outputs/term_project/SRRIP/swaptions_8c_simlarge/zsim-ev.h5
[S 0] HDF5 backend: Created table, 7144 bytes/record, 19 records/write
[S 0] HDF5 backend: Opening ./outputs/term_project/SRRIP/swaptions_8c_simlarge/zsim-cmp.h5
[S 0] HDF5 backend: Created table, 3160 bytes/record, 1 records/write
[S 0] Initialization complete
[H] Attached to global heap
[S 0] Started process, PID 90880
[S 0] procMask: 0x0
[S 0] [0] Adjusting clocks, domain 0, de-ffwd 0
[S 0] vDSO info initialized
[S 0] Started contention simulation thread 0
[S 0] FF control Thread TID 90886
[S 0] FF thread 0 starting
[S 0] Started scheduler watchdog thread
PARSEC Benchmark Suite Version 2.1
[HOOKS] PARSEC Hooks Version 1.2
Number of Simulations: 20000,  Number of threads: 8 Number of swaptions: 64
[HOOKS] Entering ROI
[S 0] ROI_BEGIN, exiting fast-forward
[S 0] [0] Adjusting clocks, domain 0, de-ffwd 1
[S 0] Thread 0 starting
[S 0] Thread 4 starting
[S 0] Thread 5 starting
[S 0] Thread 6 starting
[S 0] Thread 7 starting
[S 0] Thread 8 starting
[S 0] Thread 9 starting
[S 0] Thread 10 starting
[S 0] Thread 11 starting
[S 0] Detected possible stall due to fake leaves (1 current)
[S 0]  [0/0] futex (202) @ 0x47a622
[S 0] Blacklisting from future fake leaves: [0] futex @ 0x47a622 | arg0 0x7fffe355d9d0 arg1 0x0
[S 0] Time slice ended, context-switched 4 threads, runQueue size 0, available 0
[S 0]  State:   7r  4r  5r  6r
[S 0] WARN: waitUntilQueued for pid 0 tid 11 timed out
[S 0] WARN: waitUntilQueued for pid 0 tid 10 timed out
[S 0] WARN: waitUntilQueued for pid 0 tid 9 timed out
[S 0] Time slice ended, context-switched 4 threads, runQueue size 0, available 0
[S 0]  State:  11r  8r 10r  9r
[S 0] Time slice ended, context-switched 4 threads, runQueue size 0, available 0
[S 0]  State:   7r  4r  5r  6r
[S 0] Time slice ended, context-switched 4 threads, runQueue size 0, available 0
[S 0]  State:   8r 10r  9r 11r
[S 0] Time slice ended, context-switched 4 threads, runQueue size 0, available 0
[S 0]  State:   5r  7r  4r  6r
[S 0] Time slice ended, context-switched 4 threads, runQueue size 0, available 0
[S 0]  State:  10r 11r  9r  8r
[S 0] Time slice ended, context-switched 4 threads, runQueue size 0, available 0
[S 0]  State:   4r  5r  7r  6r
[S 0] Max total (aggregate) instructions reached (5000053580)
[S 0] Termination condition met, exiting
[S 0] Termination condition met, exiting
[S 0] Termination condition met, exiting
[S 0] Termination condition met, exiting
[S 0] Termination condition met, exiting
[S 0] Dumping termination stats
[S 0] Termination condition met, exiting
[S 0] Termination condition met, exiting
[S 0] Termination condition met, exiting
[S 0] Terminating scheduler watchdog thread
[H] Child 90880 done
[H] All children done, exiting
