# zsim stats
===
root: # Stats
 contention: # Contention simulation stats
  domain-0: # Domain stats
   time: 209556399 # Weave simulation time
 time: # Simulator time breakdown
  init: 626600518
  bound: 78277649098
  weave: 1280411721
  ff: 0
 trigger: 20000 # Reason for this stats dump
 phase: 78257 # Simulated phases
 westmere: # Core stats
  westmere-0: # Core stats
   cycles: 782570007 # Simulated unhalted cycles
   cCycles: 45732 # Cycles due to contention stalls
   instrs: 1250024305 # Simulated instructions
   uops: 1500854155 # Retired micro-ops
   bbls: 167641799 # Basic blocks
   approxInstrs: 13739538 # Instrs with approx uop decoding
   mispredBranches: 3600080 # Mispredicted branches
   condBranches: 129730175 # conditional branches
  westmere-1: # Core stats
   cycles: 782570007 # Simulated unhalted cycles
   cCycles: 48988 # Cycles due to contention stalls
   instrs: 1250012941 # Simulated instructions
   uops: 1500840575 # Retired micro-ops
   bbls: 167639670 # Basic blocks
   approxInstrs: 13739555 # Instrs with approx uop decoding
   mispredBranches: 3600026 # Mispredicted branches
   condBranches: 129727662 # conditional branches
  westmere-2: # Core stats
   cycles: 782570001 # Simulated unhalted cycles
   cCycles: 49443 # Cycles due to contention stalls
   instrs: 1250002271 # Simulated instructions
   uops: 1500826742 # Retired micro-ops
   bbls: 167638594 # Basic blocks
   approxInstrs: 13739595 # Instrs with approx uop decoding
   mispredBranches: 3600040 # Mispredicted branches
   condBranches: 129727628 # conditional branches
  westmere-3: # Core stats
   cycles: 782560002 # Simulated unhalted cycles
   cCycles: 46718 # Cycles due to contention stalls
   instrs: 1250014063 # Simulated instructions
   uops: 1500842632 # Retired micro-ops
   bbls: 167640253 # Basic blocks
   approxInstrs: 13739748 # Instrs with approx uop decoding
   mispredBranches: 3600083 # Mispredicted branches
   condBranches: 129728506 # conditional branches
 l1i: # Cache stats
  l1i-0: # Filter cache stats
   fhGETS: 223369011 # Filtered GETS hits
   fhGETX: 0 # Filtered GETX hits
   hGETS: 3216142 # GETS hits
   hGETX: 0 # GETX hits
   mGETS: 2843 # GETS misses
   mGETXIM: 0 # GETX I->M misses
   mGETXSM: 0 # GETX S->M misses (upgrade misses)
   PUTS: 0 # Clean evictions (from lower level)
   PUTX: 0 # Dirty evictions (from lower level)
   INV: 0 # Invalidates (from upper level)
   INVX: 0 # Downgrades (from upper level)
   FWD: 0 # Forwards (from upper level)
   latGETnl: 51324 # GET request latency on next level
   latGETnet: 0 # GET request latency on network to next level
  l1i-1: # Filter cache stats
   fhGETS: 223367321 # Filtered GETS hits
   fhGETX: 0 # Filtered GETX hits
   hGETS: 3215505 # GETS hits
   hGETX: 0 # GETX hits
   mGETS: 2762 # GETS misses
   mGETXIM: 0 # GETX I->M misses
   mGETXSM: 0 # GETX S->M misses (upgrade misses)
   PUTS: 0 # Clean evictions (from lower level)
   PUTX: 0 # Dirty evictions (from lower level)
   INV: 0 # Invalidates (from upper level)
   INVX: 0 # Downgrades (from upper level)
   FWD: 0 # Forwards (from upper level)
   latGETnl: 56376 # GET request latency on next level
   latGETnet: 0 # GET request latency on network to next level
  l1i-2: # Filter cache stats
   fhGETS: 223365852 # Filtered GETS hits
   fhGETX: 0 # Filtered GETX hits
   hGETS: 3215617 # GETS hits
   hGETX: 0 # GETX hits
   mGETS: 2792 # GETS misses
   mGETXIM: 0 # GETX I->M misses
   mGETXSM: 0 # GETX S->M misses (upgrade misses)
   PUTS: 0 # Clean evictions (from lower level)
   PUTX: 0 # Dirty evictions (from lower level)
   INV: 0 # Invalidates (from upper level)
   INVX: 0 # Downgrades (from upper level)
   FWD: 0 # Forwards (from upper level)
   latGETnl: 51946 # GET request latency on next level
   latGETnet: 0 # GET request latency on network to next level
  l1i-3: # Filter cache stats
   fhGETS: 223368156 # Filtered GETS hits
   fhGETX: 0 # Filtered GETX hits
   hGETS: 3215603 # GETS hits
   hGETX: 0 # GETX hits
   mGETS: 2765 # GETS misses
   mGETXIM: 0 # GETX I->M misses
   mGETXSM: 0 # GETX S->M misses (upgrade misses)
   PUTS: 0 # Clean evictions (from lower level)
   PUTX: 0 # Dirty evictions (from lower level)
   INV: 0 # Invalidates (from upper level)
   INVX: 0 # Downgrades (from upper level)
   FWD: 0 # Forwards (from upper level)
   latGETnl: 45430 # GET request latency on next level
   latGETnet: 0 # GET request latency on network to next level
 l1d: # Cache stats
  l1d-0: # Filter cache stats
   fhGETS: 318085843 # Filtered GETS hits
   fhGETX: 75742521 # Filtered GETX hits
   hGETS: 26056982 # GETS hits
   hGETX: 23661337 # GETX hits
   mGETS: 2676436 # GETS misses
   mGETXIM: 2207861 # GETX I->M misses
   mGETXSM: 414 # GETX S->M misses (upgrade misses)
   PUTS: 0 # Clean evictions (from lower level)
   PUTX: 0 # Dirty evictions (from lower level)
   INV: 22 # Invalidates (from upper level)
   INVX: 29 # Downgrades (from upper level)
   FWD: 0 # Forwards (from upper level)
   latGETnl: 39468356 # GET request latency on next level
   latGETnet: 0 # GET request latency on network to next level
  l1d-1: # Filter cache stats
   fhGETS: 320419144 # Filtered GETS hits
   fhGETX: 76010456 # Filtered GETX hits
   hGETS: 23721454 # GETS hits
   hGETX: 23383014 # GETX hits
   mGETS: 2677247 # GETS misses
   mGETXIM: 2215505 # GETX I->M misses
   mGETXSM: 300 # GETX S->M misses (upgrade misses)
   PUTS: 0 # Clean evictions (from lower level)
   PUTX: 0 # Dirty evictions (from lower level)
   INV: 23 # Invalidates (from upper level)
   INVX: 117 # Downgrades (from upper level)
   FWD: 0 # Forwards (from upper level)
   latGETnl: 39508942 # GET request latency on next level
   latGETnet: 0 # GET request latency on network to next level
  l1d-2: # Filter cache stats
   fhGETS: 316782784 # Filtered GETS hits
   fhGETX: 75713771 # Filtered GETX hits
   hGETS: 27354807 # GETS hits
   hGETX: 23684205 # GETX hits
   mGETS: 2678283 # GETS misses
   mGETXIM: 2210029 # GETX I->M misses
   mGETXSM: 325 # GETX S->M misses (upgrade misses)
   PUTS: 0 # Clean evictions (from lower level)
   PUTX: 0 # Dirty evictions (from lower level)
   INV: 17 # Invalidates (from upper level)
   INVX: 200 # Downgrades (from upper level)
   FWD: 0 # Forwards (from upper level)
   latGETnl: 39482848 # GET request latency on next level
   latGETnet: 0 # GET request latency on network to next level
  l1d-3: # Filter cache stats
   fhGETS: 321345619 # Filtered GETS hits
   fhGETX: 76019529 # Filtered GETX hits
   hGETS: 22797878 # GETS hits
   hGETX: 23382297 # GETX hits
   mGETS: 2675246 # GETS misses
   mGETXIM: 2207192 # GETX I->M misses
   mGETXSM: 233 # GETX S->M misses (upgrade misses)
   PUTS: 0 # Clean evictions (from lower level)
   PUTX: 0 # Dirty evictions (from lower level)
   INV: 11 # Invalidates (from upper level)
   INVX: 91 # Downgrades (from upper level)
   FWD: 0 # Forwards (from upper level)
   latGETnl: 39406766 # GET request latency on next level
   latGETnet: 0 # GET request latency on network to next level
 l2: # Cache stats
  l2-0: # Cache stats
   hGETS: 2677196 # GETS hits
   hGETX: 2203405 # GETX hits
   mGETS: 2083 # GETS misses
   mGETXIM: 4321 # GETX I->M misses
   mGETXSM: 549 # GETX S->M misses (upgrade misses)
   PUTS: 2296890 # Clean evictions (from lower level)
   PUTX: 2589208 # Dirty evictions (from lower level)
   INV: 2563 # Invalidates (from upper level)
   INVX: 632 # Downgrades (from upper level)
   FWD: 0 # Forwards (from upper level)
   latGETnl: 419248 # GET request latency on next level
   latGETnet: 0 # GET request latency on network to next level
  l2-1: # Cache stats
   hGETS: 2678200 # GETS hits
   hGETX: 2211569 # GETX hits
   mGETS: 1809 # GETS misses
   mGETXIM: 3865 # GETX I->M misses
   mGETXSM: 371 # GETX S->M misses (upgrade misses)
   PUTS: 2297912 # Clean evictions (from lower level)
   PUTX: 2596566 # Dirty evictions (from lower level)
   INV: 2050 # Invalidates (from upper level)
   INVX: 573 # Downgrades (from upper level)
   FWD: 0 # Forwards (from upper level)
   latGETnl: 398806 # GET request latency on next level
   latGETnet: 0 # GET request latency on network to next level
  l2-2: # Cache stats
   hGETS: 2679191 # GETS hits
   hGETX: 2206116 # GETX hits
   mGETS: 1884 # GETS misses
   mGETXIM: 3784 # GETX I->M misses
   mGETXSM: 454 # GETX S->M misses (upgrade misses)
   PUTS: 2299221 # Clean evictions (from lower level)
   PUTX: 2590854 # Dirty evictions (from lower level)
   INV: 2040 # Invalidates (from upper level)
   INVX: 703 # Downgrades (from upper level)
   FWD: 0 # Forwards (from upper level)
   latGETnl: 403362 # GET request latency on next level
   latGETnet: 0 # GET request latency on network to next level
  l2-3: # Cache stats
   hGETS: 2676287 # GETS hits
   hGETX: 2203691 # GETX hits
   mGETS: 1724 # GETS misses
   mGETXIM: 3422 # GETX I->M misses
   mGETXSM: 312 # GETX S->M misses (upgrade misses)
   PUTS: 2295827 # Clean evictions (from lower level)
   PUTX: 2588352 # Dirty evictions (from lower level)
   INV: 1534 # Invalidates (from upper level)
   INVX: 434 # Downgrades (from upper level)
   FWD: 0 # Forwards (from upper level)
   latGETnl: 368708 # GET request latency on next level
   latGETnet: 0 # GET request latency on network to next level
 l3: # Cache stats
  l3-0b0: # Cache stats
   hGETS: 1215 # GETS hits
   hGETX: 2041 # GETX hits
   mGETS: 584 # GETS misses
   mGETXIM: 2219 # GETX I->M misses
   mGETXSM: 0 # GETX S->M misses (upgrade misses)
   PUTS: 102 # Clean evictions (from lower level)
   PUTX: 229 # Dirty evictions (from lower level)
   INV: 0 # Invalidates (from upper level)
   INVX: 0 # Downgrades (from upper level)
   FWD: 0 # Forwards (from upper level)
   latGETnl: 252270 # GET request latency on next level
   latGETnet: 0 # GET request latency on network to next level
  l3-0b1: # Cache stats
   hGETS: 1356 # GETS hits
   hGETX: 2065 # GETX hits
   mGETS: 606 # GETS misses
   mGETXIM: 2198 # GETX I->M misses
   mGETXSM: 0 # GETX S->M misses (upgrade misses)
   PUTS: 144 # Clean evictions (from lower level)
   PUTX: 251 # Dirty evictions (from lower level)
   INV: 0 # Invalidates (from upper level)
   INVX: 0 # Downgrades (from upper level)
   FWD: 0 # Forwards (from upper level)
   latGETnl: 252360 # GET request latency on next level
   latGETnet: 0 # GET request latency on network to next level
  l3-0b2: # Cache stats
   hGETS: 1294 # GETS hits
   hGETX: 2067 # GETX hits
   mGETS: 588 # GETS misses
   mGETXIM: 2232 # GETX I->M misses
   mGETXSM: 0 # GETX S->M misses (upgrade misses)
   PUTS: 106 # Clean evictions (from lower level)
   PUTX: 253 # Dirty evictions (from lower level)
   INV: 0 # Invalidates (from upper level)
   INVX: 0 # Downgrades (from upper level)
   FWD: 0 # Forwards (from upper level)
   latGETnl: 253800 # GET request latency on next level
   latGETnet: 0 # GET request latency on network to next level
  l3-0b3: # Cache stats
   hGETS: 1251 # GETS hits
   hGETX: 2039 # GETX hits
   mGETS: 606 # GETS misses
   mGETXIM: 2217 # GETX I->M misses
   mGETXSM: 0 # GETX S->M misses (upgrade misses)
   PUTS: 105 # Clean evictions (from lower level)
   PUTX: 260 # Dirty evictions (from lower level)
   INV: 0 # Invalidates (from upper level)
   INVX: 0 # Downgrades (from upper level)
   FWD: 0 # Forwards (from upper level)
   latGETnl: 254070 # GET request latency on next level
   latGETnet: 0 # GET request latency on network to next level
 mem: # Memory controller stats
  mem-0: # Memory controller stats
   rd: 2846 # Read requests
   wr: 0 # Write requests
   rdlat: 518636 # Total latency experienced by read requests
   wrlat: 0 # Total latency experienced by write requests
   rdhits: 298 # Read row hits
   wrhits: 0 # Write row hits
   mlh: # latency histogram for memory requests
    0: 0
    1: 0
    2: 0
    3: 0
    4: 0
    5: 0
    6: 0
    7: 0
    8: 0
    9: 0
    10: 0
    11: 5
    12: 17
    13: 1804
    14: 234
    15: 125
    16: 79
    17: 62
    18: 52
    19: 43
    20: 38
    21: 24
    22: 25
    23: 26
    24: 14
    25: 15
    26: 12
    27: 9
    28: 11
    29: 3
    30: 7
    31: 8
    32: 9
    33: 6
    34: 3
    35: 3
    36: 4
    37: 4
    38: 2
    39: 4
    40: 4
    41: 2
    42: 4
    43: 3
    44: 2
    45: 1
    46: 5
    47: 3
    48: 1
    49: 3
    50: 1
    51: 4
    52: 3
    53: 3
    54: 8
    55: 11
    56: 5
    57: 10
    58: 13
    59: 13
    60: 3
    61: 4
    62: 7
    63: 6
    64: 1
    65: 3
    66: 2
    67: 1
    68: 3
    69: 5
    70: 3
    71: 5
    72: 5
    73: 3
    74: 8
    75: 6
    76: 4
    77: 5
    78: 4
    79: 3
    80: 2
    81: 1
    82: 4
    83: 1
    84: 2
    85: 0
    86: 1
    87: 0
    88: 3
    89: 0
    90: 1
    91: 0
    92: 0
    93: 0
    94: 0
    95: 0
    96: 0
    97: 0
    98: 2
    99: 1
  mem-1: # Memory controller stats
   rd: 2797 # Read requests
   wr: 0 # Write requests
   rdlat: 477843 # Total latency experienced by read requests
   wrlat: 0 # Total latency experienced by write requests
   rdhits: 281 # Read row hits
   wrhits: 0 # Write row hits
   mlh: # latency histogram for memory requests
    0: 0
    1: 0
    2: 0
    3: 0
    4: 0
    5: 0
    6: 0
    7: 0
    8: 0
    9: 0
    10: 0
    11: 9
    12: 21
    13: 1802
    14: 241
    15: 100
    16: 83
    17: 65
    18: 51
    19: 32
    20: 30
    21: 27
    22: 27
    23: 24
    24: 15
    25: 16
    26: 8
    27: 13
    28: 4
    29: 7
    30: 4
    31: 5
    32: 7
    33: 9
    34: 5
    35: 7
    36: 6
    37: 4
    38: 5
    39: 4
    40: 4
    41: 6
    42: 6
    43: 5
    44: 9
    45: 10
    46: 9
    47: 3
    48: 7
    49: 10
    50: 7
    51: 8
    52: 14
    53: 15
    54: 7
    55: 8
    56: 4
    57: 8
    58: 2
    59: 6
    60: 5
    61: 1
    62: 2
    63: 1
    64: 1
    65: 1
    66: 0
    67: 0
    68: 0
    69: 1
    70: 1
    71: 0
    72: 2
    73: 0
    74: 0
    75: 0
    76: 1
    77: 2
    78: 0
    79: 0
    80: 0
    81: 0
    82: 0
    83: 0
    84: 0
    85: 0
    86: 0
    87: 0
    88: 0
    89: 0
    90: 0
    91: 0
    92: 0
    93: 0
    94: 0
    95: 0
    96: 0
    97: 0
    98: 0
    99: 0
  mem-2: # Memory controller stats
   rd: 2803 # Read requests
   wr: 0 # Write requests
   rdlat: 505308 # Total latency experienced by read requests
   wrlat: 0 # Total latency experienced by write requests
   rdhits: 296 # Read row hits
   wrhits: 0 # Write row hits
   mlh: # latency histogram for memory requests
    0: 0
    1: 0
    2: 0
    3: 0
    4: 0
    5: 0
    6: 0
    7: 0
    8: 0
    9: 0
    10: 0
    11: 5
    12: 21
    13: 1792
    14: 228
    15: 114
    16: 85
    17: 47
    18: 46
    19: 42
    20: 43
    21: 32
    22: 26
    23: 25
    24: 17
    25: 7
    26: 8
    27: 15
    28: 9
    29: 8
    30: 10
    31: 2
    32: 7
    33: 4
    34: 3
    35: 1
    36: 3
    37: 2
    38: 2
    39: 6
    40: 3
    41: 4
    42: 3
    43: 2
    44: 4
    45: 1
    46: 1
    47: 1
    48: 3
    49: 8
    50: 6
    51: 11
    52: 10
    53: 2
    54: 12
    55: 11
    56: 8
    57: 1
    58: 8
    59: 2
    60: 6
    61: 0
    62: 6
    63: 3
    64: 3
    65: 4
    66: 2
    67: 3
    68: 8
    69: 1
    70: 2
    71: 5
    72: 7
    73: 2
    74: 11
    75: 4
    76: 7
    77: 3
    78: 1
    79: 1
    80: 2
    81: 2
    82: 1
    83: 1
    84: 0
    85: 2
    86: 1
    87: 0
    88: 1
    89: 0
    90: 1
    91: 1
    92: 1
    93: 0
    94: 0
    95: 0
    96: 0
    97: 0
    98: 0
    99: 0
  mem-3: # Memory controller stats
   rd: 2804 # Read requests
   wr: 0 # Write requests
   rdlat: 476356 # Total latency experienced by read requests
   wrlat: 0 # Total latency experienced by write requests
   rdhits: 270 # Read row hits
   wrhits: 0 # Write row hits
   mlh: # latency histogram for memory requests
    0: 0
    1: 0
    2: 0
    3: 0
    4: 0
    5: 0
    6: 0
    7: 0
    8: 0
    9: 0
    10: 0
    11: 6
    12: 19
    13: 1814
    14: 245
    15: 94
    16: 85
    17: 71
    18: 49
    19: 36
    20: 34
    21: 35
    22: 32
    23: 21
    24: 20
    25: 8
    26: 5
    27: 7
    28: 4
    29: 6
    30: 5
    31: 4
    32: 5
    33: 6
    34: 5
    35: 10
    36: 1
    37: 1
    38: 1
    39: 6
    40: 9
    41: 15
    42: 5
    43: 6
    44: 4
    45: 5
    46: 6
    47: 11
    48: 12
    49: 10
    50: 13
    51: 7
    52: 9
    53: 4
    54: 6
    55: 3
    56: 3
    57: 7
    58: 8
    59: 2
    60: 3
    61: 4
    62: 3
    63: 0
    64: 0
    65: 3
    66: 2
    67: 2
    68: 0
    69: 0
    70: 2
    71: 0
    72: 0
    73: 0
    74: 0
    75: 0
    76: 1
    77: 1
    78: 1
    79: 1
    80: 0
    81: 0
    82: 0
    83: 0
    84: 0
    85: 0
    86: 0
    87: 0
    88: 0
    89: 0
    90: 0
    91: 1
    92: 0
    93: 0
    94: 0
    95: 0
    96: 0
    97: 0
    98: 0
    99: 0
 sched: # Scheduler stats
  thCr: 9 # Threads created
  thFn: 0 # Threads finished
  schedEvs: 37 # Schedule events
  waitEvs: 33 # Wait events
  handoffEvs: 28 # Handoff events
  sleepEvs: 0 # Sleep events
  idlePhases: 0 # Phases with no thread active
  idlePeriods: 0 # Periods with no thread active
  occHist: # Occupancy histogram
   0: 0
   1: 0
   2: 0
   3: 1
   4: 78256
  rqSzHist: # Run queue size histogram
   0: 1
   1: 0
   2: 0
   3: 0
   4: 78256
   5: 0
   6: 0
   7: 0
   8: 0
   9: 0
   10: 0
   11: 0
   12: 0
   13: 0
   14: 0
   15: 0
   16: 0
 procCycles: # Per-process unhalted core cycles
  0: 3130270017
  1: 0
  2: 0
  3: 0
  4: 0
  5: 0
  6: 0
  7: 0
  8: 0
  9: 0
  10: 0
  11: 0
  12: 0
  13: 0
  14: 0
  15: 0
  16: 0
  17: 0
  18: 0
  19: 0
  20: 0
  21: 0
  22: 0
  23: 0
  24: 0
  25: 0
  26: 0
  27: 0
  28: 0
  29: 0
  30: 0
  31: 0
  32: 0
  33: 0
  34: 0
  35: 0
  36: 0
  37: 0
  38: 0
  39: 0
  40: 0
  41: 0
  42: 0
  43: 0
  44: 0
  45: 0
  46: 0
  47: 0
  48: 0
  49: 0
  50: 0
  51: 0
  52: 0
  53: 0
  54: 0
  55: 0
  56: 0
  57: 0
  58: 0
  59: 0
  60: 0
  61: 0
  62: 0
  63: 0
 procInstrs: # Per-process instructions
  0: 5000053580
  1: 0
  2: 0
  3: 0
  4: 0
  5: 0
  6: 0
  7: 0
  8: 0
  9: 0
  10: 0
  11: 0
  12: 0
  13: 0
  14: 0
  15: 0
  16: 0
  17: 0
  18: 0
  19: 0
  20: 0
  21: 0
  22: 0
  23: 0
  24: 0
  25: 0
  26: 0
  27: 0
  28: 0
  29: 0
  30: 0
  31: 0
  32: 0
  33: 0
  34: 0
  35: 0
  36: 0
  37: 0
  38: 0
  39: 0
  40: 0
  41: 0
  42: 0
  43: 0
  44: 0
  45: 0
  46: 0
  47: 0
  48: 0
  49: 0
  50: 0
  51: 0
  52: 0
  53: 0
  54: 0
  55: 0
  56: 0
  57: 0
  58: 0
  59: 0
  60: 0
  61: 0
  62: 0
  63: 0
 heartbeats: # Per-process heartbeats
  0: 0
  1: 0
  2: 0
  3: 0
  4: 0
  5: 0
  6: 0
  7: 0
  8: 0
  9: 0
  10: 0
  11: 0
  12: 0
  13: 0
  14: 0
  15: 0
  16: 0
  17: 0
  18: 0
  19: 0
  20: 0
  21: 0
  22: 0
  23: 0
  24: 0
  25: 0
  26: 0
  27: 0
  28: 0
  29: 0
  30: 0
  31: 0
  32: 0
  33: 0
  34: 0
  35: 0
  36: 0
  37: 0
  38: 0
  39: 0
  40: 0
  41: 0
  42: 0
  43: 0
  44: 0
  45: 0
  46: 0
  47: 0
  48: 0
  49: 0
  50: 0
  51: 0
  52: 0
  53: 0
  54: 0
  55: 0
  56: 0
  57: 0
  58: 0
  59: 0
  60: 0
  61: 0
  62: 0
  63: 0
===
