# zsim stats
===
root: # Stats
 contention: # Contention simulation stats
  domain-0: # Domain stats
   time: 1761429048 # Weave simulation time
 time: # Simulator time breakdown
  init: 3615974798
  bound: 75701835993
  weave: 3840249716
  ff: 0
 trigger: 20000 # Reason for this stats dump
 phase: 71820 # Simulated phases
 westmere: # Core stats
  westmere-0: # Core stats
   cycles: 718200649 # Simulated unhalted cycles
   cCycles: 29188614 # Cycles due to contention stalls
   instrs: 1000004871 # Simulated instructions
   uops: 1145922207 # Retired micro-ops
   bbls: 205811069 # Basic blocks
   approxInstrs: 2658304 # Instrs with approx uop decoding
   mispredBranches: 7229379 # Mispredicted branches
   condBranches: 158128569 # conditional branches
 l1i: # Cache stats
  l1i-0: # Filter cache stats
   fhGETS: 179990846 # Filtered GETS hits
   fhGETX: 0 # Filtered GETX hits
   hGETS: 48003286 # GETS hits
   hGETX: 0 # GETX hits
   mGETS: 11513587 # GETS misses
   mGETXIM: 0 # GETX I->M misses
   mGETXSM: 0 # GETX S->M misses (upgrade misses)
   PUTS: 0 # Clean evictions (from lower level)
   PUTX: 0 # Dirty evictions (from lower level)
   INV: 1122 # Invalidates (from upper level)
   INVX: 0 # Downgrades (from upper level)
   FWD: 0 # Forwards (from upper level)
   latGETnl: 97120456 # GET request latency on next level
   latGETnet: 0 # GET request latency on network to next level
 l1d: # Cache stats
  l1d-0: # Filter cache stats
   fhGETS: 207365893 # Filtered GETS hits
   fhGETX: 116031666 # Filtered GETX hits
   hGETS: 40124742 # GETS hits
   hGETX: 18892069 # GETX hits
   mGETS: 5336460 # GETS misses
   mGETXIM: 1430202 # GETX I->M misses
   mGETXSM: 0 # GETX S->M misses (upgrade misses)
   PUTS: 0 # Clean evictions (from lower level)
   PUTX: 0 # Dirty evictions (from lower level)
   INV: 1198 # Invalidates (from upper level)
   INVX: 0 # Downgrades (from upper level)
   FWD: 0 # Forwards (from upper level)
   latGETnl: 272795366 # GET request latency on next level
   latGETnet: 0 # GET request latency on network to next level
 l2: # Cache stats
  l2-0: # Cache stats
   hGETS: 13173561 # GETS hits
   hGETX: 439991 # GETX hits
   mGETS: 3676486 # GETS misses
   mGETXIM: 990211 # GETX I->M misses
   mGETXSM: 0 # GETX S->M misses (upgrade misses)
   PUTS: 16417421 # Clean evictions (from lower level)
   PUTX: 1859485 # Dirty evictions (from lower level)
   INV: 0 # Invalidates (from upper level)
   INVX: 0 # Downgrades (from upper level)
   FWD: 0 # Forwards (from upper level)
   latGETnl: 223673830 # GET request latency on next level
   latGETnet: 0 # GET request latency on network to next level
 l3: # Cache stats
  l3-0: # Cache stats
   hGETS: 2783757 # GETS hits
   hGETX: 434719 # GETX hits
   mGETS: 892729 # GETS misses
   mGETXIM: 555492 # GETX I->M misses
   mGETXSM: 0 # GETX S->M misses (upgrade misses)
   PUTS: 3367840 # Clean evictions (from lower level)
   PUTX: 1294761 # Dirty evictions (from lower level)
   INV: 0 # Invalidates (from upper level)
   INVX: 0 # Downgrades (from upper level)
   FWD: 0 # Forwards (from upper level)
   latGETnl: 130339890 # GET request latency on next level
   latGETnet: 0 # GET request latency on network to next level
 mem: # Memory controller stats
  mem-0: # Memory controller stats
   rd: 361786 # Read requests
   wr: 147885 # Write requests
   rdlat: 49330264 # Total latency experienced by read requests
   wrlat: 22512677 # Total latency experienced by write requests
   rdhits: 2115 # Read row hits
   wrhits: 1381 # Write row hits
   mlh: # latency histogram for memory requests
    0: 0
    1: 0
    2: 0
    3: 0
    4: 0
    5: 0
    6: 0
    7: 0
    8: 0
    9: 0
    10: 0
    11: 57
    12: 80
    13: 314178
    14: 26450
    15: 9856
    16: 3391
    17: 1308
    18: 560
    19: 390
    20: 374
    21: 381
    22: 315
    23: 313
    24: 417
    25: 267
    26: 119
    27: 143
    28: 162
    29: 156
    30: 123
    31: 231
    32: 219
    33: 226
    34: 216
    35: 195
    36: 213
    37: 228
    38: 203
    39: 197
    40: 206
    41: 188
    42: 171
    43: 114
    44: 25
    45: 29
    46: 27
    47: 20
    48: 21
    49: 9
    50: 3
    51: 1
    52: 2
    53: 0
    54: 0
    55: 1
    56: 0
    57: 0
    58: 0
    59: 0
    60: 1
    61: 0
    62: 0
    63: 0
    64: 0
    65: 0
    66: 0
    67: 0
    68: 0
    69: 0
    70: 0
    71: 0
    72: 0
    73: 0
    74: 0
    75: 0
    76: 0
    77: 0
    78: 0
    79: 0
    80: 0
    81: 0
    82: 0
    83: 0
    84: 0
    85: 0
    86: 0
    87: 0
    88: 0
    89: 0
    90: 0
    91: 0
    92: 0
    93: 0
    94: 0
    95: 0
    96: 0
    97: 0
    98: 0
    99: 0
  mem-1: # Memory controller stats
   rd: 363066 # Read requests
   wr: 148306 # Write requests
   rdlat: 49464153 # Total latency experienced by read requests
   wrlat: 22566536 # Total latency experienced by write requests
   rdhits: 1954 # Read row hits
   wrhits: 1367 # Write row hits
   mlh: # latency histogram for memory requests
    0: 0
    1: 0
    2: 0
    3: 0
    4: 0
    5: 0
    6: 0
    7: 0
    8: 0
    9: 0
    10: 0
    11: 43
    12: 68
    13: 316194
    14: 26135
    15: 9691
    16: 3469
    17: 1181
    18: 504
    19: 373
    20: 407
    21: 354
    22: 283
    23: 285
    24: 406
    25: 228
    26: 104
    27: 140
    28: 130
    29: 147
    30: 179
    31: 240
    32: 203
    33: 204
    34: 221
    35: 198
    36: 245
    37: 210
    38: 214
    39: 190
    40: 209
    41: 197
    42: 176
    43: 98
    44: 25
    45: 23
    46: 26
    47: 21
    48: 31
    49: 9
    50: 4
    51: 1
    52: 0
    53: 0
    54: 0
    55: 0
    56: 0
    57: 0
    58: 0
    59: 0
    60: 0
    61: 0
    62: 0
    63: 0
    64: 0
    65: 0
    66: 0
    67: 0
    68: 0
    69: 0
    70: 0
    71: 0
    72: 0
    73: 0
    74: 0
    75: 0
    76: 0
    77: 0
    78: 0
    79: 0
    80: 0
    81: 0
    82: 0
    83: 0
    84: 0
    85: 0
    86: 0
    87: 0
    88: 0
    89: 0
    90: 0
    91: 0
    92: 0
    93: 0
    94: 0
    95: 0
    96: 0
    97: 0
    98: 0
    99: 0
  mem-2: # Memory controller stats
   rd: 360847 # Read requests
   wr: 148015 # Write requests
   rdlat: 49170432 # Total latency experienced by read requests
   wrlat: 22529682 # Total latency experienced by write requests
   rdhits: 2233 # Read row hits
   wrhits: 1412 # Write row hits
   mlh: # latency histogram for memory requests
    0: 0
    1: 0
    2: 0
    3: 0
    4: 0
    5: 0
    6: 0
    7: 0
    8: 0
    9: 0
    10: 0
    11: 62
    12: 62
    13: 314924
    14: 25576
    15: 9486
    16: 3265
    17: 1200
    18: 513
    19: 369
    20: 322
    21: 346
    22: 300
    23: 307
    24: 385
    25: 266
    26: 107
    27: 124
    28: 139
    29: 159
    30: 165
    31: 200
    32: 228
    33: 222
    34: 211
    35: 197
    36: 223
    37: 234
    38: 208
    39: 228
    40: 199
    41: 181
    42: 175
    43: 99
    44: 33
    45: 28
    46: 26
    47: 24
    48: 35
    49: 10
    50: 2
    51: 1
    52: 1
    53: 3
    54: 2
    55: 0
    56: 0
    57: 0
    58: 0
    59: 0
    60: 0
    61: 0
    62: 0
    63: 0
    64: 0
    65: 0
    66: 0
    67: 0
    68: 0
    69: 0
    70: 0
    71: 0
    72: 0
    73: 0
    74: 0
    75: 0
    76: 0
    77: 0
    78: 0
    79: 0
    80: 0
    81: 0
    82: 0
    83: 0
    84: 0
    85: 0
    86: 0
    87: 0
    88: 0
    89: 0
    90: 0
    91: 0
    92: 0
    93: 0
    94: 0
    95: 0
    96: 0
    97: 0
    98: 0
    99: 0
  mem-3: # Memory controller stats
   rd: 362521 # Read requests
   wr: 148110 # Write requests
   rdlat: 49395813 # Total latency experienced by read requests
   wrlat: 22543844 # Total latency experienced by write requests
   rdhits: 2141 # Read row hits
   wrhits: 1499 # Write row hits
   mlh: # latency histogram for memory requests
    0: 0
    1: 0
    2: 0
    3: 0
    4: 0
    5: 0
    6: 0
    7: 0
    8: 0
    9: 0
    10: 0
    11: 68
    12: 77
    13: 315955
    14: 25915
    15: 9548
    16: 3278
    17: 1296
    18: 533
    19: 375
    20: 353
    21: 346
    22: 297
    23: 330
    24: 443
    25: 288
    26: 129
    27: 140
    28: 130
    29: 147
    30: 161
    31: 232
    32: 204
    33: 210
    34: 183
    35: 198
    36: 231
    37: 209
    38: 197
    39: 205
    40: 208
    41: 182
    42: 186
    43: 117
    44: 33
    45: 25
    46: 22
    47: 24
    48: 31
    49: 5
    50: 3
    51: 4
    52: 2
    53: 0
    54: 1
    55: 0
    56: 0
    57: 0
    58: 0
    59: 0
    60: 0
    61: 0
    62: 0
    63: 0
    64: 0
    65: 0
    66: 0
    67: 0
    68: 0
    69: 0
    70: 0
    71: 0
    72: 0
    73: 0
    74: 0
    75: 0
    76: 0
    77: 0
    78: 0
    79: 0
    80: 0
    81: 0
    82: 0
    83: 0
    84: 0
    85: 0
    86: 0
    87: 0
    88: 0
    89: 0
    90: 0
    91: 0
    92: 0
    93: 0
    94: 0
    95: 0
    96: 0
    97: 0
    98: 0
    99: 0
 sched: # Scheduler stats
  thCr: 1 # Threads created
  thFn: 1 # Threads finished
  schedEvs: 1 # Schedule events
  waitEvs: 0 # Wait events
  handoffEvs: 0 # Handoff events
  sleepEvs: 0 # Sleep events
  idlePhases: 0 # Phases with no thread active
  idlePeriods: 0 # Periods with no thread active
  occHist: # Occupancy histogram
   0: 0
   1: 71820
  rqSzHist: # Run queue size histogram
   0: 71820
   1: 0
   2: 0
   3: 0
   4: 0
   5: 0
   6: 0
   7: 0
   8: 0
   9: 0
   10: 0
   11: 0
   12: 0
   13: 0
   14: 0
   15: 0
   16: 0
 procCycles: # Per-process unhalted core cycles
  0: 718200649
  1: 0
  2: 0
  3: 0
  4: 0
  5: 0
  6: 0
  7: 0
  8: 0
  9: 0
  10: 0
  11: 0
  12: 0
  13: 0
  14: 0
  15: 0
  16: 0
  17: 0
  18: 0
  19: 0
  20: 0
  21: 0
  22: 0
  23: 0
  24: 0
  25: 0
  26: 0
  27: 0
  28: 0
  29: 0
  30: 0
  31: 0
  32: 0
  33: 0
  34: 0
  35: 0
  36: 0
  37: 0
  38: 0
  39: 0
  40: 0
  41: 0
  42: 0
  43: 0
  44: 0
  45: 0
  46: 0
  47: 0
  48: 0
  49: 0
  50: 0
  51: 0
  52: 0
  53: 0
  54: 0
  55: 0
  56: 0
  57: 0
  58: 0
  59: 0
  60: 0
  61: 0
  62: 0
  63: 0
 procInstrs: # Per-process instructions
  0: 1000004871
  1: 0
  2: 0
  3: 0
  4: 0
  5: 0
  6: 0
  7: 0
  8: 0
  9: 0
  10: 0
  11: 0
  12: 0
  13: 0
  14: 0
  15: 0
  16: 0
  17: 0
  18: 0
  19: 0
  20: 0
  21: 0
  22: 0
  23: 0
  24: 0
  25: 0
  26: 0
  27: 0
  28: 0
  29: 0
  30: 0
  31: 0
  32: 0
  33: 0
  34: 0
  35: 0
  36: 0
  37: 0
  38: 0
  39: 0
  40: 0
  41: 0
  42: 0
  43: 0
  44: 0
  45: 0
  46: 0
  47: 0
  48: 0
  49: 0
  50: 0
  51: 0
  52: 0
  53: 0
  54: 0
  55: 0
  56: 0
  57: 0
  58: 0
  59: 0
  60: 0
  61: 0
  62: 0
  63: 0
 heartbeats: # Per-process heartbeats
  0: 0
  1: 0
  2: 0
  3: 0
  4: 0
  5: 0
  6: 0
  7: 0
  8: 0
  9: 0
  10: 0
  11: 0
  12: 0
  13: 0
  14: 0
  15: 0
  16: 0
  17: 0
  18: 0
  19: 0
  20: 0
  21: 0
  22: 0
  23: 0
  24: 0
  25: 0
  26: 0
  27: 0
  28: 0
  29: 0
  30: 0
  31: 0
  32: 0
  33: 0
  34: 0
  35: 0
  36: 0
  37: 0
  38: 0
  39: 0
  40: 0
  41: 0
  42: 0
  43: 0
  44: 0
  45: 0
  46: 0
  47: 0
  48: 0
  49: 0
  50: 0
  51: 0
  52: 0
  53: 0
  54: 0
  55: 0
  56: 0
  57: 0
  58: 0
  59: 0
  60: 0
  61: 0
  62: 0
  63: 0
===
