# zsim stats
===
root: # Stats
 contention: # Contention simulation stats
  domain-0: # Domain stats
   time: 1639038880 # Weave simulation time
 time: # Simulator time breakdown
  init: 11902442178
  bound: 82428192542
  weave: 3126663928
  ff: 0
 trigger: 20000 # Reason for this stats dump
 phase: 102728 # Simulated phases
 westmere: # Core stats
  westmere-0: # Core stats
   cycles: 1027280956 # Simulated unhalted cycles
   cCycles: 63258357 # Cycles due to contention stalls
   instrs: 1000000996 # Simulated instructions
   uops: 1207618989 # Retired micro-ops
   bbls: 230340128 # Basic blocks
   approxInstrs: 3785369 # Instrs with approx uop decoding
   mispredBranches: 13113200 # Mispredicted branches
   condBranches: 160017450 # conditional branches
 l1i: # Cache stats
  l1i-0: # Filter cache stats
   fhGETS: 232341554 # Filtered GETS hits
   fhGETX: 0 # Filtered GETX hits
   hGETS: 46887680 # GETS hits
   hGETX: 0 # GETX hits
   mGETS: 11508211 # GETS misses
   mGETXIM: 0 # GETX I->M misses
   mGETXSM: 0 # GETX S->M misses (upgrade misses)
   PUTS: 0 # Clean evictions (from lower level)
   PUTX: 0 # Dirty evictions (from lower level)
   INV: 16096 # Invalidates (from upper level)
   INVX: 0 # Downgrades (from upper level)
   FWD: 0 # Forwards (from upper level)
   latGETnl: 110443148 # GET request latency on next level
   latGETnet: 0 # GET request latency on network to next level
 l1d: # Cache stats
  l1d-0: # Filter cache stats
   fhGETS: 227550118 # Filtered GETS hits
   fhGETX: 147694329 # Filtered GETX hits
   hGETS: 28364622 # GETS hits
   hGETX: 14089420 # GETX hits
   mGETS: 6052257 # GETS misses
   mGETXIM: 2091546 # GETX I->M misses
   mGETXSM: 0 # GETX S->M misses (upgrade misses)
   PUTS: 0 # Clean evictions (from lower level)
   PUTX: 0 # Dirty evictions (from lower level)
   INV: 3235 # Invalidates (from upper level)
   INVX: 0 # Downgrades (from upper level)
   FWD: 0 # Forwards (from upper level)
   latGETnl: 306951464 # GET request latency on next level
   latGETnet: 0 # GET request latency on network to next level
 l2: # Cache stats
  l2-0: # Cache stats
   hGETS: 13756233 # GETS hits
   hGETX: 1048488 # GETX hits
   mGETS: 3804235 # GETS misses
   mGETXIM: 1043058 # GETX I->M misses
   mGETXSM: 0 # GETX S->M misses (upgrade misses)
   PUTS: 16367564 # Clean evictions (from lower level)
   PUTX: 3264095 # Dirty evictions (from lower level)
   INV: 37719 # Invalidates (from upper level)
   INVX: 0 # Downgrades (from upper level)
   FWD: 0 # Forwards (from upper level)
   latGETnl: 260178500 # GET request latency on next level
   latGETnet: 0 # GET request latency on network to next level
 l3: # Cache stats
  l3-0: # Cache stats
   hGETS: 2827659 # GETS hits
   hGETX: 205938 # GETX hits
   mGETS: 976576 # GETS misses
   mGETXIM: 837120 # GETX I->M misses
   mGETXSM: 0 # GETX S->M misses (upgrade misses)
   PUTS: 3002324 # Clean evictions (from lower level)
   PUTX: 1803155 # Dirty evictions (from lower level)
   INV: 0 # Invalidates (from upper level)
   INVX: 0 # Downgrades (from upper level)
   FWD: 0 # Forwards (from upper level)
   latGETnl: 163232640 # GET request latency on next level
   latGETnet: 0 # GET request latency on network to next level
 mem: # Memory controller stats
  mem-0: # Memory controller stats
   rd: 463875 # Read requests
   wr: 269594 # Write requests
   rdlat: 62349492 # Total latency experienced by read requests
   wrlat: 38127146 # Total latency experienced by write requests
   rdhits: 1115 # Read row hits
   wrhits: 516 # Write row hits
   mlh: # latency histogram for memory requests
    0: 0
    1: 0
    2: 0
    3: 0
    4: 0
    5: 0
    6: 0
    7: 0
    8: 0
    9: 1
    10: 0
    11: 93
    12: 112
    13: 447131
    14: 4583
    15: 3088
    16: 1173
    17: 484
    18: 582
    19: 374
    20: 528
    21: 362
    22: 228
    23: 270
    24: 300
    25: 251
    26: 210
    27: 226
    28: 215
    29: 258
    30: 225
    31: 279
    32: 255
    33: 263
    34: 243
    35: 227
    36: 230
    37: 263
    38: 259
    39: 239
    40: 258
    41: 269
    42: 240
    43: 96
    44: 16
    45: 12
    46: 9
    47: 10
    48: 10
    49: 2
    50: 1
    51: 0
    52: 0
    53: 0
    54: 0
    55: 0
    56: 0
    57: 0
    58: 0
    59: 0
    60: 0
    61: 0
    62: 0
    63: 0
    64: 0
    65: 0
    66: 0
    67: 0
    68: 0
    69: 0
    70: 0
    71: 0
    72: 0
    73: 0
    74: 0
    75: 0
    76: 0
    77: 0
    78: 0
    79: 0
    80: 0
    81: 0
    82: 0
    83: 0
    84: 0
    85: 0
    86: 0
    87: 0
    88: 0
    89: 0
    90: 0
    91: 0
    92: 0
    93: 0
    94: 0
    95: 0
    96: 0
    97: 0
    98: 0
    99: 0
  mem-1: # Memory controller stats
   rd: 443018 # Read requests
   wr: 268326 # Write requests
   rdlat: 59570788 # Total latency experienced by read requests
   wrlat: 37944998 # Total latency experienced by write requests
   rdhits: 1161 # Read row hits
   wrhits: 523 # Write row hits
   mlh: # latency histogram for memory requests
    0: 0
    1: 0
    2: 0
    3: 0
    4: 0
    5: 0
    6: 0
    7: 0
    8: 0
    9: 0
    10: 0
    11: 95
    12: 123
    13: 426603
    14: 4531
    15: 2861
    16: 1246
    17: 487
    18: 568
    19: 381
    20: 480
    21: 338
    22: 289
    23: 272
    24: 305
    25: 237
    26: 237
    27: 200
    28: 237
    29: 261
    30: 251
    31: 255
    32: 248
    33: 244
    34: 230
    35: 227
    36: 243
    37: 240
    38: 224
    39: 240
    40: 222
    41: 229
    42: 258
    43: 94
    44: 12
    45: 18
    46: 10
    47: 13
    48: 6
    49: 0
    50: 2
    51: 0
    52: 0
    53: 1
    54: 0
    55: 0
    56: 0
    57: 0
    58: 0
    59: 0
    60: 0
    61: 0
    62: 0
    63: 0
    64: 0
    65: 0
    66: 0
    67: 0
    68: 0
    69: 0
    70: 0
    71: 0
    72: 0
    73: 0
    74: 0
    75: 0
    76: 0
    77: 0
    78: 0
    79: 0
    80: 0
    81: 0
    82: 0
    83: 0
    84: 0
    85: 0
    86: 0
    87: 0
    88: 0
    89: 0
    90: 0
    91: 0
    92: 0
    93: 0
    94: 0
    95: 0
    96: 0
    97: 0
    98: 0
    99: 0
  mem-2: # Memory controller stats
   rd: 462554 # Read requests
   wr: 269075 # Write requests
   rdlat: 62207010 # Total latency experienced by read requests
   wrlat: 38007950 # Total latency experienced by write requests
   rdhits: 1111 # Read row hits
   wrhits: 558 # Write row hits
   mlh: # latency histogram for memory requests
    0: 0
    1: 0
    2: 0
    3: 0
    4: 0
    5: 0
    6: 0
    7: 0
    8: 0
    9: 0
    10: 1
    11: 74
    12: 118
    13: 445747
    14: 4434
    15: 3112
    16: 1220
    17: 476
    18: 554
    19: 385
    20: 531
    21: 348
    22: 262
    23: 290
    24: 321
    25: 241
    26: 209
    27: 242
    28: 235
    29: 232
    30: 257
    31: 259
    32: 248
    33: 272
    34: 271
    35: 250
    36: 266
    37: 271
    38: 265
    39: 283
    40: 235
    41: 251
    42: 247
    43: 102
    44: 15
    45: 10
    46: 5
    47: 8
    48: 6
    49: 0
    50: 1
    51: 0
    52: 0
    53: 0
    54: 0
    55: 0
    56: 0
    57: 0
    58: 0
    59: 0
    60: 0
    61: 0
    62: 0
    63: 0
    64: 0
    65: 0
    66: 0
    67: 0
    68: 0
    69: 0
    70: 0
    71: 0
    72: 0
    73: 0
    74: 0
    75: 0
    76: 0
    77: 0
    78: 0
    79: 0
    80: 0
    81: 0
    82: 0
    83: 0
    84: 0
    85: 0
    86: 0
    87: 0
    88: 0
    89: 0
    90: 0
    91: 0
    92: 0
    93: 0
    94: 0
    95: 0
    96: 0
    97: 0
    98: 0
    99: 0
  mem-3: # Memory controller stats
   rd: 444246 # Read requests
   wr: 269155 # Write requests
   rdlat: 59717534 # Total latency experienced by read requests
   wrlat: 38040167 # Total latency experienced by write requests
   rdhits: 1124 # Read row hits
   wrhits: 595 # Write row hits
   mlh: # latency histogram for memory requests
    0: 0
    1: 0
    2: 0
    3: 0
    4: 0
    5: 0
    6: 0
    7: 0
    8: 0
    9: 0
    10: 0
    11: 73
    12: 119
    13: 428086
    14: 4505
    15: 2788
    16: 1195
    17: 497
    18: 544
    19: 383
    20: 482
    21: 372
    22: 261
    23: 248
    24: 282
    25: 235
    26: 225
    27: 213
    28: 237
    29: 269
    30: 248
    31: 203
    32: 270
    33: 237
    34: 220
    35: 259
    36: 239
    37: 224
    38: 245
    39: 247
    40: 229
    41: 229
    42: 231
    43: 95
    44: 13
    45: 14
    46: 9
    47: 11
    48: 4
    49: 1
    50: 0
    51: 2
    52: 2
    53: 0
    54: 0
    55: 0
    56: 0
    57: 0
    58: 0
    59: 0
    60: 0
    61: 0
    62: 0
    63: 0
    64: 0
    65: 0
    66: 0
    67: 0
    68: 0
    69: 0
    70: 0
    71: 0
    72: 0
    73: 0
    74: 0
    75: 0
    76: 0
    77: 0
    78: 0
    79: 0
    80: 0
    81: 0
    82: 0
    83: 0
    84: 0
    85: 0
    86: 0
    87: 0
    88: 0
    89: 0
    90: 0
    91: 0
    92: 0
    93: 0
    94: 0
    95: 0
    96: 0
    97: 0
    98: 0
    99: 0
 sched: # Scheduler stats
  thCr: 1 # Threads created
  thFn: 1 # Threads finished
  schedEvs: 1 # Schedule events
  waitEvs: 0 # Wait events
  handoffEvs: 0 # Handoff events
  sleepEvs: 0 # Sleep events
  idlePhases: 0 # Phases with no thread active
  idlePeriods: 0 # Periods with no thread active
  occHist: # Occupancy histogram
   0: 0
   1: 102728
  rqSzHist: # Run queue size histogram
   0: 102728
   1: 0
   2: 0
   3: 0
   4: 0
   5: 0
   6: 0
   7: 0
   8: 0
   9: 0
   10: 0
   11: 0
   12: 0
   13: 0
   14: 0
   15: 0
   16: 0
 procCycles: # Per-process unhalted core cycles
  0: 1027280956
  1: 0
  2: 0
  3: 0
  4: 0
  5: 0
  6: 0
  7: 0
  8: 0
  9: 0
  10: 0
  11: 0
  12: 0
  13: 0
  14: 0
  15: 0
  16: 0
  17: 0
  18: 0
  19: 0
  20: 0
  21: 0
  22: 0
  23: 0
  24: 0
  25: 0
  26: 0
  27: 0
  28: 0
  29: 0
  30: 0
  31: 0
  32: 0
  33: 0
  34: 0
  35: 0
  36: 0
  37: 0
  38: 0
  39: 0
  40: 0
  41: 0
  42: 0
  43: 0
  44: 0
  45: 0
  46: 0
  47: 0
  48: 0
  49: 0
  50: 0
  51: 0
  52: 0
  53: 0
  54: 0
  55: 0
  56: 0
  57: 0
  58: 0
  59: 0
  60: 0
  61: 0
  62: 0
  63: 0
 procInstrs: # Per-process instructions
  0: 1000000996
  1: 0
  2: 0
  3: 0
  4: 0
  5: 0
  6: 0
  7: 0
  8: 0
  9: 0
  10: 0
  11: 0
  12: 0
  13: 0
  14: 0
  15: 0
  16: 0
  17: 0
  18: 0
  19: 0
  20: 0
  21: 0
  22: 0
  23: 0
  24: 0
  25: 0
  26: 0
  27: 0
  28: 0
  29: 0
  30: 0
  31: 0
  32: 0
  33: 0
  34: 0
  35: 0
  36: 0
  37: 0
  38: 0
  39: 0
  40: 0
  41: 0
  42: 0
  43: 0
  44: 0
  45: 0
  46: 0
  47: 0
  48: 0
  49: 0
  50: 0
  51: 0
  52: 0
  53: 0
  54: 0
  55: 0
  56: 0
  57: 0
  58: 0
  59: 0
  60: 0
  61: 0
  62: 0
  63: 0
 heartbeats: # Per-process heartbeats
  0: 0
  1: 0
  2: 0
  3: 0
  4: 0
  5: 0
  6: 0
  7: 0
  8: 0
  9: 0
  10: 0
  11: 0
  12: 0
  13: 0
  14: 0
  15: 0
  16: 0
  17: 0
  18: 0
  19: 0
  20: 0
  21: 0
  22: 0
  23: 0
  24: 0
  25: 0
  26: 0
  27: 0
  28: 0
  29: 0
  30: 0
  31: 0
  32: 0
  33: 0
  34: 0
  35: 0
  36: 0
  37: 0
  38: 0
  39: 0
  40: 0
  41: 0
  42: 0
  43: 0
  44: 0
  45: 0
  46: 0
  47: 0
  48: 0
  49: 0
  50: 0
  51: 0
  52: 0
  53: 0
  54: 0
  55: 0
  56: 0
  57: 0
  58: 0
  59: 0
  60: 0
  61: 0
  62: 0
  63: 0
===
