[H] Starting zsim, built Sun Nov 19 14:55:03 CST 2023 (rev no git repo)
[H] Creating global segment, 1024 MBs
[H] Global segment shmid = 8945669
[H] Deadlock detection ON
[S 0] Started instance
[S 0] Started RR scheduler, quantum=10000 phases
[S 0] mem-0: domain 0, 4 ranks/ch 8 banks/rank, tech DDR3-1333-CL10, boundLat 90 rd / 40 wr
[S 0] mem-0: Address mapping rank:col:bank row 63:15 col 12:3 rank 14:13 bank 2:0
[S 0] mem-1: domain 0, 4 ranks/ch 8 banks/rank, tech DDR3-1333-CL10, boundLat 90 rd / 40 wr
[S 0] mem-1: Address mapping rank:col:bank row 63:15 col 12:3 rank 14:13 bank 2:0
[S 0] mem-2: domain 0, 4 ranks/ch 8 banks/rank, tech DDR3-1333-CL10, boundLat 90 rd / 40 wr
[S 0] mem-2: Address mapping rank:col:bank row 63:15 col 12:3 rank 14:13 bank 2:0
[S 0] mem-3: domain 0, 4 ranks/ch 8 banks/rank, tech DDR3-1333-CL10, boundLat 90 rd / 40 wr
[S 0] mem-3: Address mapping rank:col:bank row 63:15 col 12:3 rank 14:13 bank 2:0
[S 0] Hierarchy: [ l1i-0 l1d-0 ] -> l2-0
[S 0] Hierarchy: [ l2-0 ] -> l3-0
[S 0] Initialized system
[S 0] HDF5 backend: Opening ./outputs/term_project/Mockingjay/cactusADM/zsim.h5
[S 0] HDF5 backend: Created table, 5680 bytes/record, 185 records/write
[S 0] HDF5 backend: Opening ./outputs/term_project/Mockingjay/cactusADM/zsim-ev.h5
[S 0] HDF5 backend: Created table, 5680 bytes/record, 24 records/write
[S 0] HDF5 backend: Opening ./outputs/term_project/Mockingjay/cactusADM/zsim-cmp.h5
[S 0] HDF5 backend: Created table, 3136 bytes/record, 1 records/write
[S 0] Initialization complete
[H] Attached to global heap
[S 0] Started process, PID 285832
[S 0] procMask: 0x0
[S 0] [0] Adjusting clocks, domain 0, de-ffwd 0
[S 0] FFI mode initialized, 2 ffiPoints
[S 0] vDSO info initialized
[S 0] FF thread 0 starting
[S 0] Started contention simulation thread 0
[S 0] FF control Thread TID 285837
[S 0] Started scheduler watchdog thread
--------------------------------------------------------------------------------

       10                                  
  1   0101       ************************  
  01  1010 10      The Cactus Code V4.0    
 1010 1101 011      www.cactuscode.org     
  1001 100101    ************************  
    00010101                               
     100011     (c) Copyright The Authors  
      0100      GNU Licensed. No Warranty  
      0101                                 

--------------------------------------------------------------------------------

Cactus version: 4.0.b11
Parameter file: /home/grads/s/sknc/casim-csce614/benchmarks/spec_cpu2006/data/cactusADM/benchADM.par
--------------------------------------------------------------------------------

Activating thorn Cactus...Success -> active implementation Cactus
Activation requested for 
--->einstein time benchadm pugh pughreduce cartgrid3d ioutil iobasic <---
Activating thorn benchadm...Success -> active implementation benchadm
Activating thorn cartgrid3d...Success -> active implementation grid
Activating thorn einstein...Success -> active implementation einstein
Activating thorn iobasic...Success -> active implementation IOBasic
Activating thorn ioutil...Success -> active implementation IO
Activating thorn pugh...Success -> active implementation driver
Activating thorn pughreduce...Success -> active implementation reduce
Activating thorn time...Success -> active implementation time
--------------------------------------------------------------------------------
  if (recover)
    Recover parameters
  endif

  Startup routines
    BenchADM: Register slicings
    CartGrid3D: Register GH Extension for GridSymmetry
    CartGrid3D: Register coordinates for the Cartesian grid
    PUGH: Startup routine
    IOUtil: Startup routine
    IOBasic: Startup routine
    PUGHReduce: Startup routine.

  Parameter checking routines
    BenchADM: Check parameters
    CartGrid3D: Check coordinates for CartGrid3D

  Initialisation
    CartGrid3D: Set up spatial 3D Cartesian coordinates on the GH
    Einstein: Set up GF symmetries
    Einstein: Initialize slicing, setup priorities for mixed slicings
    PUGH: Report on PUGH set up
    Time: Initialise Time variables
    Time: Set timestep based on Courant condition
    Einstein: Initialisation for Einstein methods
    Einstein: Flat initial data
    BenchADM: Setup for ADM
    Einstein: Set initial lapse to a gaussian
    BenchADM: Time symmetric initial data for staggered leapfrog
    if (recover)
    endif
    if (checkpoint initial data)
    endif
    if (analysis)
      Einstein: Compute the trace of the extrinsic curvature
      Einstein: Calculate the spherical metric in r,theta(q), phi(p)
      Einstein: Calculate the spherical ex. curvature in r, theta(q), phi(p)
    endif

  do loop over timesteps
    Rotate timelevels
    iteration = iteration + 1
    t = t+dt
    Einstein: Identify the slicing for the next iteration
    BenchADM: Evolve using Staggered Leapfrog
    if (checkpoint)
    endif
    if (analysis)
      Einstein: Compute the trace of the extrinsic curvature
      Einstein: Calculate the spherical metric in r,theta(q), phi(p)
      Einstein: Calculate the spherical ex. curvature in r, theta(q), phi(p)
    endif
  enddo
  Termination routines
    PUGH: Termination routine
  Shutdown routines
--------------------------------------------------------------------------------
--------------------------------------------------------------------------------
Driver provided by PUGH
--------------------------------------------------------------------------------

INFO (IOBasic): I/O Method 'Scalar' registered
INFO (IOBasic): Scalar: Output of scalar quantities (grid scalars, reductions) to ASCII files
INFO (IOBasic): I/O Method 'Info' registered
INFO (IOBasic): Info: Output of scalar quantities (grid scalars, reductions) to screen
WARNING level 0 in thorn PUGH processor 0
  (line 838 of PUGH/Storage.c): 
  -> PUGH_EnableGArrayDataStorage: Cannot allocate data for 'z' [29]
[S 0] Shadow/NOP thread 0 finished
[S 0] Finished, code 0
[S 0] Dumping termination stats
Pin is out of memory: MmapChecked
[H] Child 285832 done
[H] All children done, exiting
