# zsim stats
===
root: # Stats
 contention: # Contention simulation stats
  domain-0: # Domain stats
   time: 20789554550 # Weave simulation time
 time: # Simulator time breakdown
  init: 1660156345
  bound: 85429337311
  weave: 22509533509
  ff: 0
 trigger: 20000 # Reason for this stats dump
 phase: 147446 # Simulated phases
 westmere: # Core stats
  westmere-0: # Core stats
   cycles: 1474461868 # Simulated unhalted cycles
   cCycles: 278571478 # Cycles due to contention stalls
   instrs: 1000000925 # Simulated instructions
   uops: 1134626306 # Retired micro-ops
   bbls: 43806283 # Basic blocks
   approxInstrs: 4636468 # Instrs with approx uop decoding
   mispredBranches: 96152 # Mispredicted branches
   condBranches: 29698743 # conditional branches
 l1i: # Cache stats
  l1i-0: # Filter cache stats
   fhGETS: 109856502 # Filtered GETS hits
   fhGETX: 0 # Filtered GETX hits
   hGETS: 646 # GETS hits
   hGETX: 0 # GETX hits
   mGETS: 26615 # GETS misses
   mGETXIM: 0 # GETX I->M misses
   mGETXSM: 0 # GETX S->M misses (upgrade misses)
   PUTS: 0 # Clean evictions (from lower level)
   PUTX: 0 # Dirty evictions (from lower level)
   INV: 26583 # Invalidates (from upper level)
   INVX: 0 # Downgrades (from upper level)
   FWD: 0 # Forwards (from upper level)
   latGETnl: 3140570 # GET request latency on next level
   latGETnet: 0 # GET request latency on network to next level
 l1d: # Cache stats
  l1d-0: # Filter cache stats
   fhGETS: 184382717 # Filtered GETS hits
   fhGETX: 55269622 # Filtered GETX hits
   hGETS: 8282334 # GETS hits
   hGETX: 6646959 # GETX hits
   mGETS: 9795841 # GETS misses
   mGETXIM: 35839624 # GETX I->M misses
   mGETXSM: 0 # GETX S->M misses (upgrade misses)
   PUTS: 0 # Clean evictions (from lower level)
   PUTX: 0 # Dirty evictions (from lower level)
   INV: 1186 # Invalidates (from upper level)
   INVX: 0 # Downgrades (from upper level)
   FWD: 0 # Forwards (from upper level)
   latGETnl: 3553921140 # GET request latency on next level
   latGETnet: 0 # GET request latency on network to next level
 l2: # Cache stats
  l2-0: # Cache stats
   hGETS: 5396 # GETS hits
   hGETX: 16639670 # GETX hits
   mGETS: 9817060 # GETS misses
   mGETXIM: 19199954 # GETX I->M misses
   mGETXSM: 0 # GETX S->M misses (upgrade misses)
   PUTS: 9655271 # Clean evictions (from lower level)
   PUTX: 35978496 # Dirty evictions (from lower level)
   INV: 28001 # Invalidates (from upper level)
   INVX: 0 # Downgrades (from upper level)
   FWD: 0 # Forwards (from upper level)
   latGETnl: 3191765070 # GET request latency on next level
   latGETnet: 0 # GET request latency on network to next level
 l3: # Cache stats
  l3-0: # Cache stats
   hGETS: 705 # GETS hits
   hGETX: 478 # GETX hits
   mGETS: 9816355 # GETS misses
   mGETXIM: 19199476 # GETX I->M misses
   mGETXSM: 0 # GETX S->M misses (upgrade misses)
   PUTS: 9649135 # Clean evictions (from lower level)
   PUTX: 19335782 # Dirty evictions (from lower level)
   INV: 0 # Invalidates (from upper level)
   INVX: 0 # Downgrades (from upper level)
   FWD: 0 # Forwards (from upper level)
   latGETnl: 2611424790 # GET request latency on next level
   latGETnet: 0 # GET request latency on network to next level
 mem: # Memory controller stats
  mem-0: # Memory controller stats
   rd: 7263873 # Read requests
   wr: 4838889 # Write requests
   rdlat: 1032224434 # Total latency experienced by read requests
   wrlat: 849515075 # Total latency experienced by write requests
   rdhits: 776 # Read row hits
   wrhits: 163315 # Write row hits
   mlh: # latency histogram for memory requests
    0: 0
    1: 0
    2: 0
    3: 0
    4: 0
    5: 0
    6: 0
    7: 0
    8: 0
    9: 2
    10: 3
    11: 21
    12: 25
    13: 4290120
    14: 1472891
    15: 988783
    16: 219648
    17: 98840
    18: 11299
    19: 20026
    20: 19818
    21: 32428
    22: 20084
    23: 13465
    24: 9251
    25: 5164
    26: 3643
    27: 3949
    28: 5269
    29: 3917
    30: 3000
    31: 2725
    32: 2412
    33: 3219
    34: 4604
    35: 2904
    36: 2117
    37: 2101
    38: 2169
    39: 3003
    40: 2952
    41: 3299
    42: 2859
    43: 1793
    44: 1067
    45: 513
    46: 729
    47: 681
    48: 1498
    49: 826
    50: 191
    51: 128
    52: 117
    53: 126
    54: 104
    55: 28
    56: 13
    57: 10
    58: 8
    59: 5
    60: 15
    61: 5
    62: 4
    63: 0
    64: 1
    65: 1
    66: 0
    67: 0
    68: 0
    69: 0
    70: 0
    71: 0
    72: 0
    73: 0
    74: 0
    75: 0
    76: 0
    77: 0
    78: 0
    79: 0
    80: 0
    81: 0
    82: 0
    83: 0
    84: 0
    85: 0
    86: 0
    87: 0
    88: 0
    89: 0
    90: 0
    91: 0
    92: 0
    93: 0
    94: 0
    95: 0
    96: 0
    97: 0
    98: 0
    99: 0
  mem-1: # Memory controller stats
   rd: 7243966 # Read requests
   wr: 4818893 # Write requests
   rdlat: 1028735696 # Total latency experienced by read requests
   wrlat: 839938279 # Total latency experienced by write requests
   rdhits: 671 # Read row hits
   wrhits: 165793 # Write row hits
   mlh: # latency histogram for memory requests
    0: 0
    1: 0
    2: 0
    3: 0
    4: 0
    5: 0
    6: 0
    7: 0
    8: 0
    9: 0
    10: 2
    11: 21
    12: 24
    13: 4299480
    14: 1454658
    15: 974259
    16: 224858
    17: 111770
    18: 10188
    19: 17668
    20: 16438
    21: 28646
    22: 18136
    23: 12742
    24: 8837
    25: 5721
    26: 3811
    27: 3812
    28: 4761
    29: 3736
    30: 2995
    31: 2774
    32: 2361
    33: 3093
    34: 4542
    35: 2802
    36: 2029
    37: 2165
    38: 2204
    39: 2983
    40: 3034
    41: 3181
    42: 2636
    43: 1843
    44: 1014
    45: 526
    46: 732
    47: 665
    48: 1431
    49: 775
    50: 158
    51: 115
    52: 114
    53: 86
    54: 84
    55: 21
    56: 6
    57: 6
    58: 10
    59: 2
    60: 3
    61: 4
    62: 3
    63: 0
    64: 1
    65: 0
    66: 0
    67: 0
    68: 0
    69: 0
    70: 0
    71: 0
    72: 0
    73: 0
    74: 0
    75: 0
    76: 0
    77: 0
    78: 0
    79: 0
    80: 0
    81: 0
    82: 0
    83: 0
    84: 0
    85: 0
    86: 0
    87: 0
    88: 0
    89: 0
    90: 0
    91: 0
    92: 0
    93: 0
    94: 0
    95: 0
    96: 0
    97: 0
    98: 0
    99: 0
  mem-2: # Memory controller stats
   rd: 7264383 # Read requests
   wr: 4839216 # Write requests
   rdlat: 1032423114 # Total latency experienced by read requests
   wrlat: 850926730 # Total latency experienced by write requests
   rdhits: 747 # Read row hits
   wrhits: 163636 # Write row hits
   mlh: # latency histogram for memory requests
    0: 0
    1: 0
    2: 0
    3: 0
    4: 0
    5: 0
    6: 0
    7: 0
    8: 0
    9: 7
    10: 2
    11: 26
    12: 24
    13: 4286796
    14: 1472863
    15: 989271
    16: 222115
    17: 99236
    18: 11242
    19: 19894
    20: 19916
    21: 32782
    22: 20214
    23: 13434
    24: 9290
    25: 5158
    26: 3571
    27: 4084
    28: 5316
    29: 3971
    30: 3043
    31: 2747
    32: 2414
    33: 3253
    34: 4655
    35: 2948
    36: 2161
    37: 2125
    38: 2167
    39: 2968
    40: 3110
    41: 3334
    42: 2614
    43: 1728
    44: 975
    45: 459
    46: 733
    47: 714
    48: 1501
    49: 815
    50: 161
    51: 124
    52: 106
    53: 116
    54: 104
    55: 40
    56: 13
    57: 8
    58: 12
    59: 3
    60: 9
    61: 6
    62: 4
    63: 0
    64: 1
    65: 0
    66: 0
    67: 0
    68: 0
    69: 0
    70: 0
    71: 0
    72: 0
    73: 0
    74: 0
    75: 0
    76: 0
    77: 0
    78: 0
    79: 0
    80: 0
    81: 0
    82: 0
    83: 0
    84: 0
    85: 0
    86: 0
    87: 0
    88: 0
    89: 0
    90: 0
    91: 0
    92: 0
    93: 0
    94: 0
    95: 0
    96: 0
    97: 0
    98: 0
    99: 0
  mem-3: # Memory controller stats
   rd: 7243559 # Read requests
   wr: 4818612 # Write requests
   rdlat: 1029051092 # Total latency experienced by read requests
   wrlat: 840367224 # Total latency experienced by write requests
   rdhits: 656 # Read row hits
   wrhits: 162384 # Write row hits
   mlh: # latency histogram for memory requests
    0: 0
    1: 0
    2: 0
    3: 0
    4: 0
    5: 0
    6: 0
    7: 0
    8: 0
    9: 2
    10: 2
    11: 23
    12: 35
    13: 4294346
    14: 1455040
    15: 971736
    16: 230833
    17: 109660
    18: 9523
    19: 17976
    20: 16571
    21: 29774
    22: 18848
    23: 13288
    24: 9111
    25: 5944
    26: 3813
    27: 3785
    28: 4875
    29: 3758
    30: 2956
    31: 2736
    32: 2426
    33: 3297
    34: 4744
    35: 2900
    36: 2040
    37: 2050
    38: 2179
    39: 2898
    40: 3024
    41: 3258
    42: 2655
    43: 1773
    44: 968
    45: 527
    46: 674
    47: 672
    48: 1457
    49: 788
    50: 140
    51: 111
    52: 84
    53: 93
    54: 89
    55: 27
    56: 25
    57: 9
    58: 3
    59: 1
    60: 4
    61: 3
    62: 2
    63: 1
    64: 2
    65: 0
    66: 0
    67: 0
    68: 0
    69: 0
    70: 0
    71: 0
    72: 0
    73: 0
    74: 0
    75: 0
    76: 0
    77: 0
    78: 0
    79: 0
    80: 0
    81: 0
    82: 0
    83: 0
    84: 0
    85: 0
    86: 0
    87: 0
    88: 0
    89: 0
    90: 0
    91: 0
    92: 0
    93: 0
    94: 0
    95: 0
    96: 0
    97: 0
    98: 0
    99: 0
 sched: # Scheduler stats
  thCr: 1 # Threads created
  thFn: 1 # Threads finished
  schedEvs: 1 # Schedule events
  waitEvs: 0 # Wait events
  handoffEvs: 0 # Handoff events
  sleepEvs: 0 # Sleep events
  idlePhases: 0 # Phases with no thread active
  idlePeriods: 0 # Periods with no thread active
  occHist: # Occupancy histogram
   0: 0
   1: 147446
  rqSzHist: # Run queue size histogram
   0: 147446
   1: 0
   2: 0
   3: 0
   4: 0
   5: 0
   6: 0
   7: 0
   8: 0
   9: 0
   10: 0
   11: 0
   12: 0
   13: 0
   14: 0
   15: 0
   16: 0
 procCycles: # Per-process unhalted core cycles
  0: 1474461868
  1: 0
  2: 0
  3: 0
  4: 0
  5: 0
  6: 0
  7: 0
  8: 0
  9: 0
  10: 0
  11: 0
  12: 0
  13: 0
  14: 0
  15: 0
  16: 0
  17: 0
  18: 0
  19: 0
  20: 0
  21: 0
  22: 0
  23: 0
  24: 0
  25: 0
  26: 0
  27: 0
  28: 0
  29: 0
  30: 0
  31: 0
  32: 0
  33: 0
  34: 0
  35: 0
  36: 0
  37: 0
  38: 0
  39: 0
  40: 0
  41: 0
  42: 0
  43: 0
  44: 0
  45: 0
  46: 0
  47: 0
  48: 0
  49: 0
  50: 0
  51: 0
  52: 0
  53: 0
  54: 0
  55: 0
  56: 0
  57: 0
  58: 0
  59: 0
  60: 0
  61: 0
  62: 0
  63: 0
 procInstrs: # Per-process instructions
  0: 1000000925
  1: 0
  2: 0
  3: 0
  4: 0
  5: 0
  6: 0
  7: 0
  8: 0
  9: 0
  10: 0
  11: 0
  12: 0
  13: 0
  14: 0
  15: 0
  16: 0
  17: 0
  18: 0
  19: 0
  20: 0
  21: 0
  22: 0
  23: 0
  24: 0
  25: 0
  26: 0
  27: 0
  28: 0
  29: 0
  30: 0
  31: 0
  32: 0
  33: 0
  34: 0
  35: 0
  36: 0
  37: 0
  38: 0
  39: 0
  40: 0
  41: 0
  42: 0
  43: 0
  44: 0
  45: 0
  46: 0
  47: 0
  48: 0
  49: 0
  50: 0
  51: 0
  52: 0
  53: 0
  54: 0
  55: 0
  56: 0
  57: 0
  58: 0
  59: 0
  60: 0
  61: 0
  62: 0
  63: 0
 heartbeats: # Per-process heartbeats
  0: 0
  1: 0
  2: 0
  3: 0
  4: 0
  5: 0
  6: 0
  7: 0
  8: 0
  9: 0
  10: 0
  11: 0
  12: 0
  13: 0
  14: 0
  15: 0
  16: 0
  17: 0
  18: 0
  19: 0
  20: 0
  21: 0
  22: 0
  23: 0
  24: 0
  25: 0
  26: 0
  27: 0
  28: 0
  29: 0
  30: 0
  31: 0
  32: 0
  33: 0
  34: 0
  35: 0
  36: 0
  37: 0
  38: 0
  39: 0
  40: 0
  41: 0
  42: 0
  43: 0
  44: 0
  45: 0
  46: 0
  47: 0
  48: 0
  49: 0
  50: 0
  51: 0
  52: 0
  53: 0
  54: 0
  55: 0
  56: 0
  57: 0
  58: 0
  59: 0
  60: 0
  61: 0
  62: 0
  63: 0
===
