# zsim stats
===
root: # Stats
 contention: # Contention simulation stats
  domain-0: # Domain stats
   time: 26876397877 # Weave simulation time
 time: # Simulator time breakdown
  init: 1713334249
  bound: 101444584191
  weave: 28928985022
  ff: 0
 trigger: 20000 # Reason for this stats dump
 phase: 148436 # Simulated phases
 westmere: # Core stats
  westmere-0: # Core stats
   cycles: 1484361776 # Simulated unhalted cycles
   cCycles: 288315141 # Cycles due to contention stalls
   instrs: 1000003647 # Simulated instructions
   uops: 1134629406 # Retired micro-ops
   bbls: 43806342 # Basic blocks
   approxInstrs: 4636484 # Instrs with approx uop decoding
   mispredBranches: 96152 # Mispredicted branches
   condBranches: 29698763 # conditional branches
 l1i: # Cache stats
  l1i-0: # Filter cache stats
   fhGETS: 109849386 # Filtered GETS hits
   fhGETX: 0 # Filtered GETX hits
   hGETS: 647 # GETS hits
   hGETX: 0 # GETX hits
   mGETS: 34005 # GETS misses
   mGETXIM: 0 # GETX I->M misses
   mGETXSM: 0 # GETX S->M misses (upgrade misses)
   PUTS: 0 # Clean evictions (from lower level)
   PUTX: 0 # Dirty evictions (from lower level)
   INV: 33973 # Invalidates (from upper level)
   INVX: 0 # Downgrades (from upper level)
   FWD: 0 # Forwards (from upper level)
   latGETnl: 4012590 # GET request latency on next level
   latGETnet: 0 # GET request latency on network to next level
 l1d: # Cache stats
  l1d-0: # Filter cache stats
   fhGETS: 184345965 # Filtered GETS hits
   fhGETX: 55254811 # Filtered GETX hits
   hGETS: 8278393 # GETS hits
   hGETX: 6646582 # GETX hits
   mGETS: 9837062 # GETS misses
   mGETXIM: 35855089 # GETX I->M misses
   mGETXSM: 0 # GETX S->M misses (upgrade misses)
   PUTS: 0 # Clean evictions (from lower level)
   PUTX: 0 # Dirty evictions (from lower level)
   INV: 9678155 # Invalidates (from upper level)
   INVX: 0 # Downgrades (from upper level)
   FWD: 0 # Forwards (from upper level)
   latGETnl: 3905037588 # GET request latency on next level
   latGETnet: 0 # GET request latency on network to next level
 l2: # Cache stats
  l2-0: # Cache stats
   hGETS: 2528 # GETS hits
   hGETX: 13472827 # GETX hits
   mGETS: 9868539 # GETS misses
   mGETXIM: 22382262 # GETX I->M misses
   mGETXSM: 0 # GETX S->M misses (upgrade misses)
   PUTS: 4671515 # Clean evictions (from lower level)
   PUTX: 31341979 # Dirty evictions (from lower level)
   INV: 16161462 # Invalidates (from upper level)
   INVX: 0 # Downgrades (from upper level)
   FWD: 0 # Forwards (from upper level)
   latGETnl: 3543240930 # GET request latency on next level
   latGETnet: 0 # GET request latency on network to next level
 l3: # Cache stats
  l3-0: # Cache stats
   hGETS: 636 # GETS hits
   hGETX: 47666 # GETX hits
   mGETS: 9867903 # GETS misses
   mGETXIM: 22334596 # GETX I->M misses
   mGETXSM: 0 # GETX S->M misses (upgrade misses)
   PUTS: 1810233 # Clean evictions (from lower level)
   PUTX: 14275323 # Dirty evictions (from lower level)
   INV: 0 # Invalidates (from upper level)
   INVX: 0 # Downgrades (from upper level)
   FWD: 0 # Forwards (from upper level)
   latGETnl: 2898224910 # GET request latency on next level
   latGETnet: 0 # GET request latency on network to next level
 mem: # Memory controller stats
  mem-0: # Memory controller stats
   rd: 8059683 # Read requests
   wr: 5615352 # Write requests
   rdlat: 1179731908 # Total latency experienced by read requests
   wrlat: 1074416721 # Total latency experienced by write requests
   rdhits: 6223 # Read row hits
   wrhits: 231419 # Write row hits
   mlh: # latency histogram for memory requests
    0: 0
    1: 0
    2: 0
    3: 0
    4: 0
    5: 0
    6: 0
    7: 0
    8: 0
    9: 26
    10: 25
    11: 432
    12: 197
    13: 4184389
    14: 1657725
    15: 1257724
    16: 386064
    17: 99462
    18: 13793
    19: 43551
    20: 78505
    21: 104868
    22: 75612
    23: 33888
    24: 17070
    25: 9326
    26: 5010
    27: 7487
    28: 9325
    29: 6033
    30: 3989
    31: 3201
    32: 2946
    33: 3688
    34: 5252
    35: 4076
    36: 3477
    37: 3315
    38: 3243
    39: 3691
    40: 4486
    41: 4836
    42: 4462
    43: 3549
    44: 2317
    45: 1114
    46: 1350
    47: 1668
    48: 3248
    49: 2128
    50: 711
    51: 570
    52: 590
    53: 495
    54: 385
    55: 152
    56: 53
    57: 39
    58: 36
    59: 21
    60: 24
    61: 23
    62: 14
    63: 7
    64: 4
    65: 1
    66: 3
    67: 3
    68: 1
    69: 0
    70: 1
    71: 1
    72: 0
    73: 0
    74: 0
    75: 1
    76: 0
    77: 0
    78: 0
    79: 0
    80: 0
    81: 0
    82: 0
    83: 0
    84: 0
    85: 0
    86: 0
    87: 0
    88: 0
    89: 0
    90: 0
    91: 0
    92: 0
    93: 0
    94: 0
    95: 0
    96: 0
    97: 0
    98: 0
    99: 0
  mem-1: # Memory controller stats
   rd: 8040782 # Read requests
   wr: 5605004 # Write requests
   rdlat: 1185437888 # Total latency experienced by read requests
   wrlat: 1084867569 # Total latency experienced by write requests
   rdhits: 7550 # Read row hits
   wrhits: 259908 # Write row hits
   mlh: # latency histogram for memory requests
    0: 0
    1: 0
    2: 0
    3: 0
    4: 0
    5: 0
    6: 0
    7: 0
    8: 0
    9: 9
    10: 5
    11: 464
    12: 163
    13: 4156931
    14: 1610692
    15: 1219811
    16: 375694
    17: 103317
    18: 12307
    19: 47629
    20: 94629
    21: 130387
    22: 97396
    23: 47793
    24: 24040
    25: 14619
    26: 6329
    27: 9142
    28: 12679
    29: 6271
    30: 4985
    31: 3404
    32: 2945
    33: 3600
    34: 5159
    35: 3949
    36: 3264
    37: 3182
    38: 3285
    39: 3732
    40: 4352
    41: 4759
    42: 4310
    43: 3626
    44: 2349
    45: 1280
    46: 1335
    47: 1656
    48: 3277
    49: 2101
    50: 790
    51: 595
    52: 757
    53: 654
    54: 508
    55: 202
    56: 95
    57: 60
    58: 48
    59: 44
    60: 59
    61: 51
    62: 36
    63: 7
    64: 9
    65: 1
    66: 2
    67: 6
    68: 1
    69: 0
    70: 0
    71: 0
    72: 0
    73: 0
    74: 0
    75: 0
    76: 0
    77: 0
    78: 0
    79: 0
    80: 0
    81: 0
    82: 0
    83: 0
    84: 0
    85: 0
    86: 0
    87: 0
    88: 0
    89: 0
    90: 0
    91: 0
    92: 0
    93: 0
    94: 0
    95: 0
    96: 0
    97: 0
    98: 0
    99: 0
  mem-2: # Memory controller stats
   rd: 8063693 # Read requests
   wr: 5620294 # Write requests
   rdlat: 1179511683 # Total latency experienced by read requests
   wrlat: 1073478267 # Total latency experienced by write requests
   rdhits: 5866 # Read row hits
   wrhits: 228784 # Write row hits
   mlh: # latency histogram for memory requests
    0: 0
    1: 0
    2: 0
    3: 0
    4: 0
    5: 0
    6: 0
    7: 0
    8: 0
    9: 23
    10: 17
    11: 486
    12: 181
    13: 4186802
    14: 1661563
    15: 1260092
    16: 389922
    17: 99588
    18: 14473
    19: 43144
    20: 78610
    21: 102259
    22: 73600
    23: 32175
    24: 16554
    25: 8776
    26: 5061
    27: 6354
    28: 9081
    29: 6220
    30: 4075
    31: 3091
    32: 2916
    33: 3568
    34: 5200
    35: 4030
    36: 3485
    37: 3180
    38: 3371
    39: 3685
    40: 4404
    41: 4669
    42: 4306
    43: 3584
    44: 2349
    45: 1237
    46: 1347
    47: 1677
    48: 3324
    49: 2101
    50: 734
    51: 554
    52: 623
    53: 453
    54: 362
    55: 108
    56: 52
    57: 33
    58: 42
    59: 29
    60: 47
    61: 27
    62: 29
    63: 6
    64: 6
    65: 2
    66: 4
    67: 0
    68: 1
    69: 0
    70: 1
    71: 0
    72: 0
    73: 0
    74: 0
    75: 0
    76: 0
    77: 0
    78: 0
    79: 0
    80: 0
    81: 0
    82: 0
    83: 0
    84: 0
    85: 0
    86: 0
    87: 0
    88: 0
    89: 0
    90: 0
    91: 0
    92: 0
    93: 0
    94: 0
    95: 0
    96: 0
    97: 0
    98: 0
    99: 0
  mem-3: # Memory controller stats
   rd: 8038282 # Read requests
   wr: 5601774 # Write requests
   rdlat: 1185402799 # Total latency experienced by read requests
   wrlat: 1083984219 # Total latency experienced by write requests
   rdhits: 7507 # Read row hits
   wrhits: 250053 # Write row hits
   mlh: # latency histogram for memory requests
    0: 0
    1: 0
    2: 0
    3: 0
    4: 0
    5: 0
    6: 0
    7: 0
    8: 0
    9: 8
    10: 4
    11: 476
    12: 203
    13: 4153090
    14: 1607717
    15: 1218580
    16: 377356
    17: 104220
    18: 12817
    19: 48469
    20: 91417
    21: 132477
    22: 98838
    23: 49770
    24: 24081
    25: 14785
    26: 7373
    27: 8042
    28: 10619
    29: 7140
    30: 5118
    31: 3452
    32: 3034
    33: 3653
    34: 5134
    35: 3974
    36: 3232
    37: 3246
    38: 3265
    39: 3720
    40: 4311
    41: 4698
    42: 4391
    43: 3615
    44: 2382
    45: 1193
    46: 1280
    47: 1791
    48: 3249
    49: 2170
    50: 764
    51: 633
    52: 749
    53: 656
    54: 501
    55: 216
    56: 97
    57: 49
    58: 51
    59: 40
    60: 42
    61: 36
    62: 27
    63: 9
    64: 8
    65: 3
    66: 5
    67: 3
    68: 2
    69: 1
    70: 0
    71: 0
    72: 0
    73: 0
    74: 0
    75: 0
    76: 0
    77: 0
    78: 0
    79: 0
    80: 0
    81: 0
    82: 0
    83: 0
    84: 0
    85: 0
    86: 0
    87: 0
    88: 0
    89: 0
    90: 0
    91: 0
    92: 0
    93: 0
    94: 0
    95: 0
    96: 0
    97: 0
    98: 0
    99: 0
 sched: # Scheduler stats
  thCr: 1 # Threads created
  thFn: 1 # Threads finished
  schedEvs: 1 # Schedule events
  waitEvs: 0 # Wait events
  handoffEvs: 0 # Handoff events
  sleepEvs: 0 # Sleep events
  idlePhases: 0 # Phases with no thread active
  idlePeriods: 0 # Periods with no thread active
  occHist: # Occupancy histogram
   0: 0
   1: 148436
  rqSzHist: # Run queue size histogram
   0: 148436
   1: 0
   2: 0
   3: 0
   4: 0
   5: 0
   6: 0
   7: 0
   8: 0
   9: 0
   10: 0
   11: 0
   12: 0
   13: 0
   14: 0
   15: 0
   16: 0
 procCycles: # Per-process unhalted core cycles
  0: 1484361776
  1: 0
  2: 0
  3: 0
  4: 0
  5: 0
  6: 0
  7: 0
  8: 0
  9: 0
  10: 0
  11: 0
  12: 0
  13: 0
  14: 0
  15: 0
  16: 0
  17: 0
  18: 0
  19: 0
  20: 0
  21: 0
  22: 0
  23: 0
  24: 0
  25: 0
  26: 0
  27: 0
  28: 0
  29: 0
  30: 0
  31: 0
  32: 0
  33: 0
  34: 0
  35: 0
  36: 0
  37: 0
  38: 0
  39: 0
  40: 0
  41: 0
  42: 0
  43: 0
  44: 0
  45: 0
  46: 0
  47: 0
  48: 0
  49: 0
  50: 0
  51: 0
  52: 0
  53: 0
  54: 0
  55: 0
  56: 0
  57: 0
  58: 0
  59: 0
  60: 0
  61: 0
  62: 0
  63: 0
 procInstrs: # Per-process instructions
  0: 1000003647
  1: 0
  2: 0
  3: 0
  4: 0
  5: 0
  6: 0
  7: 0
  8: 0
  9: 0
  10: 0
  11: 0
  12: 0
  13: 0
  14: 0
  15: 0
  16: 0
  17: 0
  18: 0
  19: 0
  20: 0
  21: 0
  22: 0
  23: 0
  24: 0
  25: 0
  26: 0
  27: 0
  28: 0
  29: 0
  30: 0
  31: 0
  32: 0
  33: 0
  34: 0
  35: 0
  36: 0
  37: 0
  38: 0
  39: 0
  40: 0
  41: 0
  42: 0
  43: 0
  44: 0
  45: 0
  46: 0
  47: 0
  48: 0
  49: 0
  50: 0
  51: 0
  52: 0
  53: 0
  54: 0
  55: 0
  56: 0
  57: 0
  58: 0
  59: 0
  60: 0
  61: 0
  62: 0
  63: 0
 heartbeats: # Per-process heartbeats
  0: 0
  1: 0
  2: 0
  3: 0
  4: 0
  5: 0
  6: 0
  7: 0
  8: 0
  9: 0
  10: 0
  11: 0
  12: 0
  13: 0
  14: 0
  15: 0
  16: 0
  17: 0
  18: 0
  19: 0
  20: 0
  21: 0
  22: 0
  23: 0
  24: 0
  25: 0
  26: 0
  27: 0
  28: 0
  29: 0
  30: 0
  31: 0
  32: 0
  33: 0
  34: 0
  35: 0
  36: 0
  37: 0
  38: 0
  39: 0
  40: 0
  41: 0
  42: 0
  43: 0
  44: 0
  45: 0
  46: 0
  47: 0
  48: 0
  49: 0
  50: 0
  51: 0
  52: 0
  53: 0
  54: 0
  55: 0
  56: 0
  57: 0
  58: 0
  59: 0
  60: 0
  61: 0
  62: 0
  63: 0
===
