# zsim stats
===
root: # Stats
 contention: # Contention simulation stats
  domain-0: # Domain stats
   time: 499470212 # Weave simulation time
 time: # Simulator time breakdown
  init: 1696487384
  bound: 59739441163
  weave: 2265511975
  ff: 0
 trigger: 20000 # Reason for this stats dump
 phase: 55269 # Simulated phases
 westmere: # Core stats
  westmere-0: # Core stats
   cycles: 552690004 # Simulated unhalted cycles
   cCycles: 8592466 # Cycles due to contention stalls
   instrs: 1000001372 # Simulated instructions
   uops: 1425248947 # Retired micro-ops
   bbls: 48442658 # Basic blocks
   approxInstrs: 31622 # Instrs with approx uop decoding
   mispredBranches: 255414 # Mispredicted branches
   condBranches: 47610544 # conditional branches
 l1i: # Cache stats
  l1i-0: # Filter cache stats
   fhGETS: 94812010 # Filtered GETS hits
   fhGETX: 0 # Filtered GETX hits
   hGETS: 300434 # GETS hits
   hGETX: 0 # GETX hits
   mGETS: 23730 # GETS misses
   mGETXIM: 0 # GETX I->M misses
   mGETXSM: 0 # GETX S->M misses (upgrade misses)
   PUTS: 0 # Clean evictions (from lower level)
   PUTX: 0 # Dirty evictions (from lower level)
   INV: 8 # Invalidates (from upper level)
   INVX: 0 # Downgrades (from upper level)
   FWD: 0 # Forwards (from upper level)
   latGETnl: 574480 # GET request latency on next level
   latGETnet: 0 # GET request latency on network to next level
 l1d: # Cache stats
  l1d-0: # Filter cache stats
   fhGETS: 272582155 # Filtered GETS hits
   fhGETX: 90818408 # Filtered GETX hits
   hGETS: 155247664 # GETS hits
   hGETX: 59263872 # GETX hits
   mGETS: 2423512 # GETS misses
   mGETXIM: 2907448 # GETX I->M misses
   mGETXSM: 0 # GETX S->M misses (upgrade misses)
   PUTS: 0 # Clean evictions (from lower level)
   PUTX: 0 # Dirty evictions (from lower level)
   INV: 0 # Invalidates (from upper level)
   INVX: 0 # Downgrades (from upper level)
   FWD: 0 # Forwards (from upper level)
   latGETnl: 133221260 # GET request latency on next level
   latGETnet: 0 # GET request latency on network to next level
 l2: # Cache stats
  l2-0: # Cache stats
   hGETS: 2114158 # GETS hits
   hGETX: 12462 # GETX hits
   mGETS: 333084 # GETS misses
   mGETXIM: 2894986 # GETX I->M misses
   mGETXSM: 0 # GETX S->M misses (upgrade misses)
   PUTS: 2434379 # Clean evictions (from lower level)
   PUTX: 2919283 # Dirty evictions (from lower level)
   INV: 0 # Invalidates (from upper level)
   INVX: 0 # Downgrades (from upper level)
   FWD: 0 # Forwards (from upper level)
   latGETnl: 90958220 # GET request latency on next level
   latGETnet: 0 # GET request latency on network to next level
 l3: # Cache stats
  l3-0: # Cache stats
   hGETS: 322479 # GETS hits
   hGETX: 2612293 # GETX hits
   mGETS: 10605 # GETS misses
   mGETXIM: 282693 # GETX I->M misses
   mGETXSM: 0 # GETX S->M misses (upgrade misses)
   PUTS: 318787 # Clean evictions (from lower level)
   PUTX: 2905187 # Dirty evictions (from lower level)
   INV: 0 # Invalidates (from upper level)
   INVX: 0 # Downgrades (from upper level)
   FWD: 0 # Forwards (from upper level)
   latGETnl: 26396820 # GET request latency on next level
   latGETnet: 0 # GET request latency on network to next level
 mem: # Memory controller stats
  mem-0: # Memory controller stats
   rd: 72694 # Read requests
   wr: 62930 # Write requests
   rdlat: 9896926 # Total latency experienced by read requests
   wrlat: 8848779 # Total latency experienced by write requests
   rdhits: 4 # Read row hits
   wrhits: 1005 # Write row hits
   mlh: # latency histogram for memory requests
    0: 0
    1: 0
    2: 0
    3: 0
    4: 0
    5: 0
    6: 0
    7: 0
    8: 0
    9: 0
    10: 0
    11: 0
    12: 2
    13: 61281
    14: 10174
    15: 141
    16: 62
    17: 43
    18: 45
    19: 37
    20: 39
    21: 40
    22: 37
    23: 45
    24: 28
    25: 28
    26: 37
    27: 22
    28: 19
    29: 30
    30: 32
    31: 34
    32: 40
    33: 66
    34: 43
    35: 33
    36: 24
    37: 45
    38: 46
    39: 47
    40: 42
    41: 45
    42: 34
    43: 13
    44: 1
    45: 0
    46: 2
    47: 36
    48: 1
    49: 0
    50: 0
    51: 0
    52: 0
    53: 0
    54: 0
    55: 0
    56: 0
    57: 0
    58: 0
    59: 0
    60: 0
    61: 0
    62: 0
    63: 0
    64: 0
    65: 0
    66: 0
    67: 0
    68: 0
    69: 0
    70: 0
    71: 0
    72: 0
    73: 0
    74: 0
    75: 0
    76: 0
    77: 0
    78: 0
    79: 0
    80: 0
    81: 0
    82: 0
    83: 0
    84: 0
    85: 0
    86: 0
    87: 0
    88: 0
    89: 0
    90: 0
    91: 0
    92: 0
    93: 0
    94: 0
    95: 0
    96: 0
    97: 0
    98: 0
    99: 0
  mem-1: # Memory controller stats
   rd: 72963 # Read requests
   wr: 63205 # Write requests
   rdlat: 9937342 # Total latency experienced by read requests
   wrlat: 8874493 # Total latency experienced by write requests
   rdhits: 15 # Read row hits
   wrhits: 1030 # Write row hits
   mlh: # latency histogram for memory requests
    0: 0
    1: 0
    2: 0
    3: 0
    4: 0
    5: 0
    6: 0
    7: 0
    8: 0
    9: 0
    10: 0
    11: 5
    12: 3
    13: 61541
    14: 10140
    15: 147
    16: 63
    17: 35
    18: 32
    19: 27
    20: 35
    21: 44
    22: 36
    23: 40
    24: 53
    25: 32
    26: 33
    27: 24
    28: 33
    29: 37
    30: 31
    31: 36
    32: 41
    33: 74
    34: 47
    35: 47
    36: 44
    37: 55
    38: 39
    39: 25
    40: 32
    41: 44
    42: 41
    43: 13
    44: 2
    45: 0
    46: 2
    47: 27
    48: 3
    49: 0
    50: 0
    51: 0
    52: 0
    53: 0
    54: 0
    55: 0
    56: 0
    57: 0
    58: 0
    59: 0
    60: 0
    61: 0
    62: 0
    63: 0
    64: 0
    65: 0
    66: 0
    67: 0
    68: 0
    69: 0
    70: 0
    71: 0
    72: 0
    73: 0
    74: 0
    75: 0
    76: 0
    77: 0
    78: 0
    79: 0
    80: 0
    81: 0
    82: 0
    83: 0
    84: 0
    85: 0
    86: 0
    87: 0
    88: 0
    89: 0
    90: 0
    91: 0
    92: 0
    93: 0
    94: 0
    95: 0
    96: 0
    97: 0
    98: 0
    99: 0
  mem-2: # Memory controller stats
   rd: 73804 # Read requests
   wr: 64061 # Write requests
   rdlat: 10037890 # Total latency experienced by read requests
   wrlat: 9022019 # Total latency experienced by write requests
   rdhits: 1 # Read row hits
   wrhits: 1003 # Write row hits
   mlh: # latency histogram for memory requests
    0: 0
    1: 0
    2: 0
    3: 0
    4: 0
    5: 0
    6: 0
    7: 0
    8: 0
    9: 0
    10: 0
    11: 0
    12: 1
    13: 62370
    14: 10208
    15: 138
    16: 55
    17: 33
    18: 33
    19: 32
    20: 40
    21: 54
    22: 38
    23: 26
    24: 34
    25: 34
    26: 44
    27: 37
    28: 34
    29: 34
    30: 34
    31: 33
    32: 50
    33: 72
    34: 52
    35: 30
    36: 43
    37: 40
    38: 41
    39: 31
    40: 29
    41: 26
    42: 32
    43: 19
    44: 2
    45: 0
    46: 3
    47: 21
    48: 1
    49: 0
    50: 0
    51: 0
    52: 0
    53: 0
    54: 0
    55: 0
    56: 0
    57: 0
    58: 0
    59: 0
    60: 0
    61: 0
    62: 0
    63: 0
    64: 0
    65: 0
    66: 0
    67: 0
    68: 0
    69: 0
    70: 0
    71: 0
    72: 0
    73: 0
    74: 0
    75: 0
    76: 0
    77: 0
    78: 0
    79: 0
    80: 0
    81: 0
    82: 0
    83: 0
    84: 0
    85: 0
    86: 0
    87: 0
    88: 0
    89: 0
    90: 0
    91: 0
    92: 0
    93: 0
    94: 0
    95: 0
    96: 0
    97: 0
    98: 0
    99: 0
  mem-3: # Memory controller stats
   rd: 73837 # Read requests
   wr: 64255 # Write requests
   rdlat: 10055678 # Total latency experienced by read requests
   wrlat: 9036273 # Total latency experienced by write requests
   rdhits: 12 # Read row hits
   wrhits: 966 # Write row hits
   mlh: # latency histogram for memory requests
    0: 0
    1: 0
    2: 0
    3: 0
    4: 0
    5: 0
    6: 0
    7: 0
    8: 0
    9: 0
    10: 0
    11: 2
    12: 3
    13: 62343
    14: 10205
    15: 136
    16: 64
    17: 16
    18: 34
    19: 40
    20: 44
    21: 62
    22: 58
    23: 41
    24: 37
    25: 23
    26: 42
    27: 34
    28: 32
    29: 34
    30: 29
    31: 30
    32: 36
    33: 76
    34: 53
    35: 33
    36: 33
    37: 47
    38: 35
    39: 34
    40: 42
    41: 33
    42: 44
    43: 20
    44: 0
    45: 0
    46: 3
    47: 37
    48: 2
    49: 0
    50: 0
    51: 0
    52: 0
    53: 0
    54: 0
    55: 0
    56: 0
    57: 0
    58: 0
    59: 0
    60: 0
    61: 0
    62: 0
    63: 0
    64: 0
    65: 0
    66: 0
    67: 0
    68: 0
    69: 0
    70: 0
    71: 0
    72: 0
    73: 0
    74: 0
    75: 0
    76: 0
    77: 0
    78: 0
    79: 0
    80: 0
    81: 0
    82: 0
    83: 0
    84: 0
    85: 0
    86: 0
    87: 0
    88: 0
    89: 0
    90: 0
    91: 0
    92: 0
    93: 0
    94: 0
    95: 0
    96: 0
    97: 0
    98: 0
    99: 0
 sched: # Scheduler stats
  thCr: 1 # Threads created
  thFn: 1 # Threads finished
  schedEvs: 1 # Schedule events
  waitEvs: 0 # Wait events
  handoffEvs: 0 # Handoff events
  sleepEvs: 0 # Sleep events
  idlePhases: 0 # Phases with no thread active
  idlePeriods: 0 # Periods with no thread active
  occHist: # Occupancy histogram
   0: 0
   1: 55269
  rqSzHist: # Run queue size histogram
   0: 55269
   1: 0
   2: 0
   3: 0
   4: 0
   5: 0
   6: 0
   7: 0
   8: 0
   9: 0
   10: 0
   11: 0
   12: 0
   13: 0
   14: 0
   15: 0
   16: 0
 procCycles: # Per-process unhalted core cycles
  0: 552690004
  1: 0
  2: 0
  3: 0
  4: 0
  5: 0
  6: 0
  7: 0
  8: 0
  9: 0
  10: 0
  11: 0
  12: 0
  13: 0
  14: 0
  15: 0
  16: 0
  17: 0
  18: 0
  19: 0
  20: 0
  21: 0
  22: 0
  23: 0
  24: 0
  25: 0
  26: 0
  27: 0
  28: 0
  29: 0
  30: 0
  31: 0
  32: 0
  33: 0
  34: 0
  35: 0
  36: 0
  37: 0
  38: 0
  39: 0
  40: 0
  41: 0
  42: 0
  43: 0
  44: 0
  45: 0
  46: 0
  47: 0
  48: 0
  49: 0
  50: 0
  51: 0
  52: 0
  53: 0
  54: 0
  55: 0
  56: 0
  57: 0
  58: 0
  59: 0
  60: 0
  61: 0
  62: 0
  63: 0
 procInstrs: # Per-process instructions
  0: 1000001372
  1: 0
  2: 0
  3: 0
  4: 0
  5: 0
  6: 0
  7: 0
  8: 0
  9: 0
  10: 0
  11: 0
  12: 0
  13: 0
  14: 0
  15: 0
  16: 0
  17: 0
  18: 0
  19: 0
  20: 0
  21: 0
  22: 0
  23: 0
  24: 0
  25: 0
  26: 0
  27: 0
  28: 0
  29: 0
  30: 0
  31: 0
  32: 0
  33: 0
  34: 0
  35: 0
  36: 0
  37: 0
  38: 0
  39: 0
  40: 0
  41: 0
  42: 0
  43: 0
  44: 0
  45: 0
  46: 0
  47: 0
  48: 0
  49: 0
  50: 0
  51: 0
  52: 0
  53: 0
  54: 0
  55: 0
  56: 0
  57: 0
  58: 0
  59: 0
  60: 0
  61: 0
  62: 0
  63: 0
 heartbeats: # Per-process heartbeats
  0: 0
  1: 0
  2: 0
  3: 0
  4: 0
  5: 0
  6: 0
  7: 0
  8: 0
  9: 0
  10: 0
  11: 0
  12: 0
  13: 0
  14: 0
  15: 0
  16: 0
  17: 0
  18: 0
  19: 0
  20: 0
  21: 0
  22: 0
  23: 0
  24: 0
  25: 0
  26: 0
  27: 0
  28: 0
  29: 0
  30: 0
  31: 0
  32: 0
  33: 0
  34: 0
  35: 0
  36: 0
  37: 0
  38: 0
  39: 0
  40: 0
  41: 0
  42: 0
  43: 0
  44: 0
  45: 0
  46: 0
  47: 0
  48: 0
  49: 0
  50: 0
  51: 0
  52: 0
  53: 0
  54: 0
  55: 0
  56: 0
  57: 0
  58: 0
  59: 0
  60: 0
  61: 0
  62: 0
  63: 0
===
