[H] Starting zsim, built Fri Dec  8 17:41:20 CST 2023 (rev no git repo)
[H] Creating global segment, 1024 MBs
[H] Global segment shmid = 11829292
[H] Deadlock detection ON
[S 0] Started instance
[S 0] Started RR scheduler, quantum=10000 phases
[S 0] mem-0: domain 0, 4 ranks/ch 8 banks/rank, tech DDR3-1333-CL10, boundLat 90 rd / 40 wr
[S 0] mem-0: Address mapping rank:col:bank row 63:15 col 12:3 rank 14:13 bank 2:0
[S 0] mem-1: domain 0, 4 ranks/ch 8 banks/rank, tech DDR3-1333-CL10, boundLat 90 rd / 40 wr
[S 0] mem-1: Address mapping rank:col:bank row 63:15 col 12:3 rank 14:13 bank 2:0
[S 0] mem-2: domain 0, 4 ranks/ch 8 banks/rank, tech DDR3-1333-CL10, boundLat 90 rd / 40 wr
[S 0] mem-2: Address mapping rank:col:bank row 63:15 col 12:3 rank 14:13 bank 2:0
[S 0] mem-3: domain 0, 4 ranks/ch 8 banks/rank, tech DDR3-1333-CL10, boundLat 90 rd / 40 wr
[S 0] mem-3: Address mapping rank:col:bank row 63:15 col 12:3 rank 14:13 bank 2:0
[S 0] Hierarchy: [ l1i-0 l1d-0 ] -> l2-0
[S 0] Hierarchy: [ l2-0 ] -> l3-0
[S 0] Initialized system
[S 0] HDF5 backend: Opening ./outputs/term_project/Mockingjay/sjeng/zsim.h5
[S 0] HDF5 backend: Created table, 5680 bytes/record, 185 records/write
[S 0] HDF5 backend: Opening ./outputs/term_project/Mockingjay/sjeng/zsim-ev.h5
[S 0] HDF5 backend: Created table, 5680 bytes/record, 24 records/write
[S 0] HDF5 backend: Opening ./outputs/term_project/Mockingjay/sjeng/zsim-cmp.h5
[S 0] HDF5 backend: Created table, 3136 bytes/record, 1 records/write
[S 0] Initialization complete
[H] Attached to global heap
[S 0] Started process, PID 21504
[S 0] procMask: 0x0
[S 0] [0] Adjusting clocks, domain 0, de-ffwd 0
[S 0] FFI mode initialized, 2 ffiPoints
[S 0] vDSO info initialized
[S 0] FF thread 0 starting
[S 0] Started scheduler watchdog thread
[S 0] FF control Thread TID 21510
[S 0] Started contention simulation thread 0

Sjeng version SPEC 1.0, Copyright (C) 2000-2005 Gian-Carlo Pascutto

SPEC Workload

  +----+----+----+----+----+----+----+----+
8 | *R |    |    |    | *K | *B |    | *R |
  +----+----+----+----+----+----+----+----+
7 |    | *B | *Q |    |    | *P |  R |    |
  +----+----+----+----+----+----+----+----+
6 | *P |    |    |    |    |  P |    |    |
  +----+----+----+----+----+----+----+----+
5 |    |    |    |  P | *P |    |    | *P |
  +----+----+----+----+----+----+----+----+
4 |    | *P |    |    |    |    |    |    |
  +----+----+----+----+----+----+----+----+
3 |    |    |    |    |    |    |  Q |  B |
  +----+----+----+----+----+----+----+----+
2 |  P |  P |  P |    |    |    |    |  P |
  +----+----+----+----+----+----+----+----+
1 |    |    |  K |  R |    |    |    |    |
  +----+----+----+----+----+----+----+----+

     a    b    c    d    e    f    g    h

EPD: r3kb1r/1bq2pR1/p4P2/3Pp2p/1p6/6QB/PPP4P/2KR4 b kq - bm Rd8 h4; id "CCC-ANAL-2";

Searching to 12 ply
Middlegame phase.
Time for move : 1000000
 2  2.45       200 Bxg7 fxg7 Rg8 
 2  2.45       993 Bxg7 fxg7 Rg8 
 3  2.10      1259 Bxg7 ??
 3  2.11      1724 Rd8 !
 3  2.44      3553 Rd8 Be6 Bxg7 fxg7 
 4  2.45      5553 Rd8 Be6 Bxg7 fxg7 Rg8 
 4  2.46      8782 h4 !
 4  2.45     11179 Rd8 Be6 Bxg7 fxg7 Rg8 
 5  2.21     21737 Rd8 Qb3 Qa5 c4 Bxg7 fxg7 
[S 0] ffiPoint reached, 200000002 instrs, limit 200000000
[S 0] FFI: Exiting fast-forward
[S 0] [0] Adjusting clocks, domain 0, de-ffwd 1
[S 0] Thread 0 starting
 5  2.21     35796 Rd8 Qb3 Qa5 c4 Bxg7 fxg7 
 6  1.92     63209 Rd8 Be6 Bxg7 Bxf7+ Qxf7 fxg7 Qf6 g8=Q+ Rxg8 Qxg8+ 
 6  1.93     64970 h4 !
 6  2.15    137404 h4 Qb3 Qa5 Bd7+ Kxd7 Rxf7+ Kc8 Qh3+ Kb8 
 7  1.80    237492 h4 ??
 7  1.81    271845 Rd8 !
[S 0] FFI: Entering fast-forward for process 0
[S 0] Thread 0 entering fast-forward
[S 0] Last ffiPoint reached, 1200001369 instrs, limit 1200000000
[S 0] Dumping termination stats
[H] Child 21504 done
[H] All children done, exiting
