# zsim stats
===
root: # Stats
 contention: # Contention simulation stats
  domain-0: # Domain stats
   time: 555602866 # Weave simulation time
 time: # Simulator time breakdown
  init: 1948370822
  bound: 63701776980
  weave: 1670373706
  ff: 0
 trigger: 20000 # Reason for this stats dump
 phase: 80301 # Simulated phases
 westmere: # Core stats
  westmere-0: # Core stats
   cycles: 803010290 # Simulated unhalted cycles
   cCycles: 11505072 # Cycles due to contention stalls
   instrs: 1000002542 # Simulated instructions
   uops: 1104297736 # Retired micro-ops
   bbls: 227951943 # Basic blocks
   approxInstrs: 1743624 # Instrs with approx uop decoding
   mispredBranches: 19370847 # Mispredicted branches
   condBranches: 192175183 # conditional branches
 l1i: # Cache stats
  l1i-0: # Filter cache stats
   fhGETS: 288074616 # Filtered GETS hits
   fhGETX: 0 # Filtered GETX hits
   hGETS: 43235766 # GETS hits
   hGETX: 0 # GETX hits
   mGETS: 294904 # GETS misses
   mGETXIM: 0 # GETX I->M misses
   mGETXSM: 0 # GETX S->M misses (upgrade misses)
   PUTS: 0 # Clean evictions (from lower level)
   PUTX: 0 # Dirty evictions (from lower level)
   INV: 1372 # Invalidates (from upper level)
   INVX: 0 # Downgrades (from upper level)
   FWD: 0 # Forwards (from upper level)
   latGETnl: 2726202 # GET request latency on next level
   latGETnet: 0 # GET request latency on network to next level
 l1d: # Cache stats
  l1d-0: # Filter cache stats
   fhGETS: 213420066 # Filtered GETS hits
   fhGETX: 82248766 # Filtered GETX hits
   hGETS: 26742901 # GETS hits
   hGETX: 12330092 # GETX hits
   mGETS: 887325 # GETS misses
   mGETXIM: 410254 # GETX I->M misses
   mGETXSM: 0 # GETX S->M misses (upgrade misses)
   PUTS: 0 # Clean evictions (from lower level)
   PUTX: 0 # Dirty evictions (from lower level)
   INV: 15267 # Invalidates (from upper level)
   INVX: 0 # Downgrades (from upper level)
   FWD: 0 # Forwards (from upper level)
   latGETnl: 48545172 # GET request latency on next level
   latGETnet: 0 # GET request latency on network to next level
 l2: # Cache stats
  l2-0: # Cache stats
   hGETS: 826140 # GETS hits
   hGETX: 372589 # GETX hits
   mGETS: 356089 # GETS misses
   mGETXIM: 37665 # GETX I->M misses
   mGETXSM: 0 # GETX S->M misses (upgrade misses)
   PUTS: 875357 # Clean evictions (from lower level)
   PUTX: 699465 # Dirty evictions (from lower level)
   INV: 198178 # Invalidates (from upper level)
   INVX: 0 # Downgrades (from upper level)
   FWD: 0 # Forwards (from upper level)
   latGETnl: 38531510 # GET request latency on next level
   latGETnet: 0 # GET request latency on network to next level
 l3: # Cache stats
  l3-0: # Cache stats
   hGETS: 39117 # GETS hits
   hGETX: 14010 # GETX hits
   mGETS: 316972 # GETS misses
   mGETXIM: 23655 # GETX I->M misses
   mGETXSM: 0 # GETX S->M misses (upgrade misses)
   PUTS: 66211 # Clean evictions (from lower level)
   PUTX: 125711 # Dirty evictions (from lower level)
   INV: 0 # Invalidates (from upper level)
   INVX: 0 # Downgrades (from upper level)
   FWD: 0 # Forwards (from upper level)
   latGETnl: 30656430 # GET request latency on next level
   latGETnet: 0 # GET request latency on network to next level
 mem: # Memory controller stats
  mem-0: # Memory controller stats
   rd: 84638 # Read requests
   wr: 60889 # Write requests
   rdlat: 11332463 # Total latency experienced by read requests
   wrlat: 8503737 # Total latency experienced by write requests
   rdhits: 6 # Read row hits
   wrhits: 11 # Write row hits
   mlh: # latency histogram for memory requests
    0: 0
    1: 0
    2: 0
    3: 0
    4: 0
    5: 0
    6: 0
    7: 0
    8: 0
    9: 0
    10: 0
    11: 0
    12: 0
    13: 83182
    14: 82
    15: 104
    16: 66
    17: 32
    18: 43
    19: 34
    20: 45
    21: 47
    22: 42
    23: 54
    24: 72
    25: 46
    26: 46
    27: 49
    28: 43
    29: 39
    30: 48
    31: 53
    32: 44
    33: 49
    34: 42
    35: 47
    36: 57
    37: 32
    38: 41
    39: 40
    40: 46
    41: 41
    42: 48
    43: 20
    44: 0
    45: 2
    46: 2
    47: 0
    48: 0
    49: 0
    50: 0
    51: 0
    52: 0
    53: 0
    54: 0
    55: 0
    56: 0
    57: 0
    58: 0
    59: 0
    60: 0
    61: 0
    62: 0
    63: 0
    64: 0
    65: 0
    66: 0
    67: 0
    68: 0
    69: 0
    70: 0
    71: 0
    72: 0
    73: 0
    74: 0
    75: 0
    76: 0
    77: 0
    78: 0
    79: 0
    80: 0
    81: 0
    82: 0
    83: 0
    84: 0
    85: 0
    86: 0
    87: 0
    88: 0
    89: 0
    90: 0
    91: 0
    92: 0
    93: 0
    94: 0
    95: 0
    96: 0
    97: 0
    98: 0
    99: 0
  mem-1: # Memory controller stats
   rd: 84880 # Read requests
   wr: 60618 # Write requests
   rdlat: 11371644 # Total latency experienced by read requests
   wrlat: 8477070 # Total latency experienced by write requests
   rdhits: 5 # Read row hits
   wrhits: 15 # Write row hits
   mlh: # latency histogram for memory requests
    0: 0
    1: 0
    2: 0
    3: 0
    4: 0
    5: 0
    6: 0
    7: 0
    8: 0
    9: 0
    10: 0
    11: 0
    12: 0
    13: 83420
    14: 82
    15: 102
    16: 52
    17: 35
    18: 27
    19: 36
    20: 31
    21: 44
    22: 39
    23: 61
    24: 80
    25: 55
    26: 36
    27: 49
    28: 42
    29: 49
    30: 44
    31: 58
    32: 45
    33: 45
    34: 41
    35: 50
    36: 69
    37: 59
    38: 34
    39: 47
    40: 44
    41: 39
    42: 46
    43: 12
    44: 0
    45: 1
    46: 4
    47: 1
    48: 0
    49: 0
    50: 0
    51: 1
    52: 0
    53: 0
    54: 0
    55: 0
    56: 0
    57: 0
    58: 0
    59: 0
    60: 0
    61: 0
    62: 0
    63: 0
    64: 0
    65: 0
    66: 0
    67: 0
    68: 0
    69: 0
    70: 0
    71: 0
    72: 0
    73: 0
    74: 0
    75: 0
    76: 0
    77: 0
    78: 0
    79: 0
    80: 0
    81: 0
    82: 0
    83: 0
    84: 0
    85: 0
    86: 0
    87: 0
    88: 0
    89: 0
    90: 0
    91: 0
    92: 0
    93: 0
    94: 0
    95: 0
    96: 0
    97: 0
    98: 0
    99: 0
  mem-2: # Memory controller stats
   rd: 85564 # Read requests
   wr: 61441 # Write requests
   rdlat: 11469731 # Total latency experienced by read requests
   wrlat: 8585412 # Total latency experienced by write requests
   rdhits: 7 # Read row hits
   wrhits: 7 # Write row hits
   mlh: # latency histogram for memory requests
    0: 0
    1: 0
    2: 0
    3: 0
    4: 0
    5: 0
    6: 0
    7: 0
    8: 0
    9: 0
    10: 0
    11: 0
    12: 1
    13: 84021
    14: 101
    15: 99
    16: 69
    17: 28
    18: 44
    19: 30
    20: 44
    21: 42
    22: 44
    23: 67
    24: 88
    25: 48
    26: 37
    27: 45
    28: 47
    29: 40
    30: 42
    31: 69
    32: 59
    33: 51
    34: 48
    35: 47
    36: 46
    37: 44
    38: 44
    39: 45
    40: 45
    41: 50
    42: 54
    43: 19
    44: 0
    45: 0
    46: 3
    47: 3
    48: 0
    49: 0
    50: 0
    51: 0
    52: 0
    53: 0
    54: 0
    55: 0
    56: 0
    57: 0
    58: 0
    59: 0
    60: 0
    61: 0
    62: 0
    63: 0
    64: 0
    65: 0
    66: 0
    67: 0
    68: 0
    69: 0
    70: 0
    71: 0
    72: 0
    73: 0
    74: 0
    75: 0
    76: 0
    77: 0
    78: 0
    79: 0
    80: 0
    81: 0
    82: 0
    83: 0
    84: 0
    85: 0
    86: 0
    87: 0
    88: 0
    89: 0
    90: 0
    91: 0
    92: 0
    93: 0
    94: 0
    95: 0
    96: 0
    97: 0
    98: 0
    99: 0
  mem-3: # Memory controller stats
   rd: 85545 # Read requests
   wr: 61180 # Write requests
   rdlat: 11453439 # Total latency experienced by read requests
   wrlat: 8543908 # Total latency experienced by write requests
   rdhits: 9 # Read row hits
   wrhits: 11 # Write row hits
   mlh: # latency histogram for memory requests
    0: 0
    1: 0
    2: 0
    3: 0
    4: 0
    5: 0
    6: 0
    7: 0
    8: 0
    9: 0
    10: 0
    11: 0
    12: 0
    13: 84123
    14: 86
    15: 94
    16: 51
    17: 34
    18: 35
    19: 31
    20: 29
    21: 40
    22: 48
    23: 67
    24: 82
    25: 43
    26: 46
    27: 34
    28: 40
    29: 47
    30: 39
    31: 44
    32: 40
    33: 43
    34: 49
    35: 41
    36: 52
    37: 54
    38: 43
    39: 42
    40: 51
    41: 48
    42: 47
    43: 14
    44: 0
    45: 2
    46: 4
    47: 2
    48: 0
    49: 0
    50: 0
    51: 0
    52: 0
    53: 0
    54: 0
    55: 0
    56: 0
    57: 0
    58: 0
    59: 0
    60: 0
    61: 0
    62: 0
    63: 0
    64: 0
    65: 0
    66: 0
    67: 0
    68: 0
    69: 0
    70: 0
    71: 0
    72: 0
    73: 0
    74: 0
    75: 0
    76: 0
    77: 0
    78: 0
    79: 0
    80: 0
    81: 0
    82: 0
    83: 0
    84: 0
    85: 0
    86: 0
    87: 0
    88: 0
    89: 0
    90: 0
    91: 0
    92: 0
    93: 0
    94: 0
    95: 0
    96: 0
    97: 0
    98: 0
    99: 0
 sched: # Scheduler stats
  thCr: 1 # Threads created
  thFn: 1 # Threads finished
  schedEvs: 1 # Schedule events
  waitEvs: 0 # Wait events
  handoffEvs: 0 # Handoff events
  sleepEvs: 0 # Sleep events
  idlePhases: 0 # Phases with no thread active
  idlePeriods: 0 # Periods with no thread active
  occHist: # Occupancy histogram
   0: 0
   1: 80301
  rqSzHist: # Run queue size histogram
   0: 80301
   1: 0
   2: 0
   3: 0
   4: 0
   5: 0
   6: 0
   7: 0
   8: 0
   9: 0
   10: 0
   11: 0
   12: 0
   13: 0
   14: 0
   15: 0
   16: 0
 procCycles: # Per-process unhalted core cycles
  0: 803010290
  1: 0
  2: 0
  3: 0
  4: 0
  5: 0
  6: 0
  7: 0
  8: 0
  9: 0
  10: 0
  11: 0
  12: 0
  13: 0
  14: 0
  15: 0
  16: 0
  17: 0
  18: 0
  19: 0
  20: 0
  21: 0
  22: 0
  23: 0
  24: 0
  25: 0
  26: 0
  27: 0
  28: 0
  29: 0
  30: 0
  31: 0
  32: 0
  33: 0
  34: 0
  35: 0
  36: 0
  37: 0
  38: 0
  39: 0
  40: 0
  41: 0
  42: 0
  43: 0
  44: 0
  45: 0
  46: 0
  47: 0
  48: 0
  49: 0
  50: 0
  51: 0
  52: 0
  53: 0
  54: 0
  55: 0
  56: 0
  57: 0
  58: 0
  59: 0
  60: 0
  61: 0
  62: 0
  63: 0
 procInstrs: # Per-process instructions
  0: 1000002542
  1: 0
  2: 0
  3: 0
  4: 0
  5: 0
  6: 0
  7: 0
  8: 0
  9: 0
  10: 0
  11: 0
  12: 0
  13: 0
  14: 0
  15: 0
  16: 0
  17: 0
  18: 0
  19: 0
  20: 0
  21: 0
  22: 0
  23: 0
  24: 0
  25: 0
  26: 0
  27: 0
  28: 0
  29: 0
  30: 0
  31: 0
  32: 0
  33: 0
  34: 0
  35: 0
  36: 0
  37: 0
  38: 0
  39: 0
  40: 0
  41: 0
  42: 0
  43: 0
  44: 0
  45: 0
  46: 0
  47: 0
  48: 0
  49: 0
  50: 0
  51: 0
  52: 0
  53: 0
  54: 0
  55: 0
  56: 0
  57: 0
  58: 0
  59: 0
  60: 0
  61: 0
  62: 0
  63: 0
 heartbeats: # Per-process heartbeats
  0: 0
  1: 0
  2: 0
  3: 0
  4: 0
  5: 0
  6: 0
  7: 0
  8: 0
  9: 0
  10: 0
  11: 0
  12: 0
  13: 0
  14: 0
  15: 0
  16: 0
  17: 0
  18: 0
  19: 0
  20: 0
  21: 0
  22: 0
  23: 0
  24: 0
  25: 0
  26: 0
  27: 0
  28: 0
  29: 0
  30: 0
  31: 0
  32: 0
  33: 0
  34: 0
  35: 0
  36: 0
  37: 0
  38: 0
  39: 0
  40: 0
  41: 0
  42: 0
  43: 0
  44: 0
  45: 0
  46: 0
  47: 0
  48: 0
  49: 0
  50: 0
  51: 0
  52: 0
  53: 0
  54: 0
  55: 0
  56: 0
  57: 0
  58: 0
  59: 0
  60: 0
  61: 0
  62: 0
  63: 0
===
