# zsim stats
===
root: # Stats
 contention: # Contention simulation stats
  domain-0: # Domain stats
   time: 233657774 # Weave simulation time
 time: # Simulator time breakdown
  init: 2787488544
  bound: 70068929548
  weave: 1392708367
  ff: 8219600
 trigger: 20000 # Reason for this stats dump
 phase: 74354 # Simulated phases
 westmere: # Core stats
  westmere-0: # Core stats
   cycles: 743450508 # Simulated unhalted cycles
   cCycles: 169003 # Cycles due to contention stalls
   instrs: 1015428320 # Simulated instructions
   uops: 1243557756 # Retired micro-ops
   bbls: 97688746 # Basic blocks
   approxInstrs: 13331082 # Instrs with approx uop decoding
   mispredBranches: 486118 # Mispredicted branches
   condBranches: 61150676 # conditional branches
  westmere-1: # Core stats
   cycles: 743532681 # Simulated unhalted cycles
   cCycles: 165839 # Cycles due to contention stalls
   instrs: 1015903143 # Simulated instructions
   uops: 1244138668 # Retired micro-ops
   bbls: 97733976 # Basic blocks
   approxInstrs: 13337851 # Instrs with approx uop decoding
   mispredBranches: 485070 # Mispredicted branches
   condBranches: 61178337 # conditional branches
  westmere-2: # Core stats
   cycles: 743333931 # Simulated unhalted cycles
   cCycles: 162859 # Cycles due to contention stalls
   instrs: 1015659558 # Simulated instructions
   uops: 1243840981 # Retired micro-ops
   bbls: 97712232 # Basic blocks
   approxInstrs: 13333128 # Instrs with approx uop decoding
   mispredBranches: 484199 # Mispredicted branches
   condBranches: 61165582 # conditional branches
  westmere-3: # Core stats
   cycles: 743426401 # Simulated unhalted cycles
   cCycles: 163797 # Cycles due to contention stalls
   instrs: 1015708578 # Simulated instructions
   uops: 1243899890 # Retired micro-ops
   bbls: 97717205 # Basic blocks
   approxInstrs: 13334250 # Instrs with approx uop decoding
   mispredBranches: 486274 # Mispredicted branches
   condBranches: 61167954 # conditional branches
 l1i: # Cache stats
  l1i-0: # Filter cache stats
   fhGETS: 108731037 # Filtered GETS hits
   fhGETX: 0 # Filtered GETX hits
   hGETS: 31249536 # GETS hits
   hGETX: 0 # GETX hits
   mGETS: 315 # GETS misses
   mGETXIM: 0 # GETX I->M misses
   mGETXSM: 0 # GETX S->M misses (upgrade misses)
   PUTS: 0 # Clean evictions (from lower level)
   PUTX: 0 # Dirty evictions (from lower level)
   INV: 2 # Invalidates (from upper level)
   INVX: 0 # Downgrades (from upper level)
   FWD: 0 # Forwards (from upper level)
   latGETnl: 30510 # GET request latency on next level
   latGETnet: 0 # GET request latency on network to next level
  l1i-1: # Filter cache stats
   fhGETS: 108788608 # Filtered GETS hits
   fhGETX: 0 # Filtered GETX hits
   hGETS: 31251366 # GETS hits
   hGETX: 0 # GETX hits
   mGETS: 86 # GETS misses
   mGETXIM: 0 # GETX I->M misses
   mGETXSM: 0 # GETX S->M misses (upgrade misses)
   PUTS: 0 # Clean evictions (from lower level)
   PUTX: 0 # Dirty evictions (from lower level)
   INV: 0 # Invalidates (from upper level)
   INVX: 0 # Downgrades (from upper level)
   FWD: 0 # Forwards (from upper level)
   latGETnl: 8258 # GET request latency on next level
   latGETnet: 0 # GET request latency on network to next level
  l1i-2: # Filter cache stats
   fhGETS: 108762148 # Filtered GETS hits
   fhGETX: 0 # Filtered GETX hits
   hGETS: 31242445 # GETS hits
   hGETX: 0 # GETX hits
   mGETS: 87 # GETS misses
   mGETXIM: 0 # GETX I->M misses
   mGETXSM: 0 # GETX S->M misses (upgrade misses)
   PUTS: 0 # Clean evictions (from lower level)
   PUTX: 0 # Dirty evictions (from lower level)
   INV: 0 # Invalidates (from upper level)
   INVX: 0 # Downgrades (from upper level)
   FWD: 0 # Forwards (from upper level)
   latGETnl: 3066 # GET request latency on next level
   latGETnet: 0 # GET request latency on network to next level
  l1i-3: # Filter cache stats
   fhGETS: 108772701 # Filtered GETS hits
   fhGETX: 0 # Filtered GETX hits
   hGETS: 31249127 # GETS hits
   hGETX: 0 # GETX hits
   mGETS: 89 # GETS misses
   mGETXIM: 0 # GETX I->M misses
   mGETXSM: 0 # GETX S->M misses (upgrade misses)
   PUTS: 0 # Clean evictions (from lower level)
   PUTX: 0 # Dirty evictions (from lower level)
   INV: 0 # Invalidates (from upper level)
   INVX: 0 # Downgrades (from upper level)
   FWD: 0 # Forwards (from upper level)
   latGETnl: 2942 # GET request latency on next level
   latGETnet: 0 # GET request latency on network to next level
 l1d: # Cache stats
  l1d-0: # Filter cache stats
   fhGETS: 192882013 # Filtered GETS hits
   fhGETX: 78294319 # Filtered GETX hits
   hGETS: 19387723 # GETS hits
   hGETX: 3984993 # GETX hits
   mGETS: 918097 # GETS misses
   mGETXIM: 102802 # GETX I->M misses
   mGETXSM: 16 # GETX S->M misses (upgrade misses)
   PUTS: 0 # Clean evictions (from lower level)
   PUTX: 0 # Dirty evictions (from lower level)
   INV: 124 # Invalidates (from upper level)
   INVX: 48 # Downgrades (from upper level)
   FWD: 0 # Forwards (from upper level)
   latGETnl: 12484392 # GET request latency on next level
   latGETnet: 0 # GET request latency on network to next level
  l1d-1: # Filter cache stats
   fhGETS: 192966260 # Filtered GETS hits
   fhGETX: 78330721 # Filtered GETX hits
   hGETS: 19398561 # GETS hits
   hGETX: 3986321 # GETX hits
   mGETS: 922411 # GETS misses
   mGETXIM: 102672 # GETX I->M misses
   mGETXSM: 3 # GETX S->M misses (upgrade misses)
   PUTS: 0 # Clean evictions (from lower level)
   PUTX: 0 # Dirty evictions (from lower level)
   INV: 139 # Invalidates (from upper level)
   INVX: 95 # Downgrades (from upper level)
   FWD: 0 # Forwards (from upper level)
   latGETnl: 11058168 # GET request latency on next level
   latGETnet: 0 # GET request latency on network to next level
  l1d-2: # Filter cache stats
   fhGETS: 192901253 # Filtered GETS hits
   fhGETX: 78312272 # Filtered GETX hits
   hGETS: 19425606 # GETS hits
   hGETX: 3986711 # GETX hits
   mGETS: 909481 # GETS misses
   mGETXIM: 102669 # GETX I->M misses
   mGETXSM: 2 # GETX S->M misses (upgrade misses)
   PUTS: 0 # Clean evictions (from lower level)
   PUTX: 0 # Dirty evictions (from lower level)
   INV: 326 # Invalidates (from upper level)
   INVX: 58 # Downgrades (from upper level)
   FWD: 0 # Forwards (from upper level)
   latGETnl: 11021874 # GET request latency on next level
   latGETnet: 0 # GET request latency on network to next level
  l1d-3: # Filter cache stats
   fhGETS: 192935858 # Filtered GETS hits
   fhGETX: 78313284 # Filtered GETX hits
   hGETS: 19386597 # GETS hits
   hGETX: 3988748 # GETX hits
   mGETS: 924353 # GETS misses
   mGETXIM: 102700 # GETX I->M misses
   mGETXSM: 4 # GETX S->M misses (upgrade misses)
   PUTS: 0 # Clean evictions (from lower level)
   PUTX: 0 # Dirty evictions (from lower level)
   INV: 204 # Invalidates (from upper level)
   INVX: 60 # Downgrades (from upper level)
   FWD: 0 # Forwards (from upper level)
   latGETnl: 11175550 # GET request latency on next level
   latGETnet: 0 # GET request latency on network to next level
 l2: # Cache stats
  l2-0: # Cache stats
   hGETS: 761890 # GETS hits
   hGETX: 76670 # GETX hits
   mGETS: 156522 # GETS misses
   mGETXIM: 26132 # GETX I->M misses
   mGETXSM: 16 # GETX S->M misses (upgrade misses)
   PUTS: 917628 # Clean evictions (from lower level)
   PUTX: 102636 # Dirty evictions (from lower level)
   INV: 304 # Invalidates (from upper level)
   INVX: 59 # Downgrades (from upper level)
   FWD: 0 # Forwards (from upper level)
   latGETnl: 4345062 # GET request latency on next level
   latGETnet: 0 # GET request latency on network to next level
  l2-1: # Cache stats
   hGETS: 828316 # GETS hits
   hGETX: 86803 # GETX hits
   mGETS: 94181 # GETS misses
   mGETXIM: 15869 # GETX I->M misses
   mGETXSM: 3 # GETX S->M misses (upgrade misses)
   PUTS: 921942 # Clean evictions (from lower level)
   PUTX: 102491 # Dirty evictions (from lower level)
   INV: 304 # Invalidates (from upper level)
   INVX: 101 # Downgrades (from upper level)
   FWD: 0 # Forwards (from upper level)
   latGETnl: 2865050 # GET request latency on next level
   latGETnet: 0 # GET request latency on network to next level
  l2-2: # Cache stats
   hGETS: 812413 # GETS hits
   hGETX: 86239 # GETX hits
   mGETS: 97155 # GETS misses
   mGETXIM: 16430 # GETX I->M misses
   mGETXSM: 2 # GETX S->M misses (upgrade misses)
   PUTS: 909018 # Clean evictions (from lower level)
   PUTX: 102297 # Dirty evictions (from lower level)
   INV: 381 # Invalidates (from upper level)
   INVX: 64 # Downgrades (from upper level)
   FWD: 0 # Forwards (from upper level)
   latGETnl: 2927028 # GET request latency on next level
   latGETnet: 0 # GET request latency on network to next level
  l2-3: # Cache stats
   hGETS: 825822 # GETS hits
   hGETX: 86071 # GETX hits
   mGETS: 98620 # GETS misses
   mGETXIM: 16629 # GETX I->M misses
   mGETXSM: 4 # GETX S->M misses (upgrade misses)
   PUTS: 923885 # Clean evictions (from lower level)
   PUTX: 102454 # Dirty evictions (from lower level)
   INV: 306 # Invalidates (from upper level)
   INVX: 66 # Downgrades (from upper level)
   FWD: 0 # Forwards (from upper level)
   latGETnl: 2961324 # GET request latency on next level
   latGETnet: 0 # GET request latency on network to next level
 l3: # Cache stats
  l3-0b0: # Cache stats
   hGETS: 96886 # GETS hits
   hGETX: 15762 # GETX hits
   mGETS: 6299 # GETS misses
   mGETXIM: 1072 # GETX I->M misses
   mGETXSM: 0 # GETX S->M misses (upgrade misses)
   PUTS: 99576 # Clean evictions (from lower level)
   PUTX: 16340 # Dirty evictions (from lower level)
   INV: 0 # Invalidates (from upper level)
   INVX: 0 # Downgrades (from upper level)
   FWD: 0 # Forwards (from upper level)
   latGETnl: 663390 # GET request latency on next level
   latGETnet: 0 # GET request latency on network to next level
  l3-0b1: # Cache stats
   hGETS: 102144 # GETS hits
   hGETX: 17170 # GETX hits
   mGETS: 6293 # GETS misses
   mGETXIM: 1067 # GETX I->M misses
   mGETXSM: 0 # GETX S->M misses (upgrade misses)
   PUTS: 104828 # Clean evictions (from lower level)
   PUTX: 17740 # Dirty evictions (from lower level)
   INV: 0 # Invalidates (from upper level)
   INVX: 0 # Downgrades (from upper level)
   FWD: 0 # Forwards (from upper level)
   latGETnl: 662400 # GET request latency on next level
   latGETnet: 0 # GET request latency on network to next level
  l3-0b2: # Cache stats
   hGETS: 108957 # GETS hits
   hGETX: 17854 # GETX hits
   mGETS: 6289 # GETS misses
   mGETXIM: 1062 # GETX I->M misses
   mGETXSM: 0 # GETX S->M misses (upgrade misses)
   PUTS: 111624 # Clean evictions (from lower level)
   PUTX: 18406 # Dirty evictions (from lower level)
   INV: 0 # Invalidates (from upper level)
   INVX: 0 # Downgrades (from upper level)
   FWD: 0 # Forwards (from upper level)
   latGETnl: 661590 # GET request latency on next level
   latGETnet: 0 # GET request latency on network to next level
  l3-0b3: # Cache stats
   hGETS: 113311 # GETS hits
   hGETX: 20031 # GETX hits
   mGETS: 6299 # GETS misses
   mGETXIM: 1067 # GETX I->M misses
   mGETXSM: 0 # GETX S->M misses (upgrade misses)
   PUTS: 116000 # Clean evictions (from lower level)
   PUTX: 19354 # Dirty evictions (from lower level)
   INV: 0 # Invalidates (from upper level)
   INVX: 0 # Downgrades (from upper level)
   FWD: 0 # Forwards (from upper level)
   latGETnl: 662940 # GET request latency on next level
   latGETnet: 0 # GET request latency on network to next level
 mem: # Memory controller stats
  mem-0: # Memory controller stats
   rd: 7376 # Read requests
   wr: 0 # Write requests
   rdlat: 1196424 # Total latency experienced by read requests
   wrlat: 0 # Total latency experienced by write requests
   rdhits: 3091 # Read row hits
   wrhits: 0 # Write row hits
   mlh: # latency histogram for memory requests
    0: 0
    1: 0
    2: 0
    3: 0
    4: 0
    5: 0
    6: 0
    7: 0
    8: 0
    9: 0
    10: 0
    11: 1
    12: 1
    13: 2158
    14: 1029
    15: 884
    16: 135
    17: 1008
    18: 1012
    19: 831
    20: 187
    21: 12
    22: 11
    23: 6
    24: 7
    25: 7
    26: 8
    27: 4
    28: 8
    29: 3
    30: 5
    31: 4
    32: 5
    33: 7
    34: 5
    35: 4
    36: 5
    37: 2
    38: 5
    39: 1
    40: 2
    41: 1
    42: 1
    43: 1
    44: 2
    45: 2
    46: 2
    47: 1
    48: 3
    49: 2
    50: 2
    51: 0
    52: 1
    53: 1
    54: 0
    55: 0
    56: 0
    57: 0
    58: 0
    59: 0
    60: 0
    61: 0
    62: 0
    63: 0
    64: 0
    65: 0
    66: 0
    67: 0
    68: 0
    69: 0
    70: 0
    71: 0
    72: 0
    73: 0
    74: 0
    75: 0
    76: 0
    77: 0
    78: 0
    79: 0
    80: 0
    81: 0
    82: 0
    83: 0
    84: 0
    85: 0
    86: 0
    87: 0
    88: 0
    89: 0
    90: 0
    91: 0
    92: 0
    93: 0
    94: 0
    95: 0
    96: 0
    97: 0
    98: 0
    99: 0
  mem-1: # Memory controller stats
   rd: 7353 # Read requests
   wr: 0 # Write requests
   rdlat: 1192569 # Total latency experienced by read requests
   wrlat: 0 # Total latency experienced by write requests
   rdhits: 3081 # Read row hits
   wrhits: 0 # Write row hits
   mlh: # latency histogram for memory requests
    0: 0
    1: 0
    2: 0
    3: 0
    4: 0
    5: 0
    6: 0
    7: 0
    8: 0
    9: 0
    10: 0
    11: 2
    12: 0
    13: 2145
    14: 1015
    15: 881
    16: 139
    17: 1008
    18: 1018
    19: 832
    20: 199
    21: 8
    22: 5
    23: 5
    24: 5
    25: 3
    26: 7
    27: 4
    28: 10
    29: 10
    30: 4
    31: 4
    32: 5
    33: 8
    34: 4
    35: 1
    36: 1
    37: 4
    38: 2
    39: 2
    40: 3
    41: 3
    42: 0
    43: 2
    44: 1
    45: 0
    46: 0
    47: 0
    48: 3
    49: 3
    50: 4
    51: 0
    52: 2
    53: 1
    54: 0
    55: 0
    56: 0
    57: 0
    58: 0
    59: 0
    60: 0
    61: 0
    62: 0
    63: 0
    64: 0
    65: 0
    66: 0
    67: 0
    68: 0
    69: 0
    70: 0
    71: 0
    72: 0
    73: 0
    74: 0
    75: 0
    76: 0
    77: 0
    78: 0
    79: 0
    80: 0
    81: 0
    82: 0
    83: 0
    84: 0
    85: 0
    86: 0
    87: 0
    88: 0
    89: 0
    90: 0
    91: 0
    92: 0
    93: 0
    94: 0
    95: 0
    96: 0
    97: 0
    98: 0
    99: 0
  mem-2: # Memory controller stats
   rd: 7346 # Read requests
   wr: 0 # Write requests
   rdlat: 1193207 # Total latency experienced by read requests
   wrlat: 0 # Total latency experienced by write requests
   rdhits: 3080 # Read row hits
   wrhits: 0 # Write row hits
   mlh: # latency histogram for memory requests
    0: 0
    1: 0
    2: 0
    3: 0
    4: 0
    5: 0
    6: 0
    7: 0
    8: 0
    9: 0
    10: 0
    11: 1
    12: 0
    13: 2142
    14: 1018
    15: 894
    16: 143
    17: 1002
    18: 1004
    19: 841
    20: 184
    21: 6
    22: 5
    23: 8
    24: 7
    25: 4
    26: 6
    27: 4
    28: 5
    29: 5
    30: 4
    31: 4
    32: 4
    33: 4
    34: 1
    35: 2
    36: 3
    37: 3
    38: 5
    39: 1
    40: 4
    41: 3
    42: 4
    43: 0
    44: 3
    45: 3
    46: 1
    47: 0
    48: 4
    49: 5
    50: 5
    51: 1
    52: 2
    53: 1
    54: 0
    55: 0
    56: 0
    57: 0
    58: 0
    59: 0
    60: 0
    61: 0
    62: 0
    63: 0
    64: 0
    65: 0
    66: 0
    67: 0
    68: 0
    69: 0
    70: 0
    71: 0
    72: 0
    73: 0
    74: 0
    75: 0
    76: 0
    77: 0
    78: 0
    79: 0
    80: 0
    81: 0
    82: 0
    83: 0
    84: 0
    85: 0
    86: 0
    87: 0
    88: 0
    89: 0
    90: 0
    91: 0
    92: 0
    93: 0
    94: 0
    95: 0
    96: 0
    97: 0
    98: 0
    99: 0
  mem-3: # Memory controller stats
   rd: 7351 # Read requests
   wr: 0 # Write requests
   rdlat: 1198176 # Total latency experienced by read requests
   wrlat: 0 # Total latency experienced by write requests
   rdhits: 3081 # Read row hits
   wrhits: 0 # Write row hits
   mlh: # latency histogram for memory requests
    0: 0
    1: 0
    2: 0
    3: 0
    4: 0
    5: 0
    6: 0
    7: 0
    8: 0
    9: 0
    10: 0
    11: 6
    12: 0
    13: 2140
    14: 1015
    15: 885
    16: 135
    17: 1003
    18: 998
    19: 822
    20: 194
    21: 15
    22: 6
    23: 10
    24: 6
    25: 6
    26: 4
    27: 5
    28: 7
    29: 5
    30: 4
    31: 2
    32: 6
    33: 4
    34: 7
    35: 6
    36: 9
    37: 4
    38: 8
    39: 6
    40: 6
    41: 3
    42: 5
    43: 1
    44: 3
    45: 3
    46: 2
    47: 1
    48: 2
    49: 3
    50: 3
    51: 1
    52: 0
    53: 0
    54: 0
    55: 0
    56: 0
    57: 0
    58: 0
    59: 0
    60: 0
    61: 0
    62: 0
    63: 0
    64: 0
    65: 0
    66: 0
    67: 0
    68: 0
    69: 0
    70: 0
    71: 0
    72: 0
    73: 0
    74: 0
    75: 0
    76: 0
    77: 0
    78: 0
    79: 0
    80: 0
    81: 0
    82: 0
    83: 0
    84: 0
    85: 0
    86: 0
    87: 0
    88: 0
    89: 0
    90: 0
    91: 0
    92: 0
    93: 0
    94: 0
    95: 0
    96: 0
    97: 0
    98: 0
    99: 0
 sched: # Scheduler stats
  thCr: 9 # Threads created
  thFn: 9 # Threads finished
  schedEvs: 36 # Schedule events
  waitEvs: 31 # Wait events
  handoffEvs: 25 # Handoff events
  sleepEvs: 0 # Sleep events
  idlePhases: 0 # Phases with no thread active
  idlePeriods: 0 # Periods with no thread active
  occHist: # Occupancy histogram
   0: 0
   1: 1
   2: 11
   3: 9
   4: 74333
  rqSzHist: # Run queue size histogram
   0: 4355
   1: 2823
   2: 7
   3: 0
   4: 67168
   5: 1
   6: 0
   7: 0
   8: 0
   9: 0
   10: 0
   11: 0
   12: 0
   13: 0
   14: 0
   15: 0
   16: 0
 procCycles: # Per-process unhalted core cycles
  0: 2973743521
  1: 0
  2: 0
  3: 0
  4: 0
  5: 0
  6: 0
  7: 0
  8: 0
  9: 0
  10: 0
  11: 0
  12: 0
  13: 0
  14: 0
  15: 0
  16: 0
  17: 0
  18: 0
  19: 0
  20: 0
  21: 0
  22: 0
  23: 0
  24: 0
  25: 0
  26: 0
  27: 0
  28: 0
  29: 0
  30: 0
  31: 0
  32: 0
  33: 0
  34: 0
  35: 0
  36: 0
  37: 0
  38: 0
  39: 0
  40: 0
  41: 0
  42: 0
  43: 0
  44: 0
  45: 0
  46: 0
  47: 0
  48: 0
  49: 0
  50: 0
  51: 0
  52: 0
  53: 0
  54: 0
  55: 0
  56: 0
  57: 0
  58: 0
  59: 0
  60: 0
  61: 0
  62: 0
  63: 0
 procInstrs: # Per-process instructions
  0: 4062699599
  1: 0
  2: 0
  3: 0
  4: 0
  5: 0
  6: 0
  7: 0
  8: 0
  9: 0
  10: 0
  11: 0
  12: 0
  13: 0
  14: 0
  15: 0
  16: 0
  17: 0
  18: 0
  19: 0
  20: 0
  21: 0
  22: 0
  23: 0
  24: 0
  25: 0
  26: 0
  27: 0
  28: 0
  29: 0
  30: 0
  31: 0
  32: 0
  33: 0
  34: 0
  35: 0
  36: 0
  37: 0
  38: 0
  39: 0
  40: 0
  41: 0
  42: 0
  43: 0
  44: 0
  45: 0
  46: 0
  47: 0
  48: 0
  49: 0
  50: 0
  51: 0
  52: 0
  53: 0
  54: 0
  55: 0
  56: 0
  57: 0
  58: 0
  59: 0
  60: 0
  61: 0
  62: 0
  63: 0
 heartbeats: # Per-process heartbeats
  0: 0
  1: 0
  2: 0
  3: 0
  4: 0
  5: 0
  6: 0
  7: 0
  8: 0
  9: 0
  10: 0
  11: 0
  12: 0
  13: 0
  14: 0
  15: 0
  16: 0
  17: 0
  18: 0
  19: 0
  20: 0
  21: 0
  22: 0
  23: 0
  24: 0
  25: 0
  26: 0
  27: 0
  28: 0
  29: 0
  30: 0
  31: 0
  32: 0
  33: 0
  34: 0
  35: 0
  36: 0
  37: 0
  38: 0
  39: 0
  40: 0
  41: 0
  42: 0
  43: 0
  44: 0
  45: 0
  46: 0
  47: 0
  48: 0
  49: 0
  50: 0
  51: 0
  52: 0
  53: 0
  54: 0
  55: 0
  56: 0
  57: 0
  58: 0
  59: 0
  60: 0
  61: 0
  62: 0
  63: 0
===
