# zsim stats
===
root: # Stats
 contention: # Contention simulation stats
  domain-0: # Domain stats
   time: 1110388819 # Weave simulation time
 time: # Simulator time breakdown
  init: 1220865053
  bound: 38738267685
  weave: 1864147444
  ff: 0
 trigger: 20000 # Reason for this stats dump
 phase: 54681 # Simulated phases
 westmere: # Core stats
  westmere-0: # Core stats
   cycles: 546810125 # Simulated unhalted cycles
   cCycles: 18353846 # Cycles due to contention stalls
   instrs: 1000000089 # Simulated instructions
   uops: 1083705284 # Retired micro-ops
   bbls: 152611359 # Basic blocks
   approxInstrs: 1188964 # Instrs with approx uop decoding
   mispredBranches: 2890584 # Mispredicted branches
   condBranches: 143863145 # conditional branches
 l1i: # Cache stats
  l1i-0: # Filter cache stats
   fhGETS: 173444645 # Filtered GETS hits
   fhGETX: 0 # Filtered GETX hits
   hGETS: 344741 # GETS hits
   hGETX: 0 # GETX hits
   mGETS: 313 # GETS misses
   mGETXIM: 0 # GETX I->M misses
   mGETXSM: 0 # GETX S->M misses (upgrade misses)
   PUTS: 0 # Clean evictions (from lower level)
   PUTX: 0 # Dirty evictions (from lower level)
   INV: 0 # Invalidates (from upper level)
   INVX: 0 # Downgrades (from upper level)
   FWD: 0 # Forwards (from upper level)
   latGETnl: 36934 # GET request latency on next level
   latGETnet: 0 # GET request latency on network to next level
 l1d: # Cache stats
  l1d-0: # Filter cache stats
   fhGETS: 218535044 # Filtered GETS hits
   fhGETX: 150729662 # Filtered GETX hits
   hGETS: 6431912 # GETS hits
   hGETX: 5659591 # GETX hits
   mGETS: 5014990 # GETS misses
   mGETXIM: 2259300 # GETX I->M misses
   mGETXSM: 0 # GETX S->M misses (upgrade misses)
   PUTS: 0 # Clean evictions (from lower level)
   PUTX: 0 # Dirty evictions (from lower level)
   INV: 0 # Invalidates (from upper level)
   INVX: 0 # Downgrades (from upper level)
   FWD: 0 # Forwards (from upper level)
   latGETnl: 221266920 # GET request latency on next level
   latGETnet: 0 # GET request latency on network to next level
 l2: # Cache stats
  l2-0: # Cache stats
   hGETS: 2179825 # GETS hits
   hGETX: 228490 # GETX hits
   mGETS: 2835478 # GETS misses
   mGETXIM: 2030810 # GETX I->M misses
   mGETXSM: 0 # GETX S->M misses (upgrade misses)
   PUTS: 3030426 # Clean evictions (from lower level)
   PUTX: 4243352 # Dirty evictions (from lower level)
   INV: 0 # Invalidates (from upper level)
   INVX: 0 # Downgrades (from upper level)
   FWD: 0 # Forwards (from upper level)
   latGETnl: 163107030 # GET request latency on next level
   latGETnet: 0 # GET request latency on network to next level
 l3: # Cache stats
  l3-0: # Cache stats
   hGETS: 2630425 # GETS hits
   hGETX: 1504960 # GETX hits
   mGETS: 205053 # GETS misses
   mGETXIM: 525850 # GETX I->M misses
   mGETXSM: 0 # GETX S->M misses (upgrade misses)
   PUTS: 1955214 # Clean evictions (from lower level)
   PUTX: 2906978 # Dirty evictions (from lower level)
   INV: 0 # Invalidates (from upper level)
   INVX: 0 # Downgrades (from upper level)
   FWD: 0 # Forwards (from upper level)
   latGETnl: 65781270 # GET request latency on next level
   latGETnet: 0 # GET request latency on network to next level
 mem: # Memory controller stats
  mem-0: # Memory controller stats
   rd: 183311 # Read requests
   wr: 146410 # Write requests
   rdlat: 24901915 # Total latency experienced by read requests
   wrlat: 21999871 # Total latency experienced by write requests
   rdhits: 2646 # Read row hits
   wrhits: 2384 # Write row hits
   mlh: # latency histogram for memory requests
    0: 0
    1: 0
    2: 0
    3: 0
    4: 0
    5: 0
    6: 0
    7: 0
    8: 0
    9: 1
    10: 0
    11: 375
    12: 486
    13: 166252
    14: 7126
    15: 2942
    16: 1898
    17: 432
    18: 317
    19: 335
    20: 339
    21: 382
    22: 184
    23: 188
    24: 172
    25: 154
    26: 66
    27: 66
    28: 76
    29: 64
    30: 96
    31: 87
    32: 106
    33: 112
    34: 105
    35: 132
    36: 111
    37: 102
    38: 96
    39: 110
    40: 115
    41: 90
    42: 91
    43: 32
    44: 11
    45: 18
    46: 15
    47: 15
    48: 8
    49: 1
    50: 1
    51: 0
    52: 0
    53: 2
    54: 0
    55: 0
    56: 0
    57: 0
    58: 0
    59: 0
    60: 0
    61: 0
    62: 0
    63: 0
    64: 0
    65: 0
    66: 0
    67: 0
    68: 0
    69: 0
    70: 0
    71: 0
    72: 0
    73: 0
    74: 0
    75: 0
    76: 0
    77: 0
    78: 0
    79: 0
    80: 0
    81: 0
    82: 0
    83: 0
    84: 0
    85: 0
    86: 0
    87: 0
    88: 0
    89: 0
    90: 0
    91: 0
    92: 0
    93: 0
    94: 0
    95: 0
    96: 0
    97: 0
    98: 0
    99: 0
  mem-1: # Memory controller stats
   rd: 182522 # Read requests
   wr: 145636 # Write requests
   rdlat: 24791032 # Total latency experienced by read requests
   wrlat: 21858190 # Total latency experienced by write requests
   rdhits: 2610 # Read row hits
   wrhits: 2295 # Write row hits
   mlh: # latency histogram for memory requests
    0: 0
    1: 0
    2: 0
    3: 0
    4: 0
    5: 0
    6: 0
    7: 0
    8: 0
    9: 0
    10: 0
    11: 352
    12: 485
    13: 165281
    14: 7141
    15: 3056
    16: 1954
    17: 418
    18: 312
    19: 337
    20: 326
    21: 455
    22: 218
    23: 169
    24: 206
    25: 149
    26: 56
    27: 60
    28: 72
    29: 89
    30: 86
    31: 82
    32: 97
    33: 90
    34: 102
    35: 112
    36: 88
    37: 98
    38: 105
    39: 114
    40: 100
    41: 84
    42: 96
    43: 50
    44: 16
    45: 18
    46: 11
    47: 25
    48: 9
    49: 3
    50: 0
    51: 0
    52: 0
    53: 0
    54: 0
    55: 0
    56: 0
    57: 0
    58: 0
    59: 0
    60: 0
    61: 0
    62: 0
    63: 0
    64: 0
    65: 0
    66: 0
    67: 0
    68: 0
    69: 0
    70: 0
    71: 0
    72: 0
    73: 0
    74: 0
    75: 0
    76: 0
    77: 0
    78: 0
    79: 0
    80: 0
    81: 0
    82: 0
    83: 0
    84: 0
    85: 0
    86: 0
    87: 0
    88: 0
    89: 0
    90: 0
    91: 0
    92: 0
    93: 0
    94: 0
    95: 0
    96: 0
    97: 0
    98: 0
    99: 0
  mem-2: # Memory controller stats
   rd: 182237 # Read requests
   wr: 145391 # Write requests
   rdlat: 24784785 # Total latency experienced by read requests
   wrlat: 21842147 # Total latency experienced by write requests
   rdhits: 2538 # Read row hits
   wrhits: 2303 # Write row hits
   mlh: # latency histogram for memory requests
    0: 0
    1: 0
    2: 0
    3: 0
    4: 0
    5: 0
    6: 0
    7: 0
    8: 0
    9: 0
    10: 0
    11: 352
    12: 485
    13: 165012
    14: 7080
    15: 2921
    16: 1895
    17: 439
    18: 351
    19: 359
    20: 426
    21: 460
    22: 192
    23: 165
    24: 181
    25: 162
    26: 57
    27: 66
    28: 77
    29: 80
    30: 101
    31: 91
    32: 81
    33: 118
    34: 141
    35: 102
    36: 113
    37: 104
    38: 91
    39: 106
    40: 90
    41: 95
    42: 121
    43: 49
    44: 15
    45: 13
    46: 17
    47: 18
    48: 7
    49: 2
    50: 0
    51: 2
    52: 0
    53: 0
    54: 0
    55: 0
    56: 0
    57: 0
    58: 0
    59: 0
    60: 0
    61: 0
    62: 0
    63: 0
    64: 0
    65: 0
    66: 0
    67: 0
    68: 0
    69: 0
    70: 0
    71: 0
    72: 0
    73: 0
    74: 0
    75: 0
    76: 0
    77: 0
    78: 0
    79: 0
    80: 0
    81: 0
    82: 0
    83: 0
    84: 0
    85: 0
    86: 0
    87: 0
    88: 0
    89: 0
    90: 0
    91: 0
    92: 0
    93: 0
    94: 0
    95: 0
    96: 0
    97: 0
    98: 0
    99: 0
  mem-3: # Memory controller stats
   rd: 182833 # Read requests
   wr: 145794 # Write requests
   rdlat: 24856411 # Total latency experienced by read requests
   wrlat: 21886459 # Total latency experienced by write requests
   rdhits: 2560 # Read row hits
   wrhits: 2378 # Write row hits
   mlh: # latency histogram for memory requests
    0: 0
    1: 0
    2: 0
    3: 0
    4: 0
    5: 0
    6: 0
    7: 0
    8: 0
    9: 0
    10: 0
    11: 324
    12: 470
    13: 165528
    14: 7209
    15: 2997
    16: 1944
    17: 437
    18: 319
    19: 368
    20: 325
    21: 422
    22: 172
    23: 156
    24: 187
    25: 154
    26: 56
    27: 74
    28: 75
    29: 86
    30: 96
    31: 108
    32: 106
    33: 109
    34: 115
    35: 139
    36: 118
    37: 91
    38: 116
    39: 107
    40: 113
    41: 105
    42: 81
    43: 47
    44: 13
    45: 14
    46: 27
    47: 14
    48: 6
    49: 1
    50: 2
    51: 1
    52: 0
    53: 1
    54: 0
    55: 0
    56: 0
    57: 0
    58: 0
    59: 0
    60: 0
    61: 0
    62: 0
    63: 0
    64: 0
    65: 0
    66: 0
    67: 0
    68: 0
    69: 0
    70: 0
    71: 0
    72: 0
    73: 0
    74: 0
    75: 0
    76: 0
    77: 0
    78: 0
    79: 0
    80: 0
    81: 0
    82: 0
    83: 0
    84: 0
    85: 0
    86: 0
    87: 0
    88: 0
    89: 0
    90: 0
    91: 0
    92: 0
    93: 0
    94: 0
    95: 0
    96: 0
    97: 0
    98: 0
    99: 0
 sched: # Scheduler stats
  thCr: 1 # Threads created
  thFn: 1 # Threads finished
  schedEvs: 1 # Schedule events
  waitEvs: 0 # Wait events
  handoffEvs: 0 # Handoff events
  sleepEvs: 0 # Sleep events
  idlePhases: 0 # Phases with no thread active
  idlePeriods: 0 # Periods with no thread active
  occHist: # Occupancy histogram
   0: 0
   1: 54681
  rqSzHist: # Run queue size histogram
   0: 54681
   1: 0
   2: 0
   3: 0
   4: 0
   5: 0
   6: 0
   7: 0
   8: 0
   9: 0
   10: 0
   11: 0
   12: 0
   13: 0
   14: 0
   15: 0
   16: 0
 procCycles: # Per-process unhalted core cycles
  0: 546810125
  1: 0
  2: 0
  3: 0
  4: 0
  5: 0
  6: 0
  7: 0
  8: 0
  9: 0
  10: 0
  11: 0
  12: 0
  13: 0
  14: 0
  15: 0
  16: 0
  17: 0
  18: 0
  19: 0
  20: 0
  21: 0
  22: 0
  23: 0
  24: 0
  25: 0
  26: 0
  27: 0
  28: 0
  29: 0
  30: 0
  31: 0
  32: 0
  33: 0
  34: 0
  35: 0
  36: 0
  37: 0
  38: 0
  39: 0
  40: 0
  41: 0
  42: 0
  43: 0
  44: 0
  45: 0
  46: 0
  47: 0
  48: 0
  49: 0
  50: 0
  51: 0
  52: 0
  53: 0
  54: 0
  55: 0
  56: 0
  57: 0
  58: 0
  59: 0
  60: 0
  61: 0
  62: 0
  63: 0
 procInstrs: # Per-process instructions
  0: 1000000089
  1: 0
  2: 0
  3: 0
  4: 0
  5: 0
  6: 0
  7: 0
  8: 0
  9: 0
  10: 0
  11: 0
  12: 0
  13: 0
  14: 0
  15: 0
  16: 0
  17: 0
  18: 0
  19: 0
  20: 0
  21: 0
  22: 0
  23: 0
  24: 0
  25: 0
  26: 0
  27: 0
  28: 0
  29: 0
  30: 0
  31: 0
  32: 0
  33: 0
  34: 0
  35: 0
  36: 0
  37: 0
  38: 0
  39: 0
  40: 0
  41: 0
  42: 0
  43: 0
  44: 0
  45: 0
  46: 0
  47: 0
  48: 0
  49: 0
  50: 0
  51: 0
  52: 0
  53: 0
  54: 0
  55: 0
  56: 0
  57: 0
  58: 0
  59: 0
  60: 0
  61: 0
  62: 0
  63: 0
 heartbeats: # Per-process heartbeats
  0: 0
  1: 0
  2: 0
  3: 0
  4: 0
  5: 0
  6: 0
  7: 0
  8: 0
  9: 0
  10: 0
  11: 0
  12: 0
  13: 0
  14: 0
  15: 0
  16: 0
  17: 0
  18: 0
  19: 0
  20: 0
  21: 0
  22: 0
  23: 0
  24: 0
  25: 0
  26: 0
  27: 0
  28: 0
  29: 0
  30: 0
  31: 0
  32: 0
  33: 0
  34: 0
  35: 0
  36: 0
  37: 0
  38: 0
  39: 0
  40: 0
  41: 0
  42: 0
  43: 0
  44: 0
  45: 0
  46: 0
  47: 0
  48: 0
  49: 0
  50: 0
  51: 0
  52: 0
  53: 0
  54: 0
  55: 0
  56: 0
  57: 0
  58: 0
  59: 0
  60: 0
  61: 0
  62: 0
  63: 0
===
