# zsim stats
===
root: # Stats
 contention: # Contention simulation stats
  domain-0: # Domain stats
   time: 382078757 # Weave simulation time
 time: # Simulator time breakdown
  init: 2634715166557
  bound: 7678421601
  weave: 731827149
  ff: 0
 trigger: 20000 # Reason for this stats dump
 phase: 6164 # Simulated phases
 westmere: # Core stats
  westmere-0: # Core stats
   cycles: 61640563 # Simulated unhalted cycles
   cCycles: 2994911 # Cycles due to contention stalls
   instrs: 100009504 # Simulated instructions
   uops: 118164621 # Retired micro-ops
   bbls: 29482682 # Basic blocks
   approxInstrs: 320756 # Instrs with approx uop decoding
   mispredBranches: 247412 # Mispredicted branches
   condBranches: 21713003 # conditional branches
 l1i: # Cache stats
  l1i-0: # Filter cache stats
   fhGETS: 26363396 # Filtered GETS hits
   fhGETX: 0 # Filtered GETX hits
   hGETS: 4265408 # GETS hits
   hGETX: 0 # GETX hits
   mGETS: 211832 # GETS misses
   mGETXIM: 0 # GETX I->M misses
   mGETXSM: 0 # GETX S->M misses (upgrade misses)
   PUTS: 0 # Clean evictions (from lower level)
   PUTX: 0 # Dirty evictions (from lower level)
   INV: 1744 # Invalidates (from upper level)
   INVX: 0 # Downgrades (from upper level)
   FWD: 0 # Forwards (from upper level)
   latGETnl: 2792336 # GET request latency on next level
   latGETnet: 0 # GET request latency on network to next level
 l1d: # Cache stats
  l1d-0: # Filter cache stats
   fhGETS: 25794056 # Filtered GETS hits
   fhGETX: 9704683 # Filtered GETX hits
   hGETS: 4403378 # GETS hits
   hGETX: 1362872 # GETX hits
   mGETS: 964466 # GETS misses
   mGETXIM: 204693 # GETX I->M misses
   mGETXSM: 0 # GETX S->M misses (upgrade misses)
   PUTS: 0 # Clean evictions (from lower level)
   PUTX: 0 # Dirty evictions (from lower level)
   INV: 673 # Invalidates (from upper level)
   INVX: 0 # Downgrades (from upper level)
   FWD: 0 # Forwards (from upper level)
   latGETnl: 30928942 # GET request latency on next level
   latGETnet: 0 # GET request latency on network to next level
 l2: # Cache stats
  l2-0: # Cache stats
   hGETS: 951236 # GETS hits
   hGETX: 23589 # GETX hits
   mGETS: 225062 # GETS misses
   mGETXIM: 181104 # GETX I->M misses
   mGETXSM: 0 # GETX S->M misses (upgrade misses)
   PUTS: 1036257 # Clean evictions (from lower level)
   PUTX: 341327 # Dirty evictions (from lower level)
   INV: 4125 # Invalidates (from upper level)
   INVX: 0 # Downgrades (from upper level)
   FWD: 0 # Forwards (from upper level)
   latGETnl: 22673350 # GET request latency on next level
   latGETnet: 0 # GET request latency on network to next level
 l3: # Cache stats
  l3-0: # Cache stats
   hGETS: 167594 # GETS hits
   hGETX: 76905 # GETX hits
   mGETS: 57468 # GETS misses
   mGETXIM: 104199 # GETX I->M misses
   mGETXSM: 0 # GETX S->M misses (upgrade misses)
   PUTS: 124737 # Clean evictions (from lower level)
   PUTX: 273209 # Dirty evictions (from lower level)
   INV: 0 # Invalidates (from upper level)
   INVX: 0 # Downgrades (from upper level)
   FWD: 0 # Forwards (from upper level)
   latGETnl: 14550030 # GET request latency on next level
   latGETnet: 0 # GET request latency on network to next level
 mem: # Memory controller stats
  mem-0: # Memory controller stats
   rd: 40252 # Read requests
   wr: 26178 # Write requests
   rdlat: 5420602 # Total latency experienced by read requests
   wrlat: 4082254 # Total latency experienced by write requests
   rdhits: 27 # Read row hits
   wrhits: 27 # Write row hits
   mlh: # latency histogram for memory requests
    0: 0
    1: 0
    2: 0
    3: 0
    4: 0
    5: 0
    6: 0
    7: 0
    8: 0
    9: 0
    10: 0
    11: 3
    12: 2
    13: 38167
    14: 701
    15: 439
    16: 355
    17: 37
    18: 31
    19: 15
    20: 21
    21: 28
    22: 17
    23: 15
    24: 22
    25: 26
    26: 12
    27: 12
    28: 11
    29: 17
    30: 18
    31: 25
    32: 33
    33: 21
    34: 22
    35: 25
    36: 20
    37: 26
    38: 25
    39: 20
    40: 24
    41: 24
    42: 19
    43: 8
    44: 4
    45: 3
    46: 1
    47: 2
    48: 1
    49: 0
    50: 0
    51: 0
    52: 0
    53: 0
    54: 0
    55: 0
    56: 0
    57: 0
    58: 0
    59: 0
    60: 0
    61: 0
    62: 0
    63: 0
    64: 0
    65: 0
    66: 0
    67: 0
    68: 0
    69: 0
    70: 0
    71: 0
    72: 0
    73: 0
    74: 0
    75: 0
    76: 0
    77: 0
    78: 0
    79: 0
    80: 0
    81: 0
    82: 0
    83: 0
    84: 0
    85: 0
    86: 0
    87: 0
    88: 0
    89: 0
    90: 0
    91: 0
    92: 0
    93: 0
    94: 0
    95: 0
    96: 0
    97: 0
    98: 0
    99: 0
  mem-1: # Memory controller stats
   rd: 40279 # Read requests
   wr: 26056 # Write requests
   rdlat: 5427892 # Total latency experienced by read requests
   wrlat: 4069514 # Total latency experienced by write requests
   rdhits: 33 # Read row hits
   wrhits: 33 # Write row hits
   mlh: # latency histogram for memory requests
    0: 0
    1: 0
    2: 0
    3: 0
    4: 0
    5: 0
    6: 0
    7: 0
    8: 0
    9: 0
    10: 0
    11: 4
    12: 3
    13: 38169
    14: 669
    15: 446
    16: 380
    17: 43
    18: 30
    19: 11
    20: 11
    21: 23
    22: 20
    23: 14
    24: 37
    25: 28
    26: 18
    27: 17
    28: 20
    29: 13
    30: 26
    31: 24
    32: 21
    33: 22
    34: 19
    35: 15
    36: 30
    37: 30
    38: 26
    39: 35
    40: 18
    41: 17
    42: 20
    43: 9
    44: 7
    45: 4
    46: 0
    47: 0
    48: 0
    49: 0
    50: 0
    51: 0
    52: 0
    53: 0
    54: 0
    55: 0
    56: 0
    57: 0
    58: 0
    59: 0
    60: 0
    61: 0
    62: 0
    63: 0
    64: 0
    65: 0
    66: 0
    67: 0
    68: 0
    69: 0
    70: 0
    71: 0
    72: 0
    73: 0
    74: 0
    75: 0
    76: 0
    77: 0
    78: 0
    79: 0
    80: 0
    81: 0
    82: 0
    83: 0
    84: 0
    85: 0
    86: 0
    87: 0
    88: 0
    89: 0
    90: 0
    91: 0
    92: 0
    93: 0
    94: 0
    95: 0
    96: 0
    97: 0
    98: 0
    99: 0
  mem-2: # Memory controller stats
   rd: 40616 # Read requests
   wr: 26195 # Write requests
   rdlat: 5468257 # Total latency experienced by read requests
   wrlat: 4092601 # Total latency experienced by write requests
   rdhits: 37 # Read row hits
   wrhits: 35 # Write row hits
   mlh: # latency histogram for memory requests
    0: 0
    1: 0
    2: 0
    3: 0
    4: 0
    5: 0
    6: 0
    7: 0
    8: 0
    9: 0
    10: 0
    11: 5
    12: 7
    13: 38503
    14: 659
    15: 472
    16: 391
    17: 41
    18: 21
    19: 13
    20: 12
    21: 30
    22: 17
    23: 21
    24: 37
    25: 26
    26: 9
    27: 14
    28: 23
    29: 13
    30: 15
    31: 24
    32: 18
    33: 23
    34: 19
    35: 21
    36: 24
    37: 33
    38: 22
    39: 27
    40: 16
    41: 22
    42: 12
    43: 10
    44: 7
    45: 6
    46: 2
    47: 0
    48: 1
    49: 0
    50: 0
    51: 0
    52: 0
    53: 0
    54: 0
    55: 0
    56: 0
    57: 0
    58: 0
    59: 0
    60: 0
    61: 0
    62: 0
    63: 0
    64: 0
    65: 0
    66: 0
    67: 0
    68: 0
    69: 0
    70: 0
    71: 0
    72: 0
    73: 0
    74: 0
    75: 0
    76: 0
    77: 0
    78: 0
    79: 0
    80: 0
    81: 0
    82: 0
    83: 0
    84: 0
    85: 0
    86: 0
    87: 0
    88: 0
    89: 0
    90: 0
    91: 0
    92: 0
    93: 0
    94: 0
    95: 0
    96: 0
    97: 0
    98: 0
    99: 0
  mem-3: # Memory controller stats
   rd: 40520 # Read requests
   wr: 26151 # Write requests
   rdlat: 5457537 # Total latency experienced by read requests
   wrlat: 4085689 # Total latency experienced by write requests
   rdhits: 30 # Read row hits
   wrhits: 28 # Write row hits
   mlh: # latency histogram for memory requests
    0: 0
    1: 0
    2: 0
    3: 0
    4: 0
    5: 0
    6: 0
    7: 0
    8: 0
    9: 0
    10: 0
    11: 3
    12: 2
    13: 38470
    14: 667
    15: 427
    16: 364
    17: 35
    18: 25
    19: 12
    20: 11
    21: 28
    22: 22
    23: 18
    24: 36
    25: 23
    26: 8
    27: 15
    28: 20
    29: 18
    30: 10
    31: 30
    32: 18
    33: 15
    34: 23
    35: 22
    36: 23
    37: 29
    38: 23
    39: 32
    40: 28
    41: 21
    42: 22
    43: 11
    44: 4
    45: 1
    46: 2
    47: 1
    48: 0
    49: 1
    50: 0
    51: 0
    52: 0
    53: 0
    54: 0
    55: 0
    56: 0
    57: 0
    58: 0
    59: 0
    60: 0
    61: 0
    62: 0
    63: 0
    64: 0
    65: 0
    66: 0
    67: 0
    68: 0
    69: 0
    70: 0
    71: 0
    72: 0
    73: 0
    74: 0
    75: 0
    76: 0
    77: 0
    78: 0
    79: 0
    80: 0
    81: 0
    82: 0
    83: 0
    84: 0
    85: 0
    86: 0
    87: 0
    88: 0
    89: 0
    90: 0
    91: 0
    92: 0
    93: 0
    94: 0
    95: 0
    96: 0
    97: 0
    98: 0
    99: 0
 sched: # Scheduler stats
  thCr: 1 # Threads created
  thFn: 1 # Threads finished
  schedEvs: 1 # Schedule events
  waitEvs: 0 # Wait events
  handoffEvs: 0 # Handoff events
  sleepEvs: 0 # Sleep events
  idlePhases: 0 # Phases with no thread active
  idlePeriods: 0 # Periods with no thread active
  occHist: # Occupancy histogram
   0: 0
   1: 6164
  rqSzHist: # Run queue size histogram
   0: 6164
   1: 0
   2: 0
   3: 0
   4: 0
   5: 0
   6: 0
   7: 0
   8: 0
   9: 0
   10: 0
   11: 0
   12: 0
   13: 0
   14: 0
   15: 0
   16: 0
 procCycles: # Per-process unhalted core cycles
  0: 61640563
  1: 0
  2: 0
  3: 0
  4: 0
  5: 0
  6: 0
  7: 0
  8: 0
  9: 0
  10: 0
  11: 0
  12: 0
  13: 0
  14: 0
  15: 0
  16: 0
  17: 0
  18: 0
  19: 0
  20: 0
  21: 0
  22: 0
  23: 0
  24: 0
  25: 0
  26: 0
  27: 0
  28: 0
  29: 0
  30: 0
  31: 0
  32: 0
  33: 0
  34: 0
  35: 0
  36: 0
  37: 0
  38: 0
  39: 0
  40: 0
  41: 0
  42: 0
  43: 0
  44: 0
  45: 0
  46: 0
  47: 0
  48: 0
  49: 0
  50: 0
  51: 0
  52: 0
  53: 0
  54: 0
  55: 0
  56: 0
  57: 0
  58: 0
  59: 0
  60: 0
  61: 0
  62: 0
  63: 0
 procInstrs: # Per-process instructions
  0: 100009504
  1: 0
  2: 0
  3: 0
  4: 0
  5: 0
  6: 0
  7: 0
  8: 0
  9: 0
  10: 0
  11: 0
  12: 0
  13: 0
  14: 0
  15: 0
  16: 0
  17: 0
  18: 0
  19: 0
  20: 0
  21: 0
  22: 0
  23: 0
  24: 0
  25: 0
  26: 0
  27: 0
  28: 0
  29: 0
  30: 0
  31: 0
  32: 0
  33: 0
  34: 0
  35: 0
  36: 0
  37: 0
  38: 0
  39: 0
  40: 0
  41: 0
  42: 0
  43: 0
  44: 0
  45: 0
  46: 0
  47: 0
  48: 0
  49: 0
  50: 0
  51: 0
  52: 0
  53: 0
  54: 0
  55: 0
  56: 0
  57: 0
  58: 0
  59: 0
  60: 0
  61: 0
  62: 0
  63: 0
 heartbeats: # Per-process heartbeats
  0: 0
  1: 0
  2: 0
  3: 0
  4: 0
  5: 0
  6: 0
  7: 0
  8: 0
  9: 0
  10: 0
  11: 0
  12: 0
  13: 0
  14: 0
  15: 0
  16: 0
  17: 0
  18: 0
  19: 0
  20: 0
  21: 0
  22: 0
  23: 0
  24: 0
  25: 0
  26: 0
  27: 0
  28: 0
  29: 0
  30: 0
  31: 0
  32: 0
  33: 0
  34: 0
  35: 0
  36: 0
  37: 0
  38: 0
  39: 0
  40: 0
  41: 0
  42: 0
  43: 0
  44: 0
  45: 0
  46: 0
  47: 0
  48: 0
  49: 0
  50: 0
  51: 0
  52: 0
  53: 0
  54: 0
  55: 0
  56: 0
  57: 0
  58: 0
  59: 0
  60: 0
  61: 0
  62: 0
  63: 0
===
