# zsim stats
===
root: # Stats
 contention: # Contention simulation stats
  domain-0: # Domain stats
   time: 19717162385 # Weave simulation time
 time: # Simulator time breakdown
  init: 33154127142
  bound: 78420194588
  weave: 22067790760
  ff: 18160052
 trigger: 20000 # Reason for this stats dump
 phase: 117112 # Simulated phases
 westmere: # Core stats
  westmere-0: # Core stats
   cycles: 1162563647 # Simulated unhalted cycles
   cCycles: 216206284 # Cycles due to contention stalls
   instrs: 430926200 # Simulated instructions
   uops: 544811137 # Retired micro-ops
   bbls: 43602107 # Basic blocks
   approxInstrs: 31629353 # Instrs with approx uop decoding
   mispredBranches: 1595817 # Mispredicted branches
   condBranches: 27955924 # conditional branches
  westmere-1: # Core stats
   cycles: 1162273899 # Simulated unhalted cycles
   cCycles: 216127706 # Cycles due to contention stalls
   instrs: 430810634 # Simulated instructions
   uops: 544656817 # Retired micro-ops
   bbls: 43583790 # Basic blocks
   approxInstrs: 31619390 # Instrs with approx uop decoding
   mispredBranches: 1595651 # Mispredicted branches
   condBranches: 27942741 # conditional branches
  westmere-2: # Core stats
   cycles: 1162310815 # Simulated unhalted cycles
   cCycles: 216089625 # Cycles due to contention stalls
   instrs: 430791969 # Simulated instructions
   uops: 544644044 # Retired micro-ops
   bbls: 43586095 # Basic blocks
   approxInstrs: 31622009 # Instrs with approx uop decoding
   mispredBranches: 1594832 # Mispredicted branches
   condBranches: 27945283 # conditional branches
  westmere-3: # Core stats
   cycles: 1160849949 # Simulated unhalted cycles
   cCycles: 215866308 # Cycles due to contention stalls
   instrs: 430386294 # Simulated instructions
   uops: 544108161 # Retired micro-ops
   bbls: 43556837 # Basic blocks
   approxInstrs: 31570891 # Instrs with approx uop decoding
   mispredBranches: 1595980 # Mispredicted branches
   condBranches: 27924522 # conditional branches
 l1i: # Cache stats
  l1i-0: # Filter cache stats
   fhGETS: 58141001 # Filtered GETS hits
   fhGETX: 0 # Filtered GETX hits
   hGETS: 3825970 # GETS hits
   hGETX: 0 # GETX hits
   mGETS: 5514 # GETS misses
   mGETXIM: 0 # GETX I->M misses
   mGETXSM: 0 # GETX S->M misses (upgrade misses)
   PUTS: 0 # Clean evictions (from lower level)
   PUTX: 0 # Dirty evictions (from lower level)
   INV: 5245 # Invalidates (from upper level)
   INVX: 0 # Downgrades (from upper level)
   FWD: 0 # Forwards (from upper level)
   latGETnl: 302332 # GET request latency on next level
   latGETnet: 0 # GET request latency on network to next level
  l1i-1: # Filter cache stats
   fhGETS: 58122444 # Filtered GETS hits
   fhGETX: 0 # Filtered GETX hits
   hGETS: 3825085 # GETS hits
   hGETX: 0 # GETX hits
   mGETS: 5141 # GETS misses
   mGETXIM: 0 # GETX I->M misses
   mGETXSM: 0 # GETX S->M misses (upgrade misses)
   PUTS: 0 # Clean evictions (from lower level)
   PUTX: 0 # Dirty evictions (from lower level)
   INV: 4988 # Invalidates (from upper level)
   INVX: 0 # Downgrades (from upper level)
   FWD: 0 # Forwards (from upper level)
   latGETnl: 270668 # GET request latency on next level
   latGETnet: 0 # GET request latency on network to next level
  l1i-2: # Filter cache stats
   fhGETS: 58117882 # Filtered GETS hits
   fhGETX: 0 # Filtered GETX hits
   hGETS: 3825184 # GETS hits
   hGETX: 0 # GETX hits
   mGETS: 5288 # GETS misses
   mGETXIM: 0 # GETX I->M misses
   mGETXSM: 0 # GETX S->M misses (upgrade misses)
   PUTS: 0 # Clean evictions (from lower level)
   PUTX: 0 # Dirty evictions (from lower level)
   INV: 5118 # Invalidates (from upper level)
   INVX: 0 # Downgrades (from upper level)
   FWD: 0 # Forwards (from upper level)
   latGETnl: 300594 # GET request latency on next level
   latGETnet: 0 # GET request latency on network to next level
  l1i-3: # Filter cache stats
   fhGETS: 58086973 # Filtered GETS hits
   fhGETX: 0 # Filtered GETX hits
   hGETS: 3823706 # GETS hits
   hGETX: 0 # GETX hits
   mGETS: 5310 # GETS misses
   mGETXIM: 0 # GETX I->M misses
   mGETXSM: 0 # GETX S->M misses (upgrade misses)
   PUTS: 0 # Clean evictions (from lower level)
   PUTX: 0 # Dirty evictions (from lower level)
   INV: 5143 # Invalidates (from upper level)
   INVX: 0 # Downgrades (from upper level)
   FWD: 0 # Forwards (from upper level)
   latGETnl: 279340 # GET request latency on next level
   latGETnet: 0 # GET request latency on network to next level
 l1d: # Cache stats
  l1d-0: # Filter cache stats
   fhGETS: 89861700 # Filtered GETS hits
   fhGETX: 20548664 # Filtered GETX hits
   hGETS: 13984075 # GETS hits
   hGETX: 8449479 # GETX hits
   mGETS: 9436774 # GETS misses
   mGETXIM: 999 # GETX I->M misses
   mGETXSM: 39241 # GETX S->M misses (upgrade misses)
   PUTS: 0 # Clean evictions (from lower level)
   PUTX: 0 # Dirty evictions (from lower level)
   INV: 652394 # Invalidates (from upper level)
   INVX: 43620 # Downgrades (from upper level)
   FWD: 0 # Forwards (from upper level)
   latGETnl: 710666768 # GET request latency on next level
   latGETnet: 0 # GET request latency on network to next level
  l1d-1: # Filter cache stats
   fhGETS: 89846722 # Filtered GETS hits
   fhGETX: 20547089 # Filtered GETX hits
   hGETS: 13970945 # GETS hits
   hGETX: 8444314 # GETX hits
   mGETS: 9434178 # GETS misses
   mGETXIM: 819 # GETX I->M misses
   mGETXSM: 39391 # GETX S->M misses (upgrade misses)
   PUTS: 0 # Clean evictions (from lower level)
   PUTX: 0 # Dirty evictions (from lower level)
   INV: 652924 # Invalidates (from upper level)
   INVX: 44230 # Downgrades (from upper level)
   FWD: 0 # Forwards (from upper level)
   latGETnl: 710474666 # GET request latency on next level
   latGETnet: 0 # GET request latency on network to next level
  l1d-2: # Filter cache stats
   fhGETS: 89844935 # Filtered GETS hits
   fhGETX: 20540566 # Filtered GETX hits
   hGETS: 13975687 # GETS hits
   hGETX: 8446477 # GETX hits
   mGETS: 9434421 # GETS misses
   mGETXIM: 906 # GETX I->M misses
   mGETXSM: 39467 # GETX S->M misses (upgrade misses)
   PUTS: 0 # Clean evictions (from lower level)
   PUTX: 0 # Dirty evictions (from lower level)
   INV: 652354 # Invalidates (from upper level)
   INVX: 43632 # Downgrades (from upper level)
   FWD: 0 # Forwards (from upper level)
   latGETnl: 710447376 # GET request latency on next level
   latGETnet: 0 # GET request latency on network to next level
  l1d-3: # Filter cache stats
   fhGETS: 89736047 # Filtered GETS hits
   fhGETX: 20548753 # Filtered GETX hits
   hGETS: 13966052 # GETS hits
   hGETX: 8434550 # GETX hits
   mGETS: 9419599 # GETS misses
   mGETXIM: 924 # GETX I->M misses
   mGETXSM: 39141 # GETX S->M misses (upgrade misses)
   PUTS: 0 # Clean evictions (from lower level)
   PUTX: 0 # Dirty evictions (from lower level)
   INV: 652667 # Invalidates (from upper level)
   INVX: 44243 # Downgrades (from upper level)
   FWD: 0 # Forwards (from upper level)
   latGETnl: 709452232 # GET request latency on next level
   latGETnet: 0 # GET request latency on network to next level
 l2: # Cache stats
  l2-0: # Cache stats
   hGETS: 447247 # GETS hits
   hGETX: 126 # GETX hits
   mGETS: 8995041 # GETS misses
   mGETXIM: 875 # GETX I->M misses
   mGETXSM: 39239 # GETX S->M misses (upgrade misses)
   PUTS: 5127963 # Clean evictions (from lower level)
   PUTX: 3656920 # Dirty evictions (from lower level)
   INV: 3463402 # Invalidates (from upper level)
   INVX: 371712 # Downgrades (from upper level)
   FWD: 0 # Forwards (from upper level)
   latGETnl: 635108876 # GET request latency on next level
   latGETnet: 0 # GET request latency on network to next level
  l2-1: # Cache stats
   hGETS: 447932 # GETS hits
   hGETX: 98 # GETX hits
   mGETS: 8991387 # GETS misses
   mGETXIM: 724 # GETX I->M misses
   mGETXSM: 39388 # GETX S->M misses (upgrade misses)
   PUTS: 5125482 # Clean evictions (from lower level)
   PUTX: 3656148 # Dirty evictions (from lower level)
   INV: 3466546 # Invalidates (from upper level)
   INVX: 372004 # Downgrades (from upper level)
   FWD: 0 # Forwards (from upper level)
   latGETnl: 634909102 # GET request latency on next level
   latGETnet: 0 # GET request latency on network to next level
  l2-2: # Cache stats
   hGETS: 446132 # GETS hits
   hGETX: 95 # GETX hits
   mGETS: 8993577 # GETS misses
   mGETXIM: 814 # GETX I->M misses
   mGETXSM: 39464 # GETX S->M misses (upgrade misses)
   PUTS: 5126603 # Clean evictions (from lower level)
   PUTX: 3655891 # Dirty evictions (from lower level)
   INV: 3462615 # Invalidates (from upper level)
   INVX: 371509 # Downgrades (from upper level)
   FWD: 0 # Forwards (from upper level)
   latGETnl: 634907314 # GET request latency on next level
   latGETnet: 0 # GET request latency on network to next level
  l2-3: # Cache stats
   hGETS: 446329 # GETS hits
   hGETX: 104 # GETX hits
   mGETS: 8978580 # GETS misses
   mGETXIM: 821 # GETX I->M misses
   mGETXSM: 39140 # GETX S->M misses (upgrade misses)
   PUTS: 5117732 # Clean evictions (from lower level)
   PUTX: 3649668 # Dirty evictions (from lower level)
   INV: 3461071 # Invalidates (from upper level)
   INVX: 372046 # Downgrades (from upper level)
   FWD: 0 # Forwards (from upper level)
   latGETnl: 634011780 # GET request latency on next level
   latGETnet: 0 # GET request latency on network to next level
 l3: # Cache stats
  l3-0b0: # Cache stats
   hGETS: 3989954 # GETS hits
   hGETX: 39482 # GETX hits
   mGETS: 4990857 # GETS misses
   mGETXIM: 855 # GETX I->M misses
   mGETXSM: 0 # GETX S->M misses (upgrade misses)
   PUTS: 3889516 # Clean evictions (from lower level)
   PUTX: 1640441 # Dirty evictions (from lower level)
   INV: 0 # Invalidates (from upper level)
   INVX: 0 # Downgrades (from upper level)
   FWD: 0 # Forwards (from upper level)
   latGETnl: 449254080 # GET request latency on next level
   latGETnet: 0 # GET request latency on network to next level
  l3-0b1: # Cache stats
   hGETS: 4006156 # GETS hits
   hGETX: 39132 # GETX hits
   mGETS: 4994141 # GETS misses
   mGETXIM: 644 # GETX I->M misses
   mGETXSM: 0 # GETX S->M misses (upgrade misses)
   PUTS: 3917021 # Clean evictions (from lower level)
   PUTX: 1635340 # Dirty evictions (from lower level)
   INV: 0 # Invalidates (from upper level)
   INVX: 0 # Downgrades (from upper level)
   FWD: 0 # Forwards (from upper level)
   latGETnl: 449530650 # GET request latency on next level
   latGETnet: 0 # GET request latency on network to next level
  l3-0b2: # Cache stats
   hGETS: 3996243 # GETS hits
   hGETX: 39370 # GETX hits
   mGETS: 4982778 # GETS misses
   mGETXIM: 702 # GETX I->M misses
   mGETXSM: 0 # GETX S->M misses (upgrade misses)
   PUTS: 3900911 # Clean evictions (from lower level)
   PUTX: 1634314 # Dirty evictions (from lower level)
   INV: 0 # Invalidates (from upper level)
   INVX: 0 # Downgrades (from upper level)
   FWD: 0 # Forwards (from upper level)
   latGETnl: 448513200 # GET request latency on next level
   latGETnet: 0 # GET request latency on network to next level
  l3-0b3: # Cache stats
   hGETS: 3940455 # GETS hits
   hGETX: 39494 # GETX hits
   mGETS: 5058001 # GETS misses
   mGETXIM: 786 # GETX I->M misses
   mGETXSM: 0 # GETX S->M misses (upgrade misses)
   PUTS: 3871906 # Clean evictions (from lower level)
   PUTX: 1603779 # Dirty evictions (from lower level)
   INV: 0 # Invalidates (from upper level)
   INVX: 0 # Downgrades (from upper level)
   FWD: 0 # Forwards (from upper level)
   latGETnl: 455290830 # GET request latency on next level
   latGETnet: 0 # GET request latency on network to next level
 mem: # Memory controller stats
  mem-0: # Memory controller stats
   rd: 4998593 # Read requests
   wr: 3327373 # Write requests
   rdlat: 684165791 # Total latency experienced by read requests
   wrlat: 486973750 # Total latency experienced by write requests
   rdhits: 3527 # Read row hits
   wrhits: 3407 # Write row hits
   mlh: # latency histogram for memory requests
    0: 0
    1: 0
    2: 0
    3: 0
    4: 0
    5: 0
    6: 0
    7: 0
    8: 0
    9: 0
    10: 0
    11: 682
    12: 808
    13: 4467154
    14: 206462
    15: 121876
    16: 68761
    17: 11129
    18: 9522
    19: 9217
    20: 9503
    21: 9486
    22: 8616
    23: 8331
    24: 10309
    25: 5321
    26: 1707
    27: 1826
    28: 1999
    29: 2641
    30: 2654
    31: 2629
    32: 2596
    33: 3099
    34: 3237
    35: 3249
    36: 2993
    37: 2942
    38: 3108
    39: 2942
    40: 2872
    41: 2848
    42: 3073
    43: 1729
    44: 888
    45: 737
    46: 581
    47: 570
    48: 277
    49: 65
    50: 38
    51: 28
    52: 32
    53: 21
    54: 18
    55: 8
    56: 3
    57: 3
    58: 2
    59: 0
    60: 1
    61: 0
    62: 0
    63: 0
    64: 0
    65: 0
    66: 0
    67: 0
    68: 0
    69: 0
    70: 0
    71: 0
    72: 0
    73: 0
    74: 0
    75: 0
    76: 0
    77: 0
    78: 0
    79: 0
    80: 0
    81: 0
    82: 0
    83: 0
    84: 0
    85: 0
    86: 0
    87: 0
    88: 0
    89: 0
    90: 0
    91: 0
    92: 0
    93: 0
    94: 0
    95: 0
    96: 0
    97: 0
    98: 0
    99: 0
  mem-1: # Memory controller stats
   rd: 5035544 # Read requests
   wr: 3322322 # Write requests
   rdlat: 689300145 # Total latency experienced by read requests
   wrlat: 486415964 # Total latency experienced by write requests
   rdhits: 3518 # Read row hits
   wrhits: 3444 # Write row hits
   mlh: # latency histogram for memory requests
    0: 0
    1: 0
    2: 0
    3: 0
    4: 0
    5: 0
    6: 0
    7: 0
    8: 0
    9: 0
    10: 0
    11: 618
    12: 787
    13: 4497025
    14: 209567
    15: 123122
    16: 70063
    17: 11158
    18: 9649
    19: 9437
    20: 9577
    21: 9569
    22: 8682
    23: 8648
    24: 10577
    25: 5253
    26: 1754
    27: 1861
    28: 2028
    29: 2644
    30: 2702
    31: 2561
    32: 2657
    33: 3196
    34: 3222
    35: 3242
    36: 2977
    37: 3051
    38: 3124
    39: 2931
    40: 2929
    41: 2841
    42: 3004
    43: 1801
    44: 897
    45: 754
    46: 575
    47: 544
    48: 276
    49: 67
    50: 44
    51: 47
    52: 29
    53: 19
    54: 13
    55: 7
    56: 5
    57: 5
    58: 2
    59: 3
    60: 0
    61: 0
    62: 0
    63: 0
    64: 0
    65: 0
    66: 0
    67: 0
    68: 0
    69: 0
    70: 0
    71: 0
    72: 0
    73: 0
    74: 0
    75: 0
    76: 0
    77: 0
    78: 0
    79: 0
    80: 0
    81: 0
    82: 0
    83: 0
    84: 0
    85: 0
    86: 0
    87: 0
    88: 0
    89: 0
    90: 0
    91: 0
    92: 0
    93: 0
    94: 0
    95: 0
    96: 0
    97: 0
    98: 0
    99: 0
  mem-2: # Memory controller stats
   rd: 5010479 # Read requests
   wr: 3323572 # Write requests
   rdlat: 685779965 # Total latency experienced by read requests
   wrlat: 486394456 # Total latency experienced by write requests
   rdhits: 3452 # Read row hits
   wrhits: 3383 # Write row hits
   mlh: # latency histogram for memory requests
    0: 0
    1: 0
    2: 0
    3: 0
    4: 0
    5: 0
    6: 0
    7: 0
    8: 0
    9: 0
    10: 0
    11: 592
    12: 775
    13: 4477081
    14: 207461
    15: 122088
    16: 69306
    17: 11035
    18: 9571
    19: 9253
    20: 9662
    21: 9605
    22: 8855
    23: 8256
    24: 10083
    25: 5337
    26: 1740
    27: 1852
    28: 2059
    29: 2694
    30: 2646
    31: 2676
    32: 2726
    33: 3073
    34: 3170
    35: 3141
    36: 3019
    37: 3134
    38: 2893
    39: 2938
    40: 2832
    41: 2808
    42: 3139
    43: 1729
    44: 920
    45: 734
    46: 547
    47: 563
    48: 281
    49: 57
    50: 30
    51: 38
    52: 41
    53: 12
    54: 13
    55: 9
    56: 1
    57: 2
    58: 2
    59: 0
    60: 0
    61: 0
    62: 0
    63: 0
    64: 0
    65: 0
    66: 0
    67: 0
    68: 0
    69: 0
    70: 0
    71: 0
    72: 0
    73: 0
    74: 0
    75: 0
    76: 0
    77: 0
    78: 0
    79: 0
    80: 0
    81: 0
    82: 0
    83: 0
    84: 0
    85: 0
    86: 0
    87: 0
    88: 0
    89: 0
    90: 0
    91: 0
    92: 0
    93: 0
    94: 0
    95: 0
    96: 0
    97: 0
    98: 0
    99: 0
  mem-3: # Memory controller stats
   rd: 4984131 # Read requests
   wr: 3314903 # Write requests
   rdlat: 682158091 # Total latency experienced by read requests
   wrlat: 485128929 # Total latency experienced by write requests
   rdhits: 3516 # Read row hits
   wrhits: 3368 # Write row hits
   mlh: # latency histogram for memory requests
    0: 0
    1: 0
    2: 0
    3: 0
    4: 0
    5: 0
    6: 0
    7: 0
    8: 0
    9: 0
    10: 0
    11: 635
    12: 855
    13: 4455034
    14: 205443
    15: 120777
    16: 69130
    17: 11002
    18: 9426
    19: 9187
    20: 9447
    21: 9664
    22: 8775
    23: 8217
    24: 9912
    25: 5239
    26: 1781
    27: 1818
    28: 1992
    29: 2654
    30: 2715
    31: 2650
    32: 2630
    33: 3159
    34: 3153
    35: 3139
    36: 2906
    37: 3121
    38: 2971
    39: 2949
    40: 2800
    41: 2805
    42: 3066
    43: 1825
    44: 906
    45: 754
    46: 580
    47: 558
    48: 265
    49: 57
    50: 41
    51: 26
    52: 20
    53: 18
    54: 11
    55: 8
    56: 4
    57: 3
    58: 1
    59: 1
    60: 1
    61: 0
    62: 0
    63: 0
    64: 0
    65: 0
    66: 0
    67: 0
    68: 0
    69: 0
    70: 0
    71: 0
    72: 0
    73: 0
    74: 0
    75: 0
    76: 0
    77: 0
    78: 0
    79: 0
    80: 0
    81: 0
    82: 0
    83: 0
    84: 0
    85: 0
    86: 0
    87: 0
    88: 0
    89: 0
    90: 0
    91: 0
    92: 0
    93: 0
    94: 0
    95: 0
    96: 0
    97: 0
    98: 0
    99: 0
 sched: # Scheduler stats
  thCr: 5 # Threads created
  thFn: 5 # Threads finished
  schedEvs: 8 # Schedule events
  waitEvs: 1 # Wait events
  handoffEvs: 0 # Handoff events
  sleepEvs: 0 # Sleep events
  idlePhases: 0 # Phases with no thread active
  idlePeriods: 0 # Periods with no thread active
  occHist: # Occupancy histogram
   0: 0
   1: 3
   2: 0
   3: 0
   4: 117109
  rqSzHist: # Run queue size histogram
   0: 117112
   1: 0
   2: 0
   3: 0
   4: 0
   5: 0
   6: 0
   7: 0
   8: 0
   9: 0
   10: 0
   11: 0
   12: 0
   13: 0
   14: 0
   15: 0
   16: 0
 procCycles: # Per-process unhalted core cycles
  0: 4647995796
  1: 0
  2: 0
  3: 0
  4: 0
  5: 0
  6: 0
  7: 0
  8: 0
  9: 0
  10: 0
  11: 0
  12: 0
  13: 0
  14: 0
  15: 0
  16: 0
  17: 0
  18: 0
  19: 0
  20: 0
  21: 0
  22: 0
  23: 0
  24: 0
  25: 0
  26: 0
  27: 0
  28: 0
  29: 0
  30: 0
  31: 0
  32: 0
  33: 0
  34: 0
  35: 0
  36: 0
  37: 0
  38: 0
  39: 0
  40: 0
  41: 0
  42: 0
  43: 0
  44: 0
  45: 0
  46: 0
  47: 0
  48: 0
  49: 0
  50: 0
  51: 0
  52: 0
  53: 0
  54: 0
  55: 0
  56: 0
  57: 0
  58: 0
  59: 0
  60: 0
  61: 0
  62: 0
  63: 0
 procInstrs: # Per-process instructions
  0: 1722915097
  1: 0
  2: 0
  3: 0
  4: 0
  5: 0
  6: 0
  7: 0
  8: 0
  9: 0
  10: 0
  11: 0
  12: 0
  13: 0
  14: 0
  15: 0
  16: 0
  17: 0
  18: 0
  19: 0
  20: 0
  21: 0
  22: 0
  23: 0
  24: 0
  25: 0
  26: 0
  27: 0
  28: 0
  29: 0
  30: 0
  31: 0
  32: 0
  33: 0
  34: 0
  35: 0
  36: 0
  37: 0
  38: 0
  39: 0
  40: 0
  41: 0
  42: 0
  43: 0
  44: 0
  45: 0
  46: 0
  47: 0
  48: 0
  49: 0
  50: 0
  51: 0
  52: 0
  53: 0
  54: 0
  55: 0
  56: 0
  57: 0
  58: 0
  59: 0
  60: 0
  61: 0
  62: 0
  63: 0
 heartbeats: # Per-process heartbeats
  0: 0
  1: 0
  2: 0
  3: 0
  4: 0
  5: 0
  6: 0
  7: 0
  8: 0
  9: 0
  10: 0
  11: 0
  12: 0
  13: 0
  14: 0
  15: 0
  16: 0
  17: 0
  18: 0
  19: 0
  20: 0
  21: 0
  22: 0
  23: 0
  24: 0
  25: 0
  26: 0
  27: 0
  28: 0
  29: 0
  30: 0
  31: 0
  32: 0
  33: 0
  34: 0
  35: 0
  36: 0
  37: 0
  38: 0
  39: 0
  40: 0
  41: 0
  42: 0
  43: 0
  44: 0
  45: 0
  46: 0
  47: 0
  48: 0
  49: 0
  50: 0
  51: 0
  52: 0
  53: 0
  54: 0
  55: 0
  56: 0
  57: 0
  58: 0
  59: 0
  60: 0
  61: 0
  62: 0
  63: 0
===
