# zsim stats
===
root: # Stats
 contention: # Contention simulation stats
  domain-0: # Domain stats
   time: 6075330508 # Weave simulation time
 time: # Simulator time breakdown
  init: 928455747
  bound: 36830362162
  weave: 7312549771
  ff: 0
 trigger: 20000 # Reason for this stats dump
 phase: 124692 # Simulated phases
 westmere: # Core stats
  westmere-0: # Core stats
   cycles: 1246922421 # Simulated unhalted cycles
   cCycles: 287202259 # Cycles due to contention stalls
   instrs: 1000007662 # Simulated instructions
   uops: 1001592441 # Retired micro-ops
   bbls: 111117230 # Basic blocks
   approxInstrs: 46 # Instrs with approx uop decoding
   mispredBranches: 483 # Mispredicted branches
   condBranches: 110786659 # conditional branches
 l1i: # Cache stats
  l1i-0: # Filter cache stats
   fhGETS: 111185943 # Filtered GETS hits
   fhGETX: 0 # Filtered GETX hits
   hGETS: 176 # GETS hits
   hGETX: 0 # GETX hits
   mGETS: 1776 # GETS misses
   mGETXIM: 0 # GETX I->M misses
   mGETXSM: 0 # GETX S->M misses (upgrade misses)
   PUTS: 0 # Clean evictions (from lower level)
   PUTX: 0 # Dirty evictions (from lower level)
   INV: 1775 # Invalidates (from upper level)
   INVX: 0 # Downgrades (from upper level)
   FWD: 0 # Forwards (from upper level)
   latGETnl: 209568 # GET request latency on next level
   latGETnet: 0 # GET request latency on network to next level
 l1d: # Cache stats
  l1d-0: # Filter cache stats
   fhGETS: 219001412 # Filtered GETS hits
   fhGETX: 100890904 # Filtered GETX hits
   hGETS: 3503829 # GETS hits
   hGETX: 3330173 # GETX hits
   mGETS: 146548 # GETS misses
   mGETXIM: 6891708 # GETX I->M misses
   mGETXSM: 0 # GETX S->M misses (upgrade misses)
   PUTS: 0 # Clean evictions (from lower level)
   PUTX: 0 # Dirty evictions (from lower level)
   INV: 1257 # Invalidates (from upper level)
   INVX: 0 # Downgrades (from upper level)
   FWD: 0 # Forwards (from upper level)
   latGETnl: 823388648 # GET request latency on next level
   latGETnet: 0 # GET request latency on network to next level
 l2: # Cache stats
  l2-0: # Cache stats
   hGETS: 13651 # GETS hits
   hGETX: 2994 # GETX hits
   mGETS: 134673 # GETS misses
   mGETXIM: 6888714 # GETX I->M misses
   mGETXSM: 0 # GETX S->M misses (upgrade misses)
   PUTS: 101055 # Clean evictions (from lower level)
   PUTX: 6935432 # Dirty evictions (from lower level)
   INV: 6471 # Invalidates (from upper level)
   INVX: 0 # Downgrades (from upper level)
   FWD: 0 # Forwards (from upper level)
   latGETnl: 767277960 # GET request latency on next level
   latGETnet: 0 # GET request latency on network to next level
 l3: # Cache stats
  l3-0: # Cache stats
   hGETS: 49618 # GETS hits
   hGETX: 9211 # GETX hits
   mGETS: 85055 # GETS misses
   mGETXIM: 6879503 # GETX I->M misses
   mGETXSM: 0 # GETX S->M misses (upgrade misses)
   PUTS: 86621 # Clean evictions (from lower level)
   PUTX: 6926199 # Dirty evictions (from lower level)
   INV: 0 # Invalidates (from upper level)
   INVX: 0 # Downgrades (from upper level)
   FWD: 0 # Forwards (from upper level)
   latGETnl: 626810220 # GET request latency on next level
   latGETnet: 0 # GET request latency on network to next level
 mem: # Memory controller stats
  mem-0: # Memory controller stats
   rd: 1751244 # Read requests
   wr: 1733584 # Write requests
   rdlat: 231959465 # Total latency experienced by read requests
   wrlat: 247887016 # Total latency experienced by write requests
   rdhits: 2 # Read row hits
   wrhits: 1154 # Write row hits
   mlh: # latency histogram for memory requests
    0: 0
    1: 0
    2: 0
    3: 0
    4: 0
    5: 0
    6: 0
    7: 0
    8: 0
    9: 0
    10: 0
    11: 0
    12: 0
    13: 1726669
    14: 3203
    15: 2253
    16: 1197
    17: 263
    18: 141
    19: 125
    20: 125
    21: 121
    22: 106
    23: 70
    24: 85
    25: 331
    26: 46
    27: 168
    28: 228
    29: 38
    30: 41
    31: 49
    32: 63
    33: 3596
    34: 1114
    35: 1638
    36: 869
    37: 1812
    38: 3690
    39: 474
    40: 601
    41: 1377
    42: 628
    43: 74
    44: 12
    45: 10
    46: 8
    47: 10
    48: 5
    49: 1
    50: 0
    51: 3
    52: 0
    53: 0
    54: 0
    55: 0
    56: 0
    57: 0
    58: 0
    59: 0
    60: 0
    61: 0
    62: 0
    63: 0
    64: 0
    65: 0
    66: 0
    67: 0
    68: 0
    69: 0
    70: 0
    71: 0
    72: 0
    73: 0
    74: 0
    75: 0
    76: 0
    77: 0
    78: 0
    79: 0
    80: 0
    81: 0
    82: 0
    83: 0
    84: 0
    85: 0
    86: 0
    87: 0
    88: 0
    89: 0
    90: 0
    91: 0
    92: 0
    93: 0
    94: 0
    95: 0
    96: 0
    97: 0
    98: 0
    99: 0
  mem-1: # Memory controller stats
   rd: 1741383 # Read requests
   wr: 1724643 # Write requests
   rdlat: 230670215 # Total latency experienced by read requests
   wrlat: 246369784 # Total latency experienced by write requests
   rdhits: 4 # Read row hits
   wrhits: 1072 # Write row hits
   mlh: # latency histogram for memory requests
    0: 0
    1: 0
    2: 0
    3: 0
    4: 0
    5: 0
    6: 0
    7: 0
    8: 0
    9: 0
    10: 0
    11: 0
    12: 0
    13: 1719505
    14: 1736
    15: 1302
    16: 733
    17: 179
    18: 155
    19: 117
    20: 98
    21: 62
    22: 87
    23: 70
    24: 77
    25: 292
    26: 39
    27: 212
    28: 300
    29: 41
    30: 33
    31: 46
    32: 53
    33: 3450
    34: 1160
    35: 1740
    36: 1025
    37: 1842
    38: 3731
    39: 551
    40: 627
    41: 1325
    42: 658
    43: 85
    44: 9
    45: 9
    46: 6
    47: 11
    48: 11
    49: 2
    50: 2
    51: 1
    52: 0
    53: 0
    54: 1
    55: 0
    56: 0
    57: 0
    58: 0
    59: 0
    60: 0
    61: 0
    62: 0
    63: 0
    64: 0
    65: 0
    66: 0
    67: 0
    68: 0
    69: 0
    70: 0
    71: 0
    72: 0
    73: 0
    74: 0
    75: 0
    76: 0
    77: 0
    78: 0
    79: 0
    80: 0
    81: 0
    82: 0
    83: 0
    84: 0
    85: 0
    86: 0
    87: 0
    88: 0
    89: 0
    90: 0
    91: 0
    92: 0
    93: 0
    94: 0
    95: 0
    96: 0
    97: 0
    98: 0
    99: 0
  mem-2: # Memory controller stats
   rd: 1736420 # Read requests
   wr: 1716924 # Write requests
   rdlat: 229845946 # Total latency experienced by read requests
   wrlat: 245083568 # Total latency experienced by write requests
   rdhits: 0 # Read row hits
   wrhits: 795 # Write row hits
   mlh: # latency histogram for memory requests
    0: 0
    1: 0
    2: 0
    3: 0
    4: 0
    5: 0
    6: 0
    7: 0
    8: 0
    9: 0
    10: 0
    11: 0
    12: 0
    13: 1717717
    14: 622
    15: 455
    16: 223
    17: 58
    18: 82
    19: 97
    20: 90
    21: 39
    22: 43
    23: 38
    24: 25
    25: 279
    26: 42
    27: 156
    28: 274
    29: 41
    30: 38
    31: 32
    32: 68
    33: 3742
    34: 1160
    35: 1656
    36: 889
    37: 1849
    38: 3597
    39: 453
    40: 594
    41: 1366
    42: 596
    43: 77
    44: 10
    45: 4
    46: 0
    47: 0
    48: 3
    49: 2
    50: 1
    51: 0
    52: 0
    53: 0
    54: 0
    55: 1
    56: 1
    57: 0
    58: 0
    59: 0
    60: 0
    61: 0
    62: 0
    63: 0
    64: 0
    65: 0
    66: 0
    67: 0
    68: 0
    69: 0
    70: 0
    71: 0
    72: 0
    73: 0
    74: 0
    75: 0
    76: 0
    77: 0
    78: 0
    79: 0
    80: 0
    81: 0
    82: 0
    83: 0
    84: 0
    85: 0
    86: 0
    87: 0
    88: 0
    89: 0
    90: 0
    91: 0
    92: 0
    93: 0
    94: 0
    95: 0
    96: 0
    97: 0
    98: 0
    99: 0
  mem-3: # Memory controller stats
   rd: 1735492 # Read requests
   wr: 1714918 # Write requests
   rdlat: 229724084 # Total latency experienced by read requests
   wrlat: 244549716 # Total latency experienced by write requests
   rdhits: 0 # Read row hits
   wrhits: 728 # Write row hits
   mlh: # latency histogram for memory requests
    0: 0
    1: 0
    2: 0
    3: 0
    4: 0
    5: 0
    6: 0
    7: 0
    8: 0
    9: 0
    10: 0
    11: 0
    12: 0
    13: 1717461
    14: 344
    15: 217
    16: 117
    17: 13
    18: 30
    19: 72
    20: 61
    21: 15
    22: 23
    23: 15
    24: 28
    25: 290
    26: 40
    27: 195
    28: 306
    29: 40
    30: 49
    31: 48
    32: 55
    33: 3486
    34: 1215
    35: 1681
    36: 1055
    37: 1783
    38: 3681
    39: 525
    40: 622
    41: 1316
    42: 625
    43: 72
    44: 6
    45: 2
    46: 2
    47: 0
    48: 1
    49: 0
    50: 0
    51: 0
    52: 1
    53: 0
    54: 0
    55: 0
    56: 0
    57: 0
    58: 0
    59: 0
    60: 0
    61: 0
    62: 0
    63: 0
    64: 0
    65: 0
    66: 0
    67: 0
    68: 0
    69: 0
    70: 0
    71: 0
    72: 0
    73: 0
    74: 0
    75: 0
    76: 0
    77: 0
    78: 0
    79: 0
    80: 0
    81: 0
    82: 0
    83: 0
    84: 0
    85: 0
    86: 0
    87: 0
    88: 0
    89: 0
    90: 0
    91: 0
    92: 0
    93: 0
    94: 0
    95: 0
    96: 0
    97: 0
    98: 0
    99: 0
 sched: # Scheduler stats
  thCr: 1 # Threads created
  thFn: 1 # Threads finished
  schedEvs: 1 # Schedule events
  waitEvs: 0 # Wait events
  handoffEvs: 0 # Handoff events
  sleepEvs: 0 # Sleep events
  idlePhases: 0 # Phases with no thread active
  idlePeriods: 0 # Periods with no thread active
  occHist: # Occupancy histogram
   0: 0
   1: 124692
  rqSzHist: # Run queue size histogram
   0: 124692
   1: 0
   2: 0
   3: 0
   4: 0
   5: 0
   6: 0
   7: 0
   8: 0
   9: 0
   10: 0
   11: 0
   12: 0
   13: 0
   14: 0
   15: 0
   16: 0
 procCycles: # Per-process unhalted core cycles
  0: 1246922421
  1: 0
  2: 0
  3: 0
  4: 0
  5: 0
  6: 0
  7: 0
  8: 0
  9: 0
  10: 0
  11: 0
  12: 0
  13: 0
  14: 0
  15: 0
  16: 0
  17: 0
  18: 0
  19: 0
  20: 0
  21: 0
  22: 0
  23: 0
  24: 0
  25: 0
  26: 0
  27: 0
  28: 0
  29: 0
  30: 0
  31: 0
  32: 0
  33: 0
  34: 0
  35: 0
  36: 0
  37: 0
  38: 0
  39: 0
  40: 0
  41: 0
  42: 0
  43: 0
  44: 0
  45: 0
  46: 0
  47: 0
  48: 0
  49: 0
  50: 0
  51: 0
  52: 0
  53: 0
  54: 0
  55: 0
  56: 0
  57: 0
  58: 0
  59: 0
  60: 0
  61: 0
  62: 0
  63: 0
 procInstrs: # Per-process instructions
  0: 1000007662
  1: 0
  2: 0
  3: 0
  4: 0
  5: 0
  6: 0
  7: 0
  8: 0
  9: 0
  10: 0
  11: 0
  12: 0
  13: 0
  14: 0
  15: 0
  16: 0
  17: 0
  18: 0
  19: 0
  20: 0
  21: 0
  22: 0
  23: 0
  24: 0
  25: 0
  26: 0
  27: 0
  28: 0
  29: 0
  30: 0
  31: 0
  32: 0
  33: 0
  34: 0
  35: 0
  36: 0
  37: 0
  38: 0
  39: 0
  40: 0
  41: 0
  42: 0
  43: 0
  44: 0
  45: 0
  46: 0
  47: 0
  48: 0
  49: 0
  50: 0
  51: 0
  52: 0
  53: 0
  54: 0
  55: 0
  56: 0
  57: 0
  58: 0
  59: 0
  60: 0
  61: 0
  62: 0
  63: 0
 heartbeats: # Per-process heartbeats
  0: 0
  1: 0
  2: 0
  3: 0
  4: 0
  5: 0
  6: 0
  7: 0
  8: 0
  9: 0
  10: 0
  11: 0
  12: 0
  13: 0
  14: 0
  15: 0
  16: 0
  17: 0
  18: 0
  19: 0
  20: 0
  21: 0
  22: 0
  23: 0
  24: 0
  25: 0
  26: 0
  27: 0
  28: 0
  29: 0
  30: 0
  31: 0
  32: 0
  33: 0
  34: 0
  35: 0
  36: 0
  37: 0
  38: 0
  39: 0
  40: 0
  41: 0
  42: 0
  43: 0
  44: 0
  45: 0
  46: 0
  47: 0
  48: 0
  49: 0
  50: 0
  51: 0
  52: 0
  53: 0
  54: 0
  55: 0
  56: 0
  57: 0
  58: 0
  59: 0
  60: 0
  61: 0
  62: 0
  63: 0
===
