# zsim stats
===
root: # Stats
 contention: # Contention simulation stats
  domain-0: # Domain stats
   time: 240555665 # Weave simulation time
 time: # Simulator time breakdown
  init: 2840097756
  bound: 70804533677
  weave: 1470290105
  ff: 9603956
 trigger: 20000 # Reason for this stats dump
 phase: 74353 # Simulated phases
 westmere: # Core stats
  westmere-0: # Core stats
   cycles: 743493232 # Simulated unhalted cycles
   cCycles: 166017 # Cycles due to contention stalls
   instrs: 1015484285 # Simulated instructions
   uops: 1243626460 # Retired micro-ops
   bbls: 97695014 # Basic blocks
   approxInstrs: 13331309 # Instrs with approx uop decoding
   mispredBranches: 486973 # Mispredicted branches
   condBranches: 61154586 # conditional branches
  westmere-1: # Core stats
   cycles: 743527650 # Simulated unhalted cycles
   cCycles: 166417 # Cycles due to contention stalls
   instrs: 1015870641 # Simulated instructions
   uops: 1244098019 # Retired micro-ops
   bbls: 97732702 # Basic blocks
   approxInstrs: 13337318 # Instrs with approx uop decoding
   mispredBranches: 485939 # Mispredicted branches
   condBranches: 61176980 # conditional branches
  westmere-2: # Core stats
   cycles: 743385901 # Simulated unhalted cycles
   cCycles: 164032 # Cycles due to contention stalls
   instrs: 1015719563 # Simulated instructions
   uops: 1243914409 # Retired micro-ops
   bbls: 97716085 # Basic blocks
   approxInstrs: 13334313 # Instrs with approx uop decoding
   mispredBranches: 484436 # Mispredicted branches
   condBranches: 61168158 # conditional branches
  westmere-3: # Core stats
   cycles: 743374041 # Simulated unhalted cycles
   cCycles: 168804 # Cycles due to contention stalls
   instrs: 1015625043 # Simulated instructions
   uops: 1243798298 # Retired micro-ops
   bbls: 97708328 # Basic blocks
   approxInstrs: 13333370 # Instrs with approx uop decoding
   mispredBranches: 486525 # Mispredicted branches
   condBranches: 61162802 # conditional branches
 l1i: # Cache stats
  l1i-0: # Filter cache stats
   fhGETS: 108745622 # Filtered GETS hits
   fhGETX: 0 # Filtered GETX hits
   hGETS: 31248265 # GETS hits
   hGETX: 0 # GETX hits
   mGETS: 208 # GETS misses
   mGETXIM: 0 # GETX I->M misses
   mGETXSM: 0 # GETX S->M misses (upgrade misses)
   PUTS: 0 # Clean evictions (from lower level)
   PUTX: 0 # Dirty evictions (from lower level)
   INV: 0 # Invalidates (from upper level)
   INVX: 0 # Downgrades (from upper level)
   FWD: 0 # Forwards (from upper level)
   latGETnl: 16894 # GET request latency on next level
   latGETnet: 0 # GET request latency on network to next level
  l1i-1: # Filter cache stats
   fhGETS: 108791715 # Filtered GETS hits
   fhGETX: 0 # Filtered GETX hits
   hGETS: 31250120 # GETS hits
   hGETX: 0 # GETX hits
   mGETS: 86 # GETS misses
   mGETXIM: 0 # GETX I->M misses
   mGETXSM: 0 # GETX S->M misses (upgrade misses)
   PUTS: 0 # Clean evictions (from lower level)
   PUTX: 0 # Dirty evictions (from lower level)
   INV: 0 # Invalidates (from upper level)
   INVX: 0 # Downgrades (from upper level)
   FWD: 0 # Forwards (from upper level)
   latGETnl: 8348 # GET request latency on next level
   latGETnet: 0 # GET request latency on network to next level
  l1i-2: # Filter cache stats
   fhGETS: 108760635 # Filtered GETS hits
   fhGETX: 0 # Filtered GETX hits
   hGETS: 31251186 # GETS hits
   hGETX: 0 # GETX hits
   mGETS: 88 # GETS misses
   mGETXIM: 0 # GETX I->M misses
   mGETXSM: 0 # GETX S->M misses (upgrade misses)
   PUTS: 0 # Clean evictions (from lower level)
   PUTX: 0 # Dirty evictions (from lower level)
   INV: 0 # Invalidates (from upper level)
   INVX: 0 # Downgrades (from upper level)
   FWD: 0 # Forwards (from upper level)
   latGETnl: 3004 # GET request latency on next level
   latGETnet: 0 # GET request latency on network to next level
  l1i-3: # Filter cache stats
   fhGETS: 108755243 # Filtered GETS hits
   fhGETX: 0 # Filtered GETX hits
   hGETS: 31255190 # GETS hits
   hGETX: 0 # GETX hits
   mGETS: 228 # GETS misses
   mGETXIM: 0 # GETX I->M misses
   mGETXSM: 0 # GETX S->M misses (upgrade misses)
   PUTS: 0 # Clean evictions (from lower level)
   PUTX: 0 # Dirty evictions (from lower level)
   INV: 0 # Invalidates (from upper level)
   INVX: 0 # Downgrades (from upper level)
   FWD: 0 # Forwards (from upper level)
   latGETnl: 16554 # GET request latency on next level
   latGETnet: 0 # GET request latency on network to next level
 l1d: # Cache stats
  l1d-0: # Filter cache stats
   fhGETS: 192882788 # Filtered GETS hits
   fhGETX: 78300162 # Filtered GETX hits
   hGETS: 19404413 # GETS hits
   hGETX: 3984544 # GETX hits
   mGETS: 912361 # GETS misses
   mGETXIM: 102784 # GETX I->M misses
   mGETXSM: 13 # GETX S->M misses (upgrade misses)
   PUTS: 0 # Clean evictions (from lower level)
   PUTX: 0 # Dirty evictions (from lower level)
   INV: 184 # Invalidates (from upper level)
   INVX: 48 # Downgrades (from upper level)
   FWD: 0 # Forwards (from upper level)
   latGETnl: 12472462 # GET request latency on next level
   latGETnet: 0 # GET request latency on network to next level
  l1d-1: # Filter cache stats
   fhGETS: 192973485 # Filtered GETS hits
   fhGETX: 78325424 # Filtered GETX hits
   hGETS: 19375253 # GETS hits
   hGETX: 3989158 # GETX hits
   mGETS: 931989 # GETS misses
   mGETXIM: 102683 # GETX I->M misses
   mGETXSM: 3 # GETX S->M misses (upgrade misses)
   PUTS: 0 # Clean evictions (from lower level)
   PUTX: 0 # Dirty evictions (from lower level)
   INV: 163 # Invalidates (from upper level)
   INVX: 97 # Downgrades (from upper level)
   FWD: 0 # Forwards (from upper level)
   latGETnl: 11134310 # GET request latency on next level
   latGETnet: 0 # GET request latency on network to next level
  l1d-2: # Filter cache stats
   fhGETS: 192918704 # Filtered GETS hits
   fhGETX: 78316107 # Filtered GETX hits
   hGETS: 19416990 # GETS hits
   hGETX: 3986752 # GETX hits
   mGETS: 913003 # GETS misses
   mGETXIM: 102650 # GETX I->M misses
   mGETXSM: 3 # GETX S->M misses (upgrade misses)
   PUTS: 0 # Clean evictions (from lower level)
   PUTX: 0 # Dirty evictions (from lower level)
   INV: 216 # Invalidates (from upper level)
   INVX: 63 # Downgrades (from upper level)
   FWD: 0 # Forwards (from upper level)
   latGETnl: 11068968 # GET request latency on next level
   latGETnet: 0 # GET request latency on network to next level
  l1d-3: # Filter cache stats
   fhGETS: 192910402 # Filtered GETS hits
   fhGETX: 78308859 # Filtered GETX hits
   hGETS: 19401786 # GETS hits
   hGETX: 3986392 # GETX hits
   mGETS: 917024 # GETS misses
   mGETXIM: 102662 # GETX I->M misses
   mGETXSM: 9 # GETX S->M misses (upgrade misses)
   PUTS: 0 # Clean evictions (from lower level)
   PUTX: 0 # Dirty evictions (from lower level)
   INV: 170 # Invalidates (from upper level)
   INVX: 54 # Downgrades (from upper level)
   FWD: 0 # Forwards (from upper level)
   latGETnl: 11141216 # GET request latency on next level
   latGETnet: 0 # GET request latency on network to next level
 l2: # Cache stats
  l2-0: # Cache stats
   hGETS: 754571 # GETS hits
   hGETX: 76388 # GETX hits
   mGETS: 157998 # GETS misses
   mGETXIM: 26396 # GETX I->M misses
   mGETXSM: 13 # GETX S->M misses (upgrade misses)
   PUTS: 911880 # Clean evictions (from lower level)
   PUTX: 102572 # Dirty evictions (from lower level)
   INV: 276 # Invalidates (from upper level)
   INVX: 70 # Downgrades (from upper level)
   FWD: 0 # Forwards (from upper level)
   latGETnl: 4366428 # GET request latency on next level
   latGETnet: 0 # GET request latency on network to next level
  l2-1: # Cache stats
   hGETS: 837827 # GETS hits
   hGETX: 86863 # GETX hits
   mGETS: 94248 # GETS misses
   mGETXIM: 15820 # GETX I->M misses
   mGETXSM: 3 # GETX S->M misses (upgrade misses)
   PUTS: 931521 # Clean evictions (from lower level)
   PUTX: 102477 # Dirty evictions (from lower level)
   INV: 186 # Invalidates (from upper level)
   INVX: 107 # Downgrades (from upper level)
   FWD: 0 # Forwards (from upper level)
   latGETnl: 2864570 # GET request latency on next level
   latGETnet: 0 # GET request latency on network to next level
  l2-2: # Cache stats
   hGETS: 815049 # GETS hits
   hGETX: 86140 # GETX hits
   mGETS: 98042 # GETS misses
   mGETXIM: 16510 # GETX I->M misses
   mGETXSM: 3 # GETX S->M misses (upgrade misses)
   PUTS: 912533 # Clean evictions (from lower level)
   PUTX: 102395 # Dirty evictions (from lower level)
   INV: 220 # Invalidates (from upper level)
   INVX: 73 # Downgrades (from upper level)
   FWD: 0 # Forwards (from upper level)
   latGETnl: 2946020 # GET request latency on next level
   latGETnet: 0 # GET request latency on network to next level
  l2-3: # Cache stats
   hGETS: 817420 # GETS hits
   hGETX: 85912 # GETX hits
   mGETS: 99832 # GETS misses
   mGETXIM: 16750 # GETX I->M misses
   mGETXSM: 9 # GETX S->M misses (upgrade misses)
   PUTS: 916569 # Clean evictions (from lower level)
   PUTX: 102436 # Dirty evictions (from lower level)
   INV: 194 # Invalidates (from upper level)
   INVX: 66 # Downgrades (from upper level)
   FWD: 0 # Forwards (from upper level)
   latGETnl: 2998386 # GET request latency on next level
   latGETnet: 0 # GET request latency on network to next level
 l3: # Cache stats
  l3-0b0: # Cache stats
   hGETS: 97257 # GETS hits
   hGETX: 15733 # GETX hits
   mGETS: 6297 # GETS misses
   mGETXIM: 1072 # GETX I->M misses
   mGETXSM: 0 # GETX S->M misses (upgrade misses)
   PUTS: 99945 # Clean evictions (from lower level)
   PUTX: 16325 # Dirty evictions (from lower level)
   INV: 0 # Invalidates (from upper level)
   INVX: 0 # Downgrades (from upper level)
   FWD: 0 # Forwards (from upper level)
   latGETnl: 663210 # GET request latency on next level
   latGETnet: 0 # GET request latency on network to next level
  l3-0b1: # Cache stats
   hGETS: 104604 # GETS hits
   hGETX: 17639 # GETX hits
   mGETS: 6291 # GETS misses
   mGETXIM: 1067 # GETX I->M misses
   mGETXSM: 0 # GETX S->M misses (upgrade misses)
   PUTS: 107254 # Clean evictions (from lower level)
   PUTX: 18216 # Dirty evictions (from lower level)
   INV: 0 # Invalidates (from upper level)
   INVX: 0 # Downgrades (from upper level)
   FWD: 0 # Forwards (from upper level)
   latGETnl: 662220 # GET request latency on next level
   latGETnet: 0 # GET request latency on network to next level
  l3-0b2: # Cache stats
   hGETS: 110436 # GETS hits
   hGETX: 18262 # GETX hits
   mGETS: 6288 # GETS misses
   mGETXIM: 1062 # GETX I->M misses
   mGETXSM: 0 # GETX S->M misses (upgrade misses)
   PUTS: 113087 # Clean evictions (from lower level)
   PUTX: 18828 # Dirty evictions (from lower level)
   INV: 0 # Invalidates (from upper level)
   INVX: 0 # Downgrades (from upper level)
   FWD: 0 # Forwards (from upper level)
   latGETnl: 661500 # GET request latency on next level
   latGETnet: 0 # GET request latency on network to next level
  l3-0b3: # Cache stats
   hGETS: 112653 # GETS hits
   hGETX: 19602 # GETX hits
   mGETS: 6294 # GETS misses
   mGETXIM: 1067 # GETX I->M misses
   mGETXSM: 0 # GETX S->M misses (upgrade misses)
   PUTS: 115346 # Clean evictions (from lower level)
   PUTX: 19351 # Dirty evictions (from lower level)
   INV: 0 # Invalidates (from upper level)
   INVX: 0 # Downgrades (from upper level)
   FWD: 0 # Forwards (from upper level)
   latGETnl: 662490 # GET request latency on next level
   latGETnet: 0 # GET request latency on network to next level
 mem: # Memory controller stats
  mem-0: # Memory controller stats
   rd: 7375 # Read requests
   wr: 0 # Write requests
   rdlat: 1208798 # Total latency experienced by read requests
   wrlat: 0 # Total latency experienced by write requests
   rdhits: 3088 # Read row hits
   wrhits: 0 # Write row hits
   mlh: # latency histogram for memory requests
    0: 0
    1: 0
    2: 0
    3: 0
    4: 0
    5: 0
    6: 0
    7: 0
    8: 0
    9: 0
    10: 0
    11: 1
    12: 4
    13: 2151
    14: 1014
    15: 888
    16: 126
    17: 1003
    18: 1004
    19: 835
    20: 173
    21: 14
    22: 9
    23: 10
    24: 7
    25: 10
    26: 7
    27: 6
    28: 7
    29: 6
    30: 3
    31: 5
    32: 4
    33: 3
    34: 4
    35: 6
    36: 4
    37: 4
    38: 4
    39: 3
    40: 3
    41: 4
    42: 4
    43: 5
    44: 5
    45: 3
    46: 3
    47: 3
    48: 8
    49: 7
    50: 2
    51: 4
    52: 4
    53: 4
    54: 1
    55: 0
    56: 0
    57: 0
    58: 0
    59: 0
    60: 0
    61: 0
    62: 0
    63: 0
    64: 0
    65: 0
    66: 0
    67: 0
    68: 0
    69: 0
    70: 0
    71: 0
    72: 0
    73: 0
    74: 0
    75: 0
    76: 0
    77: 0
    78: 0
    79: 0
    80: 0
    81: 0
    82: 0
    83: 0
    84: 0
    85: 0
    86: 0
    87: 0
    88: 0
    89: 0
    90: 0
    91: 0
    92: 0
    93: 0
    94: 0
    95: 0
    96: 0
    97: 0
    98: 0
    99: 0
  mem-1: # Memory controller stats
   rd: 7352 # Read requests
   wr: 0 # Write requests
   rdlat: 1190378 # Total latency experienced by read requests
   wrlat: 0 # Total latency experienced by write requests
   rdhits: 3076 # Read row hits
   wrhits: 0 # Write row hits
   mlh: # latency histogram for memory requests
    0: 0
    1: 0
    2: 0
    3: 0
    4: 0
    5: 0
    6: 0
    7: 0
    8: 0
    9: 0
    10: 0
    11: 1
    12: 1
    13: 2145
    14: 1015
    15: 879
    16: 144
    17: 1013
    18: 1017
    19: 825
    20: 207
    21: 13
    22: 6
    23: 6
    24: 8
    25: 3
    26: 4
    27: 3
    28: 4
    29: 6
    30: 5
    31: 5
    32: 3
    33: 3
    34: 5
    35: 3
    36: 1
    37: 1
    38: 2
    39: 3
    40: 2
    41: 1
    42: 3
    43: 1
    44: 1
    45: 0
    46: 1
    47: 0
    48: 3
    49: 3
    50: 3
    51: 1
    52: 1
    53: 1
    54: 0
    55: 0
    56: 0
    57: 0
    58: 0
    59: 0
    60: 0
    61: 0
    62: 0
    63: 0
    64: 0
    65: 0
    66: 0
    67: 0
    68: 0
    69: 0
    70: 0
    71: 0
    72: 0
    73: 0
    74: 0
    75: 0
    76: 0
    77: 0
    78: 0
    79: 0
    80: 0
    81: 0
    82: 0
    83: 0
    84: 0
    85: 0
    86: 0
    87: 0
    88: 0
    89: 0
    90: 0
    91: 0
    92: 0
    93: 0
    94: 0
    95: 0
    96: 0
    97: 0
    98: 0
    99: 0
  mem-2: # Memory controller stats
   rd: 7346 # Read requests
   wr: 0 # Write requests
   rdlat: 1198650 # Total latency experienced by read requests
   wrlat: 0 # Total latency experienced by write requests
   rdhits: 3069 # Read row hits
   wrhits: 0 # Write row hits
   mlh: # latency histogram for memory requests
    0: 0
    1: 0
    2: 0
    3: 0
    4: 0
    5: 0
    6: 0
    7: 0
    8: 0
    9: 0
    10: 0
    11: 1
    12: 4
    13: 2142
    14: 1017
    15: 886
    16: 150
    17: 1004
    18: 998
    19: 826
    20: 185
    21: 8
    22: 6
    23: 6
    24: 4
    25: 4
    26: 2
    27: 2
    28: 3
    29: 6
    30: 1
    31: 5
    32: 3
    33: 3
    34: 3
    35: 2
    36: 3
    37: 3
    38: 8
    39: 4
    40: 6
    41: 5
    42: 6
    43: 3
    44: 6
    45: 6
    46: 3
    47: 4
    48: 5
    49: 5
    50: 7
    51: 1
    52: 0
    53: 0
    54: 0
    55: 0
    56: 0
    57: 0
    58: 0
    59: 0
    60: 0
    61: 0
    62: 0
    63: 0
    64: 0
    65: 0
    66: 0
    67: 0
    68: 0
    69: 0
    70: 0
    71: 0
    72: 0
    73: 0
    74: 0
    75: 0
    76: 0
    77: 0
    78: 0
    79: 0
    80: 0
    81: 0
    82: 0
    83: 0
    84: 0
    85: 0
    86: 0
    87: 0
    88: 0
    89: 0
    90: 0
    91: 0
    92: 0
    93: 0
    94: 0
    95: 0
    96: 0
    97: 0
    98: 0
    99: 0
  mem-3: # Memory controller stats
   rd: 7349 # Read requests
   wr: 0 # Write requests
   rdlat: 1195684 # Total latency experienced by read requests
   wrlat: 0 # Total latency experienced by write requests
   rdhits: 3077 # Read row hits
   wrhits: 0 # Write row hits
   mlh: # latency histogram for memory requests
    0: 0
    1: 0
    2: 0
    3: 0
    4: 0
    5: 0
    6: 0
    7: 0
    8: 0
    9: 0
    10: 0
    11: 4
    12: 2
    13: 2135
    14: 1015
    15: 874
    16: 147
    17: 1007
    18: 1007
    19: 824
    20: 194
    21: 16
    22: 11
    23: 7
    24: 6
    25: 7
    26: 2
    27: 4
    28: 5
    29: 6
    30: 5
    31: 2
    32: 6
    33: 4
    34: 5
    35: 3
    36: 4
    37: 5
    38: 6
    39: 5
    40: 4
    41: 5
    42: 3
    43: 1
    44: 2
    45: 1
    46: 1
    47: 0
    48: 3
    49: 4
    50: 6
    51: 0
    52: 1
    53: 0
    54: 0
    55: 0
    56: 0
    57: 0
    58: 0
    59: 0
    60: 0
    61: 0
    62: 0
    63: 0
    64: 0
    65: 0
    66: 0
    67: 0
    68: 0
    69: 0
    70: 0
    71: 0
    72: 0
    73: 0
    74: 0
    75: 0
    76: 0
    77: 0
    78: 0
    79: 0
    80: 0
    81: 0
    82: 0
    83: 0
    84: 0
    85: 0
    86: 0
    87: 0
    88: 0
    89: 0
    90: 0
    91: 0
    92: 0
    93: 0
    94: 0
    95: 0
    96: 0
    97: 0
    98: 0
    99: 0
 sched: # Scheduler stats
  thCr: 9 # Threads created
  thFn: 9 # Threads finished
  schedEvs: 36 # Schedule events
  waitEvs: 31 # Wait events
  handoffEvs: 25 # Handoff events
  sleepEvs: 0 # Sleep events
  idlePhases: 0 # Phases with no thread active
  idlePeriods: 0 # Periods with no thread active
  occHist: # Occupancy histogram
   0: 0
   1: 1
   2: 4
   3: 11
   4: 74337
  rqSzHist: # Run queue size histogram
   0: 4354
   1: 2823
   2: 0
   3: 10
   4: 67165
   5: 1
   6: 0
   7: 0
   8: 0
   9: 0
   10: 0
   11: 0
   12: 0
   13: 0
   14: 0
   15: 0
   16: 0
 procCycles: # Per-process unhalted core cycles
  0: 2973780824
  1: 0
  2: 0
  3: 0
  4: 0
  5: 0
  6: 0
  7: 0
  8: 0
  9: 0
  10: 0
  11: 0
  12: 0
  13: 0
  14: 0
  15: 0
  16: 0
  17: 0
  18: 0
  19: 0
  20: 0
  21: 0
  22: 0
  23: 0
  24: 0
  25: 0
  26: 0
  27: 0
  28: 0
  29: 0
  30: 0
  31: 0
  32: 0
  33: 0
  34: 0
  35: 0
  36: 0
  37: 0
  38: 0
  39: 0
  40: 0
  41: 0
  42: 0
  43: 0
  44: 0
  45: 0
  46: 0
  47: 0
  48: 0
  49: 0
  50: 0
  51: 0
  52: 0
  53: 0
  54: 0
  55: 0
  56: 0
  57: 0
  58: 0
  59: 0
  60: 0
  61: 0
  62: 0
  63: 0
 procInstrs: # Per-process instructions
  0: 4062699532
  1: 0
  2: 0
  3: 0
  4: 0
  5: 0
  6: 0
  7: 0
  8: 0
  9: 0
  10: 0
  11: 0
  12: 0
  13: 0
  14: 0
  15: 0
  16: 0
  17: 0
  18: 0
  19: 0
  20: 0
  21: 0
  22: 0
  23: 0
  24: 0
  25: 0
  26: 0
  27: 0
  28: 0
  29: 0
  30: 0
  31: 0
  32: 0
  33: 0
  34: 0
  35: 0
  36: 0
  37: 0
  38: 0
  39: 0
  40: 0
  41: 0
  42: 0
  43: 0
  44: 0
  45: 0
  46: 0
  47: 0
  48: 0
  49: 0
  50: 0
  51: 0
  52: 0
  53: 0
  54: 0
  55: 0
  56: 0
  57: 0
  58: 0
  59: 0
  60: 0
  61: 0
  62: 0
  63: 0
 heartbeats: # Per-process heartbeats
  0: 0
  1: 0
  2: 0
  3: 0
  4: 0
  5: 0
  6: 0
  7: 0
  8: 0
  9: 0
  10: 0
  11: 0
  12: 0
  13: 0
  14: 0
  15: 0
  16: 0
  17: 0
  18: 0
  19: 0
  20: 0
  21: 0
  22: 0
  23: 0
  24: 0
  25: 0
  26: 0
  27: 0
  28: 0
  29: 0
  30: 0
  31: 0
  32: 0
  33: 0
  34: 0
  35: 0
  36: 0
  37: 0
  38: 0
  39: 0
  40: 0
  41: 0
  42: 0
  43: 0
  44: 0
  45: 0
  46: 0
  47: 0
  48: 0
  49: 0
  50: 0
  51: 0
  52: 0
  53: 0
  54: 0
  55: 0
  56: 0
  57: 0
  58: 0
  59: 0
  60: 0
  61: 0
  62: 0
  63: 0
===
