# zsim stats
===
root: # Stats
 contention: # Contention simulation stats
  domain-0: # Domain stats
   time: 380021069 # Weave simulation time
 time: # Simulator time breakdown
  init: 1772022181
  bound: 60624126292
  weave: 2724706106
  ff: 0
 trigger: 20000 # Reason for this stats dump
 phase: 54281 # Simulated phases
 westmere: # Core stats
  westmere-0: # Core stats
   cycles: 542810007 # Simulated unhalted cycles
   cCycles: 4844799 # Cycles due to contention stalls
   instrs: 1000005606 # Simulated instructions
   uops: 1425255152 # Retired micro-ops
   bbls: 48442804 # Basic blocks
   approxInstrs: 31622 # Instrs with approx uop decoding
   mispredBranches: 255414 # Mispredicted branches
   condBranches: 47610690 # conditional branches
 l1i: # Cache stats
  l1i-0: # Filter cache stats
   fhGETS: 94810397 # Filtered GETS hits
   fhGETX: 0 # Filtered GETX hits
   hGETS: 293971 # GETS hits
   hGETX: 0 # GETX hits
   mGETS: 28749 # GETS misses
   mGETXIM: 0 # GETX I->M misses
   mGETXSM: 0 # GETX S->M misses (upgrade misses)
   PUTS: 0 # Clean evictions (from lower level)
   PUTX: 0 # Dirty evictions (from lower level)
   INV: 6891 # Invalidates (from upper level)
   INVX: 0 # Downgrades (from upper level)
   FWD: 0 # Forwards (from upper level)
   latGETnl: 1302582 # GET request latency on next level
   latGETnet: 0 # GET request latency on network to next level
 l1d: # Cache stats
  l1d-0: # Filter cache stats
   fhGETS: 272583245 # Filtered GETS hits
   fhGETX: 90818849 # Filtered GETX hits
   hGETS: 155248172 # GETS hits
   hGETX: 59264149 # GETX hits
   mGETS: 2423812 # GETS misses
   mGETXIM: 2907460 # GETX I->M misses
   mGETXSM: 0 # GETX S->M misses (upgrade misses)
   PUTS: 0 # Clean evictions (from lower level)
   PUTX: 0 # Dirty evictions (from lower level)
   INV: 726 # Invalidates (from upper level)
   INVX: 0 # Downgrades (from upper level)
   FWD: 0 # Forwards (from upper level)
   latGETnl: 123612956 # GET request latency on next level
   latGETnet: 0 # GET request latency on network to next level
 l2: # Cache stats
  l2-0: # Cache stats
   hGETS: 2118845 # GETS hits
   hGETX: 12493 # GETX hits
   mGETS: 333716 # GETS misses
   mGETXIM: 2894967 # GETX I->M misses
   mGETXSM: 0 # GETX S->M misses (upgrade misses)
   PUTS: 2432374 # Clean evictions (from lower level)
   PUTX: 2919085 # Dirty evictions (from lower level)
   INV: 12689 # Invalidates (from upper level)
   INVX: 0 # Downgrades (from upper level)
   FWD: 0 # Forwards (from upper level)
   latGETnl: 82035370 # GET request latency on next level
   latGETnet: 0 # GET request latency on network to next level
 l3: # Cache stats
  l3-0: # Cache stats
   hGETS: 317448 # GETS hits
   hGETX: 2717216 # GETX hits
   mGETS: 16268 # GETS misses
   mGETXIM: 177751 # GETX I->M misses
   mGETXSM: 0 # GETX S->M misses (upgrade misses)
   PUTS: 311463 # Clean evictions (from lower level)
   PUTX: 2900435 # Dirty evictions (from lower level)
   INV: 0 # Invalidates (from upper level)
   INVX: 0 # Downgrades (from upper level)
   FWD: 0 # Forwards (from upper level)
   latGETnl: 17461710 # GET request latency on next level
   latGETnet: 0 # GET request latency on network to next level
 mem: # Memory controller stats
  mem-0: # Memory controller stats
   rd: 48424 # Read requests
   wr: 37349 # Write requests
   rdlat: 6654956 # Total latency experienced by read requests
   wrlat: 5284973 # Total latency experienced by write requests
   rdhits: 3 # Read row hits
   wrhits: 422 # Write row hits
   mlh: # latency histogram for memory requests
    0: 0
    1: 0
    2: 0
    3: 0
    4: 0
    5: 0
    6: 0
    7: 0
    8: 0
    9: 0
    10: 0
    11: 0
    12: 1
    13: 37637
    14: 9846
    15: 132
    16: 50
    17: 20
    18: 16
    19: 18
    20: 28
    21: 30
    22: 25
    23: 32
    24: 32
    25: 12
    26: 24
    27: 22
    28: 21
    29: 19
    30: 20
    31: 36
    32: 47
    33: 57
    34: 35
    35: 27
    36: 26
    37: 34
    38: 24
    39: 27
    40: 28
    41: 23
    42: 30
    43: 8
    44: 1
    45: 0
    46: 0
    47: 35
    48: 1
    49: 0
    50: 0
    51: 0
    52: 0
    53: 0
    54: 0
    55: 0
    56: 0
    57: 0
    58: 0
    59: 0
    60: 0
    61: 0
    62: 0
    63: 0
    64: 0
    65: 0
    66: 0
    67: 0
    68: 0
    69: 0
    70: 0
    71: 0
    72: 0
    73: 0
    74: 0
    75: 0
    76: 0
    77: 0
    78: 0
    79: 0
    80: 0
    81: 0
    82: 0
    83: 0
    84: 0
    85: 0
    86: 0
    87: 0
    88: 0
    89: 0
    90: 0
    91: 0
    92: 0
    93: 0
    94: 0
    95: 0
    96: 0
    97: 0
    98: 0
    99: 0
  mem-1: # Memory controller stats
   rd: 48726 # Read requests
   wr: 37388 # Write requests
   rdlat: 6689915 # Total latency experienced by read requests
   wrlat: 5294448 # Total latency experienced by write requests
   rdhits: 8 # Read row hits
   wrhits: 408 # Write row hits
   mlh: # latency histogram for memory requests
    0: 0
    1: 0
    2: 0
    3: 0
    4: 0
    5: 0
    6: 0
    7: 0
    8: 0
    9: 0
    10: 0
    11: 3
    12: 4
    13: 37927
    14: 9834
    15: 138
    16: 61
    17: 26
    18: 23
    19: 19
    20: 25
    21: 31
    22: 36
    23: 37
    24: 22
    25: 21
    26: 19
    27: 19
    28: 25
    29: 13
    30: 28
    31: 23
    32: 27
    33: 52
    34: 40
    35: 32
    36: 42
    37: 50
    38: 25
    39: 22
    40: 23
    41: 22
    42: 15
    43: 11
    44: 1
    45: 1
    46: 0
    47: 28
    48: 1
    49: 0
    50: 0
    51: 0
    52: 0
    53: 0
    54: 0
    55: 0
    56: 0
    57: 0
    58: 0
    59: 0
    60: 0
    61: 0
    62: 0
    63: 0
    64: 0
    65: 0
    66: 0
    67: 0
    68: 0
    69: 0
    70: 0
    71: 0
    72: 0
    73: 0
    74: 0
    75: 0
    76: 0
    77: 0
    78: 0
    79: 0
    80: 0
    81: 0
    82: 0
    83: 0
    84: 0
    85: 0
    86: 0
    87: 0
    88: 0
    89: 0
    90: 0
    91: 0
    92: 0
    93: 0
    94: 0
    95: 0
    96: 0
    97: 0
    98: 0
    99: 0
  mem-2: # Memory controller stats
   rd: 48498 # Read requests
   wr: 37159 # Write requests
   rdlat: 6649435 # Total latency experienced by read requests
   wrlat: 5252671 # Total latency experienced by write requests
   rdhits: 3 # Read row hits
   wrhits: 419 # Write row hits
   mlh: # latency histogram for memory requests
    0: 0
    1: 0
    2: 0
    3: 0
    4: 0
    5: 0
    6: 0
    7: 0
    8: 0
    9: 0
    10: 0
    11: 1
    12: 2
    13: 37800
    14: 9820
    15: 121
    16: 44
    17: 14
    18: 13
    19: 19
    20: 28
    21: 39
    22: 30
    23: 27
    24: 26
    25: 21
    26: 28
    27: 30
    28: 23
    29: 23
    30: 19
    31: 24
    32: 27
    33: 66
    34: 29
    35: 18
    36: 24
    37: 34
    38: 36
    39: 19
    40: 19
    41: 25
    42: 19
    43: 5
    44: 1
    45: 0
    46: 0
    47: 24
    48: 0
    49: 0
    50: 0
    51: 0
    52: 0
    53: 0
    54: 0
    55: 0
    56: 0
    57: 0
    58: 0
    59: 0
    60: 0
    61: 0
    62: 0
    63: 0
    64: 0
    65: 0
    66: 0
    67: 0
    68: 0
    69: 0
    70: 0
    71: 0
    72: 0
    73: 0
    74: 0
    75: 0
    76: 0
    77: 0
    78: 0
    79: 0
    80: 0
    81: 0
    82: 0
    83: 0
    84: 0
    85: 0
    86: 0
    87: 0
    88: 0
    89: 0
    90: 0
    91: 0
    92: 0
    93: 0
    94: 0
    95: 0
    96: 0
    97: 0
    98: 0
    99: 0
  mem-3: # Memory controller stats
   rd: 48371 # Read requests
   wr: 37213 # Write requests
   rdlat: 6646759 # Total latency experienced by read requests
   wrlat: 5267308 # Total latency experienced by write requests
   rdhits: 13 # Read row hits
   wrhits: 436 # Write row hits
   mlh: # latency histogram for memory requests
    0: 0
    1: 0
    2: 0
    3: 0
    4: 0
    5: 0
    6: 0
    7: 0
    8: 0
    9: 0
    10: 0
    11: 2
    12: 3
    13: 37547
    14: 9903
    15: 117
    16: 41
    17: 17
    18: 20
    19: 15
    20: 16
    21: 34
    22: 37
    23: 21
    24: 22
    25: 17
    26: 17
    27: 22
    28: 37
    29: 35
    30: 29
    31: 27
    32: 33
    33: 60
    34: 33
    35: 27
    36: 39
    37: 44
    38: 48
    39: 16
    40: 16
    41: 23
    42: 17
    43: 10
    44: 1
    45: 0
    46: 0
    47: 24
    48: 1
    49: 0
    50: 0
    51: 0
    52: 0
    53: 0
    54: 0
    55: 0
    56: 0
    57: 0
    58: 0
    59: 0
    60: 0
    61: 0
    62: 0
    63: 0
    64: 0
    65: 0
    66: 0
    67: 0
    68: 0
    69: 0
    70: 0
    71: 0
    72: 0
    73: 0
    74: 0
    75: 0
    76: 0
    77: 0
    78: 0
    79: 0
    80: 0
    81: 0
    82: 0
    83: 0
    84: 0
    85: 0
    86: 0
    87: 0
    88: 0
    89: 0
    90: 0
    91: 0
    92: 0
    93: 0
    94: 0
    95: 0
    96: 0
    97: 0
    98: 0
    99: 0
 sched: # Scheduler stats
  thCr: 1 # Threads created
  thFn: 1 # Threads finished
  schedEvs: 1 # Schedule events
  waitEvs: 0 # Wait events
  handoffEvs: 0 # Handoff events
  sleepEvs: 0 # Sleep events
  idlePhases: 0 # Phases with no thread active
  idlePeriods: 0 # Periods with no thread active
  occHist: # Occupancy histogram
   0: 0
   1: 54281
  rqSzHist: # Run queue size histogram
   0: 54281
   1: 0
   2: 0
   3: 0
   4: 0
   5: 0
   6: 0
   7: 0
   8: 0
   9: 0
   10: 0
   11: 0
   12: 0
   13: 0
   14: 0
   15: 0
   16: 0
 procCycles: # Per-process unhalted core cycles
  0: 542810007
  1: 0
  2: 0
  3: 0
  4: 0
  5: 0
  6: 0
  7: 0
  8: 0
  9: 0
  10: 0
  11: 0
  12: 0
  13: 0
  14: 0
  15: 0
  16: 0
  17: 0
  18: 0
  19: 0
  20: 0
  21: 0
  22: 0
  23: 0
  24: 0
  25: 0
  26: 0
  27: 0
  28: 0
  29: 0
  30: 0
  31: 0
  32: 0
  33: 0
  34: 0
  35: 0
  36: 0
  37: 0
  38: 0
  39: 0
  40: 0
  41: 0
  42: 0
  43: 0
  44: 0
  45: 0
  46: 0
  47: 0
  48: 0
  49: 0
  50: 0
  51: 0
  52: 0
  53: 0
  54: 0
  55: 0
  56: 0
  57: 0
  58: 0
  59: 0
  60: 0
  61: 0
  62: 0
  63: 0
 procInstrs: # Per-process instructions
  0: 1000005606
  1: 0
  2: 0
  3: 0
  4: 0
  5: 0
  6: 0
  7: 0
  8: 0
  9: 0
  10: 0
  11: 0
  12: 0
  13: 0
  14: 0
  15: 0
  16: 0
  17: 0
  18: 0
  19: 0
  20: 0
  21: 0
  22: 0
  23: 0
  24: 0
  25: 0
  26: 0
  27: 0
  28: 0
  29: 0
  30: 0
  31: 0
  32: 0
  33: 0
  34: 0
  35: 0
  36: 0
  37: 0
  38: 0
  39: 0
  40: 0
  41: 0
  42: 0
  43: 0
  44: 0
  45: 0
  46: 0
  47: 0
  48: 0
  49: 0
  50: 0
  51: 0
  52: 0
  53: 0
  54: 0
  55: 0
  56: 0
  57: 0
  58: 0
  59: 0
  60: 0
  61: 0
  62: 0
  63: 0
 heartbeats: # Per-process heartbeats
  0: 0
  1: 0
  2: 0
  3: 0
  4: 0
  5: 0
  6: 0
  7: 0
  8: 0
  9: 0
  10: 0
  11: 0
  12: 0
  13: 0
  14: 0
  15: 0
  16: 0
  17: 0
  18: 0
  19: 0
  20: 0
  21: 0
  22: 0
  23: 0
  24: 0
  25: 0
  26: 0
  27: 0
  28: 0
  29: 0
  30: 0
  31: 0
  32: 0
  33: 0
  34: 0
  35: 0
  36: 0
  37: 0
  38: 0
  39: 0
  40: 0
  41: 0
  42: 0
  43: 0
  44: 0
  45: 0
  46: 0
  47: 0
  48: 0
  49: 0
  50: 0
  51: 0
  52: 0
  53: 0
  54: 0
  55: 0
  56: 0
  57: 0
  58: 0
  59: 0
  60: 0
  61: 0
  62: 0
  63: 0
===
