# zsim stats
===
root: # Stats
 contention: # Contention simulation stats
  domain-0: # Domain stats
   time: 753660334 # Weave simulation time
 time: # Simulator time breakdown
  init: 1365621809
  bound: 61232772591
  weave: 3668238884
  ff: 0
 trigger: 20000 # Reason for this stats dump
 phase: 53701 # Simulated phases
 westmere: # Core stats
  westmere-0: # Core stats
   cycles: 537010092 # Simulated unhalted cycles
   cCycles: 6777920 # Cycles due to contention stalls
   instrs: 1000005599 # Simulated instructions
   uops: 1162510392 # Retired micro-ops
   bbls: 240251396 # Basic blocks
   approxInstrs: 8900300 # Instrs with approx uop decoding
   mispredBranches: 2399252 # Mispredicted branches
   condBranches: 191891276 # conditional branches
 l1i: # Cache stats
  l1i-0: # Filter cache stats
   fhGETS: 189504077 # Filtered GETS hits
   fhGETX: 0 # Filtered GETX hits
   hGETS: 65383733 # GETS hits
   hGETX: 0 # GETX hits
   mGETS: 3501 # GETS misses
   mGETXIM: 0 # GETX I->M misses
   mGETXSM: 0 # GETX S->M misses (upgrade misses)
   PUTS: 0 # Clean evictions (from lower level)
   PUTX: 0 # Dirty evictions (from lower level)
   INV: 0 # Invalidates (from upper level)
   INVX: 0 # Downgrades (from upper level)
   FWD: 0 # Forwards (from upper level)
   latGETnl: 119748 # GET request latency on next level
   latGETnet: 0 # GET request latency on network to next level
 l1d: # Cache stats
  l1d-0: # Filter cache stats
   fhGETS: 208321971 # Filtered GETS hits
   fhGETX: 119179616 # Filtered GETX hits
   hGETS: 17664694 # GETS hits
   hGETX: 8936317 # GETX hits
   mGETS: 129168 # GETS misses
   mGETXIM: 216166 # GETX I->M misses
   mGETXSM: 0 # GETX S->M misses (upgrade misses)
   PUTS: 0 # Clean evictions (from lower level)
   PUTX: 0 # Dirty evictions (from lower level)
   INV: 0 # Invalidates (from upper level)
   INVX: 0 # Downgrades (from upper level)
   FWD: 0 # Forwards (from upper level)
   latGETnl: 31903962 # GET request latency on next level
   latGETnet: 0 # GET request latency on network to next level
 l2: # Cache stats
  l2-0: # Cache stats
   hGETS: 32988 # GETS hits
   hGETX: 45881 # GETX hits
   mGETS: 99681 # GETS misses
   mGETXIM: 170285 # GETX I->M misses
   mGETXSM: 0 # GETX S->M misses (upgrade misses)
   PUTS: 108671 # Clean evictions (from lower level)
   PUTX: 239148 # Dirty evictions (from lower level)
   INV: 0 # Invalidates (from upper level)
   INVX: 0 # Downgrades (from upper level)
   FWD: 0 # Forwards (from upper level)
   latGETnl: 29233030 # GET request latency on next level
   latGETnet: 0 # GET request latency on network to next level
 l3: # Cache stats
  l3-0: # Cache stats
   hGETS: 4869 # GETS hits
   hGETX: 278 # GETX hits
   mGETS: 94812 # GETS misses
   mGETXIM: 170007 # GETX I->M misses
   mGETXSM: 0 # GETX S->M misses (upgrade misses)
   PUTS: 97777 # Clean evictions (from lower level)
   PUTX: 168093 # Dirty evictions (from lower level)
   INV: 0 # Invalidates (from upper level)
   INVX: 0 # Downgrades (from upper level)
   FWD: 0 # Forwards (from upper level)
   latGETnl: 23833710 # GET request latency on next level
   latGETnet: 0 # GET request latency on network to next level
 mem: # Memory controller stats
  mem-0: # Memory controller stats
   rd: 66211 # Read requests
   wr: 37472 # Write requests
   rdlat: 8941540 # Total latency experienced by read requests
   wrlat: 5427788 # Total latency experienced by write requests
   rdhits: 5 # Read row hits
   wrhits: 19 # Write row hits
   mlh: # latency histogram for memory requests
    0: 0
    1: 0
    2: 0
    3: 0
    4: 0
    5: 0
    6: 0
    7: 0
    8: 0
    9: 0
    10: 0
    11: 2
    12: 1
    13: 62553
    14: 846
    15: 438
    16: 1061
    17: 87
    18: 88
    19: 81
    20: 58
    21: 163
    22: 81
    23: 56
    24: 34
    25: 37
    26: 26
    27: 20
    28: 23
    29: 21
    30: 24
    31: 37
    32: 57
    33: 31
    34: 40
    35: 22
    36: 28
    37: 48
    38: 41
    39: 60
    40: 42
    41: 32
    42: 32
    43: 17
    44: 8
    45: 8
    46: 1
    47: 1
    48: 6
    49: 0
    50: 0
    51: 0
    52: 0
    53: 0
    54: 0
    55: 0
    56: 0
    57: 0
    58: 0
    59: 0
    60: 0
    61: 0
    62: 0
    63: 0
    64: 0
    65: 0
    66: 0
    67: 0
    68: 0
    69: 0
    70: 0
    71: 0
    72: 0
    73: 0
    74: 0
    75: 0
    76: 0
    77: 0
    78: 0
    79: 0
    80: 0
    81: 0
    82: 0
    83: 0
    84: 0
    85: 0
    86: 0
    87: 0
    88: 0
    89: 0
    90: 0
    91: 0
    92: 0
    93: 0
    94: 0
    95: 0
    96: 0
    97: 0
    98: 0
    99: 0
  mem-1: # Memory controller stats
   rd: 66215 # Read requests
   wr: 37467 # Write requests
   rdlat: 8949252 # Total latency experienced by read requests
   wrlat: 5503967 # Total latency experienced by write requests
   rdhits: 4 # Read row hits
   wrhits: 27 # Write row hits
   mlh: # latency histogram for memory requests
    0: 0
    1: 0
    2: 0
    3: 0
    4: 0
    5: 0
    6: 0
    7: 0
    8: 0
    9: 0
    10: 0
    11: 2
    12: 1
    13: 62502
    14: 1000
    15: 492
    16: 857
    17: 108
    18: 69
    19: 83
    20: 82
    21: 120
    22: 115
    23: 41
    24: 50
    25: 51
    26: 22
    27: 34
    28: 23
    29: 22
    30: 30
    31: 38
    32: 51
    33: 35
    34: 32
    35: 39
    36: 45
    37: 50
    38: 33
    39: 45
    40: 33
    41: 40
    42: 26
    43: 23
    44: 5
    45: 10
    46: 0
    47: 1
    48: 5
    49: 0
    50: 0
    51: 0
    52: 0
    53: 0
    54: 0
    55: 0
    56: 0
    57: 0
    58: 0
    59: 0
    60: 0
    61: 0
    62: 0
    63: 0
    64: 0
    65: 0
    66: 0
    67: 0
    68: 0
    69: 0
    70: 0
    71: 0
    72: 0
    73: 0
    74: 0
    75: 0
    76: 0
    77: 0
    78: 0
    79: 0
    80: 0
    81: 0
    82: 0
    83: 0
    84: 0
    85: 0
    86: 0
    87: 0
    88: 0
    89: 0
    90: 0
    91: 0
    92: 0
    93: 0
    94: 0
    95: 0
    96: 0
    97: 0
    98: 0
    99: 0
  mem-2: # Memory controller stats
   rd: 66194 # Read requests
   wr: 37470 # Write requests
   rdlat: 8945714 # Total latency experienced by read requests
   wrlat: 5469566 # Total latency experienced by write requests
   rdhits: 3 # Read row hits
   wrhits: 29 # Write row hits
   mlh: # latency histogram for memory requests
    0: 0
    1: 0
    2: 0
    3: 0
    4: 0
    5: 0
    6: 0
    7: 0
    8: 0
    9: 0
    10: 0
    11: 1
    12: 0
    13: 62475
    14: 892
    15: 622
    16: 1016
    17: 78
    18: 98
    19: 32
    20: 38
    21: 78
    22: 80
    23: 58
    24: 34
    25: 31
    26: 21
    27: 25
    28: 34
    29: 20
    30: 26
    31: 26
    32: 48
    33: 31
    34: 31
    35: 43
    36: 42
    37: 73
    38: 40
    39: 39
    40: 32
    41: 38
    42: 48
    43: 21
    44: 6
    45: 8
    46: 2
    47: 3
    48: 4
    49: 0
    50: 0
    51: 0
    52: 0
    53: 0
    54: 0
    55: 0
    56: 0
    57: 0
    58: 0
    59: 0
    60: 0
    61: 0
    62: 0
    63: 0
    64: 0
    65: 0
    66: 0
    67: 0
    68: 0
    69: 0
    70: 0
    71: 0
    72: 0
    73: 0
    74: 0
    75: 0
    76: 0
    77: 0
    78: 0
    79: 0
    80: 0
    81: 0
    82: 0
    83: 0
    84: 0
    85: 0
    86: 0
    87: 0
    88: 0
    89: 0
    90: 0
    91: 0
    92: 0
    93: 0
    94: 0
    95: 0
    96: 0
    97: 0
    98: 0
    99: 0
  mem-3: # Memory controller stats
   rd: 66199 # Read requests
   wr: 37475 # Write requests
   rdlat: 8926309 # Total latency experienced by read requests
   wrlat: 5480701 # Total latency experienced by write requests
   rdhits: 2 # Read row hits
   wrhits: 35 # Write row hits
   mlh: # latency histogram for memory requests
    0: 0
    1: 0
    2: 0
    3: 0
    4: 0
    5: 0
    6: 0
    7: 0
    8: 0
    9: 0
    10: 0
    11: 1
    12: 1
    13: 62465
    14: 1079
    15: 540
    16: 846
    17: 139
    18: 170
    19: 67
    20: 59
    21: 29
    22: 46
    23: 69
    24: 52
    25: 35
    26: 18
    27: 25
    28: 22
    29: 15
    30: 26
    31: 32
    32: 48
    33: 26
    34: 16
    35: 42
    36: 52
    37: 50
    38: 37
    39: 47
    40: 42
    41: 32
    42: 33
    43: 19
    44: 4
    45: 6
    46: 4
    47: 2
    48: 3
    49: 0
    50: 0
    51: 0
    52: 0
    53: 0
    54: 0
    55: 0
    56: 0
    57: 0
    58: 0
    59: 0
    60: 0
    61: 0
    62: 0
    63: 0
    64: 0
    65: 0
    66: 0
    67: 0
    68: 0
    69: 0
    70: 0
    71: 0
    72: 0
    73: 0
    74: 0
    75: 0
    76: 0
    77: 0
    78: 0
    79: 0
    80: 0
    81: 0
    82: 0
    83: 0
    84: 0
    85: 0
    86: 0
    87: 0
    88: 0
    89: 0
    90: 0
    91: 0
    92: 0
    93: 0
    94: 0
    95: 0
    96: 0
    97: 0
    98: 0
    99: 0
 sched: # Scheduler stats
  thCr: 1 # Threads created
  thFn: 1 # Threads finished
  schedEvs: 1 # Schedule events
  waitEvs: 0 # Wait events
  handoffEvs: 0 # Handoff events
  sleepEvs: 0 # Sleep events
  idlePhases: 0 # Phases with no thread active
  idlePeriods: 0 # Periods with no thread active
  occHist: # Occupancy histogram
   0: 0
   1: 53701
  rqSzHist: # Run queue size histogram
   0: 53701
   1: 0
   2: 0
   3: 0
   4: 0
   5: 0
   6: 0
   7: 0
   8: 0
   9: 0
   10: 0
   11: 0
   12: 0
   13: 0
   14: 0
   15: 0
   16: 0
 procCycles: # Per-process unhalted core cycles
  0: 537010092
  1: 0
  2: 0
  3: 0
  4: 0
  5: 0
  6: 0
  7: 0
  8: 0
  9: 0
  10: 0
  11: 0
  12: 0
  13: 0
  14: 0
  15: 0
  16: 0
  17: 0
  18: 0
  19: 0
  20: 0
  21: 0
  22: 0
  23: 0
  24: 0
  25: 0
  26: 0
  27: 0
  28: 0
  29: 0
  30: 0
  31: 0
  32: 0
  33: 0
  34: 0
  35: 0
  36: 0
  37: 0
  38: 0
  39: 0
  40: 0
  41: 0
  42: 0
  43: 0
  44: 0
  45: 0
  46: 0
  47: 0
  48: 0
  49: 0
  50: 0
  51: 0
  52: 0
  53: 0
  54: 0
  55: 0
  56: 0
  57: 0
  58: 0
  59: 0
  60: 0
  61: 0
  62: 0
  63: 0
 procInstrs: # Per-process instructions
  0: 1000005599
  1: 0
  2: 0
  3: 0
  4: 0
  5: 0
  6: 0
  7: 0
  8: 0
  9: 0
  10: 0
  11: 0
  12: 0
  13: 0
  14: 0
  15: 0
  16: 0
  17: 0
  18: 0
  19: 0
  20: 0
  21: 0
  22: 0
  23: 0
  24: 0
  25: 0
  26: 0
  27: 0
  28: 0
  29: 0
  30: 0
  31: 0
  32: 0
  33: 0
  34: 0
  35: 0
  36: 0
  37: 0
  38: 0
  39: 0
  40: 0
  41: 0
  42: 0
  43: 0
  44: 0
  45: 0
  46: 0
  47: 0
  48: 0
  49: 0
  50: 0
  51: 0
  52: 0
  53: 0
  54: 0
  55: 0
  56: 0
  57: 0
  58: 0
  59: 0
  60: 0
  61: 0
  62: 0
  63: 0
 heartbeats: # Per-process heartbeats
  0: 0
  1: 0
  2: 0
  3: 0
  4: 0
  5: 0
  6: 0
  7: 0
  8: 0
  9: 0
  10: 0
  11: 0
  12: 0
  13: 0
  14: 0
  15: 0
  16: 0
  17: 0
  18: 0
  19: 0
  20: 0
  21: 0
  22: 0
  23: 0
  24: 0
  25: 0
  26: 0
  27: 0
  28: 0
  29: 0
  30: 0
  31: 0
  32: 0
  33: 0
  34: 0
  35: 0
  36: 0
  37: 0
  38: 0
  39: 0
  40: 0
  41: 0
  42: 0
  43: 0
  44: 0
  45: 0
  46: 0
  47: 0
  48: 0
  49: 0
  50: 0
  51: 0
  52: 0
  53: 0
  54: 0
  55: 0
  56: 0
  57: 0
  58: 0
  59: 0
  60: 0
  61: 0
  62: 0
  63: 0
===
