    0.003901    1.059780
    0.007803    1.059846
    0.011704    1.059913
    0.015605    1.059980
    0.019506    1.060047
    0.023408    1.060114
    0.027309    1.060181
    0.031210    1.060249
    0.035111    1.060316
    0.039013    1.060384
    0.042914    1.060452
    0.046815    1.060521
    0.050717    1.060589
    0.054618    1.060658
    0.058520    1.060727
    0.062421    1.060796
    0.066322    1.060865
    0.070224    1.060935
    0.074125    1.061005
    0.078026    1.061075
    0.081928    1.061145
    0.085830    1.061215
    0.089731    1.061286
    0.093633    1.061357
    0.097534    1.061428
    0.101436    1.061499
    0.105337    1.061571
    0.109239    1.061642
    0.113140    1.061714
    0.117042    1.061787
    0.120944    1.061859
    0.124846    1.061932
    0.128748    1.062004
    0.132650    1.062077
    0.136552    1.062151
    0.140454    1.062224
    0.144356    1.062298
    0.148258    1.062372
    0.152160    1.062446
    0.156062    1.062520
    0.159965    1.062595
    0.163868    1.062670
    0.167770    1.062745
    0.171673    1.062820
    0.175576    1.062895
    0.179478    1.062971
    0.183381    1.063046
    0.187284    1.063122
    0.191186    1.063198
    0.195089    1.063274
    0.198993    1.063351
    0.202896    1.063427
    0.206799    1.063504
    0.210702    1.063581
    0.214606    1.063658
    0.218509    1.063735
    0.222412    1.063812
    0.226315    1.063890
    0.230219    1.063967
    0.234123    1.064045
    0.238027    1.064123
    0.241932    1.064201
    0.245836    1.064279
    0.249740    1.064357
    0.253645    1.064435
    0.257549    1.064513
    0.261454    1.064592
    0.265358    1.064670
    0.269262    1.064749
    0.273168    1.064827
    0.277074    1.064906
    0.280980    1.064985
    0.284885    1.065063
    0.288791    1.065142
    0.292697    1.065221
    0.296603    1.065300
    0.300509    1.065379
    0.304414    1.065458
    0.308320    1.065537
    0.312227    1.065616
    0.316134    1.065696
    0.320041    1.065775
    0.323948    1.065854
    0.327855    1.065933
    0.331762    1.066013
    0.335669    1.066092
    0.339576    1.066171
    0.343484    1.066250
    0.347391    1.066330
    0.351298    1.066409
    0.355206    1.066488
    0.359114    1.066567
    0.363022    1.066647
    0.366930    1.066726
    0.370838    1.066805
    0.374746    1.066885
    0.378654    1.066964
    0.382561    1.067043
    0.386469    1.067122
    0.390378    1.067202
    0.394286    1.067281
    0.398194    1.067360
    0.402102    1.067439
    0.406011    1.067518
    0.409919    1.067597
    0.413827    1.067676
    0.417735    1.067755
    0.421644    1.067835
    0.425552    1.067914
    0.429460    1.067993
    0.433368    1.068072
    0.437276    1.068150
    0.441184    1.068229
    0.445092    1.068308
    0.449000    1.068387
    0.452908    1.068466
    0.456816    1.068545
    0.460724    1.068624
    0.464632    1.068702
    0.468539    1.068781
    0.472447    1.068860
    0.476354    1.068939
    0.480262    1.069017
    0.484169    1.069096
    0.488077    1.069174
    0.491984    1.069253
    0.495892    1.069332
    0.499799    1.069410
    0.503706    1.069489
    0.507613    1.069567
    0.511520    1.069646
    0.515426    1.069724
    0.519333    1.069802
    0.523239    1.069881
    0.527146    1.069959
    0.531052    1.070038
    0.534959    1.070116
    0.538865    1.070194
    0.542772    1.070273
    0.546677    1.070351
    0.550582    1.070429
    0.554487    1.070507
    0.558393    1.070586
    0.562298    1.070664
    0.566203    1.070742
    0.570108    1.070820
    0.574013    1.070898
    0.577918    1.070976
    0.581824    1.071055
    0.585727    1.071133
    0.589631    1.071211
    0.593535    1.071289
    0.597439    1.071367
    0.601343    1.071445
    0.605246    1.071523
    0.609150    1.071601
    0.613054    1.071679
    0.616958    1.071757
    0.620862    1.071836
    0.624764    1.071914
    0.628667    1.071992
    0.632569    1.072070
    0.636472    1.072148
    0.640374    1.072226
    0.644277    1.072304
    0.648179    1.072382
    0.652082    1.072460
    0.655984    1.072538
    0.659887    1.072616
    0.663788    1.072694
    0.667690    1.072772
    0.671591    1.072850
    0.675492    1.072929
    0.679394    1.073007
    0.683295    1.073085
    0.687196    1.073163
    0.691098    1.073241
    0.694999    1.073319
    0.698900    1.073397
    0.702800    1.073475
    0.706699    1.073554
    0.710599    1.073632
    0.714498    1.073710
    0.718398    1.073788
    0.722297    1.073866
    0.726197    1.073945
    0.730096    1.074023
    0.733996    1.074101
    0.737895    1.074180
    0.741793    1.074258
    0.745690    1.074336
    0.749588    1.074415
    0.753485    1.074493
    0.757383    1.074571
    0.761281    1.074650
    0.765178    1.074728
    0.769076    1.074807
    0.772973    1.074885
    0.776871    1.074964
    0.780766    1.075042
    0.784662    1.075121
    0.788557    1.075199
    0.792453    1.075278
    0.796348    1.075357
    0.800244    1.075435
    0.804140    1.075514
    0.808035    1.075593
    0.811931    1.075672
    0.815826    1.075750
    0.819720    1.075829
    0.823613    1.075908
    0.827507    1.075987
    0.831400    1.076066
    0.835294    1.076145
    0.839188    1.076224
    0.843081    1.076303
    0.846975    1.076382
    0.850868    1.076461
    0.854762    1.076540
    0.858653    1.076620
    0.862545    1.076699
    0.866437    1.076778
    0.870328    1.076857
    0.874220    1.076937
    0.878111    1.077016
    0.882003    1.077096
    0.885895    1.077175
    0.889786    1.077255
    0.893678    1.077334
    0.897567    1.077414
    0.901457    1.077493
    0.905347    1.077573
    0.909236    1.077653
    0.913126    1.077733
    0.917015    1.077813
    0.920905    1.077893
    0.924795    1.077973
    0.928684    1.078053
    0.932574    1.078133
    0.936461    1.078213
    0.940349    1.078293
    0.944237    1.078373
    0.948124    1.078453
    0.952012    1.078534
    0.955899    1.078614
    0.959787    1.078695
    0.963675    1.078775
    0.967562    1.078856
    0.971450    1.078936
    0.975335    1.079017
    0.979221    1.079098
    0.983107    1.079178
    0.986992    1.079259
    0.990878    1.079340
    0.994764    1.079421
    0.998649    1.079502
    1.002535    1.079583
    1.006421    1.079664
    1.010306    1.079746
    1.014190    1.079827
    1.018074    1.079908
    1.021958    1.079990
    1.025842    1.080071
    1.029725    1.080152
    1.033609    1.080234
    1.037493    1.080316
    1.041377    1.080397
    1.045261    1.080479
    1.049145    1.080561
    1.053027    1.080643
    1.056909    1.080725
    1.060791    1.080807
    1.064673    1.080889
    1.068555    1.080971
    1.072437    1.081054
    1.076319    1.081136
    1.080201    1.081218
    1.084083    1.081301
    1.087965    1.081383
    1.091845    1.081466
    1.095726    1.081549
    1.099606    1.081632
    1.103487    1.081714
    1.107367    1.081797
    1.111247    1.081880
    1.115128    1.081963
    1.119008    1.082047
    1.122888    1.082130
    1.126769    1.082213
    1.130648    1.082296
    1.134526    1.082380
    1.138405    1.082463
    1.142284    1.082547
    1.146163    1.082631
    1.150042    1.082714
    1.153920    1.082798
    1.157799    1.082882
    1.161678    1.082966
    1.165557    1.083050
    1.169434    1.083134
    1.173311    1.083219
    1.177189    1.083303
    1.181066    1.083387
    1.184943    1.083472
    1.188821    1.083556
    1.192698    1.083641
    1.196575    1.083726
    1.200453    1.083811
    1.204330    1.083896
    1.208206    1.083980
    1.212082    1.084066
    1.215958    1.084151
    1.219834    1.084236
    1.223710    1.084321
    1.227586    1.084407
    1.231462    1.084492
    1.235338    1.084578
    1.239214    1.084663
    1.243090    1.084749
    1.246965    1.084835
    1.250839    1.084921
    1.254714    1.085007
    1.258589    1.085093
    1.262464    1.085179
    1.266339    1.085265
    1.270213    1.085352
    1.274088    1.085438
    1.277963    1.085525
