# zsim stats
===
root: # Stats
 contention: # Contention simulation stats
  domain-0: # Domain stats
   time: 1035831374 # Weave simulation time
 time: # Simulator time breakdown
  init: 583705446
  bound: 167415419336
  weave: 7788018867
  ff: 0
 trigger: 20000 # Reason for this stats dump
 phase: 81541 # Simulated phases
 westmere: # Core stats
  westmere-0: # Core stats
   cycles: 815410001 # Simulated unhalted cycles
   cCycles: 3289 # Cycles due to contention stalls
   instrs: 624840822 # Simulated instructions
   uops: 750223326 # Retired micro-ops
   bbls: 83798616 # Basic blocks
   approxInstrs: 6869326 # Instrs with approx uop decoding
   mispredBranches: 1799891 # Mispredicted branches
   condBranches: 64846062 # conditional branches
  westmere-1: # Core stats
   cycles: 815410001 # Simulated unhalted cycles
   cCycles: 2777 # Cycles due to contention stalls
   instrs: 625069592 # Simulated instructions
   uops: 750494659 # Retired micro-ops
   bbls: 83829187 # Basic blocks
   approxInstrs: 6871446 # Instrs with approx uop decoding
   mispredBranches: 1800415 # Mispredicted branches
   condBranches: 64870960 # conditional branches
  westmere-2: # Core stats
   cycles: 815410006 # Simulated unhalted cycles
   cCycles: 11830 # Cycles due to contention stalls
   instrs: 625124831 # Simulated instructions
   uops: 750560168 # Retired micro-ops
   bbls: 83836502 # Basic blocks
   approxInstrs: 6871794 # Instrs with approx uop decoding
   mispredBranches: 1800482 # Mispredicted branches
   condBranches: 64876704 # conditional branches
  westmere-3: # Core stats
   cycles: 815410014 # Simulated unhalted cycles
   cCycles: 2251 # Cycles due to contention stalls
   instrs: 625092273 # Simulated instructions
   uops: 750521833 # Retired micro-ops
   bbls: 83832184 # Basic blocks
   approxInstrs: 6871633 # Instrs with approx uop decoding
   mispredBranches: 1800460 # Mispredicted branches
   condBranches: 64873228 # conditional branches
  westmere-4: # Core stats
   cycles: 815400004 # Simulated unhalted cycles
   cCycles: 84 # Cycles due to contention stalls
   instrs: 624986270 # Simulated instructions
   uops: 750396984 # Retired micro-ops
   bbls: 83817816 # Basic blocks
   approxInstrs: 6870596 # Instrs with approx uop decoding
   mispredBranches: 1800181 # Mispredicted branches
   condBranches: 64861179 # conditional branches
  westmere-5: # Core stats
   cycles: 815400011 # Simulated unhalted cycles
   cCycles: 335 # Cycles due to contention stalls
   instrs: 624905840 # Simulated instructions
   uops: 750297767 # Retired micro-ops
   bbls: 83807194 # Basic blocks
   approxInstrs: 6869508 # Instrs with approx uop decoding
   mispredBranches: 1799883 # Mispredicted branches
   condBranches: 64853907 # conditional branches
  westmere-6: # Core stats
   cycles: 815400048 # Simulated unhalted cycles
   cCycles: 309 # Cycles due to contention stalls
   instrs: 624967604 # Simulated instructions
   uops: 750373836 # Retired micro-ops
   bbls: 83815314 # Basic blocks
   approxInstrs: 6869952 # Instrs with approx uop decoding
   mispredBranches: 1800000 # Mispredicted branches
   condBranches: 64859729 # conditional branches
  westmere-7: # Core stats
   cycles: 815400001 # Simulated unhalted cycles
   cCycles: 317 # Cycles due to contention stalls
   instrs: 625043843 # Simulated instructions
   uops: 750464582 # Retired micro-ops
   bbls: 83825739 # Basic blocks
   approxInstrs: 6871289 # Instrs with approx uop decoding
   mispredBranches: 1800399 # Mispredicted branches
   condBranches: 64867981 # conditional branches
 l1i: # Cache stats
  l1i-0: # Filter cache stats
   fhGETS: 83301389 # Filtered GETS hits
   fhGETX: 0 # Filtered GETX hits
   hGETS: 635234 # GETS hits
   hGETX: 0 # GETX hits
   mGETS: 28054544 # GETS misses
   mGETXIM: 0 # GETX I->M misses
   mGETXSM: 0 # GETX S->M misses (upgrade misses)
   PUTS: 0 # Clean evictions (from lower level)
   PUTX: 0 # Dirty evictions (from lower level)
   INV: 28053958 # Invalidates (from upper level)
   INVX: 0 # Downgrades (from upper level)
   FWD: 0 # Forwards (from upper level)
   latGETnl: 513035586 # GET request latency on next level
   latGETnet: 0 # GET request latency on network to next level
  l1i-1: # Filter cache stats
   fhGETS: 83330207 # Filtered GETS hits
   fhGETX: 0 # Filtered GETX hits
   hGETS: 634600 # GETS hits
   hGETX: 0 # GETX hits
   mGETS: 28060762 # GETS misses
   mGETXIM: 0 # GETX I->M misses
   mGETXSM: 0 # GETX S->M misses (upgrade misses)
   PUTS: 0 # Clean evictions (from lower level)
   PUTX: 0 # Dirty evictions (from lower level)
   INV: 28060373 # Invalidates (from upper level)
   INVX: 0 # Downgrades (from upper level)
   FWD: 0 # Forwards (from upper level)
   latGETnl: 512830162 # GET request latency on next level
   latGETnet: 0 # GET request latency on network to next level
  l1i-2: # Filter cache stats
   fhGETS: 83354803 # Filtered GETS hits
   fhGETX: 0 # Filtered GETX hits
   hGETS: 635851 # GETS hits
   hGETX: 0 # GETX hits
   mGETS: 28053149 # GETS misses
   mGETXIM: 0 # GETX I->M misses
   mGETXSM: 0 # GETX S->M misses (upgrade misses)
   PUTS: 0 # Clean evictions (from lower level)
   PUTX: 0 # Dirty evictions (from lower level)
   INV: 28052755 # Invalidates (from upper level)
   INVX: 0 # Downgrades (from upper level)
   FWD: 0 # Forwards (from upper level)
   latGETnl: 512647712 # GET request latency on next level
   latGETnet: 0 # GET request latency on network to next level
  l1i-3: # Filter cache stats
   fhGETS: 83351264 # Filtered GETS hits
   fhGETX: 0 # Filtered GETX hits
   hGETS: 635198 # GETS hits
   hGETX: 0 # GETX hits
   mGETS: 28048226 # GETS misses
   mGETXIM: 0 # GETX I->M misses
   mGETXSM: 0 # GETX S->M misses (upgrade misses)
   PUTS: 0 # Clean evictions (from lower level)
   PUTX: 0 # Dirty evictions (from lower level)
   INV: 28047800 # Invalidates (from upper level)
   INVX: 0 # Downgrades (from upper level)
   FWD: 0 # Forwards (from upper level)
   latGETnl: 512696042 # GET request latency on next level
   latGETnet: 0 # GET request latency on network to next level
  l1i-4: # Filter cache stats
   fhGETS: 83337949 # Filtered GETS hits
   fhGETX: 0 # Filtered GETX hits
   hGETS: 634495 # GETS hits
   hGETX: 0 # GETX hits
   mGETS: 28042306 # GETS misses
   mGETXIM: 0 # GETX I->M misses
   mGETXSM: 0 # GETX S->M misses (upgrade misses)
   PUTS: 0 # Clean evictions (from lower level)
   PUTX: 0 # Dirty evictions (from lower level)
   INV: 28041916 # Invalidates (from upper level)
   INVX: 0 # Downgrades (from upper level)
   FWD: 0 # Forwards (from upper level)
   latGETnl: 512860926 # GET request latency on next level
   latGETnet: 0 # GET request latency on network to next level
  l1i-5: # Filter cache stats
   fhGETS: 83337612 # Filtered GETS hits
   fhGETX: 0 # Filtered GETX hits
   hGETS: 634959 # GETS hits
   hGETX: 0 # GETX hits
   mGETS: 28031239 # GETS misses
   mGETXIM: 0 # GETX I->M misses
   mGETXSM: 0 # GETX S->M misses (upgrade misses)
   PUTS: 0 # Clean evictions (from lower level)
   PUTX: 0 # Dirty evictions (from lower level)
   INV: 28030849 # Invalidates (from upper level)
   INVX: 0 # Downgrades (from upper level)
   FWD: 0 # Forwards (from upper level)
   latGETnl: 512846492 # GET request latency on next level
   latGETnet: 0 # GET request latency on network to next level
  l1i-6: # Filter cache stats
   fhGETS: 83342069 # Filtered GETS hits
   fhGETX: 0 # Filtered GETX hits
   hGETS: 635776 # GETS hits
   hGETX: 0 # GETX hits
   mGETS: 28037892 # GETS misses
   mGETXIM: 0 # GETX I->M misses
   mGETXSM: 0 # GETX S->M misses (upgrade misses)
   PUTS: 0 # Clean evictions (from lower level)
   PUTX: 0 # Dirty evictions (from lower level)
   INV: 28037470 # Invalidates (from upper level)
   INVX: 0 # Downgrades (from upper level)
   FWD: 0 # Forwards (from upper level)
   latGETnl: 512465958 # GET request latency on next level
   latGETnet: 0 # GET request latency on network to next level
  l1i-7: # Filter cache stats
   fhGETS: 83334319 # Filtered GETS hits
   fhGETX: 0 # Filtered GETX hits
   hGETS: 634462 # GETS hits
   hGETX: 0 # GETX hits
   mGETS: 28053631 # GETS misses
   mGETXIM: 0 # GETX I->M misses
   mGETXSM: 0 # GETX S->M misses (upgrade misses)
   PUTS: 0 # Clean evictions (from lower level)
   PUTX: 0 # Dirty evictions (from lower level)
   INV: 28053245 # Invalidates (from upper level)
   INVX: 0 # Downgrades (from upper level)
   FWD: 0 # Forwards (from upper level)
   latGETnl: 512653326 # GET request latency on next level
   latGETnet: 0 # GET request latency on network to next level
 l1d: # Cache stats
  l1d-0: # Filter cache stats
   fhGETS: 152382082 # Filtered GETS hits
   fhGETX: 21912007 # Filtered GETX hits
   hGETS: 15798129 # GETS hits
   hGETX: 3841 # GETX hits
   mGETS: 5180965 # GETS misses
   mGETXIM: 4046676 # GETX I->M misses
   mGETXSM: 24828882 # GETX S->M misses (upgrade misses)
   PUTS: 0 # Clean evictions (from lower level)
   PUTX: 0 # Dirty evictions (from lower level)
   INV: 9947234 # Invalidates (from upper level)
   INVX: 26506719 # Downgrades (from upper level)
   FWD: 0 # Forwards (from upper level)
   latGETnl: 728363362 # GET request latency on next level
   latGETnet: 0 # GET request latency on network to next level
  l1d-1: # Filter cache stats
   fhGETS: 152438494 # Filtered GETS hits
   fhGETX: 21918705 # Filtered GETX hits
   hGETS: 15811707 # GETS hits
   hGETX: 3768 # GETX hits
   mGETS: 5178437 # GETS misses
   mGETXIM: 4031415 # GETX I->M misses
   mGETXSM: 24853339 # GETX S->M misses (upgrade misses)
   PUTS: 0 # Clean evictions (from lower level)
   PUTX: 0 # Dirty evictions (from lower level)
   INV: 9954076 # Invalidates (from upper level)
   INVX: 26515858 # Downgrades (from upper level)
   FWD: 0 # Forwards (from upper level)
   latGETnl: 727969916 # GET request latency on next level
   latGETnet: 0 # GET request latency on network to next level
  l1d-2: # Filter cache stats
   fhGETS: 152434844 # Filtered GETS hits
   fhGETX: 21925193 # Filtered GETX hits
   hGETS: 15818361 # GETS hits
   hGETX: 3868 # GETX hits
   mGETS: 5186631 # GETS misses
   mGETXIM: 4032385 # GETX I->M misses
   mGETXSM: 24852905 # GETX S->M misses (upgrade misses)
   PUTS: 0 # Clean evictions (from lower level)
   PUTX: 0 # Dirty evictions (from lower level)
   INV: 9960382 # Invalidates (from upper level)
   INVX: 26520416 # Downgrades (from upper level)
   FWD: 0 # Forwards (from upper level)
   latGETnl: 727456424 # GET request latency on next level
   latGETnet: 0 # GET request latency on network to next level
  l1d-3: # Filter cache stats
   fhGETS: 152467073 # Filtered GETS hits
   fhGETX: 21937340 # Filtered GETX hits
   hGETS: 15812135 # GETS hits
   hGETX: 3772 # GETX hits
   mGETS: 5153850 # GETS misses
   mGETXIM: 4028617 # GETX I->M misses
   mGETXSM: 24840217 # GETX S->M misses (upgrade misses)
   PUTS: 0 # Clean evictions (from lower level)
   PUTX: 0 # Dirty evictions (from lower level)
   INV: 9967623 # Invalidates (from upper level)
   INVX: 26505951 # Downgrades (from upper level)
   FWD: 0 # Forwards (from upper level)
   latGETnl: 724950020 # GET request latency on next level
   latGETnet: 0 # GET request latency on network to next level
  l1d-4: # Filter cache stats
   fhGETS: 152456188 # Filtered GETS hits
   fhGETX: 21936810 # Filtered GETX hits
   hGETS: 15798671 # GETS hits
   hGETX: 3761 # GETX hits
   mGETS: 5145706 # GETS misses
   mGETXIM: 4045281 # GETX I->M misses
   mGETXSM: 24817359 # GETX S->M misses (upgrade misses)
   PUTS: 0 # Clean evictions (from lower level)
   PUTX: 0 # Dirty evictions (from lower level)
   INV: 9925153 # Invalidates (from upper level)
   INVX: 26504417 # Downgrades (from upper level)
   FWD: 0 # Forwards (from upper level)
   latGETnl: 724147694 # GET request latency on next level
   latGETnet: 0 # GET request latency on network to next level
  l1d-5: # Filter cache stats
   fhGETS: 152385780 # Filtered GETS hits
   fhGETX: 21913705 # Filtered GETX hits
   hGETS: 15790826 # GETS hits
   hGETX: 3795 # GETX hits
   mGETS: 5205423 # GETS misses
   mGETXIM: 4001561 # GETX I->M misses
   mGETXSM: 24875308 # GETX S->M misses (upgrade misses)
   PUTS: 0 # Clean evictions (from lower level)
   PUTX: 0 # Dirty evictions (from lower level)
   INV: 9978572 # Invalidates (from upper level)
   INVX: 26497974 # Downgrades (from upper level)
   FWD: 0 # Forwards (from upper level)
   latGETnl: 726106952 # GET request latency on next level
   latGETnet: 0 # GET request latency on network to next level
  l1d-6: # Filter cache stats
   fhGETS: 152417850 # Filtered GETS hits
   fhGETX: 21916327 # Filtered GETX hits
   hGETS: 15787353 # GETS hits
   hGETX: 3834 # GETX hits
   mGETS: 5189627 # GETS misses
   mGETXIM: 4029586 # GETX I->M misses
   mGETXSM: 24852416 # GETX S->M misses (upgrade misses)
   PUTS: 0 # Clean evictions (from lower level)
   PUTX: 0 # Dirty evictions (from lower level)
   INV: 10028716 # Invalidates (from upper level)
   INVX: 26511347 # Downgrades (from upper level)
   FWD: 0 # Forwards (from upper level)
   latGETnl: 728029694 # GET request latency on next level
   latGETnet: 0 # GET request latency on network to next level
  l1d-7: # Filter cache stats
   fhGETS: 152430142 # Filtered GETS hits
   fhGETX: 21915257 # Filtered GETX hits
   hGETS: 15792769 # GETS hits
   hGETX: 3677 # GETX hits
   mGETS: 5197797 # GETS misses
   mGETXIM: 4008852 # GETX I->M misses
   mGETXSM: 24877688 # GETX S->M misses (upgrade misses)
   PUTS: 0 # Clean evictions (from lower level)
   PUTX: 0 # Dirty evictions (from lower level)
   INV: 10012402 # Invalidates (from upper level)
   INVX: 26509512 # Downgrades (from upper level)
   FWD: 0 # Forwards (from upper level)
   latGETnl: 727767744 # GET request latency on next level
   latGETnet: 0 # GET request latency on network to next level
 l2: # Cache stats
  l2-0: # Cache stats
   hGETS: 25421359 # GETS hits
   hGETX: 18770768 # GETX hits
   mGETS: 7814150 # GETS misses
   mGETXIM: 2417230 # GETX I->M misses
   mGETXSM: 7687560 # GETX S->M misses (upgrade misses)
   PUTS: 289 # Clean evictions (from lower level)
   PUTX: 28 # Dirty evictions (from lower level)
   INV: 10706294 # Invalidates (from upper level)
   INVX: 7251052 # Downgrades (from upper level)
   FWD: 0 # Forwards (from upper level)
   latGETnl: 564138300 # GET request latency on next level
   latGETnet: 0 # GET request latency on network to next level
  l2-1: # Cache stats
   hGETS: 25447704 # GETS hits
   hGETX: 18780753 # GETX hits
   mGETS: 7791495 # GETS misses
   mGETXIM: 2428057 # GETX I->M misses
   mGETXSM: 7675944 # GETX S->M misses (upgrade misses)
   PUTS: 80 # Clean evictions (from lower level)
   PUTX: 0 # Dirty evictions (from lower level)
   INV: 10701185 # Invalidates (from upper level)
   INVX: 7246644 # Downgrades (from upper level)
   FWD: 0 # Forwards (from upper level)
   latGETnl: 563382466 # GET request latency on next level
   latGETnet: 0 # GET request latency on network to next level
  l2-2: # Cache stats
   hGETS: 25446907 # GETS hits
   hGETX: 18808358 # GETX hits
   mGETS: 7792873 # GETS misses
   mGETXIM: 2411849 # GETX I->M misses
   mGETXSM: 7665083 # GETX S->M misses (upgrade misses)
   PUTS: 92 # Clean evictions (from lower level)
   PUTX: 0 # Dirty evictions (from lower level)
   INV: 10705449 # Invalidates (from upper level)
   INVX: 7224390 # Downgrades (from upper level)
   FWD: 0 # Forwards (from upper level)
   latGETnl: 562623832 # GET request latency on next level
   latGETnet: 0 # GET request latency on network to next level
  l2-3: # Cache stats
   hGETS: 25465365 # GETS hits
   hGETX: 18793402 # GETX hits
   mGETS: 7736711 # GETS misses
   mGETXIM: 2426082 # GETX I->M misses
   mGETXSM: 7649350 # GETX S->M misses (upgrade misses)
   PUTS: 108 # Clean evictions (from lower level)
   PUTX: 0 # Dirty evictions (from lower level)
   INV: 10694856 # Invalidates (from upper level)
   INVX: 7223113 # Downgrades (from upper level)
   FWD: 0 # Forwards (from upper level)
   latGETnl: 560711218 # GET request latency on next level
   latGETnet: 0 # GET request latency on network to next level
  l2-4: # Cache stats
   hGETS: 25452574 # GETS hits
   hGETX: 18809321 # GETX hits
   mGETS: 7735438 # GETS misses
   mGETXIM: 2418226 # GETX I->M misses
   mGETXSM: 7635093 # GETX S->M misses (upgrade misses)
   PUTS: 92 # Clean evictions (from lower level)
   PUTX: 0 # Dirty evictions (from lower level)
   INV: 10654683 # Invalidates (from upper level)
   INVX: 7221709 # Downgrades (from upper level)
   FWD: 0 # Forwards (from upper level)
   latGETnl: 560101844 # GET request latency on next level
   latGETnet: 0 # GET request latency on network to next level
  l2-5: # Cache stats
   hGETS: 25449018 # GETS hits
   hGETX: 18827814 # GETX hits
   mGETS: 7787644 # GETS misses
   mGETXIM: 2390830 # GETX I->M misses
   mGETXSM: 7658225 # GETX S->M misses (upgrade misses)
   PUTS: 85 # Clean evictions (from lower level)
   PUTX: 0 # Dirty evictions (from lower level)
   INV: 10705703 # Invalidates (from upper level)
   INVX: 7184004 # Downgrades (from upper level)
   FWD: 0 # Forwards (from upper level)
   latGETnl: 561566332 # GET request latency on next level
   latGETnet: 0 # GET request latency on network to next level
  l2-6: # Cache stats
   hGETS: 25465801 # GETS hits
   hGETX: 18737347 # GETX hits
   mGETS: 7761718 # GETS misses
   mGETXIM: 2413634 # GETX I->M misses
   mGETXSM: 7731021 # GETX S->M misses (upgrade misses)
   PUTS: 145 # Clean evictions (from lower level)
   PUTX: 4 # Dirty evictions (from lower level)
   INV: 10738666 # Invalidates (from upper level)
   INVX: 7286983 # Downgrades (from upper level)
   FWD: 0 # Forwards (from upper level)
   latGETnl: 563623780 # GET request latency on next level
   latGETnet: 0 # GET request latency on network to next level
  l2-7: # Cache stats
   hGETS: 25485105 # GETS hits
   hGETX: 18760622 # GETX hits
   mGETS: 7766323 # GETS misses
   mGETXIM: 2394201 # GETX I->M misses
   mGETXSM: 7731717 # GETX S->M misses (upgrade misses)
   PUTS: 89 # Clean evictions (from lower level)
   PUTX: 0 # Dirty evictions (from lower level)
   INV: 10727101 # Invalidates (from upper level)
   INVX: 7262367 # Downgrades (from upper level)
   FWD: 0 # Forwards (from upper level)
   latGETnl: 563160646 # GET request latency on next level
   latGETnet: 0 # GET request latency on network to next level
 l3: # Cache stats
  l3-0b0: # Cache stats
   hGETS: 9012835 # GETS hits
   hGETX: 10140400 # GETX hits
   mGETS: 79 # GETS misses
   mGETXIM: 5 # GETX I->M misses
   mGETXSM: 27 # GETX S->M misses (upgrade misses)
   PUTS: 0 # Clean evictions (from lower level)
   PUTX: 0 # Dirty evictions (from lower level)
   INV: 0 # Invalidates (from upper level)
   INVX: 0 # Downgrades (from upper level)
   FWD: 0 # Forwards (from upper level)
   latGETnl: 9990 # GET request latency on next level
   latGETnet: 0 # GET request latency on network to next level
  l3-0b1: # Cache stats
   hGETS: 2611721 # GETS hits
   hGETX: 4601027 # GETX hits
   mGETS: 79 # GETS misses
   mGETXIM: 8 # GETX I->M misses
   mGETXSM: 25 # GETX S->M misses (upgrade misses)
   PUTS: 0 # Clean evictions (from lower level)
   PUTX: 0 # Dirty evictions (from lower level)
   INV: 0 # Invalidates (from upper level)
   INVX: 0 # Downgrades (from upper level)
   FWD: 0 # Forwards (from upper level)
   latGETnl: 10080 # GET request latency on next level
   latGETnet: 0 # GET request latency on network to next level
  l3-0b2: # Cache stats
   hGETS: 13809487 # GETS hits
   hGETX: 16051239 # GETX hits
   mGETS: 84 # GETS misses
   mGETXIM: 5 # GETX I->M misses
   mGETXSM: 36 # GETX S->M misses (upgrade misses)
   PUTS: 0 # Clean evictions (from lower level)
   PUTX: 0 # Dirty evictions (from lower level)
   INV: 0 # Invalidates (from upper level)
   INVX: 0 # Downgrades (from upper level)
   FWD: 0 # Forwards (from upper level)
   latGETnl: 11250 # GET request latency on next level
   latGETnet: 0 # GET request latency on network to next level
  l3-0b3: # Cache stats
   hGETS: 3319417 # GETS hits
   hGETX: 10084720 # GETX hits
   mGETS: 78 # GETS misses
   mGETXIM: 7 # GETX I->M misses
   mGETXSM: 32 # GETX S->M misses (upgrade misses)
   PUTS: 0 # Clean evictions (from lower level)
   PUTX: 0 # Dirty evictions (from lower level)
   INV: 0 # Invalidates (from upper level)
   INVX: 0 # Downgrades (from upper level)
   FWD: 0 # Forwards (from upper level)
   latGETnl: 10530 # GET request latency on next level
   latGETnet: 0 # GET request latency on network to next level
  l3-0b4: # Cache stats
   hGETS: 6311277 # GETS hits
   hGETX: 6343916 # GETX hits
   mGETS: 81 # GETS misses
   mGETXIM: 2 # GETX I->M misses
   mGETXSM: 37 # GETX S->M misses (upgrade misses)
   PUTS: 0 # Clean evictions (from lower level)
   PUTX: 0 # Dirty evictions (from lower level)
   INV: 0 # Invalidates (from upper level)
   INVX: 0 # Downgrades (from upper level)
   FWD: 0 # Forwards (from upper level)
   latGETnl: 10800 # GET request latency on next level
   latGETnet: 0 # GET request latency on network to next level
  l3-0b5: # Cache stats
   hGETS: 6599607 # GETS hits
   hGETX: 8212650 # GETX hits
   mGETS: 78 # GETS misses
   mGETXIM: 6 # GETX I->M misses
   mGETXSM: 39 # GETX S->M misses (upgrade misses)
   PUTS: 0 # Clean evictions (from lower level)
   PUTX: 0 # Dirty evictions (from lower level)
   INV: 0 # Invalidates (from upper level)
   INVX: 0 # Downgrades (from upper level)
   FWD: 0 # Forwards (from upper level)
   latGETnl: 11070 # GET request latency on next level
   latGETnet: 0 # GET request latency on network to next level
  l3-0b6: # Cache stats
   hGETS: 6673100 # GETS hits
   hGETX: 7605581 # GETX hits
   mGETS: 79 # GETS misses
   mGETXIM: 6 # GETX I->M misses
   mGETXSM: 28 # GETX S->M misses (upgrade misses)
   PUTS: 0 # Clean evictions (from lower level)
   PUTX: 0 # Dirty evictions (from lower level)
   INV: 0 # Invalidates (from upper level)
   INVX: 0 # Downgrades (from upper level)
   FWD: 0 # Forwards (from upper level)
   latGETnl: 10170 # GET request latency on next level
   latGETnet: 0 # GET request latency on network to next level
  l3-0b7: # Cache stats
   hGETS: 13848272 # GETS hits
   hGETX: 17694270 # GETX hits
   mGETS: 78 # GETS misses
   mGETXIM: 7 # GETX I->M misses
   mGETXSM: 29 # GETX S->M misses (upgrade misses)
   PUTS: 0 # Clean evictions (from lower level)
   PUTX: 0 # Dirty evictions (from lower level)
   INV: 0 # Invalidates (from upper level)
   INVX: 0 # Downgrades (from upper level)
   FWD: 0 # Forwards (from upper level)
   latGETnl: 10260 # GET request latency on next level
   latGETnet: 0 # GET request latency on network to next level
 mem: # Memory controller stats
  mem-0: # Memory controller stats
   rd: 235 # Read requests
   wr: 0 # Write requests
   rdlat: 31761 # Total latency experienced by read requests
   wrlat: 0 # Total latency experienced by write requests
   rdhits: 6 # Read row hits
   wrhits: 0 # Write row hits
   mlh: # latency histogram for memory requests
    0: 0
    1: 0
    2: 0
    3: 0
    4: 0
    5: 0
    6: 0
    7: 0
    8: 0
    9: 0
    10: 0
    11: 2
    12: 3
    13: 211
    14: 12
    15: 1
    16: 0
    17: 0
    18: 0
    19: 1
    20: 0
    21: 2
    22: 0
    23: 0
    24: 0
    25: 0
    26: 0
    27: 0
    28: 0
    29: 1
    30: 1
    31: 1
    32: 0
    33: 0
    34: 0
    35: 0
    36: 0
    37: 0
    38: 0
    39: 0
    40: 0
    41: 0
    42: 0
    43: 0
    44: 0
    45: 0
    46: 0
    47: 0
    48: 0
    49: 0
    50: 0
    51: 0
    52: 0
    53: 0
    54: 0
    55: 0
    56: 0
    57: 0
    58: 0
    59: 0
    60: 0
    61: 0
    62: 0
    63: 0
    64: 0
    65: 0
    66: 0
    67: 0
    68: 0
    69: 0
    70: 0
    71: 0
    72: 0
    73: 0
    74: 0
    75: 0
    76: 0
    77: 0
    78: 0
    79: 0
    80: 0
    81: 0
    82: 0
    83: 0
    84: 0
    85: 0
    86: 0
    87: 0
    88: 0
    89: 0
    90: 0
    91: 0
    92: 0
    93: 0
    94: 0
    95: 0
    96: 0
    97: 0
    98: 0
    99: 0
  mem-1: # Memory controller stats
   rd: 231 # Read requests
   wr: 0 # Write requests
   rdlat: 31352 # Total latency experienced by read requests
   wrlat: 0 # Total latency experienced by write requests
   rdhits: 6 # Read row hits
   wrhits: 0 # Write row hits
   mlh: # latency histogram for memory requests
    0: 0
    1: 0
    2: 0
    3: 0
    4: 0
    5: 0
    6: 0
    7: 0
    8: 0
    9: 0
    10: 0
    11: 1
    12: 2
    13: 207
    14: 10
    15: 1
    16: 0
    17: 2
    18: 1
    19: 2
    20: 1
    21: 2
    22: 0
    23: 0
    24: 0
    25: 0
    26: 0
    27: 0
    28: 0
    29: 1
    30: 1
    31: 0
    32: 0
    33: 0
    34: 0
    35: 0
    36: 0
    37: 0
    38: 0
    39: 0
    40: 0
    41: 0
    42: 0
    43: 0
    44: 0
    45: 0
    46: 0
    47: 0
    48: 0
    49: 0
    50: 0
    51: 0
    52: 0
    53: 0
    54: 0
    55: 0
    56: 0
    57: 0
    58: 0
    59: 0
    60: 0
    61: 0
    62: 0
    63: 0
    64: 0
    65: 0
    66: 0
    67: 0
    68: 0
    69: 0
    70: 0
    71: 0
    72: 0
    73: 0
    74: 0
    75: 0
    76: 0
    77: 0
    78: 0
    79: 0
    80: 0
    81: 0
    82: 0
    83: 0
    84: 0
    85: 0
    86: 0
    87: 0
    88: 0
    89: 0
    90: 0
    91: 0
    92: 0
    93: 0
    94: 0
    95: 0
    96: 0
    97: 0
    98: 0
    99: 0
  mem-2: # Memory controller stats
   rd: 231 # Read requests
   wr: 0 # Write requests
   rdlat: 31594 # Total latency experienced by read requests
   wrlat: 0 # Total latency experienced by write requests
   rdhits: 3 # Read row hits
   wrhits: 0 # Write row hits
   mlh: # latency histogram for memory requests
    0: 0
    1: 0
    2: 0
    3: 0
    4: 0
    5: 0
    6: 0
    7: 0
    8: 0
    9: 0
    10: 0
    11: 1
    12: 0
    13: 214
    14: 7
    15: 1
    16: 1
    17: 0
    18: 0
    19: 0
    20: 2
    21: 0
    22: 0
    23: 0
    24: 0
    25: 0
    26: 0
    27: 1
    28: 1
    29: 0
    30: 0
    31: 1
    32: 1
    33: 0
    34: 0
    35: 0
    36: 0
    37: 0
    38: 0
    39: 1
    40: 0
    41: 0
    42: 0
    43: 0
    44: 0
    45: 0
    46: 0
    47: 0
    48: 0
    49: 0
    50: 0
    51: 0
    52: 0
    53: 0
    54: 0
    55: 0
    56: 0
    57: 0
    58: 0
    59: 0
    60: 0
    61: 0
    62: 0
    63: 0
    64: 0
    65: 0
    66: 0
    67: 0
    68: 0
    69: 0
    70: 0
    71: 0
    72: 0
    73: 0
    74: 0
    75: 0
    76: 0
    77: 0
    78: 0
    79: 0
    80: 0
    81: 0
    82: 0
    83: 0
    84: 0
    85: 0
    86: 0
    87: 0
    88: 0
    89: 0
    90: 0
    91: 0
    92: 0
    93: 0
    94: 0
    95: 0
    96: 0
    97: 0
    98: 0
    99: 0
  mem-3: # Memory controller stats
   rd: 238 # Read requests
   wr: 0 # Write requests
   rdlat: 32399 # Total latency experienced by read requests
   wrlat: 0 # Total latency experienced by write requests
   rdhits: 3 # Read row hits
   wrhits: 0 # Write row hits
   mlh: # latency histogram for memory requests
    0: 0
    1: 0
    2: 0
    3: 0
    4: 0
    5: 0
    6: 0
    7: 0
    8: 0
    9: 0
    10: 0
    11: 1
    12: 1
    13: 214
    14: 11
    15: 1
    16: 3
    17: 0
    18: 1
    19: 1
    20: 2
    21: 0
    22: 0
    23: 0
    24: 0
    25: 0
    26: 0
    27: 0
    28: 1
    29: 0
    30: 0
    31: 0
    32: 1
    33: 0
    34: 0
    35: 0
    36: 0
    37: 0
    38: 0
    39: 1
    40: 0
    41: 0
    42: 0
    43: 0
    44: 0
    45: 0
    46: 0
    47: 0
    48: 0
    49: 0
    50: 0
    51: 0
    52: 0
    53: 0
    54: 0
    55: 0
    56: 0
    57: 0
    58: 0
    59: 0
    60: 0
    61: 0
    62: 0
    63: 0
    64: 0
    65: 0
    66: 0
    67: 0
    68: 0
    69: 0
    70: 0
    71: 0
    72: 0
    73: 0
    74: 0
    75: 0
    76: 0
    77: 0
    78: 0
    79: 0
    80: 0
    81: 0
    82: 0
    83: 0
    84: 0
    85: 0
    86: 0
    87: 0
    88: 0
    89: 0
    90: 0
    91: 0
    92: 0
    93: 0
    94: 0
    95: 0
    96: 0
    97: 0
    98: 0
    99: 0
 sched: # Scheduler stats
  thCr: 9 # Threads created
  thFn: 0 # Threads finished
  schedEvs: 9 # Schedule events
  waitEvs: 1 # Wait events
  handoffEvs: 0 # Handoff events
  sleepEvs: 0 # Sleep events
  idlePhases: 0 # Phases with no thread active
  idlePeriods: 0 # Periods with no thread active
  occHist: # Occupancy histogram
   0: 0
   1: 0
   2: 0
   3: 0
   4: 1
   5: 0
   6: 0
   7: 0
   8: 81540
  rqSzHist: # Run queue size histogram
   0: 81541
   1: 0
   2: 0
   3: 0
   4: 0
   5: 0
   6: 0
   7: 0
   8: 0
   9: 0
   10: 0
   11: 0
   12: 0
   13: 0
   14: 0
   15: 0
   16: 0
 procCycles: # Per-process unhalted core cycles
  0: 6523240086
  1: 0
  2: 0
  3: 0
  4: 0
  5: 0
  6: 0
  7: 0
  8: 0
  9: 0
  10: 0
  11: 0
  12: 0
  13: 0
  14: 0
  15: 0
  16: 0
  17: 0
  18: 0
  19: 0
  20: 0
  21: 0
  22: 0
  23: 0
  24: 0
  25: 0
  26: 0
  27: 0
  28: 0
  29: 0
  30: 0
  31: 0
  32: 0
  33: 0
  34: 0
  35: 0
  36: 0
  37: 0
  38: 0
  39: 0
  40: 0
  41: 0
  42: 0
  43: 0
  44: 0
  45: 0
  46: 0
  47: 0
  48: 0
  49: 0
  50: 0
  51: 0
  52: 0
  53: 0
  54: 0
  55: 0
  56: 0
  57: 0
  58: 0
  59: 0
  60: 0
  61: 0
  62: 0
  63: 0
 procInstrs: # Per-process instructions
  0: 5000031075
  1: 0
  2: 0
  3: 0
  4: 0
  5: 0
  6: 0
  7: 0
  8: 0
  9: 0
  10: 0
  11: 0
  12: 0
  13: 0
  14: 0
  15: 0
  16: 0
  17: 0
  18: 0
  19: 0
  20: 0
  21: 0
  22: 0
  23: 0
  24: 0
  25: 0
  26: 0
  27: 0
  28: 0
  29: 0
  30: 0
  31: 0
  32: 0
  33: 0
  34: 0
  35: 0
  36: 0
  37: 0
  38: 0
  39: 0
  40: 0
  41: 0
  42: 0
  43: 0
  44: 0
  45: 0
  46: 0
  47: 0
  48: 0
  49: 0
  50: 0
  51: 0
  52: 0
  53: 0
  54: 0
  55: 0
  56: 0
  57: 0
  58: 0
  59: 0
  60: 0
  61: 0
  62: 0
  63: 0
 heartbeats: # Per-process heartbeats
  0: 0
  1: 0
  2: 0
  3: 0
  4: 0
  5: 0
  6: 0
  7: 0
  8: 0
  9: 0
  10: 0
  11: 0
  12: 0
  13: 0
  14: 0
  15: 0
  16: 0
  17: 0
  18: 0
  19: 0
  20: 0
  21: 0
  22: 0
  23: 0
  24: 0
  25: 0
  26: 0
  27: 0
  28: 0
  29: 0
  30: 0
  31: 0
  32: 0
  33: 0
  34: 0
  35: 0
  36: 0
  37: 0
  38: 0
  39: 0
  40: 0
  41: 0
  42: 0
  43: 0
  44: 0
  45: 0
  46: 0
  47: 0
  48: 0
  49: 0
  50: 0
  51: 0
  52: 0
  53: 0
  54: 0
  55: 0
  56: 0
  57: 0
  58: 0
  59: 0
  60: 0
  61: 0
  62: 0
  63: 0
===
