# zsim stats
===
root: # Stats
 contention: # Contention simulation stats
  domain-0: # Domain stats
   time: 149259227 # Weave simulation time
 time: # Simulator time breakdown
  init: 2750990800402
  bound: 9682307819
  weave: 306336036
  ff: 0
 trigger: 20000 # Reason for this stats dump
 phase: 12871 # Simulated phases
 westmere: # Core stats
  westmere-0: # Core stats
   cycles: 128710528 # Simulated unhalted cycles
   cCycles: 6830493 # Cycles due to contention stalls
   instrs: 100004127 # Simulated instructions
   uops: 118159172 # Retired micro-ops
   bbls: 29480651 # Basic blocks
   approxInstrs: 320756 # Instrs with approx uop decoding
   mispredBranches: 247407 # Mispredicted branches
   condBranches: 21711094 # conditional branches
 l1i: # Cache stats
  l1i-0: # Filter cache stats
   fhGETS: 22494332 # Filtered GETS hits
   fhGETX: 0 # Filtered GETX hits
   hGETS: 1763338 # GETS hits
   hGETX: 0 # GETX hits
   mGETS: 6383275 # GETS misses
   mGETXIM: 0 # GETX I->M misses
   mGETXSM: 0 # GETX S->M misses (upgrade misses)
   PUTS: 0 # Clean evictions (from lower level)
   PUTX: 0 # Dirty evictions (from lower level)
   INV: 6159621 # Invalidates (from upper level)
   INVX: 0 # Downgrades (from upper level)
   FWD: 0 # Forwards (from upper level)
   latGETnl: 80431670 # GET request latency on next level
   latGETnet: 0 # GET request latency on network to next level
 l1d: # Cache stats
  l1d-0: # Filter cache stats
   fhGETS: 25949549 # Filtered GETS hits
   fhGETX: 5061987 # Filtered GETX hits
   hGETS: 5122536 # GETS hits
   hGETX: 90777 # GETX hits
   mGETS: 88131 # GETS misses
   mGETXIM: 124250 # GETX I->M misses
   mGETXSM: 5995161 # GETX S->M misses (upgrade misses)
   PUTS: 0 # Clean evictions (from lower level)
   PUTX: 0 # Dirty evictions (from lower level)
   INV: 101696 # Invalidates (from upper level)
   INVX: 6037432 # Downgrades (from upper level)
   FWD: 0 # Forwards (from upper level)
   latGETnl: 78939679 # GET request latency on next level
   latGETnet: 0 # GET request latency on network to next level
 l2: # Cache stats
  l2-0: # Cache stats
   hGETS: 6368616 # GETS hits
   hGETX: 6035071 # GETX hits
   mGETS: 102790 # GETS misses
   mGETXIM: 17838 # GETX I->M misses
   mGETXSM: 66502 # GETX S->M misses (upgrade misses)
   PUTS: 286867 # Clean evictions (from lower level)
   PUTX: 46573 # Dirty evictions (from lower level)
   INV: 118703 # Invalidates (from upper level)
   INVX: 0 # Downgrades (from upper level)
   FWD: 0 # Forwards (from upper level)
   latGETnl: 21332280 # GET request latency on next level
   latGETnet: 0 # GET request latency on network to next level
 l3: # Cache stats
  l3-0: # Cache stats
   hGETS: 3 # GETS hits
   hGETX: 3 # GETX hits
   mGETS: 102787 # GETS misses
   mGETXIM: 17837 # GETX I->M misses
   mGETXSM: 66500 # GETX S->M misses (upgrade misses)
   PUTS: 2 # Clean evictions (from lower level)
   PUTX: 3 # Dirty evictions (from lower level)
   INV: 0 # Invalidates (from upper level)
   INVX: 0 # Downgrades (from upper level)
   FWD: 0 # Forwards (from upper level)
   latGETnl: 16841160 # GET request latency on next level
   latGETnet: 0 # GET request latency on network to next level
 mem: # Memory controller stats
  mem-0: # Memory controller stats
   rd: 61328 # Read requests
   wr: 33538 # Write requests
   rdlat: 8205564 # Total latency experienced by read requests
   wrlat: 4629644 # Total latency experienced by write requests
   rdhits: 15 # Read row hits
   wrhits: 0 # Write row hits
   mlh: # latency histogram for memory requests
    0: 0
    1: 0
    2: 0
    3: 0
    4: 0
    5: 0
    6: 0
    7: 0
    8: 0
    9: 0
    10: 0
    11: 6
    12: 2
    13: 60346
    14: 53
    15: 93
    16: 22
    17: 16
    18: 30
    19: 21
    20: 26
    21: 40
    22: 20
    23: 24
    24: 29
    25: 18
    26: 19
    27: 16
    28: 29
    29: 35
    30: 27
    31: 42
    32: 30
    33: 29
    34: 63
    35: 25
    36: 50
    37: 40
    38: 34
    39: 35
    40: 34
    41: 32
    42: 32
    43: 10
    44: 0
    45: 0
    46: 0
    47: 0
    48: 0
    49: 0
    50: 0
    51: 0
    52: 0
    53: 0
    54: 0
    55: 0
    56: 0
    57: 0
    58: 0
    59: 0
    60: 0
    61: 0
    62: 0
    63: 0
    64: 0
    65: 0
    66: 0
    67: 0
    68: 0
    69: 0
    70: 0
    71: 0
    72: 0
    73: 0
    74: 0
    75: 0
    76: 0
    77: 0
    78: 0
    79: 0
    80: 0
    81: 0
    82: 0
    83: 0
    84: 0
    85: 0
    86: 0
    87: 0
    88: 0
    89: 0
    90: 0
    91: 0
    92: 0
    93: 0
    94: 0
    95: 0
    96: 0
    97: 0
    98: 0
    99: 0
  mem-1: # Memory controller stats
   rd: 23300 # Read requests
   wr: 13590 # Write requests
   rdlat: 3107535 # Total latency experienced by read requests
   wrlat: 1849641 # Total latency experienced by write requests
   rdhits: 12 # Read row hits
   wrhits: 0 # Write row hits
   mlh: # latency histogram for memory requests
    0: 0
    1: 0
    2: 0
    3: 0
    4: 0
    5: 0
    6: 0
    7: 0
    8: 0
    9: 0
    10: 0
    11: 2
    12: 1
    13: 22985
    14: 32
    15: 9
    16: 8
    17: 6
    18: 3
    19: 4
    20: 6
    21: 8
    22: 5
    23: 5
    24: 1
    25: 5
    26: 5
    27: 7
    28: 16
    29: 6
    30: 13
    31: 16
    32: 7
    33: 11
    34: 6
    35: 12
    36: 43
    37: 17
    38: 13
    39: 8
    40: 20
    41: 7
    42: 9
    43: 4
    44: 0
    45: 0
    46: 0
    47: 0
    48: 0
    49: 0
    50: 0
    51: 0
    52: 0
    53: 0
    54: 0
    55: 0
    56: 0
    57: 0
    58: 0
    59: 0
    60: 0
    61: 0
    62: 0
    63: 0
    64: 0
    65: 0
    66: 0
    67: 0
    68: 0
    69: 0
    70: 0
    71: 0
    72: 0
    73: 0
    74: 0
    75: 0
    76: 0
    77: 0
    78: 0
    79: 0
    80: 0
    81: 0
    82: 0
    83: 0
    84: 0
    85: 0
    86: 0
    87: 0
    88: 0
    89: 0
    90: 0
    91: 0
    92: 0
    93: 0
    94: 0
    95: 0
    96: 0
    97: 0
    98: 0
    99: 0
  mem-2: # Memory controller stats
   rd: 51212 # Read requests
   wr: 22573 # Write requests
   rdlat: 6838270 # Total latency experienced by read requests
   wrlat: 3086517 # Total latency experienced by write requests
   rdhits: 25 # Read row hits
   wrhits: 0 # Write row hits
   mlh: # latency histogram for memory requests
    0: 0
    1: 0
    2: 0
    3: 0
    4: 0
    5: 0
    6: 0
    7: 0
    8: 0
    9: 0
    10: 0
    11: 4
    12: 17
    13: 50449
    14: 35
    15: 17
    16: 11
    17: 12
    18: 31
    19: 19
    20: 19
    21: 17
    22: 25
    23: 22
    24: 65
    25: 25
    26: 24
    27: 18
    28: 17
    29: 20
    30: 14
    31: 36
    32: 22
    33: 10
    34: 27
    35: 22
    36: 70
    37: 24
    38: 23
    39: 24
    40: 37
    41: 19
    42: 23
    43: 14
    44: 0
    45: 0
    46: 0
    47: 0
    48: 0
    49: 0
    50: 0
    51: 0
    52: 0
    53: 0
    54: 0
    55: 0
    56: 0
    57: 0
    58: 0
    59: 0
    60: 0
    61: 0
    62: 0
    63: 0
    64: 0
    65: 0
    66: 0
    67: 0
    68: 0
    69: 0
    70: 0
    71: 0
    72: 0
    73: 0
    74: 0
    75: 0
    76: 0
    77: 0
    78: 0
    79: 0
    80: 0
    81: 0
    82: 0
    83: 0
    84: 0
    85: 0
    86: 0
    87: 0
    88: 0
    89: 0
    90: 0
    91: 0
    92: 0
    93: 0
    94: 0
    95: 0
    96: 0
    97: 0
    98: 0
    99: 0
  mem-3: # Memory controller stats
   rd: 51284 # Read requests
   wr: 23504 # Write requests
   rdlat: 6875977 # Total latency experienced by read requests
   wrlat: 3359799 # Total latency experienced by write requests
   rdhits: 5 # Read row hits
   wrhits: 1 # Write row hits
   mlh: # latency histogram for memory requests
    0: 0
    1: 0
    2: 0
    3: 0
    4: 0
    5: 0
    6: 0
    7: 0
    8: 0
    9: 0
    10: 0
    11: 2
    12: 1
    13: 49501
    14: 1022
    15: 24
    16: 26
    17: 20
    18: 31
    19: 26
    20: 36
    21: 38
    22: 13
    23: 13
    24: 13
    25: 24
    26: 30
    27: 18
    28: 37
    29: 31
    30: 34
    31: 42
    32: 29
    33: 19
    34: 22
    35: 21
    36: 32
    37: 29
    38: 25
    39: 27
    40: 33
    41: 27
    42: 26
    43: 7
    44: 0
    45: 1
    46: 1
    47: 3
    48: 0
    49: 0
    50: 0
    51: 0
    52: 0
    53: 0
    54: 0
    55: 0
    56: 0
    57: 0
    58: 0
    59: 0
    60: 0
    61: 0
    62: 0
    63: 0
    64: 0
    65: 0
    66: 0
    67: 0
    68: 0
    69: 0
    70: 0
    71: 0
    72: 0
    73: 0
    74: 0
    75: 0
    76: 0
    77: 0
    78: 0
    79: 0
    80: 0
    81: 0
    82: 0
    83: 0
    84: 0
    85: 0
    86: 0
    87: 0
    88: 0
    89: 0
    90: 0
    91: 0
    92: 0
    93: 0
    94: 0
    95: 0
    96: 0
    97: 0
    98: 0
    99: 0
 sched: # Scheduler stats
  thCr: 1 # Threads created
  thFn: 1 # Threads finished
  schedEvs: 1 # Schedule events
  waitEvs: 0 # Wait events
  handoffEvs: 0 # Handoff events
  sleepEvs: 0 # Sleep events
  idlePhases: 0 # Phases with no thread active
  idlePeriods: 0 # Periods with no thread active
  occHist: # Occupancy histogram
   0: 0
   1: 12871
  rqSzHist: # Run queue size histogram
   0: 12871
   1: 0
   2: 0
   3: 0
   4: 0
   5: 0
   6: 0
   7: 0
   8: 0
   9: 0
   10: 0
   11: 0
   12: 0
   13: 0
   14: 0
   15: 0
   16: 0
 procCycles: # Per-process unhalted core cycles
  0: 128710528
  1: 0
  2: 0
  3: 0
  4: 0
  5: 0
  6: 0
  7: 0
  8: 0
  9: 0
  10: 0
  11: 0
  12: 0
  13: 0
  14: 0
  15: 0
  16: 0
  17: 0
  18: 0
  19: 0
  20: 0
  21: 0
  22: 0
  23: 0
  24: 0
  25: 0
  26: 0
  27: 0
  28: 0
  29: 0
  30: 0
  31: 0
  32: 0
  33: 0
  34: 0
  35: 0
  36: 0
  37: 0
  38: 0
  39: 0
  40: 0
  41: 0
  42: 0
  43: 0
  44: 0
  45: 0
  46: 0
  47: 0
  48: 0
  49: 0
  50: 0
  51: 0
  52: 0
  53: 0
  54: 0
  55: 0
  56: 0
  57: 0
  58: 0
  59: 0
  60: 0
  61: 0
  62: 0
  63: 0
 procInstrs: # Per-process instructions
  0: 100004127
  1: 0
  2: 0
  3: 0
  4: 0
  5: 0
  6: 0
  7: 0
  8: 0
  9: 0
  10: 0
  11: 0
  12: 0
  13: 0
  14: 0
  15: 0
  16: 0
  17: 0
  18: 0
  19: 0
  20: 0
  21: 0
  22: 0
  23: 0
  24: 0
  25: 0
  26: 0
  27: 0
  28: 0
  29: 0
  30: 0
  31: 0
  32: 0
  33: 0
  34: 0
  35: 0
  36: 0
  37: 0
  38: 0
  39: 0
  40: 0
  41: 0
  42: 0
  43: 0
  44: 0
  45: 0
  46: 0
  47: 0
  48: 0
  49: 0
  50: 0
  51: 0
  52: 0
  53: 0
  54: 0
  55: 0
  56: 0
  57: 0
  58: 0
  59: 0
  60: 0
  61: 0
  62: 0
  63: 0
 heartbeats: # Per-process heartbeats
  0: 0
  1: 0
  2: 0
  3: 0
  4: 0
  5: 0
  6: 0
  7: 0
  8: 0
  9: 0
  10: 0
  11: 0
  12: 0
  13: 0
  14: 0
  15: 0
  16: 0
  17: 0
  18: 0
  19: 0
  20: 0
  21: 0
  22: 0
  23: 0
  24: 0
  25: 0
  26: 0
  27: 0
  28: 0
  29: 0
  30: 0
  31: 0
  32: 0
  33: 0
  34: 0
  35: 0
  36: 0
  37: 0
  38: 0
  39: 0
  40: 0
  41: 0
  42: 0
  43: 0
  44: 0
  45: 0
  46: 0
  47: 0
  48: 0
  49: 0
  50: 0
  51: 0
  52: 0
  53: 0
  54: 0
  55: 0
  56: 0
  57: 0
  58: 0
  59: 0
  60: 0
  61: 0
  62: 0
  63: 0
===
