# zsim stats
===
root: # Stats
 contention: # Contention simulation stats
  domain-0: # Domain stats
   time: 480841310 # Weave simulation time
 time: # Simulator time breakdown
  init: 2016094148
  bound: 59603342296
  weave: 1565650231
  ff: 0
 trigger: 20000 # Reason for this stats dump
 phase: 80124 # Simulated phases
 westmere: # Core stats
  westmere-0: # Core stats
   cycles: 801240042 # Simulated unhalted cycles
   cCycles: 10998756 # Cycles due to contention stalls
   instrs: 1000001133 # Simulated instructions
   uops: 1104296253 # Retired micro-ops
   bbls: 227951554 # Basic blocks
   approxInstrs: 1743622 # Instrs with approx uop decoding
   mispredBranches: 19370820 # Mispredicted branches
   condBranches: 192174891 # conditional branches
 l1i: # Cache stats
  l1i-0: # Filter cache stats
   fhGETS: 288070569 # Filtered GETS hits
   fhGETX: 0 # Filtered GETX hits
   hGETS: 43228630 # GETS hits
   hGETX: 0 # GETX hits
   mGETS: 298864 # GETS misses
   mGETXIM: 0 # GETX I->M misses
   mGETXSM: 0 # GETX S->M misses (upgrade misses)
   PUTS: 0 # Clean evictions (from lower level)
   PUTX: 0 # Dirty evictions (from lower level)
   INV: 5977 # Invalidates (from upper level)
   INVX: 0 # Downgrades (from upper level)
   FWD: 0 # Forwards (from upper level)
   latGETnl: 3329942 # GET request latency on next level
   latGETnet: 0 # GET request latency on network to next level
 l1d: # Cache stats
  l1d-0: # Filter cache stats
   fhGETS: 213419524 # Filtered GETS hits
   fhGETX: 82248568 # Filtered GETX hits
   hGETS: 26741197 # GETS hits
   hGETX: 12329475 # GETX hits
   mGETS: 889225 # GETS misses
   mGETXIM: 410945 # GETX I->M misses
   mGETXSM: 0 # GETX S->M misses (upgrade misses)
   PUTS: 0 # Clean evictions (from lower level)
   PUTX: 0 # Dirty evictions (from lower level)
   INV: 2587 # Invalidates (from upper level)
   INVX: 0 # Downgrades (from upper level)
   FWD: 0 # Forwards (from upper level)
   latGETnl: 47084210 # GET request latency on next level
   latGETnet: 0 # GET request latency on network to next level
 l2: # Cache stats
  l2-0: # Cache stats
   hGETS: 824075 # GETS hits
   hGETX: 370756 # GETX hits
   mGETS: 364014 # GETS misses
   mGETXIM: 40189 # GETX I->M misses
   mGETXSM: 0 # GETX S->M misses (upgrade misses)
   PUTS: 878300 # Clean evictions (from lower level)
   PUTX: 711147 # Dirty evictions (from lower level)
   INV: 10060 # Invalidates (from upper level)
   INVX: 0 # Downgrades (from upper level)
   FWD: 0 # Forwards (from upper level)
   latGETnl: 37621880 # GET request latency on next level
   latGETnet: 0 # GET request latency on network to next level
 l3: # Cache stats
  l3-0: # Cache stats
   hGETS: 59162 # GETS hits
   hGETX: 16843 # GETX hits
   mGETS: 304852 # GETS misses
   mGETXIM: 23346 # GETX I->M misses
   mGETXSM: 0 # GETX S->M misses (upgrade misses)
   PUTS: 107296 # Clean evictions (from lower level)
   PUTX: 282753 # Dirty evictions (from lower level)
   INV: 0 # Invalidates (from upper level)
   INVX: 0 # Downgrades (from upper level)
   FWD: 0 # Forwards (from upper level)
   latGETnl: 29537820 # GET request latency on next level
   latGETnet: 0 # GET request latency on network to next level
 mem: # Memory controller stats
  mem-0: # Memory controller stats
   rd: 81684 # Read requests
   wr: 58351 # Write requests
   rdlat: 10938876 # Total latency experienced by read requests
   wrlat: 8239679 # Total latency experienced by write requests
   rdhits: 8 # Read row hits
   wrhits: 7 # Write row hits
   mlh: # latency histogram for memory requests
    0: 0
    1: 0
    2: 0
    3: 0
    4: 0
    5: 0
    6: 0
    7: 0
    8: 0
    9: 0
    10: 0
    11: 0
    12: 0
    13: 80243
    14: 116
    15: 109
    16: 63
    17: 39
    18: 43
    19: 29
    20: 40
    21: 43
    22: 40
    23: 54
    24: 82
    25: 30
    26: 35
    27: 39
    28: 29
    29: 34
    30: 49
    31: 66
    32: 53
    33: 47
    34: 30
    35: 38
    36: 48
    37: 35
    38: 34
    39: 42
    40: 49
    41: 55
    42: 51
    43: 9
    44: 0
    45: 4
    46: 5
    47: 1
    48: 0
    49: 0
    50: 0
    51: 0
    52: 0
    53: 0
    54: 0
    55: 0
    56: 0
    57: 0
    58: 0
    59: 0
    60: 0
    61: 0
    62: 0
    63: 0
    64: 0
    65: 0
    66: 0
    67: 0
    68: 0
    69: 0
    70: 0
    71: 0
    72: 0
    73: 0
    74: 0
    75: 0
    76: 0
    77: 0
    78: 0
    79: 0
    80: 0
    81: 0
    82: 0
    83: 0
    84: 0
    85: 0
    86: 0
    87: 0
    88: 0
    89: 0
    90: 0
    91: 0
    92: 0
    93: 0
    94: 0
    95: 0
    96: 0
    97: 0
    98: 0
    99: 0
  mem-1: # Memory controller stats
   rd: 81691 # Read requests
   wr: 58119 # Write requests
   rdlat: 10932240 # Total latency experienced by read requests
   wrlat: 8199575 # Total latency experienced by write requests
   rdhits: 7 # Read row hits
   wrhits: 11 # Write row hits
   mlh: # latency histogram for memory requests
    0: 0
    1: 0
    2: 0
    3: 0
    4: 0
    5: 0
    6: 0
    7: 0
    8: 0
    9: 0
    10: 0
    11: 0
    12: 0
    13: 80272
    14: 119
    15: 95
    16: 73
    17: 40
    18: 30
    19: 47
    20: 35
    21: 43
    22: 41
    23: 52
    24: 72
    25: 44
    26: 34
    27: 48
    28: 46
    29: 37
    30: 46
    31: 41
    32: 48
    33: 46
    34: 49
    35: 25
    36: 46
    37: 40
    38: 41
    39: 42
    40: 36
    41: 47
    42: 39
    43: 11
    44: 0
    45: 1
    46: 4
    47: 1
    48: 0
    49: 0
    50: 0
    51: 0
    52: 0
    53: 0
    54: 0
    55: 0
    56: 0
    57: 0
    58: 0
    59: 0
    60: 0
    61: 0
    62: 0
    63: 0
    64: 0
    65: 0
    66: 0
    67: 0
    68: 0
    69: 0
    70: 0
    71: 0
    72: 0
    73: 0
    74: 0
    75: 0
    76: 0
    77: 0
    78: 0
    79: 0
    80: 0
    81: 0
    82: 0
    83: 0
    84: 0
    85: 0
    86: 0
    87: 0
    88: 0
    89: 0
    90: 0
    91: 0
    92: 0
    93: 0
    94: 0
    95: 0
    96: 0
    97: 0
    98: 0
    99: 0
  mem-2: # Memory controller stats
   rd: 82431 # Read requests
   wr: 58756 # Write requests
   rdlat: 11030511 # Total latency experienced by read requests
   wrlat: 8301120 # Total latency experienced by write requests
   rdhits: 8 # Read row hits
   wrhits: 11 # Write row hits
   mlh: # latency histogram for memory requests
    0: 0
    1: 0
    2: 0
    3: 0
    4: 0
    5: 0
    6: 0
    7: 0
    8: 0
    9: 0
    10: 0
    11: 0
    12: 1
    13: 81017
    14: 102
    15: 120
    16: 67
    17: 31
    18: 37
    19: 37
    20: 35
    21: 38
    22: 36
    23: 57
    24: 63
    25: 54
    26: 42
    27: 34
    28: 54
    29: 44
    30: 47
    31: 47
    32: 37
    33: 46
    34: 37
    35: 35
    36: 37
    37: 44
    38: 34
    39: 48
    40: 45
    41: 47
    42: 34
    43: 19
    44: 1
    45: 1
    46: 2
    47: 1
    48: 0
    49: 0
    50: 0
    51: 0
    52: 0
    53: 0
    54: 0
    55: 0
    56: 0
    57: 0
    58: 0
    59: 0
    60: 0
    61: 0
    62: 0
    63: 0
    64: 0
    65: 0
    66: 0
    67: 0
    68: 0
    69: 0
    70: 0
    71: 0
    72: 0
    73: 0
    74: 0
    75: 0
    76: 0
    77: 0
    78: 0
    79: 0
    80: 0
    81: 0
    82: 0
    83: 0
    84: 0
    85: 0
    86: 0
    87: 0
    88: 0
    89: 0
    90: 0
    91: 0
    92: 0
    93: 0
    94: 0
    95: 0
    96: 0
    97: 0
    98: 0
    99: 0
  mem-3: # Memory controller stats
   rd: 82392 # Read requests
   wr: 58724 # Write requests
   rdlat: 11043469 # Total latency experienced by read requests
   wrlat: 8299952 # Total latency experienced by write requests
   rdhits: 13 # Read row hits
   wrhits: 11 # Write row hits
   mlh: # latency histogram for memory requests
    0: 0
    1: 0
    2: 0
    3: 0
    4: 0
    5: 0
    6: 0
    7: 0
    8: 0
    9: 0
    10: 0
    11: 2
    12: 0
    13: 80863
    14: 112
    15: 117
    16: 75
    17: 44
    18: 28
    19: 34
    20: 35
    21: 30
    22: 48
    23: 64
    24: 89
    25: 63
    26: 41
    27: 51
    28: 37
    29: 35
    30: 45
    31: 73
    32: 56
    33: 36
    34: 35
    35: 39
    36: 43
    37: 45
    38: 37
    39: 45
    40: 51
    41: 54
    42: 42
    43: 15
    44: 0
    45: 0
    46: 5
    47: 1
    48: 1
    49: 0
    50: 0
    51: 1
    52: 0
    53: 0
    54: 0
    55: 0
    56: 0
    57: 0
    58: 0
    59: 0
    60: 0
    61: 0
    62: 0
    63: 0
    64: 0
    65: 0
    66: 0
    67: 0
    68: 0
    69: 0
    70: 0
    71: 0
    72: 0
    73: 0
    74: 0
    75: 0
    76: 0
    77: 0
    78: 0
    79: 0
    80: 0
    81: 0
    82: 0
    83: 0
    84: 0
    85: 0
    86: 0
    87: 0
    88: 0
    89: 0
    90: 0
    91: 0
    92: 0
    93: 0
    94: 0
    95: 0
    96: 0
    97: 0
    98: 0
    99: 0
 sched: # Scheduler stats
  thCr: 1 # Threads created
  thFn: 1 # Threads finished
  schedEvs: 1 # Schedule events
  waitEvs: 0 # Wait events
  handoffEvs: 0 # Handoff events
  sleepEvs: 0 # Sleep events
  idlePhases: 0 # Phases with no thread active
  idlePeriods: 0 # Periods with no thread active
  occHist: # Occupancy histogram
   0: 0
   1: 80124
  rqSzHist: # Run queue size histogram
   0: 80124
   1: 0
   2: 0
   3: 0
   4: 0
   5: 0
   6: 0
   7: 0
   8: 0
   9: 0
   10: 0
   11: 0
   12: 0
   13: 0
   14: 0
   15: 0
   16: 0
 procCycles: # Per-process unhalted core cycles
  0: 801240042
  1: 0
  2: 0
  3: 0
  4: 0
  5: 0
  6: 0
  7: 0
  8: 0
  9: 0
  10: 0
  11: 0
  12: 0
  13: 0
  14: 0
  15: 0
  16: 0
  17: 0
  18: 0
  19: 0
  20: 0
  21: 0
  22: 0
  23: 0
  24: 0
  25: 0
  26: 0
  27: 0
  28: 0
  29: 0
  30: 0
  31: 0
  32: 0
  33: 0
  34: 0
  35: 0
  36: 0
  37: 0
  38: 0
  39: 0
  40: 0
  41: 0
  42: 0
  43: 0
  44: 0
  45: 0
  46: 0
  47: 0
  48: 0
  49: 0
  50: 0
  51: 0
  52: 0
  53: 0
  54: 0
  55: 0
  56: 0
  57: 0
  58: 0
  59: 0
  60: 0
  61: 0
  62: 0
  63: 0
 procInstrs: # Per-process instructions
  0: 1000001133
  1: 0
  2: 0
  3: 0
  4: 0
  5: 0
  6: 0
  7: 0
  8: 0
  9: 0
  10: 0
  11: 0
  12: 0
  13: 0
  14: 0
  15: 0
  16: 0
  17: 0
  18: 0
  19: 0
  20: 0
  21: 0
  22: 0
  23: 0
  24: 0
  25: 0
  26: 0
  27: 0
  28: 0
  29: 0
  30: 0
  31: 0
  32: 0
  33: 0
  34: 0
  35: 0
  36: 0
  37: 0
  38: 0
  39: 0
  40: 0
  41: 0
  42: 0
  43: 0
  44: 0
  45: 0
  46: 0
  47: 0
  48: 0
  49: 0
  50: 0
  51: 0
  52: 0
  53: 0
  54: 0
  55: 0
  56: 0
  57: 0
  58: 0
  59: 0
  60: 0
  61: 0
  62: 0
  63: 0
 heartbeats: # Per-process heartbeats
  0: 0
  1: 0
  2: 0
  3: 0
  4: 0
  5: 0
  6: 0
  7: 0
  8: 0
  9: 0
  10: 0
  11: 0
  12: 0
  13: 0
  14: 0
  15: 0
  16: 0
  17: 0
  18: 0
  19: 0
  20: 0
  21: 0
  22: 0
  23: 0
  24: 0
  25: 0
  26: 0
  27: 0
  28: 0
  29: 0
  30: 0
  31: 0
  32: 0
  33: 0
  34: 0
  35: 0
  36: 0
  37: 0
  38: 0
  39: 0
  40: 0
  41: 0
  42: 0
  43: 0
  44: 0
  45: 0
  46: 0
  47: 0
  48: 0
  49: 0
  50: 0
  51: 0
  52: 0
  53: 0
  54: 0
  55: 0
  56: 0
  57: 0
  58: 0
  59: 0
  60: 0
  61: 0
  62: 0
  63: 0
===
