# zsim stats
===
root: # Stats
 contention: # Contention simulation stats
  domain-0: # Domain stats
   time: 502891008 # Weave simulation time
 time: # Simulator time breakdown
  init: 2154172260
  bound: 52666203711
  weave: 1538549406
  ff: 0
 trigger: 20000 # Reason for this stats dump
 phase: 47549 # Simulated phases
 westmere: # Core stats
  westmere-0: # Core stats
   cycles: 475490055 # Simulated unhalted cycles
   cCycles: 4635384 # Cycles due to contention stalls
   instrs: 1000000806 # Simulated instructions
   uops: 1041239054 # Retired micro-ops
   bbls: 233098535 # Basic blocks
   approxInstrs: 1839062 # Instrs with approx uop decoding
   mispredBranches: 2962787 # Mispredicted branches
   condBranches: 213315616 # conditional branches
 l1i: # Cache stats
  l1i-0: # Filter cache stats
   fhGETS: 238851523 # Filtered GETS hits
   fhGETX: 0 # Filtered GETX hits
   hGETS: 12111713 # GETS hits
   hGETX: 0 # GETX hits
   mGETS: 477263 # GETS misses
   mGETXIM: 0 # GETX I->M misses
   mGETXSM: 0 # GETX S->M misses (upgrade misses)
   PUTS: 0 # Clean evictions (from lower level)
   PUTX: 0 # Dirty evictions (from lower level)
   INV: 1017 # Invalidates (from upper level)
   INVX: 0 # Downgrades (from upper level)
   FWD: 0 # Forwards (from upper level)
   latGETnl: 4160064 # GET request latency on next level
   latGETnet: 0 # GET request latency on network to next level
 l1d: # Cache stats
  l1d-0: # Filter cache stats
   fhGETS: 87775638 # Filtered GETS hits
   fhGETX: 46582252 # Filtered GETX hits
   hGETS: 142789402 # GETS hits
   hGETX: 6784016 # GETX hits
   mGETS: 2632294 # GETS misses
   mGETXIM: 188903 # GETX I->M misses
   mGETXSM: 0 # GETX S->M misses (upgrade misses)
   PUTS: 0 # Clean evictions (from lower level)
   PUTX: 0 # Dirty evictions (from lower level)
   INV: 235 # Invalidates (from upper level)
   INVX: 0 # Downgrades (from upper level)
   FWD: 0 # Forwards (from upper level)
   latGETnl: 49559216 # GET request latency on next level
   latGETnet: 0 # GET request latency on network to next level
 l2: # Cache stats
  l2-0: # Cache stats
   hGETS: 2776153 # GETS hits
   hGETX: 13850 # GETX hits
   mGETS: 333404 # GETS misses
   mGETXIM: 175053 # GETX I->M misses
   mGETXSM: 0 # GETX S->M misses (upgrade misses)
   PUTS: 3039913 # Clean evictions (from lower level)
   PUTX: 256738 # Dirty evictions (from lower level)
   INV: 1713 # Invalidates (from upper level)
   INVX: 0 # Downgrades (from upper level)
   FWD: 0 # Forwards (from upper level)
   latGETnl: 27331600 # GET request latency on next level
   latGETnet: 0 # GET request latency on network to next level
 l3: # Cache stats
  l3-0: # Cache stats
   hGETS: 300509 # GETS hits
   hGETX: 17254 # GETX hits
   mGETS: 32895 # GETS misses
   mGETXIM: 157799 # GETX I->M misses
   mGETXSM: 0 # GETX S->M misses (upgrade misses)
   PUTS: 291680 # Clean evictions (from lower level)
   PUTX: 210968 # Dirty evictions (from lower level)
   INV: 0 # Invalidates (from upper level)
   INVX: 0 # Downgrades (from upper level)
   FWD: 0 # Forwards (from upper level)
   latGETnl: 17162460 # GET request latency on next level
   latGETnet: 0 # GET request latency on network to next level
 mem: # Memory controller stats
  mem-0: # Memory controller stats
   rd: 47750 # Read requests
   wr: 34654 # Write requests
   rdlat: 6550009 # Total latency experienced by read requests
   wrlat: 5035362 # Total latency experienced by write requests
   rdhits: 35 # Read row hits
   wrhits: 187 # Write row hits
   mlh: # latency histogram for memory requests
    0: 0
    1: 0
    2: 0
    3: 0
    4: 0
    5: 0
    6: 0
    7: 0
    8: 0
    9: 0
    10: 0
    11: 4
    12: 9
    13: 37037
    14: 9481
    15: 287
    16: 167
    17: 72
    18: 29
    19: 29
    20: 29
    21: 32
    22: 25
    23: 36
    24: 23
    25: 19
    26: 15
    27: 17
    28: 25
    29: 23
    30: 18
    31: 24
    32: 28
    33: 38
    34: 30
    35: 44
    36: 20
    37: 46
    38: 24
    39: 22
    40: 23
    41: 18
    42: 24
    43: 19
    44: 4
    45: 2
    46: 2
    47: 2
    48: 3
    49: 0
    50: 0
    51: 0
    52: 0
    53: 0
    54: 0
    55: 0
    56: 0
    57: 0
    58: 0
    59: 0
    60: 0
    61: 0
    62: 0
    63: 0
    64: 0
    65: 0
    66: 0
    67: 0
    68: 0
    69: 0
    70: 0
    71: 0
    72: 0
    73: 0
    74: 0
    75: 0
    76: 0
    77: 0
    78: 0
    79: 0
    80: 0
    81: 0
    82: 0
    83: 0
    84: 0
    85: 0
    86: 0
    87: 0
    88: 0
    89: 0
    90: 0
    91: 0
    92: 0
    93: 0
    94: 0
    95: 0
    96: 0
    97: 0
    98: 0
    99: 0
  mem-1: # Memory controller stats
   rd: 47663 # Read requests
   wr: 34560 # Write requests
   rdlat: 6544045 # Total latency experienced by read requests
   wrlat: 5031020 # Total latency experienced by write requests
   rdhits: 36 # Read row hits
   wrhits: 170 # Write row hits
   mlh: # latency histogram for memory requests
    0: 0
    1: 0
    2: 0
    3: 0
    4: 0
    5: 0
    6: 0
    7: 0
    8: 0
    9: 0
    10: 0
    11: 3
    12: 5
    13: 36901
    14: 9492
    15: 307
    16: 174
    17: 87
    18: 33
    19: 32
    20: 29
    21: 31
    22: 31
    23: 24
    24: 24
    25: 16
    26: 16
    27: 14
    28: 14
    29: 19
    30: 27
    31: 16
    32: 23
    33: 32
    34: 32
    35: 48
    36: 27
    37: 36
    38: 28
    39: 31
    40: 15
    41: 23
    42: 36
    43: 20
    44: 6
    45: 1
    46: 0
    47: 4
    48: 5
    49: 1
    50: 0
    51: 0
    52: 0
    53: 0
    54: 0
    55: 0
    56: 0
    57: 0
    58: 0
    59: 0
    60: 0
    61: 0
    62: 0
    63: 0
    64: 0
    65: 0
    66: 0
    67: 0
    68: 0
    69: 0
    70: 0
    71: 0
    72: 0
    73: 0
    74: 0
    75: 0
    76: 0
    77: 0
    78: 0
    79: 0
    80: 0
    81: 0
    82: 0
    83: 0
    84: 0
    85: 0
    86: 0
    87: 0
    88: 0
    89: 0
    90: 0
    91: 0
    92: 0
    93: 0
    94: 0
    95: 0
    96: 0
    97: 0
    98: 0
    99: 0
  mem-2: # Memory controller stats
   rd: 47641 # Read requests
   wr: 34554 # Write requests
   rdlat: 6527476 # Total latency experienced by read requests
   wrlat: 5019538 # Total latency experienced by write requests
   rdhits: 15 # Read row hits
   wrhits: 154 # Write row hits
   mlh: # latency histogram for memory requests
    0: 0
    1: 0
    2: 0
    3: 0
    4: 0
    5: 0
    6: 0
    7: 0
    8: 0
    9: 0
    10: 0
    11: 1
    12: 5
    13: 37104
    14: 9383
    15: 298
    16: 150
    17: 55
    18: 29
    19: 24
    20: 35
    21: 34
    22: 24
    23: 22
    24: 21
    25: 22
    26: 19
    27: 17
    28: 18
    29: 23
    30: 20
    31: 20
    32: 23
    33: 27
    34: 21
    35: 36
    36: 19
    37: 36
    38: 18
    39: 29
    40: 18
    41: 21
    42: 31
    43: 16
    44: 1
    45: 2
    46: 3
    47: 13
    48: 3
    49: 0
    50: 0
    51: 0
    52: 0
    53: 0
    54: 0
    55: 0
    56: 0
    57: 0
    58: 0
    59: 0
    60: 0
    61: 0
    62: 0
    63: 0
    64: 0
    65: 0
    66: 0
    67: 0
    68: 0
    69: 0
    70: 0
    71: 0
    72: 0
    73: 0
    74: 0
    75: 0
    76: 0
    77: 0
    78: 0
    79: 0
    80: 0
    81: 0
    82: 0
    83: 0
    84: 0
    85: 0
    86: 0
    87: 0
    88: 0
    89: 0
    90: 0
    91: 0
    92: 0
    93: 0
    94: 0
    95: 0
    96: 0
    97: 0
    98: 0
    99: 0
  mem-3: # Memory controller stats
   rd: 47640 # Read requests
   wr: 34572 # Write requests
   rdlat: 6532090 # Total latency experienced by read requests
   wrlat: 5019015 # Total latency experienced by write requests
   rdhits: 14 # Read row hits
   wrhits: 193 # Write row hits
   mlh: # latency histogram for memory requests
    0: 0
    1: 0
    2: 0
    3: 0
    4: 0
    5: 0
    6: 0
    7: 0
    8: 0
    9: 0
    10: 0
    11: 3
    12: 3
    13: 36989
    14: 9428
    15: 312
    16: 166
    17: 82
    18: 23
    19: 25
    20: 33
    21: 30
    22: 23
    23: 24
    24: 23
    25: 29
    26: 23
    27: 16
    28: 18
    29: 18
    30: 19
    31: 27
    32: 21
    33: 25
    34: 34
    35: 32
    36: 34
    37: 37
    38: 22
    39: 23
    40: 22
    41: 18
    42: 28
    43: 16
    44: 1
    45: 0
    46: 1
    47: 12
    48: 0
    49: 0
    50: 0
    51: 0
    52: 0
    53: 0
    54: 0
    55: 0
    56: 0
    57: 0
    58: 0
    59: 0
    60: 0
    61: 0
    62: 0
    63: 0
    64: 0
    65: 0
    66: 0
    67: 0
    68: 0
    69: 0
    70: 0
    71: 0
    72: 0
    73: 0
    74: 0
    75: 0
    76: 0
    77: 0
    78: 0
    79: 0
    80: 0
    81: 0
    82: 0
    83: 0
    84: 0
    85: 0
    86: 0
    87: 0
    88: 0
    89: 0
    90: 0
    91: 0
    92: 0
    93: 0
    94: 0
    95: 0
    96: 0
    97: 0
    98: 0
    99: 0
 sched: # Scheduler stats
  thCr: 1 # Threads created
  thFn: 1 # Threads finished
  schedEvs: 1 # Schedule events
  waitEvs: 0 # Wait events
  handoffEvs: 0 # Handoff events
  sleepEvs: 0 # Sleep events
  idlePhases: 0 # Phases with no thread active
  idlePeriods: 0 # Periods with no thread active
  occHist: # Occupancy histogram
   0: 0
   1: 47549
  rqSzHist: # Run queue size histogram
   0: 47549
   1: 0
   2: 0
   3: 0
   4: 0
   5: 0
   6: 0
   7: 0
   8: 0
   9: 0
   10: 0
   11: 0
   12: 0
   13: 0
   14: 0
   15: 0
   16: 0
 procCycles: # Per-process unhalted core cycles
  0: 475490055
  1: 0
  2: 0
  3: 0
  4: 0
  5: 0
  6: 0
  7: 0
  8: 0
  9: 0
  10: 0
  11: 0
  12: 0
  13: 0
  14: 0
  15: 0
  16: 0
  17: 0
  18: 0
  19: 0
  20: 0
  21: 0
  22: 0
  23: 0
  24: 0
  25: 0
  26: 0
  27: 0
  28: 0
  29: 0
  30: 0
  31: 0
  32: 0
  33: 0
  34: 0
  35: 0
  36: 0
  37: 0
  38: 0
  39: 0
  40: 0
  41: 0
  42: 0
  43: 0
  44: 0
  45: 0
  46: 0
  47: 0
  48: 0
  49: 0
  50: 0
  51: 0
  52: 0
  53: 0
  54: 0
  55: 0
  56: 0
  57: 0
  58: 0
  59: 0
  60: 0
  61: 0
  62: 0
  63: 0
 procInstrs: # Per-process instructions
  0: 1000000806
  1: 0
  2: 0
  3: 0
  4: 0
  5: 0
  6: 0
  7: 0
  8: 0
  9: 0
  10: 0
  11: 0
  12: 0
  13: 0
  14: 0
  15: 0
  16: 0
  17: 0
  18: 0
  19: 0
  20: 0
  21: 0
  22: 0
  23: 0
  24: 0
  25: 0
  26: 0
  27: 0
  28: 0
  29: 0
  30: 0
  31: 0
  32: 0
  33: 0
  34: 0
  35: 0
  36: 0
  37: 0
  38: 0
  39: 0
  40: 0
  41: 0
  42: 0
  43: 0
  44: 0
  45: 0
  46: 0
  47: 0
  48: 0
  49: 0
  50: 0
  51: 0
  52: 0
  53: 0
  54: 0
  55: 0
  56: 0
  57: 0
  58: 0
  59: 0
  60: 0
  61: 0
  62: 0
  63: 0
 heartbeats: # Per-process heartbeats
  0: 0
  1: 0
  2: 0
  3: 0
  4: 0
  5: 0
  6: 0
  7: 0
  8: 0
  9: 0
  10: 0
  11: 0
  12: 0
  13: 0
  14: 0
  15: 0
  16: 0
  17: 0
  18: 0
  19: 0
  20: 0
  21: 0
  22: 0
  23: 0
  24: 0
  25: 0
  26: 0
  27: 0
  28: 0
  29: 0
  30: 0
  31: 0
  32: 0
  33: 0
  34: 0
  35: 0
  36: 0
  37: 0
  38: 0
  39: 0
  40: 0
  41: 0
  42: 0
  43: 0
  44: 0
  45: 0
  46: 0
  47: 0
  48: 0
  49: 0
  50: 0
  51: 0
  52: 0
  53: 0
  54: 0
  55: 0
  56: 0
  57: 0
  58: 0
  59: 0
  60: 0
  61: 0
  62: 0
  63: 0
===
