# zsim stats
===
root: # Stats
 contention: # Contention simulation stats
  domain-0: # Domain stats
   time: 1247154558 # Weave simulation time
 time: # Simulator time breakdown
  init: 1576099018
  bound: 78450825279
  weave: 2912669171
  ff: 0
 trigger: 20000 # Reason for this stats dump
 phase: 140131 # Simulated phases
 westmere: # Core stats
  westmere-0: # Core stats
   cycles: 1401310781 # Simulated unhalted cycles
   cCycles: 55273748 # Cycles due to contention stalls
   instrs: 1000001350 # Simulated instructions
   uops: 1176425233 # Retired micro-ops
   bbls: 211891545 # Basic blocks
   approxInstrs: 3506906 # Instrs with approx uop decoding
   mispredBranches: 5716604 # Mispredicted branches
   condBranches: 152492647 # conditional branches
 l1i: # Cache stats
  l1i-0: # Filter cache stats
   fhGETS: 207110487 # Filtered GETS hits
   fhGETX: 0 # Filtered GETX hits
   hGETS: 32612782 # GETS hits
   hGETX: 0 # GETX hits
   mGETS: 18948 # GETS misses
   mGETXIM: 0 # GETX I->M misses
   mGETXSM: 0 # GETX S->M misses (upgrade misses)
   PUTS: 0 # Clean evictions (from lower level)
   PUTX: 0 # Dirty evictions (from lower level)
   INV: 18759 # Invalidates (from upper level)
   INVX: 0 # Downgrades (from upper level)
   FWD: 0 # Forwards (from upper level)
   latGETnl: 2234964 # GET request latency on next level
   latGETnet: 0 # GET request latency on network to next level
 l1d: # Cache stats
  l1d-0: # Filter cache stats
   fhGETS: 180634168 # Filtered GETS hits
   fhGETX: 32489151 # Filtered GETX hits
   hGETS: 7575028 # GETS hits
   hGETX: 2123173 # GETX hits
   mGETS: 36940605 # GETS misses
   mGETXIM: 202803 # GETX I->M misses
   mGETXSM: 0 # GETX S->M misses (upgrade misses)
   PUTS: 0 # Clean evictions (from lower level)
   PUTX: 0 # Dirty evictions (from lower level)
   INV: 7742 # Invalidates (from upper level)
   INVX: 0 # Downgrades (from upper level)
   FWD: 0 # Forwards (from upper level)
   latGETnl: 970587734 # GET request latency on next level
   latGETnet: 0 # GET request latency on network to next level
 l2: # Cache stats
  l2-0: # Cache stats
   hGETS: 10252336 # GETS hits
   hGETX: 49297 # GETX hits
   mGETS: 26707217 # GETS misses
   mGETXIM: 153506 # GETX I->M misses
   mGETXSM: 0 # GETX S->M misses (upgrade misses)
   PUTS: 36162053 # Clean evictions (from lower level)
   PUTX: 973112 # Dirty evictions (from lower level)
   INV: 88631 # Invalidates (from upper level)
   INVX: 0 # Downgrades (from upper level)
   FWD: 0 # Forwards (from upper level)
   latGETnl: 675523850 # GET request latency on next level
   latGETnet: 0 # GET request latency on network to next level
 l3: # Cache stats
  l3-0: # Cache stats
   hGETS: 25281628 # GETS hits
   hGETX: 42324 # GETX hits
   mGETS: 1425589 # GETS misses
   mGETXIM: 111182 # GETX I->M misses
   mGETXSM: 0 # GETX S->M misses (upgrade misses)
   PUTS: 25938083 # Clean evictions (from lower level)
   PUTX: 829915 # Dirty evictions (from lower level)
   INV: 0 # Invalidates (from upper level)
   INVX: 0 # Downgrades (from upper level)
   FWD: 0 # Forwards (from upper level)
   latGETnl: 138309390 # GET request latency on next level
   latGETnet: 0 # GET request latency on network to next level
 mem: # Memory controller stats
  mem-0: # Memory controller stats
   rd: 384508 # Read requests
   wr: 123240 # Write requests
   rdlat: 51541934 # Total latency experienced by read requests
   wrlat: 17427257 # Total latency experienced by write requests
   rdhits: 158 # Read row hits
   wrhits: 283 # Write row hits
   mlh: # latency histogram for memory requests
    0: 0
    1: 0
    2: 0
    3: 0
    4: 0
    5: 0
    6: 0
    7: 0
    8: 0
    9: 0
    10: 0
    11: 63
    12: 21
    13: 374537
    14: 1415
    15: 1922
    16: 970
    17: 194
    18: 254
    19: 203
    20: 224
    21: 240
    22: 215
    23: 202
    24: 232
    25: 184
    26: 189
    27: 139
    28: 194
    29: 169
    30: 175
    31: 197
    32: 231
    33: 199
    34: 252
    35: 225
    36: 358
    37: 272
    38: 199
    39: 179
    40: 167
    41: 192
    42: 202
    43: 47
    44: 14
    45: 13
    46: 10
    47: 3
    48: 5
    49: 0
    50: 0
    51: 0
    52: 0
    53: 0
    54: 1
    55: 0
    56: 0
    57: 0
    58: 0
    59: 0
    60: 0
    61: 0
    62: 0
    63: 0
    64: 0
    65: 0
    66: 0
    67: 0
    68: 0
    69: 0
    70: 0
    71: 0
    72: 0
    73: 0
    74: 0
    75: 0
    76: 0
    77: 0
    78: 0
    79: 0
    80: 0
    81: 0
    82: 0
    83: 0
    84: 0
    85: 0
    86: 0
    87: 0
    88: 0
    89: 0
    90: 0
    91: 0
    92: 0
    93: 0
    94: 0
    95: 0
    96: 0
    97: 0
    98: 0
    99: 0
  mem-1: # Memory controller stats
   rd: 385667 # Read requests
   wr: 123219 # Write requests
   rdlat: 51708364 # Total latency experienced by read requests
   wrlat: 17416003 # Total latency experienced by write requests
   rdhits: 56 # Read row hits
   wrhits: 317 # Write row hits
   mlh: # latency histogram for memory requests
    0: 0
    1: 0
    2: 0
    3: 0
    4: 0
    5: 0
    6: 0
    7: 0
    8: 0
    9: 0
    10: 0
    11: 6
    12: 14
    13: 375727
    14: 1360
    15: 1904
    16: 1020
    17: 208
    18: 293
    19: 187
    20: 268
    21: 231
    22: 206
    23: 194
    24: 209
    25: 196
    26: 161
    27: 151
    28: 189
    29: 146
    30: 183
    31: 195
    32: 181
    33: 187
    34: 235
    35: 232
    36: 424
    37: 257
    38: 204
    39: 189
    40: 206
    41: 201
    42: 192
    43: 74
    44: 12
    45: 13
    46: 3
    47: 5
    48: 2
    49: 0
    50: 2
    51: 0
    52: 0
    53: 0
    54: 0
    55: 0
    56: 0
    57: 0
    58: 0
    59: 0
    60: 0
    61: 0
    62: 0
    63: 0
    64: 0
    65: 0
    66: 0
    67: 0
    68: 0
    69: 0
    70: 0
    71: 0
    72: 0
    73: 0
    74: 0
    75: 0
    76: 0
    77: 0
    78: 0
    79: 0
    80: 0
    81: 0
    82: 0
    83: 0
    84: 0
    85: 0
    86: 0
    87: 0
    88: 0
    89: 0
    90: 0
    91: 0
    92: 0
    93: 0
    94: 0
    95: 0
    96: 0
    97: 0
    98: 0
    99: 0
  mem-2: # Memory controller stats
   rd: 383013 # Read requests
   wr: 122988 # Write requests
   rdlat: 51328143 # Total latency experienced by read requests
   wrlat: 17431893 # Total latency experienced by write requests
   rdhits: 57 # Read row hits
   wrhits: 282 # Write row hits
   mlh: # latency histogram for memory requests
    0: 0
    1: 0
    2: 0
    3: 0
    4: 0
    5: 0
    6: 0
    7: 0
    8: 0
    9: 0
    10: 0
    11: 18
    12: 23
    13: 373341
    14: 1341
    15: 1964
    16: 933
    17: 165
    18: 259
    19: 166
    20: 195
    21: 233
    22: 170
    23: 187
    24: 215
    25: 207
    26: 189
    27: 174
    28: 182
    29: 172
    30: 176
    31: 185
    32: 198
    33: 181
    34: 235
    35: 212
    36: 382
    37: 271
    38: 195
    39: 169
    40: 182
    41: 196
    42: 193
    43: 79
    44: 6
    45: 5
    46: 4
    47: 6
    48: 2
    49: 0
    50: 0
    51: 0
    52: 0
    53: 1
    54: 0
    55: 0
    56: 1
    57: 0
    58: 0
    59: 0
    60: 0
    61: 0
    62: 0
    63: 0
    64: 0
    65: 0
    66: 0
    67: 0
    68: 0
    69: 0
    70: 0
    71: 0
    72: 0
    73: 0
    74: 0
    75: 0
    76: 0
    77: 0
    78: 0
    79: 0
    80: 0
    81: 0
    82: 0
    83: 0
    84: 0
    85: 0
    86: 0
    87: 0
    88: 0
    89: 0
    90: 0
    91: 0
    92: 0
    93: 0
    94: 0
    95: 0
    96: 0
    97: 0
    98: 0
    99: 0
  mem-3: # Memory controller stats
   rd: 383581 # Read requests
   wr: 123312 # Write requests
   rdlat: 51404765 # Total latency experienced by read requests
   wrlat: 17415594 # Total latency experienced by write requests
   rdhits: 66 # Read row hits
   wrhits: 298 # Write row hits
   mlh: # latency histogram for memory requests
    0: 0
    1: 0
    2: 0
    3: 0
    4: 0
    5: 0
    6: 0
    7: 0
    8: 0
    9: 0
    10: 0
    11: 9
    12: 18
    13: 373612
    14: 1569
    15: 1950
    16: 995
    17: 216
    18: 237
    19: 210
    20: 228
    21: 219
    22: 168
    23: 179
    24: 152
    25: 204
    26: 163
    27: 198
    28: 217
    29: 182
    30: 176
    31: 206
    32: 200
    33: 189
    34: 218
    35: 193
    36: 375
    37: 263
    38: 198
    39: 193
    40: 181
    41: 161
    42: 205
    43: 58
    44: 16
    45: 8
    46: 5
    47: 4
    48: 3
    49: 1
    50: 1
    51: 0
    52: 0
    53: 1
    54: 0
    55: 0
    56: 0
    57: 0
    58: 0
    59: 0
    60: 0
    61: 0
    62: 0
    63: 0
    64: 0
    65: 0
    66: 0
    67: 0
    68: 0
    69: 0
    70: 0
    71: 0
    72: 0
    73: 0
    74: 0
    75: 0
    76: 0
    77: 0
    78: 0
    79: 0
    80: 0
    81: 0
    82: 0
    83: 0
    84: 0
    85: 0
    86: 0
    87: 0
    88: 0
    89: 0
    90: 0
    91: 0
    92: 0
    93: 0
    94: 0
    95: 0
    96: 0
    97: 0
    98: 0
    99: 0
 sched: # Scheduler stats
  thCr: 1 # Threads created
  thFn: 1 # Threads finished
  schedEvs: 1 # Schedule events
  waitEvs: 0 # Wait events
  handoffEvs: 0 # Handoff events
  sleepEvs: 0 # Sleep events
  idlePhases: 0 # Phases with no thread active
  idlePeriods: 0 # Periods with no thread active
  occHist: # Occupancy histogram
   0: 0
   1: 140131
  rqSzHist: # Run queue size histogram
   0: 140131
   1: 0
   2: 0
   3: 0
   4: 0
   5: 0
   6: 0
   7: 0
   8: 0
   9: 0
   10: 0
   11: 0
   12: 0
   13: 0
   14: 0
   15: 0
   16: 0
 procCycles: # Per-process unhalted core cycles
  0: 1401310781
  1: 0
  2: 0
  3: 0
  4: 0
  5: 0
  6: 0
  7: 0
  8: 0
  9: 0
  10: 0
  11: 0
  12: 0
  13: 0
  14: 0
  15: 0
  16: 0
  17: 0
  18: 0
  19: 0
  20: 0
  21: 0
  22: 0
  23: 0
  24: 0
  25: 0
  26: 0
  27: 0
  28: 0
  29: 0
  30: 0
  31: 0
  32: 0
  33: 0
  34: 0
  35: 0
  36: 0
  37: 0
  38: 0
  39: 0
  40: 0
  41: 0
  42: 0
  43: 0
  44: 0
  45: 0
  46: 0
  47: 0
  48: 0
  49: 0
  50: 0
  51: 0
  52: 0
  53: 0
  54: 0
  55: 0
  56: 0
  57: 0
  58: 0
  59: 0
  60: 0
  61: 0
  62: 0
  63: 0
 procInstrs: # Per-process instructions
  0: 1000001350
  1: 0
  2: 0
  3: 0
  4: 0
  5: 0
  6: 0
  7: 0
  8: 0
  9: 0
  10: 0
  11: 0
  12: 0
  13: 0
  14: 0
  15: 0
  16: 0
  17: 0
  18: 0
  19: 0
  20: 0
  21: 0
  22: 0
  23: 0
  24: 0
  25: 0
  26: 0
  27: 0
  28: 0
  29: 0
  30: 0
  31: 0
  32: 0
  33: 0
  34: 0
  35: 0
  36: 0
  37: 0
  38: 0
  39: 0
  40: 0
  41: 0
  42: 0
  43: 0
  44: 0
  45: 0
  46: 0
  47: 0
  48: 0
  49: 0
  50: 0
  51: 0
  52: 0
  53: 0
  54: 0
  55: 0
  56: 0
  57: 0
  58: 0
  59: 0
  60: 0
  61: 0
  62: 0
  63: 0
 heartbeats: # Per-process heartbeats
  0: 0
  1: 0
  2: 0
  3: 0
  4: 0
  5: 0
  6: 0
  7: 0
  8: 0
  9: 0
  10: 0
  11: 0
  12: 0
  13: 0
  14: 0
  15: 0
  16: 0
  17: 0
  18: 0
  19: 0
  20: 0
  21: 0
  22: 0
  23: 0
  24: 0
  25: 0
  26: 0
  27: 0
  28: 0
  29: 0
  30: 0
  31: 0
  32: 0
  33: 0
  34: 0
  35: 0
  36: 0
  37: 0
  38: 0
  39: 0
  40: 0
  41: 0
  42: 0
  43: 0
  44: 0
  45: 0
  46: 0
  47: 0
  48: 0
  49: 0
  50: 0
  51: 0
  52: 0
  53: 0
  54: 0
  55: 0
  56: 0
  57: 0
  58: 0
  59: 0
  60: 0
  61: 0
  62: 0
  63: 0
===
