# zsim stats
===
root: # Stats
 contention: # Contention simulation stats
  domain-0: # Domain stats
   time: 121219287 # Weave simulation time
 time: # Simulator time breakdown
  init: 30232912555
  bound: 10867048760
  weave: 138540784
  ff: 0
 trigger: 20000 # Reason for this stats dump
 phase: 642 # Simulated phases
 westmere: # Core stats
  westmere-0: # Core stats
   cycles: 5194636 # Simulated unhalted cycles
   cCycles: 1004572 # Cycles due to contention stalls
   instrs: 1744827 # Simulated instructions
   uops: 2213529 # Retired micro-ops
   bbls: 159946 # Basic blocks
   approxInstrs: 124551 # Instrs with approx uop decoding
   mispredBranches: 7341 # Mispredicted branches
   condBranches: 101656 # conditional branches
  westmere-1: # Core stats
   cycles: 6403126 # Simulated unhalted cycles
   cCycles: 1214059 # Cycles due to contention stalls
   instrs: 2200764 # Simulated instructions
   uops: 2790540 # Retired micro-ops
   bbls: 200792 # Basic blocks
   approxInstrs: 156192 # Instrs with approx uop decoding
   mispredBranches: 9326 # Mispredicted branches
   condBranches: 127393 # conditional branches
  westmere-2: # Core stats
   cycles: 6420083 # Simulated unhalted cycles
   cCycles: 1217806 # Cycles due to contention stalls
   instrs: 2204638 # Simulated instructions
   uops: 2796057 # Retired micro-ops
   bbls: 201224 # Basic blocks
   approxInstrs: 156545 # Instrs with approx uop decoding
   mispredBranches: 9320 # Mispredicted branches
   condBranches: 127642 # conditional branches
  westmere-3: # Core stats
   cycles: 6391195 # Simulated unhalted cycles
   cCycles: 1071674 # Cycles due to contention stalls
   instrs: 4221007 # Simulated instructions
   uops: 4918301 # Retired micro-ops
   bbls: 741492 # Basic blocks
   approxInstrs: 123958 # Instrs with approx uop decoding
   mispredBranches: 8908 # Mispredicted branches
   condBranches: 485252 # conditional branches
 l1i: # Cache stats
  l1i-0: # Filter cache stats
   fhGETS: 241121 # Filtered GETS hits
   fhGETX: 0 # Filtered GETX hits
   hGETS: 1311 # GETS hits
   hGETX: 0 # GETX hits
   mGETS: 327 # GETS misses
   mGETXIM: 0 # GETX I->M misses
   mGETXSM: 0 # GETX S->M misses (upgrade misses)
   PUTS: 0 # Clean evictions (from lower level)
   PUTX: 0 # Dirty evictions (from lower level)
   INV: 0 # Invalidates (from upper level)
   INVX: 0 # Downgrades (from upper level)
   FWD: 0 # Forwards (from upper level)
   latGETnl: 21756 # GET request latency on next level
   latGETnet: 0 # GET request latency on network to next level
  l1i-1: # Filter cache stats
   fhGETS: 304243 # Filtered GETS hits
   fhGETX: 0 # Filtered GETX hits
   hGETS: 1502 # GETS hits
   hGETX: 0 # GETX hits
   mGETS: 256 # GETS misses
   mGETXIM: 0 # GETX I->M misses
   mGETXSM: 0 # GETX S->M misses (upgrade misses)
   PUTS: 0 # Clean evictions (from lower level)
   PUTX: 0 # Dirty evictions (from lower level)
   INV: 1 # Invalidates (from upper level)
   INVX: 0 # Downgrades (from upper level)
   FWD: 0 # Forwards (from upper level)
   latGETnl: 11848 # GET request latency on next level
   latGETnet: 0 # GET request latency on network to next level
  l1i-2: # Filter cache stats
   fhGETS: 304866 # Filtered GETS hits
   fhGETX: 0 # Filtered GETX hits
   hGETS: 1385 # GETS hits
   hGETX: 0 # GETX hits
   mGETS: 245 # GETS misses
   mGETXIM: 0 # GETX I->M misses
   mGETXSM: 0 # GETX S->M misses (upgrade misses)
   PUTS: 0 # Clean evictions (from lower level)
   PUTX: 0 # Dirty evictions (from lower level)
   INV: 0 # Invalidates (from upper level)
   INVX: 0 # Downgrades (from upper level)
   FWD: 0 # Forwards (from upper level)
   latGETnl: 21710 # GET request latency on next level
   latGETnet: 0 # GET request latency on network to next level
  l1i-3: # Filter cache stats
   fhGETS: 826977 # Filtered GETS hits
   fhGETX: 0 # Filtered GETX hits
   hGETS: 3535 # GETS hits
   hGETX: 0 # GETX hits
   mGETS: 716 # GETS misses
   mGETXIM: 0 # GETX I->M misses
   mGETXSM: 0 # GETX S->M misses (upgrade misses)
   PUTS: 0 # Clean evictions (from lower level)
   PUTX: 0 # Dirty evictions (from lower level)
   INV: 0 # Invalidates (from upper level)
   INVX: 0 # Downgrades (from upper level)
   FWD: 0 # Forwards (from upper level)
   latGETnl: 58758 # GET request latency on next level
   latGETnet: 0 # GET request latency on network to next level
 l1d: # Cache stats
  l1d-0: # Filter cache stats
   fhGETS: 371026 # Filtered GETS hits
   fhGETX: 80974 # Filtered GETX hits
   hGETS: 53476 # GETS hits
   hGETX: 33208 # GETX hits
   mGETS: 38913 # GETS misses
   mGETXIM: 171 # GETX I->M misses
   mGETXSM: 179 # GETX S->M misses (upgrade misses)
   PUTS: 0 # Clean evictions (from lower level)
   PUTX: 0 # Dirty evictions (from lower level)
   INV: 80 # Invalidates (from upper level)
   INVX: 248 # Downgrades (from upper level)
   FWD: 0 # Forwards (from upper level)
   latGETnl: 3660906 # GET request latency on next level
   latGETnet: 0 # GET request latency on network to next level
  l1d-1: # Filter cache stats
   fhGETS: 466344 # Filtered GETS hits
   fhGETX: 102637 # Filtered GETX hits
   hGETS: 68099 # GETS hits
   hGETX: 41513 # GETX hits
   mGETS: 48834 # GETS misses
   mGETXIM: 117 # GETX I->M misses
   mGETXSM: 257 # GETX S->M misses (upgrade misses)
   PUTS: 0 # Clean evictions (from lower level)
   PUTX: 0 # Dirty evictions (from lower level)
   INV: 57 # Invalidates (from upper level)
   INVX: 240 # Downgrades (from upper level)
   FWD: 0 # Forwards (from upper level)
   latGETnl: 4452210 # GET request latency on next level
   latGETnet: 0 # GET request latency on network to next level
  l1d-2: # Filter cache stats
   fhGETS: 467492 # Filtered GETS hits
   fhGETX: 102626 # Filtered GETX hits
   hGETS: 68009 # GETS hits
   hGETX: 41789 # GETX hits
   mGETS: 48887 # GETS misses
   mGETXIM: 95 # GETX I->M misses
   mGETXSM: 249 # GETX S->M misses (upgrade misses)
   PUTS: 0 # Clean evictions (from lower level)
   PUTX: 0 # Dirty evictions (from lower level)
   INV: 31 # Invalidates (from upper level)
   INVX: 228 # Downgrades (from upper level)
   FWD: 0 # Forwards (from upper level)
   latGETnl: 4468434 # GET request latency on next level
   latGETnet: 0 # GET request latency on network to next level
  l1d-3: # Filter cache stats
   fhGETS: 786163 # Filtered GETS hits
   fhGETX: 295600 # Filtered GETX hits
   hGETS: 59429 # GETS hits
   hGETX: 35615 # GETX hits
   mGETS: 51129 # GETS misses
   mGETXIM: 228 # GETX I->M misses
   mGETXSM: 177 # GETX S->M misses (upgrade misses)
   PUTS: 0 # Clean evictions (from lower level)
   PUTX: 0 # Dirty evictions (from lower level)
   INV: 42 # Invalidates (from upper level)
   INVX: 191 # Downgrades (from upper level)
   FWD: 0 # Forwards (from upper level)
   latGETnl: 3974782 # GET request latency on next level
   latGETnet: 0 # GET request latency on network to next level
 l2: # Cache stats
  l2-0: # Cache stats
   hGETS: 2647 # GETS hits
   hGETX: 0 # GETX hits
   mGETS: 36593 # GETS misses
   mGETXIM: 171 # GETX I->M misses
   mGETXSM: 179 # GETX S->M misses (upgrade misses)
   PUTS: 22534 # Clean evictions (from lower level)
   PUTX: 15967 # Dirty evictions (from lower level)
   INV: 262 # Invalidates (from upper level)
   INVX: 1432 # Downgrades (from upper level)
   FWD: 0 # Forwards (from upper level)
   latGETnl: 3365942 # GET request latency on next level
   latGETnet: 0 # GET request latency on network to next level
  l2-1: # Cache stats
   hGETS: 3468 # GETS hits
   hGETX: 0 # GETX hits
   mGETS: 45622 # GETS misses
   mGETXIM: 117 # GETX I->M misses
   mGETXSM: 257 # GETX S->M misses (upgrade misses)
   PUTS: 28237 # Clean evictions (from lower level)
   PUTX: 20145 # Dirty evictions (from lower level)
   INV: 222 # Invalidates (from upper level)
   INVX: 1422 # Downgrades (from upper level)
   FWD: 0 # Forwards (from upper level)
   latGETnl: 4068346 # GET request latency on next level
   latGETnet: 0 # GET request latency on network to next level
  l2-2: # Cache stats
   hGETS: 3405 # GETS hits
   hGETX: 0 # GETX hits
   mGETS: 45727 # GETS misses
   mGETXIM: 95 # GETX I->M misses
   mGETXSM: 249 # GETX S->M misses (upgrade misses)
   PUTS: 28265 # Clean evictions (from lower level)
   PUTX: 20174 # Dirty evictions (from lower level)
   INV: 196 # Invalidates (from upper level)
   INVX: 1369 # Downgrades (from upper level)
   FWD: 0 # Forwards (from upper level)
   latGETnl: 4094336 # GET request latency on next level
   latGETnet: 0 # GET request latency on network to next level
  l2-3: # Cache stats
   hGETS: 13032 # GETS hits
   hGETX: 98 # GETX hits
   mGETS: 38813 # GETS misses
   mGETXIM: 129 # GETX I->M misses
   mGETXSM: 178 # GETX S->M misses (upgrade misses)
   PUTS: 34708 # Clean evictions (from lower level)
   PUTX: 16312 # Dirty evictions (from lower level)
   INV: 233 # Invalidates (from upper level)
   INVX: 1345 # Downgrades (from upper level)
   FWD: 0 # Forwards (from upper level)
   latGETnl: 3615540 # GET request latency on next level
   latGETnet: 0 # GET request latency on network to next level
 l3: # Cache stats
  l3-0b0: # Cache stats
   hGETS: 9167 # GETS hits
   hGETX: 231 # GETX hits
   mGETS: 32448 # GETS misses
   mGETXIM: 116 # GETX I->M misses
   mGETXSM: 0 # GETX S->M misses (upgrade misses)
   PUTS: 21165 # Clean evictions (from lower level)
   PUTX: 16292 # Dirty evictions (from lower level)
   INV: 0 # Invalidates (from upper level)
   INVX: 0 # Downgrades (from upper level)
   FWD: 0 # Forwards (from upper level)
   latGETnl: 2930760 # GET request latency on next level
   latGETnet: 0 # GET request latency on network to next level
  l3-0b1: # Cache stats
   hGETS: 9383 # GETS hits
   hGETX: 244 # GETX hits
   mGETS: 32703 # GETS misses
   mGETXIM: 109 # GETX I->M misses
   mGETXSM: 0 # GETX S->M misses (upgrade misses)
   PUTS: 21424 # Clean evictions (from lower level)
   PUTX: 16499 # Dirty evictions (from lower level)
   INV: 0 # Invalidates (from upper level)
   INVX: 0 # Downgrades (from upper level)
   FWD: 0 # Forwards (from upper level)
   latGETnl: 2953080 # GET request latency on next level
   latGETnet: 0 # GET request latency on network to next level
  l3-0b2: # Cache stats
   hGETS: 9130 # GETS hits
   hGETX: 209 # GETX hits
   mGETS: 32520 # GETS misses
   mGETXIM: 120 # GETX I->M misses
   mGETXSM: 0 # GETX S->M misses (upgrade misses)
   PUTS: 21087 # Clean evictions (from lower level)
   PUTX: 16353 # Dirty evictions (from lower level)
   INV: 0 # Invalidates (from upper level)
   INVX: 0 # Downgrades (from upper level)
   FWD: 0 # Forwards (from upper level)
   latGETnl: 2937600 # GET request latency on next level
   latGETnet: 0 # GET request latency on network to next level
  l3-0b3: # Cache stats
   hGETS: 9260 # GETS hits
   hGETX: 224 # GETX hits
   mGETS: 32144 # GETS misses
   mGETXIM: 122 # GETX I->M misses
   mGETXSM: 0 # GETX S->M misses (upgrade misses)
   PUTS: 21183 # Clean evictions (from lower level)
   PUTX: 16025 # Dirty evictions (from lower level)
   INV: 0 # Invalidates (from upper level)
   INVX: 0 # Downgrades (from upper level)
   FWD: 0 # Forwards (from upper level)
   latGETnl: 2903940 # GET request latency on next level
   latGETnet: 0 # GET request latency on network to next level
 mem: # Memory controller stats
  mem-0: # Memory controller stats
   rd: 32432 # Read requests
   wr: 1558 # Write requests
   rdlat: 4388638 # Total latency experienced by read requests
   wrlat: 226459 # Total latency experienced by write requests
   rdhits: 53 # Read row hits
   wrhits: 0 # Write row hits
   mlh: # latency histogram for memory requests
    0: 0
    1: 0
    2: 0
    3: 0
    4: 0
    5: 0
    6: 0
    7: 0
    8: 0
    9: 0
    10: 0
    11: 14
    12: 12
    13: 30316
    14: 1120
    15: 172
    16: 65
    17: 52
    18: 42
    19: 56
    20: 32
    21: 39
    22: 42
    23: 41
    24: 88
    25: 24
    26: 6
    27: 18
    28: 11
    29: 18
    30: 24
    31: 19
    32: 18
    33: 21
    34: 29
    35: 17
    36: 14
    37: 8
    38: 22
    39: 17
    40: 29
    41: 11
    42: 18
    43: 6
    44: 4
    45: 3
    46: 1
    47: 2
    48: 0
    49: 0
    50: 0
    51: 1
    52: 0
    53: 0
    54: 0
    55: 0
    56: 0
    57: 0
    58: 0
    59: 0
    60: 0
    61: 0
    62: 0
    63: 0
    64: 0
    65: 0
    66: 0
    67: 0
    68: 0
    69: 0
    70: 0
    71: 0
    72: 0
    73: 0
    74: 0
    75: 0
    76: 0
    77: 0
    78: 0
    79: 0
    80: 0
    81: 0
    82: 0
    83: 0
    84: 0
    85: 0
    86: 0
    87: 0
    88: 0
    89: 0
    90: 0
    91: 0
    92: 0
    93: 0
    94: 0
    95: 0
    96: 0
    97: 0
    98: 0
    99: 0
  mem-1: # Memory controller stats
   rd: 32469 # Read requests
   wr: 1507 # Write requests
   rdlat: 4397014 # Total latency experienced by read requests
   wrlat: 219374 # Total latency experienced by write requests
   rdhits: 42 # Read row hits
   wrhits: 0 # Write row hits
   mlh: # latency histogram for memory requests
    0: 0
    1: 0
    2: 0
    3: 0
    4: 0
    5: 0
    6: 0
    7: 0
    8: 0
    9: 0
    10: 0
    11: 10
    12: 7
    13: 30312
    14: 1151
    15: 188
    16: 63
    17: 41
    18: 47
    19: 47
    20: 38
    21: 35
    22: 52
    23: 45
    24: 74
    25: 23
    26: 8
    27: 14
    28: 16
    29: 20
    30: 24
    31: 17
    32: 23
    33: 21
    34: 22
    35: 20
    36: 16
    37: 21
    38: 17
    39: 16
    40: 18
    41: 17
    42: 26
    43: 13
    44: 2
    45: 2
    46: 2
    47: 1
    48: 0
    49: 0
    50: 0
    51: 0
    52: 0
    53: 0
    54: 0
    55: 0
    56: 0
    57: 0
    58: 0
    59: 0
    60: 0
    61: 0
    62: 0
    63: 0
    64: 0
    65: 0
    66: 0
    67: 0
    68: 0
    69: 0
    70: 0
    71: 0
    72: 0
    73: 0
    74: 0
    75: 0
    76: 0
    77: 0
    78: 0
    79: 0
    80: 0
    81: 0
    82: 0
    83: 0
    84: 0
    85: 0
    86: 0
    87: 0
    88: 0
    89: 0
    90: 0
    91: 0
    92: 0
    93: 0
    94: 0
    95: 0
    96: 0
    97: 0
    98: 0
    99: 0
  mem-2: # Memory controller stats
   rd: 32588 # Read requests
   wr: 1578 # Write requests
   rdlat: 4409011 # Total latency experienced by read requests
   wrlat: 231688 # Total latency experienced by write requests
   rdhits: 48 # Read row hits
   wrhits: 1 # Write row hits
   mlh: # latency histogram for memory requests
    0: 0
    1: 0
    2: 0
    3: 0
    4: 0
    5: 0
    6: 0
    7: 0
    8: 0
    9: 0
    10: 0
    11: 10
    12: 8
    13: 30444
    14: 1171
    15: 172
    16: 64
    17: 52
    18: 39
    19: 50
    20: 38
    21: 47
    22: 36
    23: 48
    24: 86
    25: 20
    26: 4
    27: 5
    28: 16
    29: 17
    30: 18
    31: 17
    32: 14
    33: 15
    34: 25
    35: 19
    36: 16
    37: 11
    38: 22
    39: 18
    40: 25
    41: 19
    42: 19
    43: 12
    44: 2
    45: 2
    46: 3
    47: 4
    48: 0
    49: 0
    50: 0
    51: 0
    52: 0
    53: 0
    54: 0
    55: 0
    56: 0
    57: 0
    58: 0
    59: 0
    60: 0
    61: 0
    62: 0
    63: 0
    64: 0
    65: 0
    66: 0
    67: 0
    68: 0
    69: 0
    70: 0
    71: 0
    72: 0
    73: 0
    74: 0
    75: 0
    76: 0
    77: 0
    78: 0
    79: 0
    80: 0
    81: 0
    82: 0
    83: 0
    84: 0
    85: 0
    86: 0
    87: 0
    88: 0
    89: 0
    90: 0
    91: 0
    92: 0
    93: 0
    94: 0
    95: 0
    96: 0
    97: 0
    98: 0
    99: 0
  mem-3: # Memory controller stats
   rd: 32599 # Read requests
   wr: 1548 # Write requests
   rdlat: 4411156 # Total latency experienced by read requests
   wrlat: 225661 # Total latency experienced by write requests
   rdhits: 44 # Read row hits
   wrhits: 0 # Write row hits
   mlh: # latency histogram for memory requests
    0: 0
    1: 0
    2: 0
    3: 0
    4: 0
    5: 0
    6: 0
    7: 0
    8: 0
    9: 0
    10: 0
    11: 7
    12: 13
    13: 30501
    14: 1119
    15: 164
    16: 69
    17: 44
    18: 59
    19: 42
    20: 45
    21: 45
    22: 36
    23: 34
    24: 80
    25: 26
    26: 7
    27: 10
    28: 14
    29: 15
    30: 22
    31: 21
    32: 15
    33: 16
    34: 14
    35: 18
    36: 23
    37: 21
    38: 8
    39: 12
    40: 29
    41: 24
    42: 23
    43: 7
    44: 3
    45: 4
    46: 1
    47: 3
    48: 0
    49: 1
    50: 1
    51: 1
    52: 1
    53: 0
    54: 0
    55: 1
    56: 0
    57: 0
    58: 0
    59: 0
    60: 0
    61: 0
    62: 0
    63: 0
    64: 0
    65: 0
    66: 0
    67: 0
    68: 0
    69: 0
    70: 0
    71: 0
    72: 0
    73: 0
    74: 0
    75: 0
    76: 0
    77: 0
    78: 0
    79: 0
    80: 0
    81: 0
    82: 0
    83: 0
    84: 0
    85: 0
    86: 0
    87: 0
    88: 0
    89: 0
    90: 0
    91: 0
    92: 0
    93: 0
    94: 0
    95: 0
    96: 0
    97: 0
    98: 0
    99: 0
 sched: # Scheduler stats
  thCr: 9 # Threads created
  thFn: 0 # Threads finished
  schedEvs: 15 # Schedule events
  waitEvs: 6 # Wait events
  handoffEvs: 0 # Handoff events
  sleepEvs: 0 # Sleep events
  idlePhases: 0 # Phases with no thread active
  idlePeriods: 0 # Periods with no thread active
  occHist: # Occupancy histogram
   0: 0
   1: 1
   2: 0
   3: 0
   4: 641
  rqSzHist: # Run queue size histogram
   0: 136
   1: 506
   2: 0
   3: 0
   4: 0
   5: 0
   6: 0
   7: 0
   8: 0
   9: 0
   10: 0
   11: 0
   12: 0
   13: 0
   14: 0
   15: 0
   16: 0
 procCycles: # Per-process unhalted core cycles
  0: 24409040
  1: 0
  2: 0
  3: 0
  4: 0
  5: 0
  6: 0
  7: 0
  8: 0
  9: 0
  10: 0
  11: 0
  12: 0
  13: 0
  14: 0
  15: 0
  16: 0
  17: 0
  18: 0
  19: 0
  20: 0
  21: 0
  22: 0
  23: 0
  24: 0
  25: 0
  26: 0
  27: 0
  28: 0
  29: 0
  30: 0
  31: 0
  32: 0
  33: 0
  34: 0
  35: 0
  36: 0
  37: 0
  38: 0
  39: 0
  40: 0
  41: 0
  42: 0
  43: 0
  44: 0
  45: 0
  46: 0
  47: 0
  48: 0
  49: 0
  50: 0
  51: 0
  52: 0
  53: 0
  54: 0
  55: 0
  56: 0
  57: 0
  58: 0
  59: 0
  60: 0
  61: 0
  62: 0
  63: 0
 procInstrs: # Per-process instructions
  0: 10371236
  1: 0
  2: 0
  3: 0
  4: 0
  5: 0
  6: 0
  7: 0
  8: 0
  9: 0
  10: 0
  11: 0
  12: 0
  13: 0
  14: 0
  15: 0
  16: 0
  17: 0
  18: 0
  19: 0
  20: 0
  21: 0
  22: 0
  23: 0
  24: 0
  25: 0
  26: 0
  27: 0
  28: 0
  29: 0
  30: 0
  31: 0
  32: 0
  33: 0
  34: 0
  35: 0
  36: 0
  37: 0
  38: 0
  39: 0
  40: 0
  41: 0
  42: 0
  43: 0
  44: 0
  45: 0
  46: 0
  47: 0
  48: 0
  49: 0
  50: 0
  51: 0
  52: 0
  53: 0
  54: 0
  55: 0
  56: 0
  57: 0
  58: 0
  59: 0
  60: 0
  61: 0
  62: 0
  63: 0
 heartbeats: # Per-process heartbeats
  0: 0
  1: 0
  2: 0
  3: 0
  4: 0
  5: 0
  6: 0
  7: 0
  8: 0
  9: 0
  10: 0
  11: 0
  12: 0
  13: 0
  14: 0
  15: 0
  16: 0
  17: 0
  18: 0
  19: 0
  20: 0
  21: 0
  22: 0
  23: 0
  24: 0
  25: 0
  26: 0
  27: 0
  28: 0
  29: 0
  30: 0
  31: 0
  32: 0
  33: 0
  34: 0
  35: 0
  36: 0
  37: 0
  38: 0
  39: 0
  40: 0
  41: 0
  42: 0
  43: 0
  44: 0
  45: 0
  46: 0
  47: 0
  48: 0
  49: 0
  50: 0
  51: 0
  52: 0
  53: 0
  54: 0
  55: 0
  56: 0
  57: 0
  58: 0
  59: 0
  60: 0
  61: 0
  62: 0
  63: 0
===
