# zsim stats
===
root: # Stats
 contention: # Contention simulation stats
  domain-0: # Domain stats
   time: 315954668 # Weave simulation time
 time: # Simulator time breakdown
  init: 627421170
  bound: 80977560657
  weave: 2076165863
  ff: 0
 trigger: 20000 # Reason for this stats dump
 phase: 78257 # Simulated phases
 westmere: # Core stats
  westmere-0: # Core stats
   cycles: 782570002 # Simulated unhalted cycles
   cCycles: 45128 # Cycles due to contention stalls
   instrs: 1250016872 # Simulated instructions
   uops: 1500845957 # Retired micro-ops
   bbls: 167641043 # Basic blocks
   approxInstrs: 13739828 # Instrs with approx uop decoding
   mispredBranches: 3600200 # Mispredicted branches
   condBranches: 129729400 # conditional branches
  westmere-1: # Core stats
   cycles: 782570024 # Simulated unhalted cycles
   cCycles: 47395 # Cycles due to contention stalls
   instrs: 1250007876 # Simulated instructions
   uops: 1500834823 # Retired micro-ops
   bbls: 167639045 # Basic blocks
   approxInstrs: 13739565 # Instrs with approx uop decoding
   mispredBranches: 3600007 # Mispredicted branches
   condBranches: 129727231 # conditional branches
  westmere-2: # Core stats
   cycles: 782570001 # Simulated unhalted cycles
   cCycles: 46978 # Cycles due to contention stalls
   instrs: 1250008420 # Simulated instructions
   uops: 1500832739 # Retired micro-ops
   bbls: 167639418 # Basic blocks
   approxInstrs: 13739386 # Instrs with approx uop decoding
   mispredBranches: 3600067 # Mispredicted branches
   condBranches: 129728722 # conditional branches
  westmere-3: # Core stats
   cycles: 782560001 # Simulated unhalted cycles
   cCycles: 45549 # Cycles due to contention stalls
   instrs: 1250005902 # Simulated instructions
   uops: 1500831800 # Retired micro-ops
   bbls: 167638944 # Basic blocks
   approxInstrs: 13739634 # Instrs with approx uop decoding
   mispredBranches: 3600046 # Mispredicted branches
   condBranches: 129727552 # conditional branches
 l1i: # Cache stats
  l1i-0: # Filter cache stats
   fhGETS: 223369136 # Filtered GETS hits
   fhGETX: 0 # Filtered GETX hits
   hGETS: 3215877 # GETS hits
   hGETX: 0 # GETX hits
   mGETS: 2825 # GETS misses
   mGETXIM: 0 # GETX I->M misses
   mGETXSM: 0 # GETX S->M misses (upgrade misses)
   PUTS: 0 # Clean evictions (from lower level)
   PUTX: 0 # Dirty evictions (from lower level)
   INV: 0 # Invalidates (from upper level)
   INVX: 0 # Downgrades (from upper level)
   FWD: 0 # Forwards (from upper level)
   latGETnl: 50860 # GET request latency on next level
   latGETnet: 0 # GET request latency on network to next level
  l1i-1: # Filter cache stats
   fhGETS: 223366472 # Filtered GETS hits
   fhGETX: 0 # Filtered GETX hits
   hGETS: 3215496 # GETS hits
   hGETX: 0 # GETX hits
   mGETS: 2785 # GETS misses
   mGETXIM: 0 # GETX I->M misses
   mGETXSM: 0 # GETX S->M misses (upgrade misses)
   PUTS: 0 # Clean evictions (from lower level)
   PUTX: 0 # Dirty evictions (from lower level)
   INV: 0 # Invalidates (from upper level)
   INVX: 0 # Downgrades (from upper level)
   FWD: 0 # Forwards (from upper level)
   latGETnl: 52140 # GET request latency on next level
   latGETnet: 0 # GET request latency on network to next level
  l1i-2: # Filter cache stats
   fhGETS: 223366599 # Filtered GETS hits
   fhGETX: 0 # Filtered GETX hits
   hGETS: 3215827 # GETS hits
   hGETX: 0 # GETX hits
   mGETS: 2770 # GETS misses
   mGETXIM: 0 # GETX I->M misses
   mGETXSM: 0 # GETX S->M misses (upgrade misses)
   PUTS: 0 # Clean evictions (from lower level)
   PUTX: 0 # Dirty evictions (from lower level)
   INV: 0 # Invalidates (from upper level)
   INVX: 0 # Downgrades (from upper level)
   FWD: 0 # Forwards (from upper level)
   latGETnl: 58980 # GET request latency on next level
   latGETnet: 0 # GET request latency on network to next level
  l1i-3: # Filter cache stats
   fhGETS: 223366415 # Filtered GETS hits
   fhGETX: 0 # Filtered GETX hits
   hGETS: 3215646 # GETS hits
   hGETX: 0 # GETX hits
   mGETS: 2760 # GETS misses
   mGETXIM: 0 # GETX I->M misses
   mGETXSM: 0 # GETX S->M misses (upgrade misses)
   PUTS: 0 # Clean evictions (from lower level)
   PUTX: 0 # Dirty evictions (from lower level)
   INV: 0 # Invalidates (from upper level)
   INVX: 0 # Downgrades (from upper level)
   FWD: 0 # Forwards (from upper level)
   latGETnl: 42410 # GET request latency on next level
   latGETnet: 0 # GET request latency on network to next level
 l1d: # Cache stats
  l1d-0: # Filter cache stats
   fhGETS: 320618437 # Filtered GETS hits
   fhGETX: 75957404 # Filtered GETX hits
   hGETS: 23526494 # GETS hits
   hGETX: 23431984 # GETX hits
   mGETS: 2675286 # GETS misses
   mGETXIM: 2219832 # GETX I->M misses
   mGETXSM: 521 # GETX S->M misses (upgrade misses)
   PUTS: 0 # Clean evictions (from lower level)
   PUTX: 0 # Dirty evictions (from lower level)
   INV: 25 # Invalidates (from upper level)
   INVX: 37 # Downgrades (from upper level)
   FWD: 0 # Forwards (from upper level)
   latGETnl: 39575140 # GET request latency on next level
   latGETnet: 0 # GET request latency on network to next level
  l1d-1: # Filter cache stats
   fhGETS: 317257406 # Filtered GETS hits
   fhGETX: 75740996 # Filtered GETX hits
   hGETS: 26881300 # GETS hits
   hGETX: 23658497 # GETX hits
   mGETS: 2678187 # GETS misses
   mGETXIM: 2208762 # GETX I->M misses
   mGETXSM: 507 # GETX S->M misses (upgrade misses)
   PUTS: 0 # Clean evictions (from lower level)
   PUTX: 0 # Dirty evictions (from lower level)
   INV: 14 # Invalidates (from upper level)
   INVX: 177 # Downgrades (from upper level)
   FWD: 0 # Forwards (from upper level)
   latGETnl: 39507218 # GET request latency on next level
   latGETnet: 0 # GET request latency on network to next level
  l1d-2: # Filter cache stats
   fhGETS: 319863269 # Filtered GETS hits
   fhGETX: 75919162 # Filtered GETX hits
   hGETS: 24274664 # GETS hits
   hGETX: 23476084 # GETX hits
   mGETS: 2678040 # GETS misses
   mGETXIM: 2213938 # GETX I->M misses
   mGETXSM: 527 # GETX S->M misses (upgrade misses)
   PUTS: 0 # Clean evictions (from lower level)
   PUTX: 0 # Dirty evictions (from lower level)
   INV: 21 # Invalidates (from upper level)
   INVX: 87 # Downgrades (from upper level)
   FWD: 0 # Forwards (from upper level)
   latGETnl: 39540134 # GET request latency on next level
   latGETnet: 0 # GET request latency on network to next level
  l1d-3: # Filter cache stats
   fhGETS: 318891577 # Filtered GETS hits
   fhGETX: 75867056 # Filtered GETX hits
   hGETS: 25248533 # GETS hits
   hGETX: 23543454 # GETX hits
   mGETS: 2675780 # GETS misses
   mGETXIM: 2198051 # GETX I->M misses
   mGETXSM: 502 # GETX S->M misses (upgrade misses)
   PUTS: 0 # Clean evictions (from lower level)
   PUTX: 0 # Dirty evictions (from lower level)
   INV: 14 # Invalidates (from upper level)
   INVX: 137 # Downgrades (from upper level)
   FWD: 0 # Forwards (from upper level)
   latGETnl: 39397140 # GET request latency on next level
   latGETnet: 0 # GET request latency on network to next level
 l2: # Cache stats
  l2-0: # Cache stats
   hGETS: 2675872 # GETS hits
   hGETX: 2214973 # GETX hits
   mGETS: 2239 # GETS misses
   mGETXIM: 4685 # GETX I->M misses
   mGETXSM: 695 # GETX S->M misses (upgrade misses)
   PUTS: 2296643 # Clean evictions (from lower level)
   PUTX: 2600255 # Dirty evictions (from lower level)
   INV: 3055 # Invalidates (from upper level)
   INVX: 789 # Downgrades (from upper level)
   FWD: 0 # Forwards (from upper level)
   latGETnl: 438288 # GET request latency on next level
   latGETnet: 0 # GET request latency on network to next level
  l2-1: # Cache stats
   hGETS: 2678834 # GETS hits
   hGETX: 2204015 # GETX hits
   mGETS: 2138 # GETS misses
   mGETXIM: 4592 # GETX I->M misses
   mGETXSM: 662 # GETX S->M misses (upgrade misses)
   PUTS: 2299025 # Clean evictions (from lower level)
   PUTX: 2589682 # Dirty evictions (from lower level)
   INV: 3027 # Invalidates (from upper level)
   INVX: 950 # Downgrades (from upper level)
   FWD: 0 # Forwards (from upper level)
   latGETnl: 437430 # GET request latency on next level
   latGETnet: 0 # GET request latency on network to next level
  l2-2: # Cache stats
   hGETS: 2678642 # GETS hits
   hGETX: 2209216 # GETX hits
   mGETS: 2168 # GETS misses
   mGETXIM: 4559 # GETX I->M misses
   mGETXSM: 690 # GETX S->M misses (upgrade misses)
   PUTS: 2298073 # Clean evictions (from lower level)
   PUTX: 2595641 # Dirty evictions (from lower level)
   INV: 3058 # Invalidates (from upper level)
   INVX: 830 # Downgrades (from upper level)
   FWD: 0 # Forwards (from upper level)
   latGETnl: 436914 # GET request latency on next level
   latGETnet: 0 # GET request latency on network to next level
  l2-3: # Cache stats
   hGETS: 2676410 # GETS hits
   hGETX: 2193304 # GETX hits
   mGETS: 2130 # GETS misses
   mGETXIM: 4589 # GETX I->M misses
   mGETXSM: 660 # GETX S->M misses (upgrade misses)
   PUTS: 2296158 # Clean evictions (from lower level)
   PUTX: 2579407 # Dirty evictions (from lower level)
   INV: 3041 # Invalidates (from upper level)
   INVX: 902 # Downgrades (from upper level)
   FWD: 0 # Forwards (from upper level)
   latGETnl: 422806 # GET request latency on next level
   latGETnet: 0 # GET request latency on network to next level
 l3: # Cache stats
  l3-0b0: # Cache stats
   hGETS: 1490 # GETS hits
   hGETX: 3051 # GETX hits
   mGETS: 584 # GETS misses
   mGETXIM: 2219 # GETX I->M misses
   mGETXSM: 0 # GETX S->M misses (upgrade misses)
   PUTS: 136 # Clean evictions (from lower level)
   PUTX: 248 # Dirty evictions (from lower level)
   INV: 0 # Invalidates (from upper level)
   INVX: 0 # Downgrades (from upper level)
   FWD: 0 # Forwards (from upper level)
   latGETnl: 252270 # GET request latency on next level
   latGETnet: 0 # GET request latency on network to next level
  l3-0b1: # Cache stats
   hGETS: 1686 # GETS hits
   hGETX: 3072 # GETX hits
   mGETS: 606 # GETS misses
   mGETXIM: 2198 # GETX I->M misses
   mGETXSM: 0 # GETX S->M misses (upgrade misses)
   PUTS: 185 # Clean evictions (from lower level)
   PUTX: 279 # Dirty evictions (from lower level)
   INV: 0 # Invalidates (from upper level)
   INVX: 0 # Downgrades (from upper level)
   FWD: 0 # Forwards (from upper level)
   latGETnl: 252360 # GET request latency on next level
   latGETnet: 0 # GET request latency on network to next level
  l3-0b2: # Cache stats
   hGETS: 1570 # GETS hits
   hGETX: 3091 # GETX hits
   mGETS: 586 # GETS misses
   mGETXIM: 2232 # GETX I->M misses
   mGETXSM: 0 # GETX S->M misses (upgrade misses)
   PUTS: 137 # Clean evictions (from lower level)
   PUTX: 283 # Dirty evictions (from lower level)
   INV: 0 # Invalidates (from upper level)
   INVX: 0 # Downgrades (from upper level)
   FWD: 0 # Forwards (from upper level)
   latGETnl: 253620 # GET request latency on next level
   latGETnet: 0 # GET request latency on network to next level
  l3-0b3: # Cache stats
   hGETS: 1548 # GETS hits
   hGETX: 3052 # GETX hits
   mGETS: 605 # GETS misses
   mGETXIM: 2217 # GETX I->M misses
   mGETXSM: 0 # GETX S->M misses (upgrade misses)
   PUTS: 121 # Clean evictions (from lower level)
   PUTX: 299 # Dirty evictions (from lower level)
   INV: 0 # Invalidates (from upper level)
   INVX: 0 # Downgrades (from upper level)
   FWD: 0 # Forwards (from upper level)
   latGETnl: 253980 # GET request latency on next level
   latGETnet: 0 # GET request latency on network to next level
 mem: # Memory controller stats
  mem-0: # Memory controller stats
   rd: 2846 # Read requests
   wr: 0 # Write requests
   rdlat: 498543 # Total latency experienced by read requests
   wrlat: 0 # Total latency experienced by write requests
   rdhits: 284 # Read row hits
   wrhits: 0 # Write row hits
   mlh: # latency histogram for memory requests
    0: 0
    1: 0
    2: 0
    3: 0
    4: 0
    5: 0
    6: 0
    7: 0
    8: 0
    9: 0
    10: 0
    11: 8
    12: 19
    13: 1857
    14: 243
    15: 124
    16: 94
    17: 49
    18: 37
    19: 39
    20: 29
    21: 19
    22: 19
    23: 15
    24: 14
    25: 16
    26: 12
    27: 11
    28: 10
    29: 3
    30: 6
    31: 5
    32: 4
    33: 2
    34: 2
    35: 1
    36: 2
    37: 4
    38: 5
    39: 2
    40: 3
    41: 4
    42: 6
    43: 12
    44: 4
    45: 1
    46: 5
    47: 6
    48: 7
    49: 7
    50: 7
    51: 2
    52: 7
    53: 11
    54: 3
    55: 6
    56: 11
    57: 8
    58: 7
    59: 10
    60: 5
    61: 6
    62: 5
    63: 4
    64: 7
    65: 7
    66: 5
    67: 3
    68: 4
    69: 3
    70: 1
    71: 2
    72: 3
    73: 0
    74: 1
    75: 3
    76: 2
    77: 1
    78: 0
    79: 0
    80: 0
    81: 0
    82: 1
    83: 0
    84: 0
    85: 0
    86: 0
    87: 0
    88: 0
    89: 0
    90: 0
    91: 1
    92: 1
    93: 0
    94: 0
    95: 1
    96: 0
    97: 1
    98: 0
    99: 1
  mem-1: # Memory controller stats
   rd: 2797 # Read requests
   wr: 0 # Write requests
   rdlat: 457359 # Total latency experienced by read requests
   wrlat: 0 # Total latency experienced by write requests
   rdhits: 270 # Read row hits
   wrhits: 0 # Write row hits
   mlh: # latency histogram for memory requests
    0: 0
    1: 0
    2: 0
    3: 0
    4: 0
    5: 0
    6: 0
    7: 0
    8: 0
    9: 0
    10: 0
    11: 11
    12: 44
    13: 1892
    14: 257
    15: 96
    16: 64
    17: 55
    18: 30
    19: 31
    20: 24
    21: 18
    22: 18
    23: 20
    24: 16
    25: 12
    26: 6
    27: 8
    28: 2
    29: 0
    30: 5
    31: 5
    32: 3
    33: 3
    34: 4
    35: 4
    36: 1
    37: 3
    38: 5
    39: 12
    40: 4
    41: 2
    42: 9
    43: 9
    44: 14
    45: 21
    46: 19
    47: 8
    48: 2
    49: 4
    50: 3
    51: 3
    52: 4
    53: 5
    54: 5
    55: 2
    56: 4
    57: 7
    58: 8
    59: 7
    60: 4
    61: 2
    62: 2
    63: 0
    64: 0
    65: 0
    66: 0
    67: 0
    68: 0
    69: 0
    70: 0
    71: 0
    72: 0
    73: 0
    74: 0
    75: 0
    76: 0
    77: 0
    78: 0
    79: 0
    80: 0
    81: 0
    82: 0
    83: 0
    84: 0
    85: 0
    86: 0
    87: 0
    88: 0
    89: 0
    90: 0
    91: 0
    92: 0
    93: 0
    94: 0
    95: 0
    96: 0
    97: 0
    98: 0
    99: 0
  mem-2: # Memory controller stats
   rd: 2802 # Read requests
   wr: 0 # Write requests
   rdlat: 477818 # Total latency experienced by read requests
   wrlat: 0 # Total latency experienced by write requests
   rdhits: 281 # Read row hits
   wrhits: 0 # Write row hits
   mlh: # latency histogram for memory requests
    0: 0
    1: 0
    2: 0
    3: 0
    4: 0
    5: 0
    6: 0
    7: 0
    8: 0
    9: 0
    10: 0
    11: 4
    12: 26
    13: 1850
    14: 212
    15: 125
    16: 104
    17: 47
    18: 39
    19: 31
    20: 31
    21: 25
    22: 19
    23: 11
    24: 28
    25: 13
    26: 5
    27: 8
    28: 5
    29: 5
    30: 7
    31: 6
    32: 4
    33: 8
    34: 5
    35: 4
    36: 2
    37: 3
    38: 7
    39: 6
    40: 8
    41: 8
    42: 5
    43: 3
    44: 7
    45: 4
    46: 3
    47: 7
    48: 8
    49: 10
    50: 8
    51: 3
    52: 8
    53: 1
    54: 6
    55: 4
    56: 5
    57: 2
    58: 5
    59: 4
    60: 3
    61: 8
    62: 7
    63: 2
    64: 5
    65: 4
    66: 3
    67: 2
    68: 2
    69: 3
    70: 4
    71: 4
    72: 2
    73: 0
    74: 0
    75: 1
    76: 0
    77: 0
    78: 2
    79: 0
    80: 0
    81: 0
    82: 0
    83: 0
    84: 0
    85: 0
    86: 0
    87: 0
    88: 0
    89: 0
    90: 0
    91: 0
    92: 0
    93: 0
    94: 0
    95: 0
    96: 0
    97: 0
    98: 0
    99: 1
  mem-3: # Memory controller stats
   rd: 2802 # Read requests
   wr: 0 # Write requests
   rdlat: 455233 # Total latency experienced by read requests
   wrlat: 0 # Total latency experienced by write requests
   rdhits: 270 # Read row hits
   wrhits: 0 # Write row hits
   mlh: # latency histogram for memory requests
    0: 0
    1: 0
    2: 0
    3: 0
    4: 0
    5: 0
    6: 0
    7: 0
    8: 0
    9: 0
    10: 0
    11: 15
    12: 42
    13: 1886
    14: 268
    15: 79
    16: 80
    17: 57
    18: 34
    19: 23
    20: 28
    21: 18
    22: 21
    23: 9
    24: 18
    25: 10
    26: 3
    27: 14
    28: 5
    29: 2
    30: 2
    31: 3
    32: 4
    33: 7
    34: 5
    35: 2
    36: 3
    37: 5
    38: 12
    39: 9
    40: 17
    41: 17
    42: 16
    43: 7
    44: 3
    45: 4
    46: 6
    47: 9
    48: 3
    49: 8
    50: 3
    51: 6
    52: 2
    53: 4
    54: 6
    55: 2
    56: 8
    57: 4
    58: 7
    59: 1
    60: 1
    61: 0
    62: 0
    63: 1
    64: 0
    65: 1
    66: 0
    67: 0
    68: 1
    69: 0
    70: 0
    71: 0
    72: 1
    73: 0
    74: 0
    75: 0
    76: 0
    77: 0
    78: 0
    79: 0
    80: 0
    81: 0
    82: 0
    83: 0
    84: 0
    85: 0
    86: 0
    87: 0
    88: 0
    89: 0
    90: 0
    91: 0
    92: 0
    93: 0
    94: 0
    95: 0
    96: 0
    97: 0
    98: 0
    99: 0
 sched: # Scheduler stats
  thCr: 9 # Threads created
  thFn: 0 # Threads finished
  schedEvs: 37 # Schedule events
  waitEvs: 33 # Wait events
  handoffEvs: 28 # Handoff events
  sleepEvs: 0 # Sleep events
  idlePhases: 0 # Phases with no thread active
  idlePeriods: 0 # Periods with no thread active
  occHist: # Occupancy histogram
   0: 0
   1: 0
   2: 0
   3: 1
   4: 78256
  rqSzHist: # Run queue size histogram
   0: 1
   1: 0
   2: 0
   3: 0
   4: 78256
   5: 0
   6: 0
   7: 0
   8: 0
   9: 0
   10: 0
   11: 0
   12: 0
   13: 0
   14: 0
   15: 0
   16: 0
 procCycles: # Per-process unhalted core cycles
  0: 3130270028
  1: 0
  2: 0
  3: 0
  4: 0
  5: 0
  6: 0
  7: 0
  8: 0
  9: 0
  10: 0
  11: 0
  12: 0
  13: 0
  14: 0
  15: 0
  16: 0
  17: 0
  18: 0
  19: 0
  20: 0
  21: 0
  22: 0
  23: 0
  24: 0
  25: 0
  26: 0
  27: 0
  28: 0
  29: 0
  30: 0
  31: 0
  32: 0
  33: 0
  34: 0
  35: 0
  36: 0
  37: 0
  38: 0
  39: 0
  40: 0
  41: 0
  42: 0
  43: 0
  44: 0
  45: 0
  46: 0
  47: 0
  48: 0
  49: 0
  50: 0
  51: 0
  52: 0
  53: 0
  54: 0
  55: 0
  56: 0
  57: 0
  58: 0
  59: 0
  60: 0
  61: 0
  62: 0
  63: 0
 procInstrs: # Per-process instructions
  0: 5000039070
  1: 0
  2: 0
  3: 0
  4: 0
  5: 0
  6: 0
  7: 0
  8: 0
  9: 0
  10: 0
  11: 0
  12: 0
  13: 0
  14: 0
  15: 0
  16: 0
  17: 0
  18: 0
  19: 0
  20: 0
  21: 0
  22: 0
  23: 0
  24: 0
  25: 0
  26: 0
  27: 0
  28: 0
  29: 0
  30: 0
  31: 0
  32: 0
  33: 0
  34: 0
  35: 0
  36: 0
  37: 0
  38: 0
  39: 0
  40: 0
  41: 0
  42: 0
  43: 0
  44: 0
  45: 0
  46: 0
  47: 0
  48: 0
  49: 0
  50: 0
  51: 0
  52: 0
  53: 0
  54: 0
  55: 0
  56: 0
  57: 0
  58: 0
  59: 0
  60: 0
  61: 0
  62: 0
  63: 0
 heartbeats: # Per-process heartbeats
  0: 0
  1: 0
  2: 0
  3: 0
  4: 0
  5: 0
  6: 0
  7: 0
  8: 0
  9: 0
  10: 0
  11: 0
  12: 0
  13: 0
  14: 0
  15: 0
  16: 0
  17: 0
  18: 0
  19: 0
  20: 0
  21: 0
  22: 0
  23: 0
  24: 0
  25: 0
  26: 0
  27: 0
  28: 0
  29: 0
  30: 0
  31: 0
  32: 0
  33: 0
  34: 0
  35: 0
  36: 0
  37: 0
  38: 0
  39: 0
  40: 0
  41: 0
  42: 0
  43: 0
  44: 0
  45: 0
  46: 0
  47: 0
  48: 0
  49: 0
  50: 0
  51: 0
  52: 0
  53: 0
  54: 0
  55: 0
  56: 0
  57: 0
  58: 0
  59: 0
  60: 0
  61: 0
  62: 0
  63: 0
===
