# zsim stats
===
root: # Stats
 contention: # Contention simulation stats
  domain-0: # Domain stats
   time: 991727823 # Weave simulation time
 time: # Simulator time breakdown
  init: 1169787086
  bound: 39415495721
  weave: 1832929373
  ff: 0
 trigger: 20000 # Reason for this stats dump
 phase: 54694 # Simulated phases
 westmere: # Core stats
  westmere-0: # Core stats
   cycles: 546940001 # Simulated unhalted cycles
   cCycles: 18014414 # Cycles due to contention stalls
   instrs: 1000005567 # Simulated instructions
   uops: 1083710786 # Retired micro-ops
   bbls: 152612268 # Basic blocks
   approxInstrs: 1188964 # Instrs with approx uop decoding
   mispredBranches: 2890592 # Mispredicted branches
   condBranches: 143864046 # conditional branches
 l1i: # Cache stats
  l1i-0: # Filter cache stats
   fhGETS: 173444205 # Filtered GETS hits
   fhGETX: 0 # Filtered GETX hits
   hGETS: 344285 # GETS hits
   hGETX: 0 # GETX hits
   mGETS: 1254 # GETS misses
   mGETXIM: 0 # GETX I->M misses
   mGETXSM: 0 # GETX S->M misses (upgrade misses)
   PUTS: 0 # Clean evictions (from lower level)
   PUTX: 0 # Dirty evictions (from lower level)
   INV: 1219 # Invalidates (from upper level)
   INVX: 0 # Downgrades (from upper level)
   FWD: 0 # Forwards (from upper level)
   latGETnl: 147972 # GET request latency on next level
   latGETnet: 0 # GET request latency on network to next level
 l1d: # Cache stats
  l1d-0: # Filter cache stats
   fhGETS: 218535539 # Filtered GETS hits
   fhGETX: 150730187 # Filtered GETX hits
   hGETS: 6430455 # GETS hits
   hGETX: 5654753 # GETX hits
   mGETS: 5016877 # GETS misses
   mGETXIM: 2264514 # GETX I->M misses
   mGETXSM: 0 # GETX S->M misses (upgrade misses)
   PUTS: 0 # Clean evictions (from lower level)
   PUTX: 0 # Dirty evictions (from lower level)
   INV: 50193 # Invalidates (from upper level)
   INVX: 0 # Downgrades (from upper level)
   FWD: 0 # Forwards (from upper level)
   latGETnl: 212149118 # GET request latency on next level
   latGETnet: 0 # GET request latency on network to next level
 l2: # Cache stats
  l2-0: # Cache stats
   hGETS: 2264540 # GETS hits
   hGETX: 240143 # GETX hits
   mGETS: 2753591 # GETS misses
   mGETXIM: 2024371 # GETX I->M misses
   mGETXSM: 0 # GETX S->M misses (upgrade misses)
   PUTS: 3008415 # Clean evictions (from lower level)
   PUTX: 4222271 # Dirty evictions (from lower level)
   INV: 104315 # Invalidates (from upper level)
   INVX: 0 # Downgrades (from upper level)
   FWD: 0 # Forwards (from upper level)
   latGETnl: 154035930 # GET request latency on next level
   latGETnet: 0 # GET request latency on network to next level
 l3: # Cache stats
  l3-0: # Cache stats
   hGETS: 2489312 # GETS hits
   hGETX: 1638909 # GETX hits
   mGETS: 264279 # GETS misses
   mGETXIM: 385462 # GETX I->M misses
   mGETXSM: 0 # GETX S->M misses (upgrade misses)
   PUTS: 1899043 # Clean evictions (from lower level)
   PUTX: 2770508 # Dirty evictions (from lower level)
   INV: 0 # Invalidates (from upper level)
   INVX: 0 # Downgrades (from upper level)
   FWD: 0 # Forwards (from upper level)
   latGETnl: 58476690 # GET request latency on next level
   latGETnet: 0 # GET request latency on network to next level
 mem: # Memory controller stats
  mem-0: # Memory controller stats
   rd: 162168 # Read requests
   wr: 116486 # Write requests
   rdlat: 22088777 # Total latency experienced by read requests
   wrlat: 17306589 # Total latency experienced by write requests
   rdhits: 3807 # Read row hits
   wrhits: 1518 # Write row hits
   mlh: # latency histogram for memory requests
    0: 0
    1: 0
    2: 0
    3: 0
    4: 0
    5: 0
    6: 0
    7: 0
    8: 0
    9: 0
    10: 0
    11: 469
    12: 544
    13: 146680
    14: 5102
    15: 2551
    16: 1641
    17: 604
    18: 629
    19: 666
    20: 754
    21: 463
    22: 147
    23: 113
    24: 137
    25: 120
    26: 70
    27: 67
    28: 79
    29: 69
    30: 85
    31: 78
    32: 91
    33: 89
    34: 101
    35: 86
    36: 85
    37: 117
    38: 92
    39: 94
    40: 95
    41: 76
    42: 73
    43: 37
    44: 18
    45: 17
    46: 8
    47: 8
    48: 6
    49: 2
    50: 1
    51: 2
    52: 2
    53: 0
    54: 0
    55: 0
    56: 0
    57: 0
    58: 0
    59: 0
    60: 0
    61: 0
    62: 0
    63: 0
    64: 0
    65: 0
    66: 0
    67: 0
    68: 0
    69: 0
    70: 0
    71: 0
    72: 0
    73: 0
    74: 0
    75: 0
    76: 0
    77: 0
    78: 0
    79: 0
    80: 0
    81: 0
    82: 0
    83: 0
    84: 0
    85: 0
    86: 0
    87: 0
    88: 0
    89: 0
    90: 0
    91: 0
    92: 0
    93: 0
    94: 0
    95: 0
    96: 0
    97: 0
    98: 0
    99: 0
  mem-1: # Memory controller stats
   rd: 162834 # Read requests
   wr: 117350 # Write requests
   rdlat: 22201340 # Total latency experienced by read requests
   wrlat: 17563018 # Total latency experienced by write requests
   rdhits: 4339 # Read row hits
   wrhits: 1597 # Write row hits
   mlh: # latency histogram for memory requests
    0: 0
    1: 0
    2: 0
    3: 0
    4: 0
    5: 0
    6: 0
    7: 0
    8: 0
    9: 0
    10: 1
    11: 514
    12: 643
    13: 146832
    14: 5106
    15: 2458
    16: 1701
    17: 673
    18: 721
    19: 710
    20: 795
    21: 560
    22: 155
    23: 130
    24: 147
    25: 107
    26: 57
    27: 66
    28: 77
    29: 73
    30: 93
    31: 80
    32: 81
    33: 87
    34: 121
    35: 82
    36: 97
    37: 84
    38: 93
    39: 118
    40: 78
    41: 85
    42: 84
    43: 50
    44: 10
    45: 12
    46: 19
    47: 9
    48: 6
    49: 6
    50: 2
    51: 2
    52: 5
    53: 1
    54: 2
    55: 0
    56: 0
    57: 0
    58: 0
    59: 0
    60: 0
    61: 0
    62: 0
    63: 1
    64: 0
    65: 0
    66: 0
    67: 0
    68: 0
    69: 0
    70: 0
    71: 0
    72: 0
    73: 0
    74: 0
    75: 0
    76: 0
    77: 0
    78: 0
    79: 0
    80: 0
    81: 0
    82: 0
    83: 0
    84: 0
    85: 0
    86: 0
    87: 0
    88: 0
    89: 0
    90: 0
    91: 0
    92: 0
    93: 0
    94: 0
    95: 0
    96: 0
    97: 0
    98: 0
    99: 0
  mem-2: # Memory controller stats
   rd: 163338 # Read requests
   wr: 117580 # Write requests
   rdlat: 22273408 # Total latency experienced by read requests
   wrlat: 17555730 # Total latency experienced by write requests
   rdhits: 4325 # Read row hits
   wrhits: 1643 # Write row hits
   mlh: # latency histogram for memory requests
    0: 0
    1: 0
    2: 0
    3: 0
    4: 0
    5: 0
    6: 0
    7: 0
    8: 0
    9: 0
    10: 0
    11: 501
    12: 634
    13: 147277
    14: 5175
    15: 2516
    16: 1701
    17: 726
    18: 681
    19: 702
    20: 791
    21: 476
    22: 177
    23: 127
    24: 151
    25: 134
    26: 69
    27: 66
    28: 72
    29: 61
    30: 76
    31: 74
    32: 83
    33: 106
    34: 82
    35: 121
    36: 93
    37: 90
    38: 111
    39: 78
    40: 95
    41: 95
    42: 84
    43: 41
    44: 19
    45: 17
    46: 16
    47: 11
    48: 5
    49: 4
    50: 0
    51: 0
    52: 0
    53: 0
    54: 0
    55: 0
    56: 0
    57: 0
    58: 0
    59: 0
    60: 0
    61: 0
    62: 0
    63: 0
    64: 0
    65: 0
    66: 0
    67: 0
    68: 0
    69: 0
    70: 0
    71: 0
    72: 0
    73: 0
    74: 0
    75: 0
    76: 0
    77: 0
    78: 0
    79: 0
    80: 0
    81: 0
    82: 0
    83: 0
    84: 0
    85: 0
    86: 0
    87: 0
    88: 0
    89: 0
    90: 0
    91: 0
    92: 0
    93: 0
    94: 0
    95: 0
    96: 0
    97: 0
    98: 0
    99: 0
  mem-3: # Memory controller stats
   rd: 161401 # Read requests
   wr: 115855 # Write requests
   rdlat: 21945566 # Total latency experienced by read requests
   wrlat: 17119468 # Total latency experienced by write requests
   rdhits: 3321 # Read row hits
   wrhits: 1414 # Write row hits
   mlh: # latency histogram for memory requests
    0: 0
    1: 0
    2: 0
    3: 0
    4: 0
    5: 0
    6: 0
    7: 0
    8: 0
    9: 0
    10: 0
    11: 378
    12: 506
    13: 146924
    14: 5012
    15: 2276
    16: 1532
    17: 548
    18: 521
    19: 526
    20: 659
    21: 430
    22: 157
    23: 117
    24: 140
    25: 129
    26: 58
    27: 82
    28: 76
    29: 70
    30: 87
    31: 76
    32: 96
    33: 89
    34: 95
    35: 98
    36: 94
    37: 88
    38: 91
    39: 84
    40: 89
    41: 82
    42: 80
    43: 43
    44: 14
    45: 20
    46: 5
    47: 12
    48: 11
    49: 3
    50: 0
    51: 1
    52: 0
    53: 0
    54: 0
    55: 2
    56: 0
    57: 0
    58: 0
    59: 0
    60: 0
    61: 0
    62: 0
    63: 0
    64: 0
    65: 0
    66: 0
    67: 0
    68: 0
    69: 0
    70: 0
    71: 0
    72: 0
    73: 0
    74: 0
    75: 0
    76: 0
    77: 0
    78: 0
    79: 0
    80: 0
    81: 0
    82: 0
    83: 0
    84: 0
    85: 0
    86: 0
    87: 0
    88: 0
    89: 0
    90: 0
    91: 0
    92: 0
    93: 0
    94: 0
    95: 0
    96: 0
    97: 0
    98: 0
    99: 0
 sched: # Scheduler stats
  thCr: 1 # Threads created
  thFn: 1 # Threads finished
  schedEvs: 1 # Schedule events
  waitEvs: 0 # Wait events
  handoffEvs: 0 # Handoff events
  sleepEvs: 0 # Sleep events
  idlePhases: 0 # Phases with no thread active
  idlePeriods: 0 # Periods with no thread active
  occHist: # Occupancy histogram
   0: 0
   1: 54694
  rqSzHist: # Run queue size histogram
   0: 54694
   1: 0
   2: 0
   3: 0
   4: 0
   5: 0
   6: 0
   7: 0
   8: 0
   9: 0
   10: 0
   11: 0
   12: 0
   13: 0
   14: 0
   15: 0
   16: 0
 procCycles: # Per-process unhalted core cycles
  0: 546940001
  1: 0
  2: 0
  3: 0
  4: 0
  5: 0
  6: 0
  7: 0
  8: 0
  9: 0
  10: 0
  11: 0
  12: 0
  13: 0
  14: 0
  15: 0
  16: 0
  17: 0
  18: 0
  19: 0
  20: 0
  21: 0
  22: 0
  23: 0
  24: 0
  25: 0
  26: 0
  27: 0
  28: 0
  29: 0
  30: 0
  31: 0
  32: 0
  33: 0
  34: 0
  35: 0
  36: 0
  37: 0
  38: 0
  39: 0
  40: 0
  41: 0
  42: 0
  43: 0
  44: 0
  45: 0
  46: 0
  47: 0
  48: 0
  49: 0
  50: 0
  51: 0
  52: 0
  53: 0
  54: 0
  55: 0
  56: 0
  57: 0
  58: 0
  59: 0
  60: 0
  61: 0
  62: 0
  63: 0
 procInstrs: # Per-process instructions
  0: 1000005567
  1: 0
  2: 0
  3: 0
  4: 0
  5: 0
  6: 0
  7: 0
  8: 0
  9: 0
  10: 0
  11: 0
  12: 0
  13: 0
  14: 0
  15: 0
  16: 0
  17: 0
  18: 0
  19: 0
  20: 0
  21: 0
  22: 0
  23: 0
  24: 0
  25: 0
  26: 0
  27: 0
  28: 0
  29: 0
  30: 0
  31: 0
  32: 0
  33: 0
  34: 0
  35: 0
  36: 0
  37: 0
  38: 0
  39: 0
  40: 0
  41: 0
  42: 0
  43: 0
  44: 0
  45: 0
  46: 0
  47: 0
  48: 0
  49: 0
  50: 0
  51: 0
  52: 0
  53: 0
  54: 0
  55: 0
  56: 0
  57: 0
  58: 0
  59: 0
  60: 0
  61: 0
  62: 0
  63: 0
 heartbeats: # Per-process heartbeats
  0: 0
  1: 0
  2: 0
  3: 0
  4: 0
  5: 0
  6: 0
  7: 0
  8: 0
  9: 0
  10: 0
  11: 0
  12: 0
  13: 0
  14: 0
  15: 0
  16: 0
  17: 0
  18: 0
  19: 0
  20: 0
  21: 0
  22: 0
  23: 0
  24: 0
  25: 0
  26: 0
  27: 0
  28: 0
  29: 0
  30: 0
  31: 0
  32: 0
  33: 0
  34: 0
  35: 0
  36: 0
  37: 0
  38: 0
  39: 0
  40: 0
  41: 0
  42: 0
  43: 0
  44: 0
  45: 0
  46: 0
  47: 0
  48: 0
  49: 0
  50: 0
  51: 0
  52: 0
  53: 0
  54: 0
  55: 0
  56: 0
  57: 0
  58: 0
  59: 0
  60: 0
  61: 0
  62: 0
  63: 0
===
