# zsim stats
===
root: # Stats
 contention: # Contention simulation stats
  domain-0: # Domain stats
   time: 14655605162 # Weave simulation time
 time: # Simulator time breakdown
  init: 2061971570
  bound: 92033453560
  weave: 16795465985
  ff: 0
 trigger: 20000 # Reason for this stats dump
 phase: 149709 # Simulated phases
 westmere: # Core stats
  westmere-0: # Core stats
   cycles: 1497092306 # Simulated unhalted cycles
   cCycles: 390006388 # Cycles due to contention stalls
   instrs: 1000004668 # Simulated instructions
   uops: 1166697980 # Retired micro-ops
   bbls: 78829066 # Basic blocks
   approxInstrs: 9960884 # Instrs with approx uop decoding
   mispredBranches: 614289 # Mispredicted branches
   condBranches: 76585821 # conditional branches
 l1i: # Cache stats
  l1i-0: # Filter cache stats
   fhGETS: 111842416 # Filtered GETS hits
   fhGETX: 0 # Filtered GETX hits
   hGETS: 35718 # GETS hits
   hGETX: 0 # GETX hits
   mGETS: 29309 # GETS misses
   mGETXIM: 0 # GETX I->M misses
   mGETXSM: 0 # GETX S->M misses (upgrade misses)
   PUTS: 0 # Clean evictions (from lower level)
   PUTX: 0 # Dirty evictions (from lower level)
   INV: 29205 # Invalidates (from upper level)
   INVX: 0 # Downgrades (from upper level)
   FWD: 0 # Forwards (from upper level)
   latGETnl: 3458242 # GET request latency on next level
   latGETnet: 0 # GET request latency on network to next level
 l1d: # Cache stats
  l1d-0: # Filter cache stats
   fhGETS: 191678941 # Filtered GETS hits
   fhGETX: 64519780 # Filtered GETX hits
   hGETS: 119145244 # GETS hits
   hGETX: 28579314 # GETX hits
   mGETS: 24589368 # GETS misses
   mGETXIM: 8049662 # GETX I->M misses
   mGETXSM: 0 # GETX S->M misses (upgrade misses)
   PUTS: 0 # Clean evictions (from lower level)
   PUTX: 0 # Dirty evictions (from lower level)
   INV: 27675 # Invalidates (from upper level)
   INVX: 0 # Downgrades (from upper level)
   FWD: 0 # Forwards (from upper level)
   latGETnl: 2560972480 # GET request latency on next level
   latGETnet: 0 # GET request latency on network to next level
 l2: # Cache stats
  l2-0: # Cache stats
   hGETS: 6417391 # GETS hits
   hGETX: 2638092 # GETX hits
   mGETS: 18201286 # GETS misses
   mGETXIM: 5411570 # GETX I->M misses
   mGETXSM: 0 # GETX S->M misses (upgrade misses)
   PUTS: 22054622 # Clean evictions (from lower level)
   PUTX: 10556316 # Dirty evictions (from lower level)
   INV: 95575 # Invalidates (from upper level)
   INVX: 0 # Downgrades (from upper level)
   FWD: 0 # Forwards (from upper level)
   latGETnl: 2303084010 # GET request latency on next level
   latGETnet: 0 # GET request latency on network to next level
 l3: # Cache stats
  l3-0: # Cache stats
   hGETS: 2584071 # GETS hits
   hGETX: 686264 # GETX hits
   mGETS: 15617215 # GETS misses
   mGETXIM: 4725306 # GETX I->M misses
   mGETXSM: 0 # GETX S->M misses (upgrade misses)
   PUTS: 16640880 # Clean evictions (from lower level)
   PUTX: 6872305 # Dirty evictions (from lower level)
   INV: 0 # Invalidates (from upper level)
   INVX: 0 # Downgrades (from upper level)
   FWD: 0 # Forwards (from upper level)
   latGETnl: 1830826890 # GET request latency on next level
   latGETnet: 0 # GET request latency on network to next level
 mem: # Memory controller stats
  mem-0: # Memory controller stats
   rd: 5085216 # Read requests
   wr: 1534973 # Write requests
   rdlat: 740724881 # Total latency experienced by read requests
   wrlat: 236984773 # Total latency experienced by write requests
   rdhits: 15340 # Read row hits
   wrhits: 8345 # Write row hits
   mlh: # latency histogram for memory requests
    0: 0
    1: 0
    2: 0
    3: 0
    4: 0
    5: 0
    6: 0
    7: 0
    8: 0
    9: 0
    10: 0
    11: 181
    12: 2566
    13: 3280017
    14: 835385
    15: 355553
    16: 69175
    17: 141708
    18: 61213
    19: 63358
    20: 7171
    21: 3700
    22: 3403
    23: 23773
    24: 109968
    25: 45699
    26: 24141
    27: 4176
    28: 2305
    29: 2635
    30: 2790
    31: 2901
    32: 2579
    33: 2737
    34: 2931
    35: 5238
    36: 3259
    37: 2876
    38: 2853
    39: 2880
    40: 2970
    41: 2940
    42: 2968
    43: 1840
    44: 987
    45: 618
    46: 510
    47: 958
    48: 1342
    49: 681
    50: 464
    51: 482
    52: 407
    53: 232
    54: 196
    55: 87
    56: 45
    57: 13
    58: 20
    59: 184
    60: 68
    61: 20
    62: 2
    63: 2
    64: 2
    65: 3
    66: 0
    67: 0
    68: 0
    69: 1
    70: 0
    71: 2
    72: 0
    73: 1
    74: 0
    75: 0
    76: 0
    77: 0
    78: 0
    79: 0
    80: 0
    81: 0
    82: 0
    83: 0
    84: 0
    85: 0
    86: 0
    87: 0
    88: 0
    89: 0
    90: 0
    91: 0
    92: 0
    93: 0
    94: 0
    95: 0
    96: 0
    97: 0
    98: 0
    99: 0
  mem-1: # Memory controller stats
   rd: 5085205 # Read requests
   wr: 1534601 # Write requests
   rdlat: 740615569 # Total latency experienced by read requests
   wrlat: 236833390 # Total latency experienced by write requests
   rdhits: 15380 # Read row hits
   wrhits: 8745 # Write row hits
   mlh: # latency histogram for memory requests
    0: 0
    1: 0
    2: 0
    3: 0
    4: 0
    5: 0
    6: 0
    7: 0
    8: 0
    9: 0
    10: 0
    11: 189
    12: 2532
    13: 3281033
    14: 833089
    15: 355875
    16: 69592
    17: 141138
    18: 61114
    19: 63279
    20: 7957
    21: 4155
    22: 3676
    23: 23250
    24: 110473
    25: 45938
    26: 24182
    27: 4257
    28: 2264
    29: 2735
    30: 3014
    31: 2993
    32: 2588
    33: 2775
    34: 3006
    35: 5140
    36: 3253
    37: 2866
    38: 2754
    39: 2814
    40: 3014
    41: 2839
    42: 2816
    43: 1695
    44: 901
    45: 572
    46: 473
    47: 875
    48: 1338
    49: 649
    50: 434
    51: 422
    52: 397
    53: 233
    54: 194
    55: 82
    56: 46
    57: 11
    58: 29
    59: 145
    60: 66
    61: 14
    62: 10
    63: 4
    64: 3
    65: 2
    66: 1
    67: 1
    68: 2
    69: 5
    70: 1
    71: 0
    72: 0
    73: 0
    74: 0
    75: 0
    76: 0
    77: 0
    78: 0
    79: 0
    80: 0
    81: 0
    82: 0
    83: 0
    84: 0
    85: 0
    86: 0
    87: 0
    88: 0
    89: 0
    90: 0
    91: 0
    92: 0
    93: 0
    94: 0
    95: 0
    96: 0
    97: 0
    98: 0
    99: 0
  mem-2: # Memory controller stats
   rd: 5085891 # Read requests
   wr: 1535021 # Write requests
   rdlat: 741311679 # Total latency experienced by read requests
   wrlat: 237151832 # Total latency experienced by write requests
   rdhits: 15378 # Read row hits
   wrhits: 8640 # Write row hits
   mlh: # latency histogram for memory requests
    0: 0
    1: 0
    2: 0
    3: 0
    4: 0
    5: 0
    6: 0
    7: 0
    8: 0
    9: 0
    10: 0
    11: 184
    12: 2481
    13: 3275106
    14: 832444
    15: 355701
    16: 69789
    17: 143508
    18: 61381
    19: 63518
    20: 9151
    21: 5067
    22: 3973
    23: 24011
    24: 111262
    25: 46199
    26: 23926
    27: 4372
    28: 2359
    29: 2767
    30: 2871
    31: 2969
    32: 2601
    33: 2820
    34: 3051
    35: 5258
    36: 3119
    37: 2806
    38: 2740
    39: 2802
    40: 3077
    41: 2857
    42: 2913
    43: 1762
    44: 986
    45: 646
    46: 556
    47: 901
    48: 1243
    49: 578
    50: 439
    51: 419
    52: 381
    53: 263
    54: 219
    55: 100
    56: 53
    57: 10
    58: 25
    59: 138
    60: 60
    61: 12
    62: 1
    63: 6
    64: 3
    65: 0
    66: 0
    67: 1
    68: 0
    69: 3
    70: 2
    71: 0
    72: 0
    73: 0
    74: 0
    75: 0
    76: 0
    77: 0
    78: 1
    79: 0
    80: 0
    81: 0
    82: 0
    83: 0
    84: 0
    85: 0
    86: 0
    87: 0
    88: 0
    89: 0
    90: 0
    91: 0
    92: 0
    93: 0
    94: 0
    95: 0
    96: 0
    97: 0
    98: 0
    99: 0
  mem-3: # Memory controller stats
   rd: 5086173 # Read requests
   wr: 1535364 # Write requests
   rdlat: 741193361 # Total latency experienced by read requests
   wrlat: 236619957 # Total latency experienced by write requests
   rdhits: 15348 # Read row hits
   wrhits: 9014 # Write row hits
   mlh: # latency histogram for memory requests
    0: 0
    1: 0
    2: 0
    3: 0
    4: 0
    5: 0
    6: 0
    7: 0
    8: 0
    9: 0
    10: 0
    11: 180
    12: 2535
    13: 3279376
    14: 833116
    15: 355154
    16: 69159
    17: 142152
    18: 60896
    19: 62849
    20: 8649
    21: 4607
    22: 4052
    23: 23448
    24: 110827
    25: 46368
    26: 24103
    27: 4284
    28: 2423
    29: 2977
    30: 2908
    31: 3030
    32: 2588
    33: 2913
    34: 2965
    35: 5176
    36: 3254
    37: 2769
    38: 2824
    39: 2816
    40: 2995
    41: 2863
    42: 2940
    43: 1830
    44: 959
    45: 655
    46: 501
    47: 934
    48: 1299
    49: 616
    50: 443
    51: 441
    52: 425
    53: 245
    54: 175
    55: 109
    56: 42
    57: 11
    58: 41
    59: 149
    60: 58
    61: 19
    62: 8
    63: 8
    64: 4
    65: 1
    66: 1
    67: 0
    68: 0
    69: 2
    70: 0
    71: 1
    72: 0
    73: 0
    74: 0
    75: 0
    76: 0
    77: 0
    78: 0
    79: 0
    80: 0
    81: 0
    82: 0
    83: 0
    84: 0
    85: 0
    86: 0
    87: 0
    88: 0
    89: 0
    90: 0
    91: 0
    92: 0
    93: 0
    94: 0
    95: 0
    96: 0
    97: 0
    98: 0
    99: 0
 sched: # Scheduler stats
  thCr: 1 # Threads created
  thFn: 1 # Threads finished
  schedEvs: 1 # Schedule events
  waitEvs: 0 # Wait events
  handoffEvs: 0 # Handoff events
  sleepEvs: 0 # Sleep events
  idlePhases: 0 # Phases with no thread active
  idlePeriods: 0 # Periods with no thread active
  occHist: # Occupancy histogram
   0: 0
   1: 149709
  rqSzHist: # Run queue size histogram
   0: 149709
   1: 0
   2: 0
   3: 0
   4: 0
   5: 0
   6: 0
   7: 0
   8: 0
   9: 0
   10: 0
   11: 0
   12: 0
   13: 0
   14: 0
   15: 0
   16: 0
 procCycles: # Per-process unhalted core cycles
  0: 1497092306
  1: 0
  2: 0
  3: 0
  4: 0
  5: 0
  6: 0
  7: 0
  8: 0
  9: 0
  10: 0
  11: 0
  12: 0
  13: 0
  14: 0
  15: 0
  16: 0
  17: 0
  18: 0
  19: 0
  20: 0
  21: 0
  22: 0
  23: 0
  24: 0
  25: 0
  26: 0
  27: 0
  28: 0
  29: 0
  30: 0
  31: 0
  32: 0
  33: 0
  34: 0
  35: 0
  36: 0
  37: 0
  38: 0
  39: 0
  40: 0
  41: 0
  42: 0
  43: 0
  44: 0
  45: 0
  46: 0
  47: 0
  48: 0
  49: 0
  50: 0
  51: 0
  52: 0
  53: 0
  54: 0
  55: 0
  56: 0
  57: 0
  58: 0
  59: 0
  60: 0
  61: 0
  62: 0
  63: 0
 procInstrs: # Per-process instructions
  0: 1000004668
  1: 0
  2: 0
  3: 0
  4: 0
  5: 0
  6: 0
  7: 0
  8: 0
  9: 0
  10: 0
  11: 0
  12: 0
  13: 0
  14: 0
  15: 0
  16: 0
  17: 0
  18: 0
  19: 0
  20: 0
  21: 0
  22: 0
  23: 0
  24: 0
  25: 0
  26: 0
  27: 0
  28: 0
  29: 0
  30: 0
  31: 0
  32: 0
  33: 0
  34: 0
  35: 0
  36: 0
  37: 0
  38: 0
  39: 0
  40: 0
  41: 0
  42: 0
  43: 0
  44: 0
  45: 0
  46: 0
  47: 0
  48: 0
  49: 0
  50: 0
  51: 0
  52: 0
  53: 0
  54: 0
  55: 0
  56: 0
  57: 0
  58: 0
  59: 0
  60: 0
  61: 0
  62: 0
  63: 0
 heartbeats: # Per-process heartbeats
  0: 0
  1: 0
  2: 0
  3: 0
  4: 0
  5: 0
  6: 0
  7: 0
  8: 0
  9: 0
  10: 0
  11: 0
  12: 0
  13: 0
  14: 0
  15: 0
  16: 0
  17: 0
  18: 0
  19: 0
  20: 0
  21: 0
  22: 0
  23: 0
  24: 0
  25: 0
  26: 0
  27: 0
  28: 0
  29: 0
  30: 0
  31: 0
  32: 0
  33: 0
  34: 0
  35: 0
  36: 0
  37: 0
  38: 0
  39: 0
  40: 0
  41: 0
  42: 0
  43: 0
  44: 0
  45: 0
  46: 0
  47: 0
  48: 0
  49: 0
  50: 0
  51: 0
  52: 0
  53: 0
  54: 0
  55: 0
  56: 0
  57: 0
  58: 0
  59: 0
  60: 0
  61: 0
  62: 0
  63: 0
===
