# zsim stats
===
root: # Stats
 contention: # Contention simulation stats
  domain-0: # Domain stats
   time: 2093344005 # Weave simulation time
 time: # Simulator time breakdown
  init: 4057093845
  bound: 76711718919
  weave: 4287424620
  ff: 0
 trigger: 20000 # Reason for this stats dump
 phase: 72134 # Simulated phases
 westmere: # Core stats
  westmere-0: # Core stats
   cycles: 721340206 # Simulated unhalted cycles
   cCycles: 30540832 # Cycles due to contention stalls
   instrs: 1000012080 # Simulated instructions
   uops: 1145930656 # Retired micro-ops
   bbls: 205812545 # Basic blocks
   approxInstrs: 2658326 # Instrs with approx uop decoding
   mispredBranches: 7229453 # Mispredicted branches
   condBranches: 158129654 # conditional branches
 l1i: # Cache stats
  l1i-0: # Filter cache stats
   fhGETS: 179992004 # Filtered GETS hits
   fhGETX: 0 # Filtered GETX hits
   hGETS: 48003659 # GETS hits
   hGETX: 0 # GETX hits
   mGETS: 11513697 # GETS misses
   mGETXIM: 0 # GETX I->M misses
   mGETXSM: 0 # GETX S->M misses (upgrade misses)
   PUTS: 0 # Clean evictions (from lower level)
   PUTX: 0 # Dirty evictions (from lower level)
   INV: 1125 # Invalidates (from upper level)
   INVX: 0 # Downgrades (from upper level)
   FWD: 0 # Forwards (from upper level)
   latGETnl: 97284046 # GET request latency on next level
   latGETnet: 0 # GET request latency on network to next level
 l1d: # Cache stats
  l1d-0: # Filter cache stats
   fhGETS: 207367590 # Filtered GETS hits
   fhGETX: 116032454 # Filtered GETX hits
   hGETS: 40125004 # GETS hits
   hGETX: 18892186 # GETX hits
   mGETS: 5336469 # GETS misses
   mGETXIM: 1430206 # GETX I->M misses
   mGETXSM: 0 # GETX S->M misses (upgrade misses)
   PUTS: 0 # Clean evictions (from lower level)
   PUTX: 0 # Dirty evictions (from lower level)
   INV: 1197 # Invalidates (from upper level)
   INVX: 0 # Downgrades (from upper level)
   FWD: 0 # Forwards (from upper level)
   latGETnl: 286027780 # GET request latency on next level
   latGETnet: 0 # GET request latency on network to next level
 l2: # Cache stats
  l2-0: # Cache stats
   hGETS: 13173736 # GETS hits
   hGETX: 439797 # GETX hits
   mGETS: 3676430 # GETS misses
   mGETXIM: 990409 # GETX I->M misses
   mGETXSM: 0 # GETX S->M misses (upgrade misses)
   PUTS: 16417539 # Clean evictions (from lower level)
   PUTX: 1859488 # Dirty evictions (from lower level)
   INV: 0 # Invalidates (from upper level)
   INVX: 0 # Downgrades (from upper level)
   FWD: 0 # Forwards (from upper level)
   latGETnl: 237068850 # GET request latency on next level
   latGETnet: 0 # GET request latency on network to next level
 l3: # Cache stats
  l3-0: # Cache stats
   hGETS: 2636619 # GETS hits
   hGETX: 433197 # GETX hits
   mGETS: 1039811 # GETS misses
   mGETXIM: 557212 # GETX I->M misses
   mGETXSM: 0 # GETX S->M misses (upgrade misses)
   PUTS: 3367868 # Clean evictions (from lower level)
   PUTX: 1294875 # Dirty evictions (from lower level)
   INV: 0 # Invalidates (from upper level)
   INVX: 0 # Downgrades (from upper level)
   FWD: 0 # Forwards (from upper level)
   latGETnl: 143732070 # GET request latency on next level
   latGETnet: 0 # GET request latency on network to next level
 mem: # Memory controller stats
  mem-0: # Memory controller stats
   rd: 399299 # Read requests
   wr: 150566 # Write requests
   rdlat: 54692387 # Total latency experienced by read requests
   wrlat: 23191367 # Total latency experienced by write requests
   rdhits: 2964 # Read row hits
   wrhits: 1640 # Write row hits
   mlh: # latency histogram for memory requests
    0: 0
    1: 0
    2: 0
    3: 0
    4: 0
    5: 0
    6: 0
    7: 0
    8: 0
    9: 0
    10: 0
    11: 89
    12: 97
    13: 337204
    14: 34104
    15: 13445
    16: 4883
    17: 1908
    18: 753
    19: 456
    20: 483
    21: 407
    22: 383
    23: 353
    24: 508
    25: 309
    26: 135
    27: 127
    28: 149
    29: 169
    30: 173
    31: 231
    32: 250
    33: 236
    34: 253
    35: 221
    36: 251
    37: 269
    38: 236
    39: 236
    40: 205
    41: 239
    42: 220
    43: 115
    44: 41
    45: 37
    46: 29
    47: 34
    48: 43
    49: 12
    50: 4
    51: 1
    52: 0
    53: 1
    54: 0
    55: 0
    56: 0
    57: 0
    58: 0
    59: 0
    60: 0
    61: 0
    62: 0
    63: 0
    64: 0
    65: 0
    66: 0
    67: 0
    68: 0
    69: 0
    70: 0
    71: 0
    72: 0
    73: 0
    74: 0
    75: 0
    76: 0
    77: 0
    78: 0
    79: 0
    80: 0
    81: 0
    82: 0
    83: 0
    84: 0
    85: 0
    86: 0
    87: 0
    88: 0
    89: 0
    90: 0
    91: 0
    92: 0
    93: 0
    94: 0
    95: 0
    96: 0
    97: 0
    98: 0
    99: 0
  mem-1: # Memory controller stats
   rd: 399885 # Read requests
   wr: 150641 # Write requests
   rdlat: 54749464 # Total latency experienced by read requests
   wrlat: 23193723 # Total latency experienced by write requests
   rdhits: 2893 # Read row hits
   wrhits: 1548 # Write row hits
   mlh: # latency histogram for memory requests
    0: 0
    1: 0
    2: 0
    3: 0
    4: 0
    5: 0
    6: 0
    7: 0
    8: 0
    9: 0
    10: 0
    11: 68
    12: 91
    13: 337998
    14: 34160
    15: 13175
    16: 4920
    17: 1875
    18: 749
    19: 521
    20: 516
    21: 411
    22: 366
    23: 373
    24: 487
    25: 238
    26: 134
    27: 173
    28: 151
    29: 192
    30: 202
    31: 250
    32: 205
    33: 237
    34: 237
    35: 201
    36: 242
    37: 245
    38: 234
    39: 240
    40: 213
    41: 227
    42: 243
    43: 114
    44: 39
    45: 34
    46: 26
    47: 34
    48: 38
    49: 13
    50: 5
    51: 2
    52: 2
    53: 1
    54: 1
    55: 0
    56: 0
    57: 1
    58: 0
    59: 0
    60: 1
    61: 0
    62: 0
    63: 0
    64: 0
    65: 0
    66: 0
    67: 0
    68: 0
    69: 0
    70: 0
    71: 0
    72: 0
    73: 0
    74: 0
    75: 0
    76: 0
    77: 0
    78: 0
    79: 0
    80: 0
    81: 0
    82: 0
    83: 0
    84: 0
    85: 0
    86: 0
    87: 0
    88: 0
    89: 0
    90: 0
    91: 0
    92: 0
    93: 0
    94: 0
    95: 0
    96: 0
    97: 0
    98: 0
    99: 0
  mem-2: # Memory controller stats
   rd: 398289 # Read requests
   wr: 150379 # Write requests
   rdlat: 54538046 # Total latency experienced by read requests
   wrlat: 23158934 # Total latency experienced by write requests
   rdhits: 3103 # Read row hits
   wrhits: 1556 # Write row hits
   mlh: # latency histogram for memory requests
    0: 0
    1: 0
    2: 0
    3: 0
    4: 0
    5: 0
    6: 0
    7: 0
    8: 0
    9: 0
    10: 0
    11: 79
    12: 79
    13: 337224
    14: 33667
    15: 13065
    16: 4777
    17: 1866
    18: 746
    19: 479
    20: 450
    21: 412
    22: 351
    23: 373
    24: 492
    25: 292
    26: 143
    27: 148
    28: 146
    29: 161
    30: 151
    31: 218
    32: 221
    33: 255
    34: 259
    35: 234
    36: 251
    37: 254
    38: 277
    39: 240
    40: 218
    41: 219
    42: 226
    43: 110
    44: 37
    45: 44
    46: 28
    47: 37
    48: 39
    49: 14
    50: 4
    51: 1
    52: 1
    53: 0
    54: 1
    55: 0
    56: 0
    57: 0
    58: 0
    59: 0
    60: 0
    61: 0
    62: 0
    63: 0
    64: 0
    65: 0
    66: 0
    67: 0
    68: 0
    69: 0
    70: 0
    71: 0
    72: 0
    73: 0
    74: 0
    75: 0
    76: 0
    77: 0
    78: 0
    79: 0
    80: 0
    81: 0
    82: 0
    83: 0
    84: 0
    85: 0
    86: 0
    87: 0
    88: 0
    89: 0
    90: 0
    91: 0
    92: 0
    93: 0
    94: 0
    95: 0
    96: 0
    97: 0
    98: 0
    99: 0
  mem-3: # Memory controller stats
   rd: 399550 # Read requests
   wr: 150572 # Write requests
   rdlat: 54702286 # Total latency experienced by read requests
   wrlat: 23221366 # Total latency experienced by write requests
   rdhits: 3025 # Read row hits
   wrhits: 1499 # Write row hits
   mlh: # latency histogram for memory requests
    0: 0
    1: 0
    2: 0
    3: 0
    4: 0
    5: 0
    6: 0
    7: 0
    8: 0
    9: 0
    10: 0
    11: 65
    12: 92
    13: 337763
    14: 34099
    15: 13155
    16: 4697
    17: 2010
    18: 815
    19: 526
    20: 472
    21: 405
    22: 335
    23: 380
    24: 552
    25: 341
    26: 129
    27: 147
    28: 120
    29: 188
    30: 178
    31: 232
    32: 217
    33: 230
    34: 239
    35: 217
    36: 257
    37: 248
    38: 245
    39: 252
    40: 211
    41: 217
    42: 209
    43: 115
    44: 42
    45: 37
    46: 24
    47: 22
    48: 49
    49: 11
    50: 3
    51: 1
    52: 3
    53: 0
    54: 0
    55: 0
    56: 0
    57: 0
    58: 0
    59: 0
    60: 0
    61: 0
    62: 0
    63: 0
    64: 0
    65: 0
    66: 0
    67: 0
    68: 0
    69: 0
    70: 0
    71: 0
    72: 0
    73: 0
    74: 0
    75: 0
    76: 0
    77: 0
    78: 0
    79: 0
    80: 0
    81: 0
    82: 0
    83: 0
    84: 0
    85: 0
    86: 0
    87: 0
    88: 0
    89: 0
    90: 0
    91: 0
    92: 0
    93: 0
    94: 0
    95: 0
    96: 0
    97: 0
    98: 0
    99: 0
 sched: # Scheduler stats
  thCr: 1 # Threads created
  thFn: 1 # Threads finished
  schedEvs: 1 # Schedule events
  waitEvs: 0 # Wait events
  handoffEvs: 0 # Handoff events
  sleepEvs: 0 # Sleep events
  idlePhases: 0 # Phases with no thread active
  idlePeriods: 0 # Periods with no thread active
  occHist: # Occupancy histogram
   0: 0
   1: 72134
  rqSzHist: # Run queue size histogram
   0: 72134
   1: 0
   2: 0
   3: 0
   4: 0
   5: 0
   6: 0
   7: 0
   8: 0
   9: 0
   10: 0
   11: 0
   12: 0
   13: 0
   14: 0
   15: 0
   16: 0
 procCycles: # Per-process unhalted core cycles
  0: 721340206
  1: 0
  2: 0
  3: 0
  4: 0
  5: 0
  6: 0
  7: 0
  8: 0
  9: 0
  10: 0
  11: 0
  12: 0
  13: 0
  14: 0
  15: 0
  16: 0
  17: 0
  18: 0
  19: 0
  20: 0
  21: 0
  22: 0
  23: 0
  24: 0
  25: 0
  26: 0
  27: 0
  28: 0
  29: 0
  30: 0
  31: 0
  32: 0
  33: 0
  34: 0
  35: 0
  36: 0
  37: 0
  38: 0
  39: 0
  40: 0
  41: 0
  42: 0
  43: 0
  44: 0
  45: 0
  46: 0
  47: 0
  48: 0
  49: 0
  50: 0
  51: 0
  52: 0
  53: 0
  54: 0
  55: 0
  56: 0
  57: 0
  58: 0
  59: 0
  60: 0
  61: 0
  62: 0
  63: 0
 procInstrs: # Per-process instructions
  0: 1000012080
  1: 0
  2: 0
  3: 0
  4: 0
  5: 0
  6: 0
  7: 0
  8: 0
  9: 0
  10: 0
  11: 0
  12: 0
  13: 0
  14: 0
  15: 0
  16: 0
  17: 0
  18: 0
  19: 0
  20: 0
  21: 0
  22: 0
  23: 0
  24: 0
  25: 0
  26: 0
  27: 0
  28: 0
  29: 0
  30: 0
  31: 0
  32: 0
  33: 0
  34: 0
  35: 0
  36: 0
  37: 0
  38: 0
  39: 0
  40: 0
  41: 0
  42: 0
  43: 0
  44: 0
  45: 0
  46: 0
  47: 0
  48: 0
  49: 0
  50: 0
  51: 0
  52: 0
  53: 0
  54: 0
  55: 0
  56: 0
  57: 0
  58: 0
  59: 0
  60: 0
  61: 0
  62: 0
  63: 0
 heartbeats: # Per-process heartbeats
  0: 0
  1: 0
  2: 0
  3: 0
  4: 0
  5: 0
  6: 0
  7: 0
  8: 0
  9: 0
  10: 0
  11: 0
  12: 0
  13: 0
  14: 0
  15: 0
  16: 0
  17: 0
  18: 0
  19: 0
  20: 0
  21: 0
  22: 0
  23: 0
  24: 0
  25: 0
  26: 0
  27: 0
  28: 0
  29: 0
  30: 0
  31: 0
  32: 0
  33: 0
  34: 0
  35: 0
  36: 0
  37: 0
  38: 0
  39: 0
  40: 0
  41: 0
  42: 0
  43: 0
  44: 0
  45: 0
  46: 0
  47: 0
  48: 0
  49: 0
  50: 0
  51: 0
  52: 0
  53: 0
  54: 0
  55: 0
  56: 0
  57: 0
  58: 0
  59: 0
  60: 0
  61: 0
  62: 0
  63: 0
===
