# zsim stats
===
root: # Stats
 contention: # Contention simulation stats
  domain-0: # Domain stats
   time: 499297732 # Weave simulation time
 time: # Simulator time breakdown
  init: 2314606275
  bound: 52755488169
  weave: 2074390185
  ff: 0
 trigger: 20000 # Reason for this stats dump
 phase: 47596 # Simulated phases
 westmere: # Core stats
  westmere-0: # Core stats
   cycles: 475960049 # Simulated unhalted cycles
   cCycles: 4785742 # Cycles due to contention stalls
   instrs: 1000014539 # Simulated instructions
   uops: 1041253133 # Retired micro-ops
   bbls: 233101699 # Basic blocks
   approxInstrs: 1839086 # Instrs with approx uop decoding
   mispredBranches: 2962811 # Mispredicted branches
   condBranches: 213318709 # conditional branches
 l1i: # Cache stats
  l1i-0: # Filter cache stats
   fhGETS: 238855222 # Filtered GETS hits
   fhGETX: 0 # Filtered GETX hits
   hGETS: 12111912 # GETS hits
   hGETX: 0 # GETX hits
   mGETS: 476911 # GETS misses
   mGETXIM: 0 # GETX I->M misses
   mGETXSM: 0 # GETX S->M misses (upgrade misses)
   PUTS: 0 # Clean evictions (from lower level)
   PUTX: 0 # Dirty evictions (from lower level)
   INV: 1 # Invalidates (from upper level)
   INVX: 0 # Downgrades (from upper level)
   FWD: 0 # Forwards (from upper level)
   latGETnl: 4109968 # GET request latency on next level
   latGETnet: 0 # GET request latency on network to next level
 l1d: # Cache stats
  l1d-0: # Filter cache stats
   fhGETS: 87776134 # Filtered GETS hits
   fhGETX: 46582525 # Filtered GETX hits
   hGETS: 142792460 # GETS hits
   hGETX: 6784034 # GETX hits
   mGETS: 2632191 # GETS misses
   mGETXIM: 188899 # GETX I->M misses
   mGETXSM: 0 # GETX S->M misses (upgrade misses)
   PUTS: 0 # Clean evictions (from lower level)
   PUTX: 0 # Dirty evictions (from lower level)
   INV: 2 # Invalidates (from upper level)
   INVX: 0 # Downgrades (from upper level)
   FWD: 0 # Forwards (from upper level)
   latGETnl: 50501620 # GET request latency on next level
   latGETnet: 0 # GET request latency on network to next level
 l2: # Cache stats
  l2-0: # Cache stats
   hGETS: 2756195 # GETS hits
   hGETX: 13372 # GETX hits
   mGETS: 352907 # GETS misses
   mGETXIM: 175527 # GETX I->M misses
   mGETXSM: 0 # GETX S->M misses (upgrade misses)
   PUTS: 3040216 # Clean evictions (from lower level)
   PUTX: 256758 # Dirty evictions (from lower level)
   INV: 0 # Invalidates (from upper level)
   INVX: 0 # Downgrades (from upper level)
   FWD: 0 # Forwards (from upper level)
   latGETnl: 28227580 # GET request latency on next level
   latGETnet: 0 # GET request latency on network to next level
 l3: # Cache stats
  l3-0: # Cache stats
   hGETS: 314912 # GETS hits
   hGETX: 17312 # GETX hits
   mGETS: 37995 # GETS misses
   mGETXIM: 158215 # GETX I->M misses
   mGETXSM: 0 # GETX S->M misses (upgrade misses)
   PUTS: 311856 # Clean evictions (from lower level)
   PUTX: 212482 # Dirty evictions (from lower level)
   INV: 0 # Invalidates (from upper level)
   INVX: 0 # Downgrades (from upper level)
   FWD: 0 # Forwards (from upper level)
   latGETnl: 17658900 # GET request latency on next level
   latGETnet: 0 # GET request latency on network to next level
 mem: # Memory controller stats
  mem-0: # Memory controller stats
   rd: 49043 # Read requests
   wr: 35326 # Write requests
   rdlat: 6718108 # Total latency experienced by read requests
   wrlat: 5106237 # Total latency experienced by write requests
   rdhits: 41 # Read row hits
   wrhits: 124 # Write row hits
   mlh: # latency histogram for memory requests
    0: 0
    1: 0
    2: 0
    3: 0
    4: 0
    5: 0
    6: 0
    7: 0
    8: 0
    9: 0
    10: 0
    11: 5
    12: 12
    13: 38175
    14: 9633
    15: 321
    16: 160
    17: 64
    18: 30
    19: 30
    20: 37
    21: 28
    22: 21
    23: 18
    24: 44
    25: 24
    26: 23
    27: 12
    28: 18
    29: 20
    30: 15
    31: 30
    32: 20
    33: 20
    34: 26
    35: 47
    36: 29
    37: 41
    38: 19
    39: 26
    40: 21
    41: 16
    42: 23
    43: 20
    44: 4
    45: 1
    46: 0
    47: 6
    48: 4
    49: 0
    50: 0
    51: 0
    52: 0
    53: 0
    54: 0
    55: 0
    56: 0
    57: 0
    58: 0
    59: 0
    60: 0
    61: 0
    62: 0
    63: 0
    64: 0
    65: 0
    66: 0
    67: 0
    68: 0
    69: 0
    70: 0
    71: 0
    72: 0
    73: 0
    74: 0
    75: 0
    76: 0
    77: 0
    78: 0
    79: 0
    80: 0
    81: 0
    82: 0
    83: 0
    84: 0
    85: 0
    86: 0
    87: 0
    88: 0
    89: 0
    90: 0
    91: 0
    92: 0
    93: 0
    94: 0
    95: 0
    96: 0
    97: 0
    98: 0
    99: 0
  mem-1: # Memory controller stats
   rd: 49062 # Read requests
   wr: 35372 # Write requests
   rdlat: 6714361 # Total latency experienced by read requests
   wrlat: 5115331 # Total latency experienced by write requests
   rdhits: 35 # Read row hits
   wrhits: 105 # Write row hits
   mlh: # latency histogram for memory requests
    0: 0
    1: 0
    2: 0
    3: 0
    4: 0
    5: 0
    6: 0
    7: 0
    8: 0
    9: 0
    10: 0
    11: 2
    12: 2
    13: 37933
    14: 9974
    15: 307
    16: 164
    17: 80
    18: 28
    19: 28
    20: 34
    21: 23
    22: 9
    23: 15
    24: 23
    25: 30
    26: 21
    27: 17
    28: 10
    29: 23
    30: 16
    31: 19
    32: 24
    33: 20
    34: 21
    35: 40
    36: 21
    37: 30
    38: 15
    39: 25
    40: 22
    41: 17
    42: 34
    43: 12
    44: 2
    45: 1
    46: 1
    47: 14
    48: 5
    49: 0
    50: 0
    51: 0
    52: 0
    53: 0
    54: 0
    55: 0
    56: 0
    57: 0
    58: 0
    59: 0
    60: 0
    61: 0
    62: 0
    63: 0
    64: 0
    65: 0
    66: 0
    67: 0
    68: 0
    69: 0
    70: 0
    71: 0
    72: 0
    73: 0
    74: 0
    75: 0
    76: 0
    77: 0
    78: 0
    79: 0
    80: 0
    81: 0
    82: 0
    83: 0
    84: 0
    85: 0
    86: 0
    87: 0
    88: 0
    89: 0
    90: 0
    91: 0
    92: 0
    93: 0
    94: 0
    95: 0
    96: 0
    97: 0
    98: 0
    99: 0
  mem-2: # Memory controller stats
   rd: 49067 # Read requests
   wr: 35362 # Write requests
   rdlat: 6725263 # Total latency experienced by read requests
   wrlat: 5118243 # Total latency experienced by write requests
   rdhits: 23 # Read row hits
   wrhits: 128 # Write row hits
   mlh: # latency histogram for memory requests
    0: 0
    1: 0
    2: 0
    3: 0
    4: 0
    5: 0
    6: 0
    7: 0
    8: 0
    9: 0
    10: 0
    11: 0
    12: 8
    13: 38137
    14: 9694
    15: 311
    16: 177
    17: 73
    18: 35
    19: 25
    20: 29
    21: 28
    22: 28
    23: 12
    24: 22
    25: 19
    26: 21
    27: 19
    28: 25
    29: 23
    30: 16
    31: 21
    32: 28
    33: 39
    34: 27
    35: 31
    36: 25
    37: 41
    38: 29
    39: 26
    40: 21
    41: 22
    42: 21
    43: 12
    44: 7
    45: 1
    46: 2
    47: 9
    48: 3
    49: 0
    50: 0
    51: 0
    52: 0
    53: 0
    54: 0
    55: 0
    56: 0
    57: 0
    58: 0
    59: 0
    60: 0
    61: 0
    62: 0
    63: 0
    64: 0
    65: 0
    66: 0
    67: 0
    68: 0
    69: 0
    70: 0
    71: 0
    72: 0
    73: 0
    74: 0
    75: 0
    76: 0
    77: 0
    78: 0
    79: 0
    80: 0
    81: 0
    82: 0
    83: 0
    84: 0
    85: 0
    86: 0
    87: 0
    88: 0
    89: 0
    90: 0
    91: 0
    92: 0
    93: 0
    94: 0
    95: 0
    96: 0
    97: 0
    98: 0
    99: 0
  mem-3: # Memory controller stats
   rd: 49038 # Read requests
   wr: 35305 # Write requests
   rdlat: 6725839 # Total latency experienced by read requests
   wrlat: 5097594 # Total latency experienced by write requests
   rdhits: 17 # Read row hits
   wrhits: 109 # Write row hits
   mlh: # latency histogram for memory requests
    0: 0
    1: 0
    2: 0
    3: 0
    4: 0
    5: 0
    6: 0
    7: 0
    8: 0
    9: 0
    10: 0
    11: 4
    12: 3
    13: 38046
    14: 9780
    15: 286
    16: 176
    17: 68
    18: 36
    19: 24
    20: 24
    21: 24
    22: 19
    23: 24
    24: 15
    25: 26
    26: 14
    27: 26
    28: 17
    29: 28
    30: 24
    31: 28
    32: 24
    33: 24
    34: 23
    35: 32
    36: 21
    37: 45
    38: 25
    39: 33
    40: 28
    41: 28
    42: 23
    43: 17
    44: 3
    45: 1
    46: 2
    47: 12
    48: 5
    49: 0
    50: 0
    51: 0
    52: 0
    53: 0
    54: 0
    55: 0
    56: 0
    57: 0
    58: 0
    59: 0
    60: 0
    61: 0
    62: 0
    63: 0
    64: 0
    65: 0
    66: 0
    67: 0
    68: 0
    69: 0
    70: 0
    71: 0
    72: 0
    73: 0
    74: 0
    75: 0
    76: 0
    77: 0
    78: 0
    79: 0
    80: 0
    81: 0
    82: 0
    83: 0
    84: 0
    85: 0
    86: 0
    87: 0
    88: 0
    89: 0
    90: 0
    91: 0
    92: 0
    93: 0
    94: 0
    95: 0
    96: 0
    97: 0
    98: 0
    99: 0
 sched: # Scheduler stats
  thCr: 1 # Threads created
  thFn: 1 # Threads finished
  schedEvs: 1 # Schedule events
  waitEvs: 0 # Wait events
  handoffEvs: 0 # Handoff events
  sleepEvs: 0 # Sleep events
  idlePhases: 0 # Phases with no thread active
  idlePeriods: 0 # Periods with no thread active
  occHist: # Occupancy histogram
   0: 0
   1: 47596
  rqSzHist: # Run queue size histogram
   0: 47596
   1: 0
   2: 0
   3: 0
   4: 0
   5: 0
   6: 0
   7: 0
   8: 0
   9: 0
   10: 0
   11: 0
   12: 0
   13: 0
   14: 0
   15: 0
   16: 0
 procCycles: # Per-process unhalted core cycles
  0: 475960049
  1: 0
  2: 0
  3: 0
  4: 0
  5: 0
  6: 0
  7: 0
  8: 0
  9: 0
  10: 0
  11: 0
  12: 0
  13: 0
  14: 0
  15: 0
  16: 0
  17: 0
  18: 0
  19: 0
  20: 0
  21: 0
  22: 0
  23: 0
  24: 0
  25: 0
  26: 0
  27: 0
  28: 0
  29: 0
  30: 0
  31: 0
  32: 0
  33: 0
  34: 0
  35: 0
  36: 0
  37: 0
  38: 0
  39: 0
  40: 0
  41: 0
  42: 0
  43: 0
  44: 0
  45: 0
  46: 0
  47: 0
  48: 0
  49: 0
  50: 0
  51: 0
  52: 0
  53: 0
  54: 0
  55: 0
  56: 0
  57: 0
  58: 0
  59: 0
  60: 0
  61: 0
  62: 0
  63: 0
 procInstrs: # Per-process instructions
  0: 1000014539
  1: 0
  2: 0
  3: 0
  4: 0
  5: 0
  6: 0
  7: 0
  8: 0
  9: 0
  10: 0
  11: 0
  12: 0
  13: 0
  14: 0
  15: 0
  16: 0
  17: 0
  18: 0
  19: 0
  20: 0
  21: 0
  22: 0
  23: 0
  24: 0
  25: 0
  26: 0
  27: 0
  28: 0
  29: 0
  30: 0
  31: 0
  32: 0
  33: 0
  34: 0
  35: 0
  36: 0
  37: 0
  38: 0
  39: 0
  40: 0
  41: 0
  42: 0
  43: 0
  44: 0
  45: 0
  46: 0
  47: 0
  48: 0
  49: 0
  50: 0
  51: 0
  52: 0
  53: 0
  54: 0
  55: 0
  56: 0
  57: 0
  58: 0
  59: 0
  60: 0
  61: 0
  62: 0
  63: 0
 heartbeats: # Per-process heartbeats
  0: 0
  1: 0
  2: 0
  3: 0
  4: 0
  5: 0
  6: 0
  7: 0
  8: 0
  9: 0
  10: 0
  11: 0
  12: 0
  13: 0
  14: 0
  15: 0
  16: 0
  17: 0
  18: 0
  19: 0
  20: 0
  21: 0
  22: 0
  23: 0
  24: 0
  25: 0
  26: 0
  27: 0
  28: 0
  29: 0
  30: 0
  31: 0
  32: 0
  33: 0
  34: 0
  35: 0
  36: 0
  37: 0
  38: 0
  39: 0
  40: 0
  41: 0
  42: 0
  43: 0
  44: 0
  45: 0
  46: 0
  47: 0
  48: 0
  49: 0
  50: 0
  51: 0
  52: 0
  53: 0
  54: 0
  55: 0
  56: 0
  57: 0
  58: 0
  59: 0
  60: 0
  61: 0
  62: 0
  63: 0
===
