# zsim stats
===
root: # Stats
 contention: # Contention simulation stats
  domain-0: # Domain stats
   time: 245617639 # Weave simulation time
 time: # Simulator time breakdown
  init: 735056503
  bound: 70574189205
  weave: 1701765761
  ff: 0
 trigger: 20000 # Reason for this stats dump
 phase: 78273 # Simulated phases
 westmere: # Core stats
  westmere-0: # Core stats
   cycles: 782730002 # Simulated unhalted cycles
   cCycles: 39606 # Cycles due to contention stalls
   instrs: 1250006677 # Simulated instructions
   uops: 1500743608 # Retired micro-ops
   bbls: 167578161 # Basic blocks
   approxInstrs: 13749090 # Instrs with approx uop decoding
   mispredBranches: 3597532 # Mispredicted branches
   condBranches: 129684318 # conditional branches
  westmere-1: # Core stats
   cycles: 782730002 # Simulated unhalted cycles
   cCycles: 42109 # Cycles due to contention stalls
   instrs: 1250008340 # Simulated instructions
   uops: 1500745961 # Retired micro-ops
   bbls: 167578210 # Basic blocks
   approxInstrs: 13749060 # Instrs with approx uop decoding
   mispredBranches: 3597485 # Mispredicted branches
   condBranches: 129684223 # conditional branches
  westmere-2: # Core stats
   cycles: 782730006 # Simulated unhalted cycles
   cCycles: 41972 # Cycles due to contention stalls
   instrs: 1250000223 # Simulated instructions
   uops: 1500735132 # Retired micro-ops
   bbls: 167577170 # Basic blocks
   approxInstrs: 13749061 # Instrs with approx uop decoding
   mispredBranches: 3597492 # Mispredicted branches
   condBranches: 129683661 # conditional branches
  westmere-3: # Core stats
   cycles: 782720002 # Simulated unhalted cycles
   cCycles: 39699 # Cycles due to contention stalls
   instrs: 1249999878 # Simulated instructions
   uops: 1500734664 # Retired micro-ops
   bbls: 167577115 # Basic blocks
   approxInstrs: 13749059 # Instrs with approx uop decoding
   mispredBranches: 3597482 # Mispredicted branches
   condBranches: 129683633 # conditional branches
 l1i: # Cache stats
  l1i-0: # Filter cache stats
   fhGETS: 223352722 # Filtered GETS hits
   fhGETX: 0 # Filtered GETX hits
   hGETS: 3178977 # GETS hits
   hGETX: 0 # GETX hits
   mGETS: 2859 # GETS misses
   mGETXIM: 0 # GETX I->M misses
   mGETXSM: 0 # GETX S->M misses (upgrade misses)
   PUTS: 0 # Clean evictions (from lower level)
   PUTX: 0 # Dirty evictions (from lower level)
   INV: 0 # Invalidates (from upper level)
   INVX: 0 # Downgrades (from upper level)
   FWD: 0 # Forwards (from upper level)
   latGETnl: 51032 # GET request latency on next level
   latGETnet: 0 # GET request latency on network to next level
  l1i-1: # Filter cache stats
   fhGETS: 223352868 # Filtered GETS hits
   fhGETX: 0 # Filtered GETX hits
   hGETS: 3178822 # GETS hits
   hGETX: 0 # GETX hits
   mGETS: 2790 # GETS misses
   mGETXIM: 0 # GETX I->M misses
   mGETXSM: 0 # GETX S->M misses (upgrade misses)
   PUTS: 0 # Clean evictions (from lower level)
   PUTX: 0 # Dirty evictions (from lower level)
   INV: 0 # Invalidates (from upper level)
   INVX: 0 # Downgrades (from upper level)
   FWD: 0 # Forwards (from upper level)
   latGETnl: 53910 # GET request latency on next level
   latGETnet: 0 # GET request latency on network to next level
  l1i-2: # Filter cache stats
   fhGETS: 223351653 # Filtered GETS hits
   fhGETX: 0 # Filtered GETX hits
   hGETS: 3178820 # GETS hits
   hGETX: 0 # GETX hits
   mGETS: 2806 # GETS misses
   mGETXIM: 0 # GETX I->M misses
   mGETXSM: 0 # GETX S->M misses (upgrade misses)
   PUTS: 0 # Clean evictions (from lower level)
   PUTX: 0 # Dirty evictions (from lower level)
   INV: 0 # Invalidates (from upper level)
   INVX: 0 # Downgrades (from upper level)
   FWD: 0 # Forwards (from upper level)
   latGETnl: 54138 # GET request latency on next level
   latGETnet: 0 # GET request latency on network to next level
  l1i-3: # Filter cache stats
   fhGETS: 223351675 # Filtered GETS hits
   fhGETX: 0 # Filtered GETX hits
   hGETS: 3178830 # GETS hits
   hGETX: 0 # GETX hits
   mGETS: 2792 # GETS misses
   mGETXIM: 0 # GETX I->M misses
   mGETXSM: 0 # GETX S->M misses (upgrade misses)
   PUTS: 0 # Clean evictions (from lower level)
   PUTX: 0 # Dirty evictions (from lower level)
   INV: 0 # Invalidates (from upper level)
   INVX: 0 # Downgrades (from upper level)
   FWD: 0 # Forwards (from upper level)
   latGETnl: 46106 # GET request latency on next level
   latGETnet: 0 # GET request latency on network to next level
 l1d: # Cache stats
  l1d-0: # Filter cache stats
   fhGETS: 316480424 # Filtered GETS hits
   fhGETX: 75555853 # Filtered GETX hits
   hGETS: 27689899 # GETS hits
   hGETX: 23806263 # GETX hits
   mGETS: 2670565 # GETS misses
   mGETXIM: 2208540 # GETX I->M misses
   mGETXSM: 10 # GETX S->M misses (upgrade misses)
   PUTS: 0 # Clean evictions (from lower level)
   PUTX: 0 # Dirty evictions (from lower level)
   INV: 21 # Invalidates (from upper level)
   INVX: 63 # Downgrades (from upper level)
   FWD: 0 # Forwards (from upper level)
   latGETnl: 39306930 # GET request latency on next level
   latGETnet: 0 # GET request latency on network to next level
  l1d-1: # Filter cache stats
   fhGETS: 317067795 # Filtered GETS hits
   fhGETX: 75421754 # Filtered GETX hits
   hGETS: 27102090 # GETS hits
   hGETX: 23948953 # GETX hits
   mGETS: 2671274 # GETS misses
   mGETXIM: 2199851 # GETX I->M misses
   mGETXSM: 6 # GETX S->M misses (upgrade misses)
   PUTS: 0 # Clean evictions (from lower level)
   PUTX: 0 # Dirty evictions (from lower level)
   INV: 15 # Invalidates (from upper level)
   INVX: 126 # Downgrades (from upper level)
   FWD: 0 # Forwards (from upper level)
   latGETnl: 39240842 # GET request latency on next level
   latGETnet: 0 # GET request latency on network to next level
  l1d-2: # Filter cache stats
   fhGETS: 319239318 # Filtered GETS hits
   fhGETX: 75807546 # Filtered GETX hits
   hGETS: 24931122 # GETS hits
   hGETX: 23550874 # GETX hits
   mGETS: 2669241 # GETS misses
   mGETXIM: 2211161 # GETX I->M misses
   mGETXSM: 10 # GETX S->M misses (upgrade misses)
   PUTS: 0 # Clean evictions (from lower level)
   PUTX: 0 # Dirty evictions (from lower level)
   INV: 11 # Invalidates (from upper level)
   INVX: 146 # Downgrades (from upper level)
   FWD: 0 # Forwards (from upper level)
   latGETnl: 39316644 # GET request latency on next level
   latGETnet: 0 # GET request latency on network to next level
  l1d-3: # Filter cache stats
   fhGETS: 318878576 # Filtered GETS hits
   fhGETX: 75784930 # Filtered GETX hits
   hGETS: 25289314 # GETS hits
   hGETX: 23579693 # GETX hits
   mGETS: 2671722 # GETS misses
   mGETXIM: 2204916 # GETX I->M misses
   mGETXSM: 7 # GETX S->M misses (upgrade misses)
   PUTS: 0 # Clean evictions (from lower level)
   PUTX: 0 # Dirty evictions (from lower level)
   INV: 8 # Invalidates (from upper level)
   INVX: 87 # Downgrades (from upper level)
   FWD: 0 # Forwards (from upper level)
   latGETnl: 39279780 # GET request latency on next level
   latGETnet: 0 # GET request latency on network to next level
 l2: # Cache stats
  l2-0: # Cache stats
   hGETS: 2672004 # GETS hits
   hGETX: 2206503 # GETX hits
   mGETS: 1420 # GETS misses
   mGETXIM: 2038 # GETX I->M misses
   mGETXSM: 9 # GETX S->M misses (upgrade misses)
   PUTS: 2292990 # Clean evictions (from lower level)
   PUTX: 2587933 # Dirty evictions (from lower level)
   INV: 21 # Invalidates (from upper level)
   INVX: 64 # Downgrades (from upper level)
   FWD: 0 # Forwards (from upper level)
   latGETnl: 302170 # GET request latency on next level
   latGETnet: 0 # GET request latency on network to next level
  l2-1: # Cache stats
   hGETS: 2672728 # GETS hits
   hGETX: 2197882 # GETX hits
   mGETS: 1336 # GETS misses
   mGETXIM: 1969 # GETX I->M misses
   mGETXSM: 6 # GETX S->M misses (upgrade misses)
   PUTS: 2293046 # Clean evictions (from lower level)
   PUTX: 2579838 # Dirty evictions (from lower level)
   INV: 15 # Invalidates (from upper level)
   INVX: 126 # Downgrades (from upper level)
   FWD: 0 # Forwards (from upper level)
   latGETnl: 303384 # GET request latency on next level
   latGETnet: 0 # GET request latency on network to next level
  l2-2: # Cache stats
   hGETS: 2670700 # GETS hits
   hGETX: 2209192 # GETX hits
   mGETS: 1347 # GETS misses
   mGETXIM: 1969 # GETX I->M misses
   mGETXSM: 10 # GETX S->M misses (upgrade misses)
   PUTS: 2290593 # Clean evictions (from lower level)
   PUTX: 2591586 # Dirty evictions (from lower level)
   INV: 11 # Invalidates (from upper level)
   INVX: 146 # Downgrades (from upper level)
   FWD: 0 # Forwards (from upper level)
   latGETnl: 305038 # GET request latency on next level
   latGETnet: 0 # GET request latency on network to next level
  l2-3: # Cache stats
   hGETS: 2673180 # GETS hits
   hGETX: 2202947 # GETX hits
   mGETS: 1334 # GETS misses
   mGETXIM: 1969 # GETX I->M misses
   mGETXSM: 7 # GETX S->M misses (upgrade misses)
   PUTS: 2293732 # Clean evictions (from lower level)
   PUTX: 2584674 # Dirty evictions (from lower level)
   INV: 8 # Invalidates (from upper level)
   INVX: 87 # Downgrades (from upper level)
   FWD: 0 # Forwards (from upper level)
   latGETnl: 290390 # GET request latency on next level
   latGETnet: 0 # GET request latency on network to next level
 l3: # Cache stats
  l3-0b0: # Cache stats
   hGETS: 744 # GETS hits
   hGETX: 3 # GETX hits
   mGETS: 589 # GETS misses
   mGETXIM: 1985 # GETX I->M misses
   mGETXSM: 0 # GETX S->M misses (upgrade misses)
   PUTS: 19 # Clean evictions (from lower level)
   PUTX: 19 # Dirty evictions (from lower level)
   INV: 0 # Invalidates (from upper level)
   INVX: 0 # Downgrades (from upper level)
   FWD: 0 # Forwards (from upper level)
   latGETnl: 231660 # GET request latency on next level
   latGETnet: 0 # GET request latency on network to next level
  l3-0b1: # Cache stats
   hGETS: 781 # GETS hits
   hGETX: 15 # GETX hits
   mGETS: 598 # GETS misses
   mGETXIM: 1971 # GETX I->M misses
   mGETXSM: 0 # GETX S->M misses (upgrade misses)
   PUTS: 33 # Clean evictions (from lower level)
   PUTX: 21 # Dirty evictions (from lower level)
   INV: 0 # Invalidates (from upper level)
   INVX: 0 # Downgrades (from upper level)
   FWD: 0 # Forwards (from upper level)
   latGETnl: 231210 # GET request latency on next level
   latGETnet: 0 # GET request latency on network to next level
  l3-0b2: # Cache stats
   hGETS: 776 # GETS hits
   hGETX: 15 # GETX hits
   mGETS: 584 # GETS misses
   mGETXIM: 1993 # GETX I->M misses
   mGETXSM: 0 # GETX S->M misses (upgrade misses)
   PUTS: 32 # Clean evictions (from lower level)
   PUTX: 20 # Dirty evictions (from lower level)
   INV: 0 # Invalidates (from upper level)
   INVX: 0 # Downgrades (from upper level)
   FWD: 0 # Forwards (from upper level)
   latGETnl: 231930 # GET request latency on next level
   latGETnet: 0 # GET request latency on network to next level
  l3-0b3: # Cache stats
   hGETS: 767 # GETS hits
   hGETX: 12 # GETX hits
   mGETS: 598 # GETS misses
   mGETXIM: 1983 # GETX I->M misses
   mGETXSM: 0 # GETX S->M misses (upgrade misses)
   PUTS: 24 # Clean evictions (from lower level)
   PUTX: 19 # Dirty evictions (from lower level)
   INV: 0 # Invalidates (from upper level)
   INVX: 0 # Downgrades (from upper level)
   FWD: 0 # Forwards (from upper level)
   latGETnl: 232290 # GET request latency on next level
   latGETnet: 0 # GET request latency on network to next level
 mem: # Memory controller stats
  mem-0: # Memory controller stats
   rd: 2591 # Read requests
   wr: 0 # Write requests
   rdlat: 385730 # Total latency experienced by read requests
   wrlat: 0 # Total latency experienced by write requests
   rdhits: 233 # Read row hits
   wrhits: 0 # Write row hits
   mlh: # latency histogram for memory requests
    0: 0
    1: 0
    2: 0
    3: 0
    4: 0
    5: 0
    6: 0
    7: 0
    8: 0
    9: 0
    10: 0
    11: 17
    12: 36
    13: 1837
    14: 213
    15: 116
    16: 76
    17: 54
    18: 24
    19: 20
    20: 14
    21: 10
    22: 15
    23: 9
    24: 19
    25: 10
    26: 10
    27: 9
    28: 3
    29: 17
    30: 12
    31: 6
    32: 9
    33: 8
    34: 5
    35: 4
    36: 7
    37: 6
    38: 1
    39: 2
    40: 1
    41: 3
    42: 1
    43: 6
    44: 2
    45: 3
    46: 5
    47: 1
    48: 0
    49: 0
    50: 0
    51: 0
    52: 0
    53: 0
    54: 0
    55: 0
    56: 0
    57: 0
    58: 0
    59: 0
    60: 0
    61: 0
    62: 0
    63: 0
    64: 0
    65: 0
    66: 0
    67: 0
    68: 0
    69: 0
    70: 0
    71: 0
    72: 0
    73: 0
    74: 0
    75: 0
    76: 0
    77: 0
    78: 0
    79: 0
    80: 0
    81: 0
    82: 0
    83: 0
    84: 0
    85: 0
    86: 0
    87: 0
    88: 0
    89: 0
    90: 0
    91: 0
    92: 0
    93: 0
    94: 0
    95: 0
    96: 0
    97: 0
    98: 0
    99: 0
  mem-1: # Memory controller stats
   rd: 2571 # Read requests
   wr: 0 # Write requests
   rdlat: 376144 # Total latency experienced by read requests
   wrlat: 0 # Total latency experienced by write requests
   rdhits: 240 # Read row hits
   wrhits: 0 # Write row hits
   mlh: # latency histogram for memory requests
    0: 0
    1: 0
    2: 0
    3: 0
    4: 0
    5: 0
    6: 0
    7: 0
    8: 0
    9: 0
    10: 0
    11: 17
    12: 60
    13: 1827
    14: 222
    15: 98
    16: 46
    17: 44
    18: 16
    19: 36
    20: 14
    21: 29
    22: 27
    23: 17
    24: 23
    25: 22
    26: 19
    27: 13
    28: 5
    29: 5
    30: 5
    31: 1
    32: 3
    33: 1
    34: 0
    35: 2
    36: 0
    37: 4
    38: 0
    39: 1
    40: 2
    41: 2
    42: 4
    43: 0
    44: 4
    45: 0
    46: 1
    47: 1
    48: 0
    49: 0
    50: 0
    51: 0
    52: 0
    53: 0
    54: 0
    55: 0
    56: 0
    57: 0
    58: 0
    59: 0
    60: 0
    61: 0
    62: 0
    63: 0
    64: 0
    65: 0
    66: 0
    67: 0
    68: 0
    69: 0
    70: 0
    71: 0
    72: 0
    73: 0
    74: 0
    75: 0
    76: 0
    77: 0
    78: 0
    79: 0
    80: 0
    81: 0
    82: 0
    83: 0
    84: 0
    85: 0
    86: 0
    87: 0
    88: 0
    89: 0
    90: 0
    91: 0
    92: 0
    93: 0
    94: 0
    95: 0
    96: 0
    97: 0
    98: 0
    99: 0
  mem-2: # Memory controller stats
   rd: 2569 # Read requests
   wr: 0 # Write requests
   rdlat: 382981 # Total latency experienced by read requests
   wrlat: 0 # Total latency experienced by write requests
   rdhits: 247 # Read row hits
   wrhits: 0 # Write row hits
   mlh: # latency histogram for memory requests
    0: 0
    1: 0
    2: 0
    3: 0
    4: 0
    5: 0
    6: 0
    7: 0
    8: 0
    9: 0
    10: 0
    11: 13
    12: 52
    13: 1803
    14: 206
    15: 125
    16: 77
    17: 32
    18: 38
    19: 21
    20: 18
    21: 13
    22: 6
    23: 16
    24: 12
    25: 19
    26: 7
    27: 12
    28: 13
    29: 9
    30: 6
    31: 10
    32: 5
    33: 8
    34: 4
    35: 6
    36: 6
    37: 5
    38: 4
    39: 2
    40: 2
    41: 1
    42: 4
    43: 4
    44: 3
    45: 6
    46: 0
    47: 0
    48: 1
    49: 0
    50: 0
    51: 0
    52: 0
    53: 0
    54: 0
    55: 0
    56: 0
    57: 0
    58: 0
    59: 0
    60: 0
    61: 0
    62: 0
    63: 0
    64: 0
    65: 0
    66: 0
    67: 0
    68: 0
    69: 0
    70: 0
    71: 0
    72: 0
    73: 0
    74: 0
    75: 0
    76: 0
    77: 0
    78: 0
    79: 0
    80: 0
    81: 0
    82: 0
    83: 0
    84: 0
    85: 0
    86: 0
    87: 0
    88: 0
    89: 0
    90: 0
    91: 0
    92: 0
    93: 0
    94: 0
    95: 0
    96: 0
    97: 0
    98: 0
    99: 0
  mem-3: # Memory controller stats
   rd: 2570 # Read requests
   wr: 0 # Write requests
   rdlat: 376872 # Total latency experienced by read requests
   wrlat: 0 # Total latency experienced by write requests
   rdhits: 238 # Read row hits
   wrhits: 0 # Write row hits
   mlh: # latency histogram for memory requests
    0: 0
    1: 0
    2: 0
    3: 0
    4: 0
    5: 0
    6: 0
    7: 0
    8: 0
    9: 0
    10: 0
    11: 15
    12: 47
    13: 1803
    14: 266
    15: 95
    16: 62
    17: 17
    18: 26
    19: 26
    20: 28
    21: 23
    22: 20
    23: 18
    24: 24
    25: 17
    26: 14
    27: 19
    28: 7
    29: 6
    30: 6
    31: 4
    32: 3
    33: 1
    34: 2
    35: 2
    36: 5
    37: 3
    38: 0
    39: 0
    40: 1
    41: 3
    42: 5
    43: 0
    44: 0
    45: 0
    46: 1
    47: 0
    48: 0
    49: 0
    50: 0
    51: 0
    52: 1
    53: 0
    54: 0
    55: 0
    56: 0
    57: 0
    58: 0
    59: 0
    60: 0
    61: 0
    62: 0
    63: 0
    64: 0
    65: 0
    66: 0
    67: 0
    68: 0
    69: 0
    70: 0
    71: 0
    72: 0
    73: 0
    74: 0
    75: 0
    76: 0
    77: 0
    78: 0
    79: 0
    80: 0
    81: 0
    82: 0
    83: 0
    84: 0
    85: 0
    86: 0
    87: 0
    88: 0
    89: 0
    90: 0
    91: 0
    92: 0
    93: 0
    94: 0
    95: 0
    96: 0
    97: 0
    98: 0
    99: 0
 sched: # Scheduler stats
  thCr: 5 # Threads created
  thFn: 0 # Threads finished
  schedEvs: 5 # Schedule events
  waitEvs: 1 # Wait events
  handoffEvs: 0 # Handoff events
  sleepEvs: 0 # Sleep events
  idlePhases: 0 # Phases with no thread active
  idlePeriods: 0 # Periods with no thread active
  occHist: # Occupancy histogram
   0: 0
   1: 0
   2: 0
   3: 1
   4: 78272
  rqSzHist: # Run queue size histogram
   0: 78273
   1: 0
   2: 0
   3: 0
   4: 0
   5: 0
   6: 0
   7: 0
   8: 0
   9: 0
   10: 0
   11: 0
   12: 0
   13: 0
   14: 0
   15: 0
   16: 0
 procCycles: # Per-process unhalted core cycles
  0: 3130910012
  1: 0
  2: 0
  3: 0
  4: 0
  5: 0
  6: 0
  7: 0
  8: 0
  9: 0
  10: 0
  11: 0
  12: 0
  13: 0
  14: 0
  15: 0
  16: 0
  17: 0
  18: 0
  19: 0
  20: 0
  21: 0
  22: 0
  23: 0
  24: 0
  25: 0
  26: 0
  27: 0
  28: 0
  29: 0
  30: 0
  31: 0
  32: 0
  33: 0
  34: 0
  35: 0
  36: 0
  37: 0
  38: 0
  39: 0
  40: 0
  41: 0
  42: 0
  43: 0
  44: 0
  45: 0
  46: 0
  47: 0
  48: 0
  49: 0
  50: 0
  51: 0
  52: 0
  53: 0
  54: 0
  55: 0
  56: 0
  57: 0
  58: 0
  59: 0
  60: 0
  61: 0
  62: 0
  63: 0
 procInstrs: # Per-process instructions
  0: 5000015118
  1: 0
  2: 0
  3: 0
  4: 0
  5: 0
  6: 0
  7: 0
  8: 0
  9: 0
  10: 0
  11: 0
  12: 0
  13: 0
  14: 0
  15: 0
  16: 0
  17: 0
  18: 0
  19: 0
  20: 0
  21: 0
  22: 0
  23: 0
  24: 0
  25: 0
  26: 0
  27: 0
  28: 0
  29: 0
  30: 0
  31: 0
  32: 0
  33: 0
  34: 0
  35: 0
  36: 0
  37: 0
  38: 0
  39: 0
  40: 0
  41: 0
  42: 0
  43: 0
  44: 0
  45: 0
  46: 0
  47: 0
  48: 0
  49: 0
  50: 0
  51: 0
  52: 0
  53: 0
  54: 0
  55: 0
  56: 0
  57: 0
  58: 0
  59: 0
  60: 0
  61: 0
  62: 0
  63: 0
 heartbeats: # Per-process heartbeats
  0: 0
  1: 0
  2: 0
  3: 0
  4: 0
  5: 0
  6: 0
  7: 0
  8: 0
  9: 0
  10: 0
  11: 0
  12: 0
  13: 0
  14: 0
  15: 0
  16: 0
  17: 0
  18: 0
  19: 0
  20: 0
  21: 0
  22: 0
  23: 0
  24: 0
  25: 0
  26: 0
  27: 0
  28: 0
  29: 0
  30: 0
  31: 0
  32: 0
  33: 0
  34: 0
  35: 0
  36: 0
  37: 0
  38: 0
  39: 0
  40: 0
  41: 0
  42: 0
  43: 0
  44: 0
  45: 0
  46: 0
  47: 0
  48: 0
  49: 0
  50: 0
  51: 0
  52: 0
  53: 0
  54: 0
  55: 0
  56: 0
  57: 0
  58: 0
  59: 0
  60: 0
  61: 0
  62: 0
  63: 0
===
