# zsim stats
===
root: # Stats
 contention: # Contention simulation stats
  domain-0: # Domain stats
   time: 9451723929 # Weave simulation time
 time: # Simulator time breakdown
  init: 1390847293
  bound: 77738935011
  weave: 11136687670
  ff: 0
 trigger: 20000 # Reason for this stats dump
 phase: 145624 # Simulated phases
 westmere: # Core stats
  westmere-0: # Core stats
   cycles: 1456242643 # Simulated unhalted cycles
   cCycles: 348099786 # Cycles due to contention stalls
   instrs: 1000000817 # Simulated instructions
   uops: 1137313071 # Retired micro-ops
   bbls: 80857776 # Basic blocks
   approxInstrs: 6560312 # Instrs with approx uop decoding
   mispredBranches: 32033 # Mispredicted branches
   condBranches: 51112593 # conditional branches
 l1i: # Cache stats
  l1i-0: # Filter cache stats
   fhGETS: 119187424 # Filtered GETS hits
   fhGETX: 0 # Filtered GETX hits
   hGETS: 3203662 # GETS hits
   hGETX: 0 # GETX hits
   mGETS: 997 # GETS misses
   mGETXIM: 0 # GETX I->M misses
   mGETXSM: 0 # GETX S->M misses (upgrade misses)
   PUTS: 0 # Clean evictions (from lower level)
   PUTX: 0 # Dirty evictions (from lower level)
   INV: 0 # Invalidates (from upper level)
   INVX: 0 # Downgrades (from upper level)
   FWD: 0 # Forwards (from upper level)
   latGETnl: 98286 # GET request latency on next level
   latGETnet: 0 # GET request latency on network to next level
 l1d: # Cache stats
  l1d-0: # Filter cache stats
   fhGETS: 251203294 # Filtered GETS hits
   fhGETX: 75570038 # Filtered GETX hits
   hGETS: 6099938 # GETS hits
   hGETX: 2389158 # GETX hits
   mGETS: 12025220 # GETS misses
   mGETXIM: 3675041 # GETX I->M misses
   mGETXSM: 0 # GETX S->M misses (upgrade misses)
   PUTS: 0 # Clean evictions (from lower level)
   PUTX: 0 # Dirty evictions (from lower level)
   INV: 0 # Invalidates (from upper level)
   INVX: 0 # Downgrades (from upper level)
   FWD: 0 # Forwards (from upper level)
   latGETnl: 1821100848 # GET request latency on next level
   latGETnet: 0 # GET request latency on network to next level
 l2: # Cache stats
  l2-0: # Cache stats
   hGETS: 152176 # GETS hits
   hGETX: 0 # GETX hits
   mGETS: 11874041 # GETS misses
   mGETXIM: 3675041 # GETX I->M misses
   mGETXSM: 0 # GETX S->M misses (upgrade misses)
   PUTS: 12025567 # Clean evictions (from lower level)
   PUTX: 3674667 # Dirty evictions (from lower level)
   INV: 0 # Invalidates (from upper level)
   INVX: 0 # Downgrades (from upper level)
   FWD: 0 # Forwards (from upper level)
   latGETnl: 1695589070 # GET request latency on next level
   latGETnet: 0 # GET request latency on network to next level
 l3: # Cache stats
  l3-0: # Cache stats
   hGETS: 164534 # GETS hits
   hGETX: 21 # GETX hits
   mGETS: 11709507 # GETS misses
   mGETXIM: 3675020 # GETX I->M misses
   mGETXSM: 0 # GETX S->M misses (upgrade misses)
   PUTS: 11872862 # Clean evictions (from lower level)
   PUTX: 3672124 # Dirty evictions (from lower level)
   INV: 0 # Invalidates (from upper level)
   INVX: 0 # Downgrades (from upper level)
   FWD: 0 # Forwards (from upper level)
   latGETnl: 1384607430 # GET request latency on next level
   latGETnet: 0 # GET request latency on network to next level
 mem: # Memory controller stats
  mem-0: # Memory controller stats
   rd: 5998022 # Read requests
   wr: 996897 # Write requests
   rdlat: 851362413 # Total latency experienced by read requests
   wrlat: 202229739 # Total latency experienced by write requests
   rdhits: 161843 # Read row hits
   wrhits: 56075 # Write row hits
   mlh: # latency histogram for memory requests
    0: 0
    1: 0
    2: 0
    3: 0
    4: 0
    5: 0
    6: 0
    7: 0
    8: 0
    9: 0
    10: 0
    11: 72
    12: 7493
    13: 4835246
    14: 292048
    15: 65361
    16: 24004
    17: 533654
    18: 7893
    19: 23867
    20: 16179
    21: 8344
    22: 12422
    23: 41571
    24: 22138
    25: 4344
    26: 2408
    27: 8838
    28: 19675
    29: 5926
    30: 9082
    31: 6566
    32: 4253
    33: 4082
    34: 3806
    35: 4686
    36: 3600
    37: 2879
    38: 4210
    39: 6338
    40: 4914
    41: 3343
    42: 2857
    43: 1450
    44: 736
    45: 740
    46: 699
    47: 604
    48: 481
    49: 176
    50: 99
    51: 150
    52: 169
    53: 141
    54: 87
    55: 28
    56: 25
    57: 35
    58: 27
    59: 13
    60: 8
    61: 31
    62: 116
    63: 49
    64: 15
    65: 13
    66: 4
    67: 2
    68: 8
    69: 7
    70: 0
    71: 4
    72: 4
    73: 1
    74: 1
    75: 0
    76: 0
    77: 0
    78: 0
    79: 0
    80: 0
    81: 0
    82: 0
    83: 0
    84: 0
    85: 0
    86: 0
    87: 0
    88: 0
    89: 0
    90: 0
    91: 0
    92: 0
    93: 0
    94: 0
    95: 0
    96: 0
    97: 0
    98: 0
    99: 0
  mem-1: # Memory controller stats
   rd: 2539500 # Read requests
   wr: 836873 # Write requests
   rdlat: 343255922 # Total latency experienced by read requests
   wrlat: 124875111 # Total latency experienced by write requests
   rdhits: 1 # Read row hits
   wrhits: 5187 # Write row hits
   mlh: # latency histogram for memory requests
    0: 0
    1: 0
    2: 0
    3: 0
    4: 0
    5: 0
    6: 0
    7: 0
    8: 0
    9: 0
    10: 0
    11: 0
    12: 0
    13: 2261851
    14: 205894
    15: 37626
    16: 2744
    17: 146
    18: 77
    19: 209
    20: 542
    21: 704
    22: 376
    23: 493
    24: 1462
    25: 2800
    26: 1044
    27: 1408
    28: 1327
    29: 1631
    30: 1411
    31: 1536
    32: 1912
    33: 1505
    34: 1238
    35: 1232
    36: 1353
    37: 1186
    38: 1212
    39: 1385
    40: 1458
    41: 1347
    42: 1453
    43: 498
    44: 124
    45: 9
    46: 1
    47: 98
    48: 167
    49: 12
    50: 6
    51: 7
    52: 4
    53: 6
    54: 5
    55: 1
    56: 0
    57: 0
    58: 0
    59: 0
    60: 0
    61: 0
    62: 0
    63: 0
    64: 0
    65: 0
    66: 0
    67: 0
    68: 0
    69: 0
    70: 0
    71: 0
    72: 0
    73: 0
    74: 0
    75: 0
    76: 0
    77: 0
    78: 0
    79: 0
    80: 0
    81: 0
    82: 0
    83: 0
    84: 0
    85: 0
    86: 0
    87: 0
    88: 0
    89: 0
    90: 0
    91: 0
    92: 0
    93: 0
    94: 0
    95: 0
    96: 0
    97: 0
    98: 0
    99: 0
  mem-2: # Memory controller stats
   rd: 3982947 # Read requests
   wr: 996816 # Write requests
   rdlat: 537047346 # Total latency experienced by read requests
   wrlat: 150559502 # Total latency experienced by write requests
   rdhits: 4 # Read row hits
   wrhits: 1884 # Write row hits
   mlh: # latency histogram for memory requests
    0: 0
    1: 0
    2: 0
    3: 0
    4: 0
    5: 0
    6: 0
    7: 0
    8: 0
    9: 0
    10: 0
    11: 0
    12: 2
    13: 3660004
    14: 248302
    15: 18916
    16: 2444
    17: 257
    18: 143
    19: 223
    20: 391
    21: 1126
    22: 1137
    23: 1355
    24: 4561
    25: 4241
    26: 1863
    27: 2163
    28: 1725
    29: 1975
    30: 3304
    31: 2453
    32: 2925
    33: 2343
    34: 1941
    35: 2423
    36: 2050
    37: 1679
    38: 1570
    39: 1917
    40: 2442
    41: 2471
    42: 2333
    43: 998
    44: 187
    45: 314
    46: 62
    47: 381
    48: 252
    49: 29
    50: 7
    51: 11
    52: 16
    53: 5
    54: 5
    55: 1
    56: 0
    57: 0
    58: 0
    59: 0
    60: 0
    61: 0
    62: 0
    63: 0
    64: 0
    65: 0
    66: 0
    67: 0
    68: 0
    69: 0
    70: 0
    71: 0
    72: 0
    73: 0
    74: 0
    75: 0
    76: 0
    77: 0
    78: 0
    79: 0
    80: 0
    81: 0
    82: 0
    83: 0
    84: 0
    85: 0
    86: 0
    87: 0
    88: 0
    89: 0
    90: 0
    91: 0
    92: 0
    93: 0
    94: 0
    95: 0
    96: 0
    97: 0
    98: 0
    99: 0
  mem-3: # Memory controller stats
   rd: 2864014 # Read requests
   wr: 836807 # Write requests
   rdlat: 387121504 # Total latency experienced by read requests
   wrlat: 126849945 # Total latency experienced by write requests
   rdhits: 2 # Read row hits
   wrhits: 1848 # Write row hits
   mlh: # latency histogram for memory requests
    0: 0
    1: 0
    2: 0
    3: 0
    4: 0
    5: 0
    6: 0
    7: 0
    8: 0
    9: 0
    10: 0
    11: 0
    12: 1
    13: 2578331
    14: 214356
    15: 11487
    16: 22039
    17: 107
    18: 79
    19: 244
    20: 488
    21: 323
    22: 415
    23: 930
    24: 2671
    25: 3427
    26: 1510
    27: 1501
    28: 1737
    29: 1988
    30: 2014
    31: 2088
    32: 1817
    33: 1558
    34: 1364
    35: 1299
    36: 1189
    37: 1193
    38: 1454
    39: 1697
    40: 1973
    41: 1865
    42: 1760
    43: 649
    44: 79
    45: 10
    46: 10
    47: 43
    48: 287
    49: 10
    50: 6
    51: 5
    52: 2
    53: 3
    54: 5
    55: 0
    56: 0
    57: 0
    58: 0
    59: 0
    60: 0
    61: 0
    62: 0
    63: 0
    64: 0
    65: 0
    66: 0
    67: 0
    68: 0
    69: 0
    70: 0
    71: 0
    72: 0
    73: 0
    74: 0
    75: 0
    76: 0
    77: 0
    78: 0
    79: 0
    80: 0
    81: 0
    82: 0
    83: 0
    84: 0
    85: 0
    86: 0
    87: 0
    88: 0
    89: 0
    90: 0
    91: 0
    92: 0
    93: 0
    94: 0
    95: 0
    96: 0
    97: 0
    98: 0
    99: 0
 sched: # Scheduler stats
  thCr: 1 # Threads created
  thFn: 1 # Threads finished
  schedEvs: 1 # Schedule events
  waitEvs: 0 # Wait events
  handoffEvs: 0 # Handoff events
  sleepEvs: 0 # Sleep events
  idlePhases: 0 # Phases with no thread active
  idlePeriods: 0 # Periods with no thread active
  occHist: # Occupancy histogram
   0: 0
   1: 145624
  rqSzHist: # Run queue size histogram
   0: 145624
   1: 0
   2: 0
   3: 0
   4: 0
   5: 0
   6: 0
   7: 0
   8: 0
   9: 0
   10: 0
   11: 0
   12: 0
   13: 0
   14: 0
   15: 0
   16: 0
 procCycles: # Per-process unhalted core cycles
  0: 1456242643
  1: 0
  2: 0
  3: 0
  4: 0
  5: 0
  6: 0
  7: 0
  8: 0
  9: 0
  10: 0
  11: 0
  12: 0
  13: 0
  14: 0
  15: 0
  16: 0
  17: 0
  18: 0
  19: 0
  20: 0
  21: 0
  22: 0
  23: 0
  24: 0
  25: 0
  26: 0
  27: 0
  28: 0
  29: 0
  30: 0
  31: 0
  32: 0
  33: 0
  34: 0
  35: 0
  36: 0
  37: 0
  38: 0
  39: 0
  40: 0
  41: 0
  42: 0
  43: 0
  44: 0
  45: 0
  46: 0
  47: 0
  48: 0
  49: 0
  50: 0
  51: 0
  52: 0
  53: 0
  54: 0
  55: 0
  56: 0
  57: 0
  58: 0
  59: 0
  60: 0
  61: 0
  62: 0
  63: 0
 procInstrs: # Per-process instructions
  0: 1000000817
  1: 0
  2: 0
  3: 0
  4: 0
  5: 0
  6: 0
  7: 0
  8: 0
  9: 0
  10: 0
  11: 0
  12: 0
  13: 0
  14: 0
  15: 0
  16: 0
  17: 0
  18: 0
  19: 0
  20: 0
  21: 0
  22: 0
  23: 0
  24: 0
  25: 0
  26: 0
  27: 0
  28: 0
  29: 0
  30: 0
  31: 0
  32: 0
  33: 0
  34: 0
  35: 0
  36: 0
  37: 0
  38: 0
  39: 0
  40: 0
  41: 0
  42: 0
  43: 0
  44: 0
  45: 0
  46: 0
  47: 0
  48: 0
  49: 0
  50: 0
  51: 0
  52: 0
  53: 0
  54: 0
  55: 0
  56: 0
  57: 0
  58: 0
  59: 0
  60: 0
  61: 0
  62: 0
  63: 0
 heartbeats: # Per-process heartbeats
  0: 0
  1: 0
  2: 0
  3: 0
  4: 0
  5: 0
  6: 0
  7: 0
  8: 0
  9: 0
  10: 0
  11: 0
  12: 0
  13: 0
  14: 0
  15: 0
  16: 0
  17: 0
  18: 0
  19: 0
  20: 0
  21: 0
  22: 0
  23: 0
  24: 0
  25: 0
  26: 0
  27: 0
  28: 0
  29: 0
  30: 0
  31: 0
  32: 0
  33: 0
  34: 0
  35: 0
  36: 0
  37: 0
  38: 0
  39: 0
  40: 0
  41: 0
  42: 0
  43: 0
  44: 0
  45: 0
  46: 0
  47: 0
  48: 0
  49: 0
  50: 0
  51: 0
  52: 0
  53: 0
  54: 0
  55: 0
  56: 0
  57: 0
  58: 0
  59: 0
  60: 0
  61: 0
  62: 0
  63: 0
===
