# zsim stats
===
root: # Stats
 contention: # Contention simulation stats
  domain-0: # Domain stats
   time: 858994041 # Weave simulation time
 time: # Simulator time breakdown
  init: 1149144133
  bound: 37825846634
  weave: 1603269506
  ff: 0
 trigger: 20000 # Reason for this stats dump
 phase: 54504 # Simulated phases
 westmere: # Core stats
  westmere-0: # Core stats
   cycles: 545040081 # Simulated unhalted cycles
   cCycles: 17759681 # Cycles due to contention stalls
   instrs: 1000007751 # Simulated instructions
   uops: 1083712976 # Retired micro-ops
   bbls: 152612631 # Basic blocks
   approxInstrs: 1188964 # Instrs with approx uop decoding
   mispredBranches: 2890594 # Mispredicted branches
   condBranches: 143864407 # conditional branches
 l1i: # Cache stats
  l1i-0: # Filter cache stats
   fhGETS: 173442847 # Filtered GETS hits
   fhGETX: 0 # Filtered GETX hits
   hGETS: 343998 # GETS hits
   hGETX: 0 # GETX hits
   mGETS: 2297 # GETS misses
   mGETXIM: 0 # GETX I->M misses
   mGETXSM: 0 # GETX S->M misses (upgrade misses)
   PUTS: 0 # Clean evictions (from lower level)
   PUTX: 0 # Dirty evictions (from lower level)
   INV: 2268 # Invalidates (from upper level)
   INVX: 0 # Downgrades (from upper level)
   FWD: 0 # Forwards (from upper level)
   latGETnl: 271046 # GET request latency on next level
   latGETnet: 0 # GET request latency on network to next level
 l1d: # Cache stats
  l1d-0: # Filter cache stats
   fhGETS: 218536228 # Filtered GETS hits
   fhGETX: 150730888 # Filtered GETX hits
   hGETS: 6431554 # GETS hits
   hGETX: 5659519 # GETX hits
   mGETS: 5015456 # GETS misses
   mGETXIM: 2259408 # GETX I->M misses
   mGETXSM: 0 # GETX S->M misses (upgrade misses)
   PUTS: 0 # Clean evictions (from lower level)
   PUTX: 0 # Dirty evictions (from lower level)
   INV: 4811 # Invalidates (from upper level)
   INVX: 0 # Downgrades (from upper level)
   FWD: 0 # Forwards (from upper level)
   latGETnl: 210443502 # GET request latency on next level
   latGETnet: 0 # GET request latency on network to next level
 l2: # Cache stats
  l2-0: # Cache stats
   hGETS: 2286439 # GETS hits
   hGETX: 243015 # GETX hits
   mGETS: 2731314 # GETS misses
   mGETXIM: 2016393 # GETX I->M misses
   mGETXSM: 0 # GETX S->M misses (upgrade misses)
   PUTS: 3027639 # Clean evictions (from lower level)
   PUTX: 4241902 # Dirty evictions (from lower level)
   INV: 21502 # Invalidates (from upper level)
   INVX: 0 # Downgrades (from upper level)
   FWD: 0 # Forwards (from upper level)
   latGETnl: 152497260 # GET request latency on next level
   latGETnet: 0 # GET request latency on network to next level
 l3: # Cache stats
  l3-0: # Cache stats
   hGETS: 2487852 # GETS hits
   hGETX: 1620487 # GETX hits
   mGETS: 243462 # GETS misses
   mGETXIM: 395906 # GETX I->M misses
   mGETXSM: 0 # GETX S->M misses (upgrade misses)
   PUTS: 1904635 # Clean evictions (from lower level)
   PUTX: 2817474 # Dirty evictions (from lower level)
   INV: 0 # Invalidates (from upper level)
   INVX: 0 # Downgrades (from upper level)
   FWD: 0 # Forwards (from upper level)
   latGETnl: 57543120 # GET request latency on next level
   latGETnet: 0 # GET request latency on network to next level
 mem: # Memory controller stats
  mem-0: # Memory controller stats
   rd: 159714 # Read requests
   wr: 117140 # Write requests
   rdlat: 21739753 # Total latency experienced by read requests
   wrlat: 17377900 # Total latency experienced by write requests
   rdhits: 3580 # Read row hits
   wrhits: 1393 # Write row hits
   mlh: # latency histogram for memory requests
    0: 0
    1: 0
    2: 0
    3: 0
    4: 0
    5: 0
    6: 0
    7: 0
    8: 0
    9: 0
    10: 0
    11: 476
    12: 567
    13: 145186
    14: 4696
    15: 2278
    16: 1566
    17: 581
    18: 569
    19: 582
    20: 715
    21: 494
    22: 128
    23: 108
    24: 133
    25: 98
    26: 74
    27: 57
    28: 67
    29: 64
    30: 71
    31: 88
    32: 97
    33: 99
    34: 91
    35: 107
    36: 93
    37: 93
    38: 94
    39: 87
    40: 96
    41: 85
    42: 88
    43: 26
    44: 13
    45: 14
    46: 12
    47: 13
    48: 6
    49: 2
    50: 0
    51: 0
    52: 0
    53: 0
    54: 0
    55: 0
    56: 0
    57: 0
    58: 0
    59: 0
    60: 0
    61: 0
    62: 0
    63: 0
    64: 0
    65: 0
    66: 0
    67: 0
    68: 0
    69: 0
    70: 0
    71: 0
    72: 0
    73: 0
    74: 0
    75: 0
    76: 0
    77: 0
    78: 0
    79: 0
    80: 0
    81: 0
    82: 0
    83: 0
    84: 0
    85: 0
    86: 0
    87: 0
    88: 0
    89: 0
    90: 0
    91: 0
    92: 0
    93: 0
    94: 0
    95: 0
    96: 0
    97: 0
    98: 0
    99: 0
  mem-1: # Memory controller stats
   rd: 159323 # Read requests
   wr: 116908 # Write requests
   rdlat: 21660276 # Total latency experienced by read requests
   wrlat: 17232224 # Total latency experienced by write requests
   rdhits: 3600 # Read row hits
   wrhits: 1413 # Write row hits
   mlh: # latency histogram for memory requests
    0: 0
    1: 0
    2: 0
    3: 0
    4: 0
    5: 0
    6: 0
    7: 0
    8: 0
    9: 0
    10: 0
    11: 439
    12: 601
    13: 144874
    14: 4758
    15: 2342
    16: 1525
    17: 531
    18: 610
    19: 582
    20: 691
    21: 430
    22: 128
    23: 103
    24: 113
    25: 87
    26: 59
    27: 56
    28: 56
    29: 73
    30: 95
    31: 113
    32: 94
    33: 87
    34: 88
    35: 81
    36: 90
    37: 74
    38: 111
    39: 78
    40: 81
    41: 88
    42: 67
    43: 34
    44: 12
    45: 19
    46: 17
    47: 22
    48: 12
    49: 1
    50: 0
    51: 0
    52: 1
    53: 0
    54: 0
    55: 0
    56: 0
    57: 0
    58: 0
    59: 0
    60: 0
    61: 0
    62: 0
    63: 0
    64: 0
    65: 0
    66: 0
    67: 0
    68: 0
    69: 0
    70: 0
    71: 0
    72: 0
    73: 0
    74: 0
    75: 0
    76: 0
    77: 0
    78: 0
    79: 0
    80: 0
    81: 0
    82: 0
    83: 0
    84: 0
    85: 0
    86: 0
    87: 0
    88: 0
    89: 0
    90: 0
    91: 0
    92: 0
    93: 0
    94: 0
    95: 0
    96: 0
    97: 0
    98: 0
    99: 0
  mem-2: # Memory controller stats
   rd: 160451 # Read requests
   wr: 117957 # Write requests
   rdlat: 21852743 # Total latency experienced by read requests
   wrlat: 17526818 # Total latency experienced by write requests
   rdhits: 3972 # Read row hits
   wrhits: 1340 # Write row hits
   mlh: # latency histogram for memory requests
    0: 0
    1: 0
    2: 0
    3: 0
    4: 0
    5: 0
    6: 0
    7: 0
    8: 0
    9: 0
    10: 0
    11: 484
    12: 622
    13: 145292
    14: 4893
    15: 2397
    16: 1692
    17: 584
    18: 589
    19: 637
    20: 680
    21: 518
    22: 179
    23: 133
    24: 126
    25: 116
    26: 70
    27: 62
    28: 66
    29: 73
    30: 87
    31: 78
    32: 81
    33: 84
    34: 103
    35: 85
    36: 89
    37: 90
    38: 92
    39: 80
    40: 92
    41: 86
    42: 88
    43: 30
    44: 14
    45: 16
    46: 10
    47: 13
    48: 13
    49: 2
    50: 1
    51: 2
    52: 2
    53: 0
    54: 0
    55: 0
    56: 0
    57: 0
    58: 0
    59: 0
    60: 0
    61: 0
    62: 0
    63: 0
    64: 0
    65: 0
    66: 0
    67: 0
    68: 0
    69: 0
    70: 0
    71: 0
    72: 0
    73: 0
    74: 0
    75: 0
    76: 0
    77: 0
    78: 0
    79: 0
    80: 0
    81: 0
    82: 0
    83: 0
    84: 0
    85: 0
    86: 0
    87: 0
    88: 0
    89: 0
    90: 0
    91: 0
    92: 0
    93: 0
    94: 0
    95: 0
    96: 0
    97: 0
    98: 0
    99: 0
  mem-3: # Memory controller stats
   rd: 159880 # Read requests
   wr: 117581 # Write requests
   rdlat: 21764622 # Total latency experienced by read requests
   wrlat: 17380617 # Total latency experienced by write requests
   rdhits: 3623 # Read row hits
   wrhits: 1345 # Write row hits
   mlh: # latency histogram for memory requests
    0: 0
    1: 0
    2: 0
    3: 0
    4: 0
    5: 0
    6: 0
    7: 0
    8: 0
    9: 0
    10: 0
    11: 454
    12: 566
    13: 144936
    14: 4907
    15: 2426
    16: 1658
    17: 594
    18: 560
    19: 578
    20: 639
    21: 484
    22: 143
    23: 102
    24: 126
    25: 129
    26: 71
    27: 69
    28: 67
    29: 82
    30: 80
    31: 91
    32: 80
    33: 97
    34: 100
    35: 103
    36: 98
    37: 102
    38: 94
    39: 96
    40: 78
    41: 84
    42: 95
    43: 33
    44: 13
    45: 13
    46: 20
    47: 7
    48: 1
    49: 2
    50: 0
    51: 1
    52: 0
    53: 0
    54: 1
    55: 0
    56: 0
    57: 0
    58: 0
    59: 0
    60: 0
    61: 0
    62: 0
    63: 0
    64: 0
    65: 0
    66: 0
    67: 0
    68: 0
    69: 0
    70: 0
    71: 0
    72: 0
    73: 0
    74: 0
    75: 0
    76: 0
    77: 0
    78: 0
    79: 0
    80: 0
    81: 0
    82: 0
    83: 0
    84: 0
    85: 0
    86: 0
    87: 0
    88: 0
    89: 0
    90: 0
    91: 0
    92: 0
    93: 0
    94: 0
    95: 0
    96: 0
    97: 0
    98: 0
    99: 0
 sched: # Scheduler stats
  thCr: 1 # Threads created
  thFn: 1 # Threads finished
  schedEvs: 1 # Schedule events
  waitEvs: 0 # Wait events
  handoffEvs: 0 # Handoff events
  sleepEvs: 0 # Sleep events
  idlePhases: 0 # Phases with no thread active
  idlePeriods: 0 # Periods with no thread active
  occHist: # Occupancy histogram
   0: 0
   1: 54504
  rqSzHist: # Run queue size histogram
   0: 54504
   1: 0
   2: 0
   3: 0
   4: 0
   5: 0
   6: 0
   7: 0
   8: 0
   9: 0
   10: 0
   11: 0
   12: 0
   13: 0
   14: 0
   15: 0
   16: 0
 procCycles: # Per-process unhalted core cycles
  0: 545040081
  1: 0
  2: 0
  3: 0
  4: 0
  5: 0
  6: 0
  7: 0
  8: 0
  9: 0
  10: 0
  11: 0
  12: 0
  13: 0
  14: 0
  15: 0
  16: 0
  17: 0
  18: 0
  19: 0
  20: 0
  21: 0
  22: 0
  23: 0
  24: 0
  25: 0
  26: 0
  27: 0
  28: 0
  29: 0
  30: 0
  31: 0
  32: 0
  33: 0
  34: 0
  35: 0
  36: 0
  37: 0
  38: 0
  39: 0
  40: 0
  41: 0
  42: 0
  43: 0
  44: 0
  45: 0
  46: 0
  47: 0
  48: 0
  49: 0
  50: 0
  51: 0
  52: 0
  53: 0
  54: 0
  55: 0
  56: 0
  57: 0
  58: 0
  59: 0
  60: 0
  61: 0
  62: 0
  63: 0
 procInstrs: # Per-process instructions
  0: 1000007751
  1: 0
  2: 0
  3: 0
  4: 0
  5: 0
  6: 0
  7: 0
  8: 0
  9: 0
  10: 0
  11: 0
  12: 0
  13: 0
  14: 0
  15: 0
  16: 0
  17: 0
  18: 0
  19: 0
  20: 0
  21: 0
  22: 0
  23: 0
  24: 0
  25: 0
  26: 0
  27: 0
  28: 0
  29: 0
  30: 0
  31: 0
  32: 0
  33: 0
  34: 0
  35: 0
  36: 0
  37: 0
  38: 0
  39: 0
  40: 0
  41: 0
  42: 0
  43: 0
  44: 0
  45: 0
  46: 0
  47: 0
  48: 0
  49: 0
  50: 0
  51: 0
  52: 0
  53: 0
  54: 0
  55: 0
  56: 0
  57: 0
  58: 0
  59: 0
  60: 0
  61: 0
  62: 0
  63: 0
 heartbeats: # Per-process heartbeats
  0: 0
  1: 0
  2: 0
  3: 0
  4: 0
  5: 0
  6: 0
  7: 0
  8: 0
  9: 0
  10: 0
  11: 0
  12: 0
  13: 0
  14: 0
  15: 0
  16: 0
  17: 0
  18: 0
  19: 0
  20: 0
  21: 0
  22: 0
  23: 0
  24: 0
  25: 0
  26: 0
  27: 0
  28: 0
  29: 0
  30: 0
  31: 0
  32: 0
  33: 0
  34: 0
  35: 0
  36: 0
  37: 0
  38: 0
  39: 0
  40: 0
  41: 0
  42: 0
  43: 0
  44: 0
  45: 0
  46: 0
  47: 0
  48: 0
  49: 0
  50: 0
  51: 0
  52: 0
  53: 0
  54: 0
  55: 0
  56: 0
  57: 0
  58: 0
  59: 0
  60: 0
  61: 0
  62: 0
  63: 0
===
