# zsim stats
===
root: # Stats
 contention: # Contention simulation stats
  domain-0: # Domain stats
   time: 1466465817 # Weave simulation time
 time: # Simulator time breakdown
  init: 1661060097
  bound: 81361140074
  weave: 3191166582
  ff: 0
 trigger: 20000 # Reason for this stats dump
 phase: 141265 # Simulated phases
 westmere: # Core stats
  westmere-0: # Core stats
   cycles: 1412651006 # Simulated unhalted cycles
   cCycles: 57481520 # Cycles due to contention stalls
   instrs: 1000004483 # Simulated instructions
   uops: 1176428826 # Retired micro-ops
   bbls: 211892230 # Basic blocks
   approxInstrs: 3506923 # Instrs with approx uop decoding
   mispredBranches: 5716630 # Mispredicted branches
   condBranches: 152493130 # conditional branches
 l1i: # Cache stats
  l1i-0: # Filter cache stats
   fhGETS: 207122565 # Filtered GETS hits
   fhGETX: 0 # Filtered GETX hits
   hGETS: 32632902 # GETS hits
   hGETX: 0 # GETX hits
   mGETS: 771 # GETS misses
   mGETXIM: 0 # GETX I->M misses
   mGETXSM: 0 # GETX S->M misses (upgrade misses)
   PUTS: 0 # Clean evictions (from lower level)
   PUTX: 0 # Dirty evictions (from lower level)
   INV: 142 # Invalidates (from upper level)
   INVX: 0 # Downgrades (from upper level)
   FWD: 0 # Forwards (from upper level)
   latGETnl: 83678 # GET request latency on next level
   latGETnet: 0 # GET request latency on network to next level
 l1d: # Cache stats
  l1d-0: # Filter cache stats
   fhGETS: 180635224 # Filtered GETS hits
   fhGETX: 32489277 # Filtered GETX hits
   hGETS: 7575323 # GETS hits
   hGETX: 2123205 # GETX hits
   mGETS: 36939975 # GETS misses
   mGETXIM: 202706 # GETX I->M misses
   mGETXSM: 0 # GETX S->M misses (upgrade misses)
   PUTS: 0 # Clean evictions (from lower level)
   PUTX: 0 # Dirty evictions (from lower level)
   INV: 0 # Invalidates (from upper level)
   INVX: 0 # Downgrades (from upper level)
   FWD: 0 # Forwards (from upper level)
   latGETnl: 991670118 # GET request latency on next level
   latGETnet: 0 # GET request latency on network to next level
 l2: # Cache stats
  l2-0: # Cache stats
   hGETS: 9536600 # GETS hits
   hGETX: 48670 # GETX hits
   mGETS: 27404146 # GETS misses
   mGETXIM: 154036 # GETX I->M misses
   mGETXSM: 0 # GETX S->M misses (upgrade misses)
   PUTS: 36167670 # Clean evictions (from lower level)
   PUTX: 974686 # Dirty evictions (from lower level)
   INV: 83 # Invalidates (from upper level)
   INVX: 0 # Downgrades (from upper level)
   FWD: 0 # Forwards (from upper level)
   latGETnl: 694606180 # GET request latency on next level
   latGETnet: 0 # GET request latency on network to next level
 l3: # Cache stats
  l3-0: # Cache stats
   hGETS: 25912749 # GETS hits
   hGETX: 51627 # GETX hits
   mGETS: 1491397 # GETS misses
   mGETXIM: 102409 # GETX I->M misses
   mGETXSM: 0 # GETX S->M misses (upgrade misses)
   PUTS: 26699145 # Clean evictions (from lower level)
   PUTX: 854858 # Dirty evictions (from lower level)
   INV: 0 # Invalidates (from upper level)
   INVX: 0 # Downgrades (from upper level)
   FWD: 0 # Forwards (from upper level)
   latGETnl: 143442540 # GET request latency on next level
   latGETnet: 0 # GET request latency on network to next level
 mem: # Memory controller stats
  mem-0: # Memory controller stats
   rd: 399468 # Read requests
   wr: 133403 # Write requests
   rdlat: 53459324 # Total latency experienced by read requests
   wrlat: 18860803 # Total latency experienced by write requests
   rdhits: 145 # Read row hits
   wrhits: 423 # Write row hits
   mlh: # latency histogram for memory requests
    0: 0
    1: 0
    2: 0
    3: 0
    4: 0
    5: 0
    6: 0
    7: 0
    8: 0
    9: 0
    10: 0
    11: 73
    12: 13
    13: 390747
    14: 1124
    15: 1532
    16: 743
    17: 163
    18: 214
    19: 170
    20: 190
    21: 167
    22: 139
    23: 165
    24: 213
    25: 170
    26: 165
    27: 185
    28: 157
    29: 137
    30: 155
    31: 194
    32: 202
    33: 198
    34: 254
    35: 223
    36: 470
    37: 303
    38: 215
    39: 159
    40: 185
    41: 177
    42: 175
    43: 58
    44: 12
    45: 9
    46: 5
    47: 4
    48: 0
    49: 3
    50: 0
    51: 0
    52: 0
    53: 0
    54: 0
    55: 0
    56: 0
    57: 0
    58: 0
    59: 0
    60: 0
    61: 0
    62: 0
    63: 0
    64: 0
    65: 0
    66: 0
    67: 0
    68: 0
    69: 0
    70: 0
    71: 0
    72: 0
    73: 0
    74: 0
    75: 0
    76: 0
    77: 0
    78: 0
    79: 0
    80: 0
    81: 0
    82: 0
    83: 0
    84: 0
    85: 0
    86: 0
    87: 0
    88: 0
    89: 0
    90: 0
    91: 0
    92: 0
    93: 0
    94: 0
    95: 0
    96: 0
    97: 0
    98: 0
    99: 0
  mem-1: # Memory controller stats
   rd: 397328 # Read requests
   wr: 132265 # Write requests
   rdlat: 53177022 # Total latency experienced by read requests
   wrlat: 18673572 # Total latency experienced by write requests
   rdhits: 25 # Read row hits
   wrhits: 399 # Write row hits
   mlh: # latency histogram for memory requests
    0: 0
    1: 0
    2: 0
    3: 0
    4: 0
    5: 0
    6: 0
    7: 0
    8: 0
    9: 0
    10: 0
    11: 4
    12: 11
    13: 388637
    14: 1163
    15: 1526
    16: 739
    17: 132
    18: 219
    19: 151
    20: 204
    21: 198
    22: 158
    23: 174
    24: 214
    25: 177
    26: 176
    27: 168
    28: 164
    29: 174
    30: 179
    31: 205
    32: 184
    33: 188
    34: 219
    35: 207
    36: 456
    37: 296
    38: 168
    39: 165
    40: 176
    41: 195
    42: 198
    43: 67
    44: 10
    45: 8
    46: 12
    47: 3
    48: 2
    49: 1
    50: 0
    51: 0
    52: 0
    53: 0
    54: 0
    55: 0
    56: 0
    57: 0
    58: 0
    59: 0
    60: 0
    61: 0
    62: 0
    63: 0
    64: 0
    65: 0
    66: 0
    67: 0
    68: 0
    69: 0
    70: 0
    71: 0
    72: 0
    73: 0
    74: 0
    75: 0
    76: 0
    77: 0
    78: 0
    79: 0
    80: 0
    81: 0
    82: 0
    83: 0
    84: 0
    85: 0
    86: 0
    87: 0
    88: 0
    89: 0
    90: 0
    91: 0
    92: 0
    93: 0
    94: 0
    95: 0
    96: 0
    97: 0
    98: 0
    99: 0
  mem-2: # Memory controller stats
   rd: 397354 # Read requests
   wr: 132410 # Write requests
   rdlat: 53217357 # Total latency experienced by read requests
   wrlat: 18752108 # Total latency experienced by write requests
   rdhits: 53 # Read row hits
   wrhits: 376 # Write row hits
   mlh: # latency histogram for memory requests
    0: 0
    1: 0
    2: 0
    3: 0
    4: 0
    5: 0
    6: 0
    7: 0
    8: 0
    9: 0
    10: 0
    11: 14
    12: 19
    13: 388432
    14: 1142
    15: 1575
    16: 711
    17: 151
    18: 231
    19: 176
    20: 187
    21: 195
    22: 182
    23: 203
    24: 180
    25: 178
    26: 172
    27: 174
    28: 170
    29: 169
    30: 208
    31: 210
    32: 197
    33: 220
    34: 229
    35: 242
    36: 464
    37: 333
    38: 173
    39: 185
    40: 170
    41: 179
    42: 177
    43: 64
    44: 14
    45: 10
    46: 6
    47: 11
    48: 1
    49: 0
    50: 0
    51: 0
    52: 0
    53: 0
    54: 0
    55: 0
    56: 0
    57: 0
    58: 0
    59: 0
    60: 0
    61: 0
    62: 0
    63: 0
    64: 0
    65: 0
    66: 0
    67: 0
    68: 0
    69: 0
    70: 0
    71: 0
    72: 0
    73: 0
    74: 0
    75: 0
    76: 0
    77: 0
    78: 0
    79: 0
    80: 0
    81: 0
    82: 0
    83: 0
    84: 0
    85: 0
    86: 0
    87: 0
    88: 0
    89: 0
    90: 0
    91: 0
    92: 0
    93: 0
    94: 0
    95: 0
    96: 0
    97: 0
    98: 0
    99: 0
  mem-3: # Memory controller stats
   rd: 399651 # Read requests
   wr: 133720 # Write requests
   rdlat: 53530911 # Total latency experienced by read requests
   wrlat: 18863847 # Total latency experienced by write requests
   rdhits: 53 # Read row hits
   wrhits: 431 # Write row hits
   mlh: # latency histogram for memory requests
    0: 0
    1: 0
    2: 0
    3: 0
    4: 0
    5: 0
    6: 0
    7: 0
    8: 0
    9: 0
    10: 0
    11: 9
    12: 7
    13: 390461
    14: 1349
    15: 1592
    16: 769
    17: 168
    18: 222
    19: 171
    20: 168
    21: 202
    22: 169
    23: 167
    24: 205
    25: 193
    26: 151
    27: 177
    28: 193
    29: 168
    30: 182
    31: 189
    32: 200
    33: 202
    34: 253
    35: 236
    36: 522
    37: 279
    38: 187
    39: 197
    40: 193
    41: 184
    42: 198
    43: 58
    44: 14
    45: 6
    46: 4
    47: 5
    48: 1
    49: 0
    50: 0
    51: 0
    52: 0
    53: 0
    54: 0
    55: 0
    56: 0
    57: 0
    58: 0
    59: 0
    60: 0
    61: 0
    62: 0
    63: 0
    64: 0
    65: 0
    66: 0
    67: 0
    68: 0
    69: 0
    70: 0
    71: 0
    72: 0
    73: 0
    74: 0
    75: 0
    76: 0
    77: 0
    78: 0
    79: 0
    80: 0
    81: 0
    82: 0
    83: 0
    84: 0
    85: 0
    86: 0
    87: 0
    88: 0
    89: 0
    90: 0
    91: 0
    92: 0
    93: 0
    94: 0
    95: 0
    96: 0
    97: 0
    98: 0
    99: 0
 sched: # Scheduler stats
  thCr: 1 # Threads created
  thFn: 1 # Threads finished
  schedEvs: 1 # Schedule events
  waitEvs: 0 # Wait events
  handoffEvs: 0 # Handoff events
  sleepEvs: 0 # Sleep events
  idlePhases: 0 # Phases with no thread active
  idlePeriods: 0 # Periods with no thread active
  occHist: # Occupancy histogram
   0: 0
   1: 141265
  rqSzHist: # Run queue size histogram
   0: 141265
   1: 0
   2: 0
   3: 0
   4: 0
   5: 0
   6: 0
   7: 0
   8: 0
   9: 0
   10: 0
   11: 0
   12: 0
   13: 0
   14: 0
   15: 0
   16: 0
 procCycles: # Per-process unhalted core cycles
  0: 1412651006
  1: 0
  2: 0
  3: 0
  4: 0
  5: 0
  6: 0
  7: 0
  8: 0
  9: 0
  10: 0
  11: 0
  12: 0
  13: 0
  14: 0
  15: 0
  16: 0
  17: 0
  18: 0
  19: 0
  20: 0
  21: 0
  22: 0
  23: 0
  24: 0
  25: 0
  26: 0
  27: 0
  28: 0
  29: 0
  30: 0
  31: 0
  32: 0
  33: 0
  34: 0
  35: 0
  36: 0
  37: 0
  38: 0
  39: 0
  40: 0
  41: 0
  42: 0
  43: 0
  44: 0
  45: 0
  46: 0
  47: 0
  48: 0
  49: 0
  50: 0
  51: 0
  52: 0
  53: 0
  54: 0
  55: 0
  56: 0
  57: 0
  58: 0
  59: 0
  60: 0
  61: 0
  62: 0
  63: 0
 procInstrs: # Per-process instructions
  0: 1000004483
  1: 0
  2: 0
  3: 0
  4: 0
  5: 0
  6: 0
  7: 0
  8: 0
  9: 0
  10: 0
  11: 0
  12: 0
  13: 0
  14: 0
  15: 0
  16: 0
  17: 0
  18: 0
  19: 0
  20: 0
  21: 0
  22: 0
  23: 0
  24: 0
  25: 0
  26: 0
  27: 0
  28: 0
  29: 0
  30: 0
  31: 0
  32: 0
  33: 0
  34: 0
  35: 0
  36: 0
  37: 0
  38: 0
  39: 0
  40: 0
  41: 0
  42: 0
  43: 0
  44: 0
  45: 0
  46: 0
  47: 0
  48: 0
  49: 0
  50: 0
  51: 0
  52: 0
  53: 0
  54: 0
  55: 0
  56: 0
  57: 0
  58: 0
  59: 0
  60: 0
  61: 0
  62: 0
  63: 0
 heartbeats: # Per-process heartbeats
  0: 0
  1: 0
  2: 0
  3: 0
  4: 0
  5: 0
  6: 0
  7: 0
  8: 0
  9: 0
  10: 0
  11: 0
  12: 0
  13: 0
  14: 0
  15: 0
  16: 0
  17: 0
  18: 0
  19: 0
  20: 0
  21: 0
  22: 0
  23: 0
  24: 0
  25: 0
  26: 0
  27: 0
  28: 0
  29: 0
  30: 0
  31: 0
  32: 0
  33: 0
  34: 0
  35: 0
  36: 0
  37: 0
  38: 0
  39: 0
  40: 0
  41: 0
  42: 0
  43: 0
  44: 0
  45: 0
  46: 0
  47: 0
  48: 0
  49: 0
  50: 0
  51: 0
  52: 0
  53: 0
  54: 0
  55: 0
  56: 0
  57: 0
  58: 0
  59: 0
  60: 0
  61: 0
  62: 0
  63: 0
===
