# zsim stats
===
root: # Stats
 contention: # Contention simulation stats
  domain-0: # Domain stats
   time: 893846302 # Weave simulation time
 time: # Simulator time breakdown
  init: 3060138088
  bound: 477147270818
  weave: 7375821982
  ff: 0
 trigger: 20000 # Reason for this stats dump
 phase: 100368 # Simulated phases
 westmere: # Core stats
  westmere-0: # Core stats
   cycles: 911311829 # Simulated unhalted cycles
   cCycles: 3605 # Cycles due to contention stalls
   instrs: 608579606 # Simulated instructions
   uops: 642297857 # Retired micro-ops
   bbls: 87680486 # Basic blocks
   approxInstrs: 68 # Instrs with approx uop decoding
   mispredBranches: 3970712 # Mispredicted branches
   condBranches: 84424773 # conditional branches
  westmere-1: # Core stats
   cycles: 906807255 # Simulated unhalted cycles
   cCycles: 1459 # Cycles due to contention stalls
   instrs: 630385459 # Simulated instructions
   uops: 658319279 # Retired micro-ops
   bbls: 90335059 # Basic blocks
   approxInstrs: 25 # Instrs with approx uop decoding
   mispredBranches: 4126397 # Mispredicted branches
   condBranches: 88040866 # conditional branches
  westmere-2: # Core stats
   cycles: 960846481 # Simulated unhalted cycles
   cCycles: 1210 # Cycles due to contention stalls
   instrs: 661978348 # Simulated instructions
   uops: 695923023 # Retired micro-ops
   bbls: 95048089 # Basic blocks
   approxInstrs: 23 # Instrs with approx uop decoding
   mispredBranches: 4299069 # Mispredicted branches
   condBranches: 91937366 # conditional branches
  westmere-3: # Core stats
   cycles: 810024705 # Simulated unhalted cycles
   cCycles: 1223 # Cycles due to contention stalls
   instrs: 559014017 # Simulated instructions
   uops: 585003497 # Retired micro-ops
   bbls: 80713519 # Basic blocks
   approxInstrs: 31 # Instrs with approx uop decoding
   mispredBranches: 3618609 # Mispredicted branches
   condBranches: 78360233 # conditional branches
  westmere-4: # Core stats
   cycles: 864088044 # Simulated unhalted cycles
   cCycles: 1043 # Cycles due to contention stalls
   instrs: 586723335 # Simulated instructions
   uops: 617799722 # Retired micro-ops
   bbls: 84872073 # Basic blocks
   approxInstrs: 18 # Instrs with approx uop decoding
   mispredBranches: 3763917 # Mispredicted branches
   condBranches: 81830705 # conditional branches
  westmere-5: # Core stats
   cycles: 969329218 # Simulated unhalted cycles
   cCycles: 867 # Cycles due to contention stalls
   instrs: 671472611 # Simulated instructions
   uops: 710218337 # Retired micro-ops
   bbls: 97919293 # Basic blocks
   approxInstrs: 21 # Instrs with approx uop decoding
   mispredBranches: 4203441 # Mispredicted branches
   condBranches: 93691785 # conditional branches
  westmere-6: # Core stats
   cycles: 1003670015 # Simulated unhalted cycles
   cCycles: 2081 # Cycles due to contention stalls
   instrs: 702503815 # Simulated instructions
   uops: 747133214 # Retired micro-ops
   bbls: 102418270 # Basic blocks
   approxInstrs: 18 # Instrs with approx uop decoding
   mispredBranches: 4376117 # Mispredicted branches
   condBranches: 97400137 # conditional branches
  westmere-7: # Core stats
   cycles: 822930601 # Simulated unhalted cycles
   cCycles: 1313 # Cycles due to contention stalls
   instrs: 579359942 # Simulated instructions
   uops: 607559043 # Retired micro-ops
   bbls: 83287254 # Basic blocks
   approxInstrs: 19 # Instrs with approx uop decoding
   mispredBranches: 3810731 # Mispredicted branches
   condBranches: 80781637 # conditional branches
 l1i: # Cache stats
  l1i-0: # Filter cache stats
   fhGETS: 88474684 # Filtered GETS hits
   fhGETX: 0 # Filtered GETX hits
   hGETS: 1213490 # GETS hits
   hGETX: 0 # GETX hits
   mGETS: 27003945 # GETS misses
   mGETXIM: 0 # GETX I->M misses
   mGETXSM: 0 # GETX S->M misses (upgrade misses)
   PUTS: 0 # Clean evictions (from lower level)
   PUTX: 0 # Dirty evictions (from lower level)
   INV: 27003751 # Invalidates (from upper level)
   INVX: 0 # Downgrades (from upper level)
   FWD: 0 # Forwards (from upper level)
   latGETnl: 631668180 # GET request latency on next level
   latGETnet: 0 # GET request latency on network to next level
  l1i-1: # Filter cache stats
   fhGETS: 92805051 # Filtered GETS hits
   fhGETX: 0 # Filtered GETX hits
   hGETS: 819511 # GETS hits
   hGETX: 0 # GETX hits
   mGETS: 26934737 # GETS misses
   mGETXIM: 0 # GETX I->M misses
   mGETXSM: 0 # GETX S->M misses (upgrade misses)
   PUTS: 0 # Clean evictions (from lower level)
   PUTX: 0 # Dirty evictions (from lower level)
   INV: 26934610 # Invalidates (from upper level)
   INVX: 0 # Downgrades (from upper level)
   FWD: 0 # Forwards (from upper level)
   latGETnl: 622864168 # GET request latency on next level
   latGETnet: 0 # GET request latency on network to next level
  l1i-2: # Filter cache stats
   fhGETS: 97340353 # Filtered GETS hits
   fhGETX: 0 # Filtered GETX hits
   hGETS: 1110936 # GETS hits
   hGETX: 0 # GETX hits
   mGETS: 28315430 # GETS misses
   mGETXIM: 0 # GETX I->M misses
   mGETXSM: 0 # GETX S->M misses (upgrade misses)
   PUTS: 0 # Clean evictions (from lower level)
   PUTX: 0 # Dirty evictions (from lower level)
   INV: 28315289 # Invalidates (from upper level)
   INVX: 0 # Downgrades (from upper level)
   FWD: 0 # Forwards (from upper level)
   latGETnl: 656648446 # GET request latency on next level
   latGETnet: 0 # GET request latency on network to next level
  l1i-3: # Filter cache stats
   fhGETS: 82072112 # Filtered GETS hits
   fhGETX: 0 # Filtered GETX hits
   hGETS: 899687 # GETS hits
   hGETX: 0 # GETX hits
   mGETS: 24208864 # GETS misses
   mGETXIM: 0 # GETX I->M misses
   mGETXSM: 0 # GETX S->M misses (upgrade misses)
   PUTS: 0 # Clean evictions (from lower level)
   PUTX: 0 # Dirty evictions (from lower level)
   INV: 24208739 # Invalidates (from upper level)
   INVX: 0 # Downgrades (from upper level)
   FWD: 0 # Forwards (from upper level)
   latGETnl: 558253144 # GET request latency on next level
   latGETnet: 0 # GET request latency on network to next level
  l1i-4: # Filter cache stats
   fhGETS: 85675632 # Filtered GETS hits
   fhGETX: 0 # Filtered GETX hits
   hGETS: 1137509 # GETS hits
   hGETX: 0 # GETX hits
   mGETS: 25706607 # GETS misses
   mGETXIM: 0 # GETX I->M misses
   mGETXSM: 0 # GETX S->M misses (upgrade misses)
   PUTS: 0 # Clean evictions (from lower level)
   PUTX: 0 # Dirty evictions (from lower level)
   INV: 25706504 # Invalidates (from upper level)
   INVX: 0 # Downgrades (from upper level)
   FWD: 0 # Forwards (from upper level)
   latGETnl: 596634016 # GET request latency on next level
   latGETnet: 0 # GET request latency on network to next level
  l1i-5: # Filter cache stats
   fhGETS: 98464306 # Filtered GETS hits
   fhGETX: 0 # Filtered GETX hits
   hGETS: 1564520 # GETS hits
   hGETX: 0 # GETX hits
   mGETS: 28957912 # GETS misses
   mGETXIM: 0 # GETX I->M misses
   mGETXSM: 0 # GETX S->M misses (upgrade misses)
   PUTS: 0 # Clean evictions (from lower level)
   PUTX: 0 # Dirty evictions (from lower level)
   INV: 28957776 # Invalidates (from upper level)
   INVX: 0 # Downgrades (from upper level)
   FWD: 0 # Forwards (from upper level)
   latGETnl: 658745158 # GET request latency on next level
   latGETnet: 0 # GET request latency on network to next level
  l1i-6: # Filter cache stats
   fhGETS: 103475129 # Filtered GETS hits
   fhGETX: 0 # Filtered GETX hits
   hGETS: 1860039 # GETS hits
   hGETX: 0 # GETX hits
   mGETS: 29774146 # GETS misses
   mGETXIM: 0 # GETX I->M misses
   mGETXSM: 0 # GETX S->M misses (upgrade misses)
   PUTS: 0 # Clean evictions (from lower level)
   PUTX: 0 # Dirty evictions (from lower level)
   INV: 29773987 # Invalidates (from upper level)
   INVX: 0 # Downgrades (from upper level)
   FWD: 0 # Forwards (from upper level)
   latGETnl: 671703214 # GET request latency on next level
   latGETnet: 0 # GET request latency on network to next level
  l1i-7: # Filter cache stats
   fhGETS: 85548813 # Filtered GETS hits
   fhGETX: 0 # Filtered GETX hits
   hGETS: 959384 # GETS hits
   hGETX: 0 # GETX hits
   mGETS: 24620278 # GETS misses
   mGETXIM: 0 # GETX I->M misses
   mGETXSM: 0 # GETX S->M misses (upgrade misses)
   PUTS: 0 # Clean evictions (from lower level)
   PUTX: 0 # Dirty evictions (from lower level)
   INV: 24620162 # Invalidates (from upper level)
   INVX: 0 # Downgrades (from upper level)
   FWD: 0 # Forwards (from upper level)
   latGETnl: 558938476 # GET request latency on next level
   latGETnet: 0 # GET request latency on network to next level
 l1d: # Cache stats
  l1d-0: # Filter cache stats
   fhGETS: 141318252 # Filtered GETS hits
   fhGETX: 10453222 # Filtered GETX hits
   hGETS: 8635317 # GETS hits
   hGETX: 4 # GETX hits
   mGETS: 11660613 # GETS misses
   mGETXIM: 3788534 # GETX I->M misses
   mGETXSM: 13039615 # GETX S->M misses (upgrade misses)
   PUTS: 0 # Clean evictions (from lower level)
   PUTX: 0 # Dirty evictions (from lower level)
   INV: 16888584 # Invalidates (from upper level)
   INVX: 15008642 # Downgrades (from upper level)
   FWD: 0 # Forwards (from upper level)
   latGETnl: 783751450 # GET request latency on next level
   latGETnet: 0 # GET request latency on network to next level
  l1d-1: # Filter cache stats
   fhGETS: 145207515 # Filtered GETS hits
   fhGETX: 9216263 # Filtered GETX hits
   hGETS: 8281911 # GETS hits
   hGETX: 0 # GETX hits
   mGETS: 11335090 # GETS misses
   mGETXIM: 3838262 # GETX I->M misses
   mGETXSM: 13116666 # GETX S->M misses (upgrade misses)
   PUTS: 0 # Clean evictions (from lower level)
   PUTX: 0 # Dirty evictions (from lower level)
   INV: 16740307 # Invalidates (from upper level)
   INVX: 15094072 # Downgrades (from upper level)
   FWD: 0 # Forwards (from upper level)
   latGETnl: 788415266 # GET request latency on next level
   latGETnet: 0 # GET request latency on network to next level
  l1d-2: # Filter cache stats
   fhGETS: 153637673 # Filtered GETS hits
   fhGETX: 10741627 # Filtered GETX hits
   hGETS: 9035467 # GETS hits
   hGETX: 0 # GETX hits
   mGETS: 12118360 # GETS misses
   mGETXIM: 4016800 # GETX I->M misses
   mGETXSM: 13896389 # GETX S->M misses (upgrade misses)
   PUTS: 0 # Clean evictions (from lower level)
   PUTX: 0 # Dirty evictions (from lower level)
   INV: 17795040 # Invalidates (from upper level)
   INVX: 15995919 # Downgrades (from upper level)
   FWD: 0 # Forwards (from upper level)
   latGETnl: 834435298 # GET request latency on next level
   latGETnet: 0 # GET request latency on network to next level
  l1d-3: # Filter cache stats
   fhGETS: 128601130 # Filtered GETS hits
   fhGETX: 8605430 # Filtered GETX hits
   hGETS: 7767000 # GETS hits
   hGETX: 2 # GETX hits
   mGETS: 10227932 # GETS misses
   mGETXIM: 3388994 # GETX I->M misses
   mGETXSM: 11905487 # GETX S->M misses (upgrade misses)
   PUTS: 0 # Clean evictions (from lower level)
   PUTX: 0 # Dirty evictions (from lower level)
   INV: 15174002 # Invalidates (from upper level)
   INVX: 13647626 # Downgrades (from upper level)
   FWD: 0 # Forwards (from upper level)
   latGETnl: 706022464 # GET request latency on next level
   latGETnet: 0 # GET request latency on network to next level
  l1d-4: # Filter cache stats
   fhGETS: 135816321 # Filtered GETS hits
   fhGETX: 9813502 # Filtered GETX hits
   hGETS: 8393485 # GETS hits
   hGETX: 1 # GETX hits
   mGETS: 11124515 # GETS misses
   mGETXIM: 3581830 # GETX I->M misses
   mGETXSM: 12651371 # GETX S->M misses (upgrade misses)
   PUTS: 0 # Clean evictions (from lower level)
   PUTX: 0 # Dirty evictions (from lower level)
   INV: 16406090 # Invalidates (from upper level)
   INVX: 14471253 # Downgrades (from upper level)
   FWD: 0 # Forwards (from upper level)
   latGETnl: 755166814 # GET request latency on next level
   latGETnet: 0 # GET request latency on network to next level
  l1d-5: # Filter cache stats
   fhGETS: 155341171 # Filtered GETS hits
   fhGETX: 12408741 # Filtered GETX hits
   hGETS: 10333540 # GETS hits
   hGETX: 0 # GETX hits
   mGETS: 11925530 # GETS misses
   mGETXIM: 3880574 # GETX I->M misses
   mGETXSM: 14905674 # GETX S->M misses (upgrade misses)
   PUTS: 0 # Clean evictions (from lower level)
   PUTX: 0 # Dirty evictions (from lower level)
   INV: 17662579 # Invalidates (from upper level)
   INVX: 16902959 # Downgrades (from upper level)
   FWD: 0 # Forwards (from upper level)
   latGETnl: 832335044 # GET request latency on next level
   latGETnet: 0 # GET request latency on network to next level
  l1d-6: # Filter cache stats
   fhGETS: 163953274 # Filtered GETS hits
   fhGETX: 13869749 # Filtered GETX hits
   hGETS: 11202429 # GETS hits
   hGETX: 3 # GETX hits
   mGETS: 12153390 # GETS misses
   mGETXIM: 3863490 # GETX I->M misses
   mGETXSM: 15750238 # GETX S->M misses (upgrade misses)
   PUTS: 0 # Clean evictions (from lower level)
   PUTX: 0 # Dirty evictions (from lower level)
   INV: 17895888 # Invalidates (from upper level)
   INVX: 17734958 # Downgrades (from upper level)
   FWD: 0 # Forwards (from upper level)
   latGETnl: 843412428 # GET request latency on next level
   latGETnet: 0 # GET request latency on network to next level
  l1d-7: # Filter cache stats
   fhGETS: 133964248 # Filtered GETS hits
   fhGETX: 9081975 # Filtered GETX hits
   hGETS: 8181404 # GETS hits
   hGETX: 0 # GETX hits
   mGETS: 10225975 # GETS misses
   mGETXIM: 3388117 # GETX I->M misses
   mGETXSM: 12488435 # GETX S->M misses (upgrade misses)
   PUTS: 0 # Clean evictions (from lower level)
   PUTX: 0 # Dirty evictions (from lower level)
   INV: 15406007 # Invalidates (from upper level)
   INVX: 14195473 # Downgrades (from upper level)
   FWD: 0 # Forwards (from upper level)
   latGETnl: 722365642 # GET request latency on next level
   latGETnet: 0 # GET request latency on network to next level
 l2: # Cache stats
  l2-0: # Cache stats
   hGETS: 20124062 # GETS hits
   hGETX: 4351360 # GETX hits
   mGETS: 18540496 # GETS misses
   mGETXIM: 1580811 # GETX I->M misses
   mGETXSM: 10895978 # GETX S->M misses (upgrade misses)
   PUTS: 0 # Clean evictions (from lower level)
   PUTX: 0 # Dirty evictions (from lower level)
   INV: 21382007 # Invalidates (from upper level)
   INVX: 10163845 # Downgrades (from upper level)
   FWD: 0 # Forwards (from upper level)
   latGETnl: 886128382 # GET request latency on next level
   latGETnet: 0 # GET request latency on network to next level
  l2-1: # Cache stats
   hGETS: 20005907 # GETS hits
   hGETX: 4284735 # GETX hits
   mGETS: 18263920 # GETS misses
   mGETXIM: 1470419 # GETX I->M misses
   mGETXSM: 11199774 # GETX S->M misses (upgrade misses)
   PUTS: 0 # Clean evictions (from lower level)
   PUTX: 0 # Dirty evictions (from lower level)
   INV: 21145349 # Invalidates (from upper level)
   INVX: 10387835 # Downgrades (from upper level)
   FWD: 0 # Forwards (from upper level)
   latGETnl: 884160158 # GET request latency on next level
   latGETnet: 0 # GET request latency on network to next level
  l2-2: # Cache stats
   hGETS: 21331457 # GETS hits
   hGETX: 4429347 # GETX hits
   mGETS: 19102333 # GETS misses
   mGETXIM: 1594404 # GETX I->M misses
   mGETXSM: 11889438 # GETX S->M misses (upgrade misses)
   PUTS: 0 # Clean evictions (from lower level)
   PUTX: 0 # Dirty evictions (from lower level)
   INV: 22226929 # Invalidates (from upper level)
   INVX: 11070250 # Downgrades (from upper level)
   FWD: 0 # Forwards (from upper level)
   latGETnl: 934267940 # GET request latency on next level
   latGETnet: 0 # GET request latency on network to next level
  l2-3: # Cache stats
   hGETS: 18180477 # GETS hits
   hGETX: 3897061 # GETX hits
   mGETS: 16256319 # GETS misses
   mGETXIM: 1331530 # GETX I->M misses
   mGETXSM: 10065890 # GETX S->M misses (upgrade misses)
   PUTS: 0 # Clean evictions (from lower level)
   PUTX: 0 # Dirty evictions (from lower level)
   INV: 19039676 # Invalidates (from upper level)
   INVX: 9335131 # Downgrades (from upper level)
   FWD: 0 # Forwards (from upper level)
   latGETnl: 789819088 # GET request latency on next level
   latGETnet: 0 # GET request latency on network to next level
  l2-4: # Cache stats
   hGETS: 19456032 # GETS hits
   hGETX: 3993561 # GETX hits
   mGETS: 17375090 # GETS misses
   mGETXIM: 1434433 # GETX I->M misses
   mGETXSM: 10805207 # GETX S->M misses (upgrade misses)
   PUTS: 0 # Clean evictions (from lower level)
   PUTX: 0 # Dirty evictions (from lower level)
   INV: 20428886 # Invalidates (from upper level)
   INVX: 9990928 # Downgrades (from upper level)
   FWD: 0 # Forwards (from upper level)
   latGETnl: 846797014 # GET request latency on next level
   latGETnet: 0 # GET request latency on network to next level
  l2-5: # Cache stats
   hGETS: 22290318 # GETS hits
   hGETX: 5410002 # GETX hits
   mGETS: 18593124 # GETS misses
   mGETXIM: 1493123 # GETX I->M misses
   mGETXSM: 11883123 # GETX S->M misses (upgrade misses)
   PUTS: 0 # Clean evictions (from lower level)
   PUTX: 0 # Dirty evictions (from lower level)
   INV: 21873577 # Invalidates (from upper level)
   INVX: 10979864 # Downgrades (from upper level)
   FWD: 0 # Forwards (from upper level)
   latGETnl: 916985722 # GET request latency on next level
   latGETnet: 0 # GET request latency on network to next level
  l2-6: # Cache stats
   hGETS: 23291509 # GETS hits
   hGETX: 6195883 # GETX hits
   mGETS: 18636027 # GETS misses
   mGETXIM: 1538301 # GETX I->M misses
   mGETXSM: 11879544 # GETX S->M misses (upgrade misses)
   PUTS: 0 # Clean evictions (from lower level)
   PUTX: 0 # Dirty evictions (from lower level)
   INV: 22013276 # Invalidates (from upper level)
   INVX: 10979254 # Downgrades (from upper level)
   FWD: 0 # Forwards (from upper level)
   latGETnl: 919807638 # GET request latency on next level
   latGETnet: 0 # GET request latency on network to next level
  l2-7: # Cache stats
   hGETS: 18797105 # GETS hits
   hGETX: 4079302 # GETX hits
   mGETS: 16049148 # GETS misses
   mGETXIM: 1213609 # GETX I->M misses
   mGETXSM: 10583641 # GETX S->M misses (upgrade misses)
   PUTS: 0 # Clean evictions (from lower level)
   PUTX: 0 # Dirty evictions (from lower level)
   INV: 19064658 # Invalidates (from upper level)
   INVX: 9688283 # Downgrades (from upper level)
   FWD: 0 # Forwards (from upper level)
   latGETnl: 796409170 # GET request latency on next level
   latGETnet: 0 # GET request latency on network to next level
 l3: # Cache stats
  l3-0b0: # Cache stats
   hGETS: 8751362 # GETS hits
   hGETX: 3565649 # GETX hits
   mGETS: 45 # GETS misses
   mGETXIM: 4 # GETX I->M misses
   mGETXSM: 22 # GETX S->M misses (upgrade misses)
   PUTS: 0 # Clean evictions (from lower level)
   PUTX: 0 # Dirty evictions (from lower level)
   INV: 0 # Invalidates (from upper level)
   INVX: 0 # Downgrades (from upper level)
   FWD: 0 # Forwards (from upper level)
   latGETnl: 6390 # GET request latency on next level
   latGETnet: 0 # GET request latency on network to next level
  l3-0b1: # Cache stats
   hGETS: 15633762 # GETS hits
   hGETX: 7866603 # GETX hits
   mGETS: 43 # GETS misses
   mGETXIM: 4 # GETX I->M misses
   mGETXSM: 22 # GETX S->M misses (upgrade misses)
   PUTS: 0 # Clean evictions (from lower level)
   PUTX: 0 # Dirty evictions (from lower level)
   INV: 0 # Invalidates (from upper level)
   INVX: 0 # Downgrades (from upper level)
   FWD: 0 # Forwards (from upper level)
   latGETnl: 6210 # GET request latency on next level
   latGETnet: 0 # GET request latency on network to next level
  l3-0b2: # Cache stats
   hGETS: 6790202 # GETS hits
   hGETX: 4451735 # GETX hits
   mGETS: 43 # GETS misses
   mGETXIM: 4 # GETX I->M misses
   mGETXSM: 16 # GETX S->M misses (upgrade misses)
   PUTS: 0 # Clean evictions (from lower level)
   PUTX: 0 # Dirty evictions (from lower level)
   INV: 0 # Invalidates (from upper level)
   INVX: 0 # Downgrades (from upper level)
   FWD: 0 # Forwards (from upper level)
   latGETnl: 5670 # GET request latency on next level
   latGETnet: 0 # GET request latency on network to next level
  l3-0b3: # Cache stats
   hGETS: 9999012 # GETS hits
   hGETX: 5357681 # GETX hits
   mGETS: 44 # GETS misses
   mGETXIM: 2 # GETX I->M misses
   mGETXSM: 22 # GETX S->M misses (upgrade misses)
   PUTS: 0 # Clean evictions (from lower level)
   PUTX: 0 # Dirty evictions (from lower level)
   INV: 0 # Invalidates (from upper level)
   INVX: 0 # Downgrades (from upper level)
   FWD: 0 # Forwards (from upper level)
   latGETnl: 6120 # GET request latency on next level
   latGETnet: 0 # GET request latency on network to next level
  l3-0b4: # Cache stats
   hGETS: 11504401 # GETS hits
   hGETX: 7176844 # GETX hits
   mGETS: 46 # GETS misses
   mGETXIM: 5 # GETX I->M misses
   mGETXSM: 27 # GETX S->M misses (upgrade misses)
   PUTS: 0 # Clean evictions (from lower level)
   PUTX: 0 # Dirty evictions (from lower level)
   INV: 0 # Invalidates (from upper level)
   INVX: 0 # Downgrades (from upper level)
   FWD: 0 # Forwards (from upper level)
   latGETnl: 7020 # GET request latency on next level
   latGETnet: 0 # GET request latency on network to next level
  l3-0b5: # Cache stats
   hGETS: 15318572 # GETS hits
   hGETX: 7440500 # GETX hits
   mGETS: 44 # GETS misses
   mGETXIM: 2 # GETX I->M misses
   mGETXSM: 20 # GETX S->M misses (upgrade misses)
   PUTS: 0 # Clean evictions (from lower level)
   PUTX: 0 # Dirty evictions (from lower level)
   INV: 0 # Invalidates (from upper level)
   INVX: 0 # Downgrades (from upper level)
   FWD: 0 # Forwards (from upper level)
   latGETnl: 5940 # GET request latency on next level
   latGETnet: 0 # GET request latency on network to next level
  l3-0b6: # Cache stats
   hGETS: 40179582 # GETS hits
   hGETX: 40877150 # GETX hits
   mGETS: 48 # GETS misses
   mGETXIM: 4 # GETX I->M misses
   mGETXSM: 26 # GETX S->M misses (upgrade misses)
   PUTS: 0 # Clean evictions (from lower level)
   PUTX: 0 # Dirty evictions (from lower level)
   INV: 0 # Invalidates (from upper level)
   INVX: 0 # Downgrades (from upper level)
   FWD: 0 # Forwards (from upper level)
   latGETnl: 7020 # GET request latency on next level
   latGETnet: 0 # GET request latency on network to next level
  l3-0b7: # Cache stats
   hGETS: 34639200 # GETS hits
   hGETX: 24122859 # GETX hits
   mGETS: 51 # GETS misses
   mGETXIM: 2 # GETX I->M misses
   mGETXSM: 22 # GETX S->M misses (upgrade misses)
   PUTS: 0 # Clean evictions (from lower level)
   PUTX: 0 # Dirty evictions (from lower level)
   INV: 0 # Invalidates (from upper level)
   INVX: 0 # Downgrades (from upper level)
   FWD: 0 # Forwards (from upper level)
   latGETnl: 6750 # GET request latency on next level
   latGETnet: 0 # GET request latency on network to next level
 mem: # Memory controller stats
  mem-0: # Memory controller stats
   rd: 135 # Read requests
   wr: 0 # Write requests
   rdlat: 17813 # Total latency experienced by read requests
   wrlat: 0 # Total latency experienced by write requests
   rdhits: 1 # Read row hits
   wrhits: 0 # Write row hits
   mlh: # latency histogram for memory requests
    0: 0
    1: 0
    2: 0
    3: 0
    4: 0
    5: 0
    6: 0
    7: 0
    8: 0
    9: 0
    10: 0
    11: 0
    12: 0
    13: 129
    14: 6
    15: 0
    16: 0
    17: 0
    18: 0
    19: 0
    20: 0
    21: 0
    22: 0
    23: 0
    24: 0
    25: 0
    26: 0
    27: 0
    28: 0
    29: 0
    30: 0
    31: 0
    32: 0
    33: 0
    34: 0
    35: 0
    36: 0
    37: 0
    38: 0
    39: 0
    40: 0
    41: 0
    42: 0
    43: 0
    44: 0
    45: 0
    46: 0
    47: 0
    48: 0
    49: 0
    50: 0
    51: 0
    52: 0
    53: 0
    54: 0
    55: 0
    56: 0
    57: 0
    58: 0
    59: 0
    60: 0
    61: 0
    62: 0
    63: 0
    64: 0
    65: 0
    66: 0
    67: 0
    68: 0
    69: 0
    70: 0
    71: 0
    72: 0
    73: 0
    74: 0
    75: 0
    76: 0
    77: 0
    78: 0
    79: 0
    80: 0
    81: 0
    82: 0
    83: 0
    84: 0
    85: 0
    86: 0
    87: 0
    88: 0
    89: 0
    90: 0
    91: 0
    92: 0
    93: 0
    94: 0
    95: 0
    96: 0
    97: 0
    98: 0
    99: 0
  mem-1: # Memory controller stats
   rd: 149 # Read requests
   wr: 0 # Write requests
   rdlat: 19980 # Total latency experienced by read requests
   wrlat: 0 # Total latency experienced by write requests
   rdhits: 0 # Read row hits
   wrhits: 0 # Write row hits
   mlh: # latency histogram for memory requests
    0: 0
    1: 0
    2: 0
    3: 0
    4: 0
    5: 0
    6: 0
    7: 0
    8: 0
    9: 0
    10: 0
    11: 0
    12: 0
    13: 142
    14: 5
    15: 0
    16: 1
    17: 0
    18: 0
    19: 0
    20: 0
    21: 0
    22: 0
    23: 0
    24: 0
    25: 0
    26: 0
    27: 0
    28: 0
    29: 0
    30: 0
    31: 0
    32: 0
    33: 0
    34: 0
    35: 0
    36: 0
    37: 0
    38: 0
    39: 0
    40: 0
    41: 1
    42: 0
    43: 0
    44: 0
    45: 0
    46: 0
    47: 0
    48: 0
    49: 0
    50: 0
    51: 0
    52: 0
    53: 0
    54: 0
    55: 0
    56: 0
    57: 0
    58: 0
    59: 0
    60: 0
    61: 0
    62: 0
    63: 0
    64: 0
    65: 0
    66: 0
    67: 0
    68: 0
    69: 0
    70: 0
    71: 0
    72: 0
    73: 0
    74: 0
    75: 0
    76: 0
    77: 0
    78: 0
    79: 0
    80: 0
    81: 0
    82: 0
    83: 0
    84: 0
    85: 0
    86: 0
    87: 0
    88: 0
    89: 0
    90: 0
    91: 0
    92: 0
    93: 0
    94: 0
    95: 0
    96: 0
    97: 0
    98: 0
    99: 0
  mem-2: # Memory controller stats
   rd: 143 # Read requests
   wr: 0 # Write requests
   rdlat: 19823 # Total latency experienced by read requests
   wrlat: 0 # Total latency experienced by write requests
   rdhits: 1 # Read row hits
   wrhits: 0 # Write row hits
   mlh: # latency histogram for memory requests
    0: 0
    1: 0
    2: 0
    3: 0
    4: 0
    5: 0
    6: 0
    7: 0
    8: 0
    9: 0
    10: 0
    11: 0
    12: 1
    13: 127
    14: 9
    15: 2
    16: 0
    17: 0
    18: 0
    19: 0
    20: 0
    21: 0
    22: 0
    23: 0
    24: 0
    25: 0
    26: 0
    27: 0
    28: 0
    29: 0
    30: 1
    31: 0
    32: 1
    33: 0
    34: 1
    35: 0
    36: 0
    37: 0
    38: 0
    39: 0
    40: 1
    41: 0
    42: 0
    43: 0
    44: 0
    45: 0
    46: 0
    47: 0
    48: 0
    49: 0
    50: 0
    51: 0
    52: 0
    53: 0
    54: 0
    55: 0
    56: 0
    57: 0
    58: 0
    59: 0
    60: 0
    61: 0
    62: 0
    63: 0
    64: 0
    65: 0
    66: 0
    67: 0
    68: 0
    69: 0
    70: 0
    71: 0
    72: 0
    73: 0
    74: 0
    75: 0
    76: 0
    77: 0
    78: 0
    79: 0
    80: 0
    81: 0
    82: 0
    83: 0
    84: 0
    85: 0
    86: 0
    87: 0
    88: 0
    89: 0
    90: 0
    91: 0
    92: 0
    93: 0
    94: 0
    95: 0
    96: 0
    97: 0
    98: 0
    99: 0
  mem-3: # Memory controller stats
   rd: 141 # Read requests
   wr: 0 # Write requests
   rdlat: 18865 # Total latency experienced by read requests
   wrlat: 0 # Total latency experienced by write requests
   rdhits: 2 # Read row hits
   wrhits: 0 # Write row hits
   mlh: # latency histogram for memory requests
    0: 0
    1: 0
    2: 0
    3: 0
    4: 0
    5: 0
    6: 0
    7: 0
    8: 0
    9: 0
    10: 0
    11: 0
    12: 0
    13: 132
    14: 5
    15: 1
    16: 0
    17: 2
    18: 0
    19: 0
    20: 0
    21: 0
    22: 0
    23: 0
    24: 0
    25: 0
    26: 0
    27: 0
    28: 0
    29: 1
    30: 0
    31: 0
    32: 0
    33: 0
    34: 0
    35: 0
    36: 0
    37: 0
    38: 0
    39: 0
    40: 0
    41: 0
    42: 0
    43: 0
    44: 0
    45: 0
    46: 0
    47: 0
    48: 0
    49: 0
    50: 0
    51: 0
    52: 0
    53: 0
    54: 0
    55: 0
    56: 0
    57: 0
    58: 0
    59: 0
    60: 0
    61: 0
    62: 0
    63: 0
    64: 0
    65: 0
    66: 0
    67: 0
    68: 0
    69: 0
    70: 0
    71: 0
    72: 0
    73: 0
    74: 0
    75: 0
    76: 0
    77: 0
    78: 0
    79: 0
    80: 0
    81: 0
    82: 0
    83: 0
    84: 0
    85: 0
    86: 0
    87: 0
    88: 0
    89: 0
    90: 0
    91: 0
    92: 0
    93: 0
    94: 0
    95: 0
    96: 0
    97: 0
    98: 0
    99: 0
 sched: # Scheduler stats
  thCr: 9 # Threads created
  thFn: 0 # Threads finished
  schedEvs: 9 # Schedule events
  waitEvs: 1 # Wait events
  handoffEvs: 0 # Handoff events
  sleepEvs: 0 # Sleep events
  idlePhases: 0 # Phases with no thread active
  idlePeriods: 0 # Periods with no thread active
  occHist: # Occupancy histogram
   0: 0
   1: 0
   2: 1
   3: 0
   4: 0
   5: 0
   6: 0
   7: 0
   8: 100367
  rqSzHist: # Run queue size histogram
   0: 100367
   1: 1
   2: 0
   3: 0
   4: 0
   5: 0
   6: 0
   7: 0
   8: 0
   9: 0
   10: 0
   11: 0
   12: 0
   13: 0
   14: 0
   15: 0
   16: 0
 procCycles: # Per-process unhalted core cycles
  0: 7249008148
  1: 0
  2: 0
  3: 0
  4: 0
  5: 0
  6: 0
  7: 0
  8: 0
  9: 0
  10: 0
  11: 0
  12: 0
  13: 0
  14: 0
  15: 0
  16: 0
  17: 0
  18: 0
  19: 0
  20: 0
  21: 0
  22: 0
  23: 0
  24: 0
  25: 0
  26: 0
  27: 0
  28: 0
  29: 0
  30: 0
  31: 0
  32: 0
  33: 0
  34: 0
  35: 0
  36: 0
  37: 0
  38: 0
  39: 0
  40: 0
  41: 0
  42: 0
  43: 0
  44: 0
  45: 0
  46: 0
  47: 0
  48: 0
  49: 0
  50: 0
  51: 0
  52: 0
  53: 0
  54: 0
  55: 0
  56: 0
  57: 0
  58: 0
  59: 0
  60: 0
  61: 0
  62: 0
  63: 0
 procInstrs: # Per-process instructions
  0: 5000017133
  1: 0
  2: 0
  3: 0
  4: 0
  5: 0
  6: 0
  7: 0
  8: 0
  9: 0
  10: 0
  11: 0
  12: 0
  13: 0
  14: 0
  15: 0
  16: 0
  17: 0
  18: 0
  19: 0
  20: 0
  21: 0
  22: 0
  23: 0
  24: 0
  25: 0
  26: 0
  27: 0
  28: 0
  29: 0
  30: 0
  31: 0
  32: 0
  33: 0
  34: 0
  35: 0
  36: 0
  37: 0
  38: 0
  39: 0
  40: 0
  41: 0
  42: 0
  43: 0
  44: 0
  45: 0
  46: 0
  47: 0
  48: 0
  49: 0
  50: 0
  51: 0
  52: 0
  53: 0
  54: 0
  55: 0
  56: 0
  57: 0
  58: 0
  59: 0
  60: 0
  61: 0
  62: 0
  63: 0
 heartbeats: # Per-process heartbeats
  0: 0
  1: 0
  2: 0
  3: 0
  4: 0
  5: 0
  6: 0
  7: 0
  8: 0
  9: 0
  10: 0
  11: 0
  12: 0
  13: 0
  14: 0
  15: 0
  16: 0
  17: 0
  18: 0
  19: 0
  20: 0
  21: 0
  22: 0
  23: 0
  24: 0
  25: 0
  26: 0
  27: 0
  28: 0
  29: 0
  30: 0
  31: 0
  32: 0
  33: 0
  34: 0
  35: 0
  36: 0
  37: 0
  38: 0
  39: 0
  40: 0
  41: 0
  42: 0
  43: 0
  44: 0
  45: 0
  46: 0
  47: 0
  48: 0
  49: 0
  50: 0
  51: 0
  52: 0
  53: 0
  54: 0
  55: 0
  56: 0
  57: 0
  58: 0
  59: 0
  60: 0
  61: 0
  62: 0
  63: 0
===
