# zsim stats
===
root: # Stats
 contention: # Contention simulation stats
  domain-0: # Domain stats
   time: 1715376215 # Weave simulation time
 time: # Simulator time breakdown
  init: 12406957091
  bound: 84245106185
  weave: 3364929977
  ff: 0
 trigger: 20000 # Reason for this stats dump
 phase: 103125 # Simulated phases
 westmere: # Core stats
  westmere-0: # Core stats
   cycles: 1031251036 # Simulated unhalted cycles
   cCycles: 64616565 # Cycles due to contention stalls
   instrs: 1000008978 # Simulated instructions
   uops: 1207628710 # Retired micro-ops
   bbls: 230341972 # Basic blocks
   approxInstrs: 3785400 # Instrs with approx uop decoding
   mispredBranches: 13113261 # Mispredicted branches
   condBranches: 160018733 # conditional branches
 l1i: # Cache stats
  l1i-0: # Filter cache stats
   fhGETS: 232347546 # Filtered GETS hits
   fhGETX: 0 # Filtered GETX hits
   hGETS: 46903423 # GETS hits
   hGETX: 0 # GETX hits
   mGETS: 11498678 # GETS misses
   mGETXIM: 0 # GETX I->M misses
   mGETXSM: 0 # GETX S->M misses (upgrade misses)
   PUTS: 0 # Clean evictions (from lower level)
   PUTX: 0 # Dirty evictions (from lower level)
   INV: 176 # Invalidates (from upper level)
   INVX: 0 # Downgrades (from upper level)
   FWD: 0 # Forwards (from upper level)
   latGETnl: 108857654 # GET request latency on next level
   latGETnet: 0 # GET request latency on network to next level
 l1d: # Cache stats
  l1d-0: # Filter cache stats
   fhGETS: 227552130 # Filtered GETS hits
   fhGETX: 147695607 # Filtered GETX hits
   hGETS: 28365454 # GETS hits
   hGETX: 14089538 # GETX hits
   mGETS: 6051300 # GETS misses
   mGETXIM: 2091397 # GETX I->M misses
   mGETXSM: 0 # GETX S->M misses (upgrade misses)
   PUTS: 0 # Clean evictions (from lower level)
   PUTX: 0 # Dirty evictions (from lower level)
   INV: 360 # Invalidates (from upper level)
   INVX: 0 # Downgrades (from upper level)
   FWD: 0 # Forwards (from upper level)
   latGETnl: 311383226 # GET request latency on next level
   latGETnet: 0 # GET request latency on network to next level
 l2: # Cache stats
  l2-0: # Cache stats
   hGETS: 13760896 # GETS hits
   hGETX: 1048536 # GETX hits
   mGETS: 3789082 # GETS misses
   mGETXIM: 1042861 # GETX I->M misses
   mGETXSM: 0 # GETX S->M misses (upgrade misses)
   PUTS: 16374547 # Clean evictions (from lower level)
   PUTX: 3265268 # Dirty evictions (from lower level)
   INV: 0 # Invalidates (from upper level)
   INVX: 0 # Downgrades (from upper level)
   FWD: 0 # Forwards (from upper level)
   latGETnl: 263109880 # GET request latency on next level
   latGETnet: 0 # GET request latency on network to next level
 l3: # Cache stats
  l3-0: # Cache stats
   hGETS: 2774475 # GETS hits
   hGETX: 207790 # GETX hits
   mGETS: 1014607 # GETS misses
   mGETXIM: 835071 # GETX I->M misses
   mGETXSM: 0 # GETX S->M misses (upgrade misses)
   PUTS: 3010824 # Clean evictions (from lower level)
   PUTX: 1817023 # Dirty evictions (from lower level)
   INV: 0 # Invalidates (from upper level)
   INVX: 0 # Downgrades (from upper level)
   FWD: 0 # Forwards (from upper level)
   latGETnl: 166471020 # GET request latency on next level
   latGETnet: 0 # GET request latency on network to next level
 mem: # Memory controller stats
  mem-0: # Memory controller stats
   rd: 474028 # Read requests
   wr: 271955 # Write requests
   rdlat: 63728455 # Total latency experienced by read requests
   wrlat: 38462572 # Total latency experienced by write requests
   rdhits: 1113 # Read row hits
   wrhits: 555 # Write row hits
   mlh: # latency histogram for memory requests
    0: 0
    1: 0
    2: 0
    3: 0
    4: 0
    5: 0
    6: 0
    7: 0
    8: 0
    9: 0
    10: 0
    11: 81
    12: 125
    13: 457202
    14: 4561
    15: 3068
    16: 1087
    17: 475
    18: 614
    19: 366
    20: 472
    21: 347
    22: 245
    23: 317
    24: 307
    25: 285
    26: 214
    27: 246
    28: 232
    29: 234
    30: 262
    31: 285
    32: 271
    33: 257
    34: 254
    35: 274
    36: 243
    37: 261
    38: 275
    39: 243
    40: 240
    41: 252
    42: 256
    43: 111
    44: 21
    45: 15
    46: 10
    47: 13
    48: 4
    49: 1
    50: 0
    51: 1
    52: 0
    53: 0
    54: 0
    55: 0
    56: 1
    57: 0
    58: 0
    59: 0
    60: 0
    61: 0
    62: 0
    63: 0
    64: 0
    65: 0
    66: 0
    67: 0
    68: 0
    69: 0
    70: 0
    71: 0
    72: 0
    73: 0
    74: 0
    75: 0
    76: 0
    77: 0
    78: 0
    79: 0
    80: 0
    81: 0
    82: 0
    83: 0
    84: 0
    85: 0
    86: 0
    87: 0
    88: 0
    89: 0
    90: 0
    91: 0
    92: 0
    93: 0
    94: 0
    95: 0
    96: 0
    97: 0
    98: 0
    99: 0
  mem-1: # Memory controller stats
   rd: 450675 # Read requests
   wr: 271555 # Write requests
   rdlat: 60600097 # Total latency experienced by read requests
   wrlat: 38445365 # Total latency experienced by write requests
   rdhits: 1100 # Read row hits
   wrhits: 564 # Write row hits
   mlh: # latency histogram for memory requests
    0: 0
    1: 0
    2: 0
    3: 0
    4: 0
    5: 0
    6: 0
    7: 0
    8: 0
    9: 0
    10: 0
    11: 87
    12: 98
    13: 434630
    14: 4291
    15: 2796
    16: 1200
    17: 468
    18: 516
    19: 383
    20: 476
    21: 340
    22: 283
    23: 261
    24: 266
    25: 229
    26: 216
    27: 238
    28: 233
    29: 252
    30: 250
    31: 249
    32: 248
    33: 290
    34: 239
    35: 262
    36: 240
    37: 247
    38: 243
    39: 266
    40: 256
    41: 258
    42: 233
    43: 80
    44: 7
    45: 13
    46: 12
    47: 12
    48: 5
    49: 1
    50: 0
    51: 0
    52: 0
    53: 1
    54: 0
    55: 0
    56: 0
    57: 0
    58: 0
    59: 0
    60: 0
    61: 0
    62: 0
    63: 0
    64: 0
    65: 0
    66: 0
    67: 0
    68: 0
    69: 0
    70: 0
    71: 0
    72: 0
    73: 0
    74: 0
    75: 0
    76: 0
    77: 0
    78: 0
    79: 0
    80: 0
    81: 0
    82: 0
    83: 0
    84: 0
    85: 0
    86: 0
    87: 0
    88: 0
    89: 0
    90: 0
    91: 0
    92: 0
    93: 0
    94: 0
    95: 0
    96: 0
    97: 0
    98: 0
    99: 0
  mem-2: # Memory controller stats
   rd: 472802 # Read requests
   wr: 271649 # Write requests
   rdlat: 63574982 # Total latency experienced by read requests
   wrlat: 38430869 # Total latency experienced by write requests
   rdhits: 1082 # Read row hits
   wrhits: 582 # Write row hits
   mlh: # latency histogram for memory requests
    0: 0
    1: 0
    2: 0
    3: 0
    4: 0
    5: 0
    6: 0
    7: 0
    8: 0
    9: 0
    10: 0
    11: 82
    12: 111
    13: 456001
    14: 4517
    15: 3042
    16: 1156
    17: 481
    18: 510
    19: 366
    20: 527
    21: 387
    22: 280
    23: 272
    24: 321
    25: 234
    26: 247
    27: 221
    28: 218
    29: 237
    30: 258
    31: 265
    32: 308
    33: 277
    34: 266
    35: 275
    36: 231
    37: 266
    38: 233
    39: 268
    40: 241
    41: 274
    42: 274
    43: 88
    44: 20
    45: 16
    46: 13
    47: 13
    48: 6
    49: 0
    50: 0
    51: 0
    52: 0
    53: 0
    54: 0
    55: 0
    56: 0
    57: 0
    58: 0
    59: 0
    60: 0
    61: 0
    62: 0
    63: 0
    64: 0
    65: 0
    66: 0
    67: 0
    68: 0
    69: 0
    70: 0
    71: 0
    72: 0
    73: 0
    74: 0
    75: 0
    76: 0
    77: 0
    78: 0
    79: 0
    80: 0
    81: 0
    82: 0
    83: 0
    84: 0
    85: 0
    86: 0
    87: 0
    88: 0
    89: 0
    90: 0
    91: 0
    92: 0
    93: 0
    94: 0
    95: 0
    96: 0
    97: 0
    98: 0
    99: 0
  mem-3: # Memory controller stats
   rd: 452168 # Read requests
   wr: 272394 # Write requests
   rdlat: 60786393 # Total latency experienced by read requests
   wrlat: 38520640 # Total latency experienced by write requests
   rdhits: 1085 # Read row hits
   wrhits: 585 # Write row hits
   mlh: # latency histogram for memory requests
    0: 0
    1: 0
    2: 0
    3: 0
    4: 0
    5: 0
    6: 0
    7: 0
    8: 0
    9: 0
    10: 0
    11: 80
    12: 120
    13: 435977
    14: 4548
    15: 2780
    16: 1143
    17: 484
    18: 537
    19: 374
    20: 494
    21: 321
    22: 261
    23: 252
    24: 271
    25: 233
    26: 207
    27: 226
    28: 228
    29: 229
    30: 261
    31: 241
    32: 272
    33: 279
    34: 256
    35: 251
    36: 224
    37: 257
    38: 257
    39: 251
    40: 198
    41: 269
    42: 237
    43: 107
    44: 14
    45: 7
    46: 8
    47: 9
    48: 4
    49: 1
    50: 0
    51: 0
    52: 0
    53: 0
    54: 0
    55: 0
    56: 0
    57: 0
    58: 0
    59: 0
    60: 0
    61: 0
    62: 0
    63: 0
    64: 0
    65: 0
    66: 0
    67: 0
    68: 0
    69: 0
    70: 0
    71: 0
    72: 0
    73: 0
    74: 0
    75: 0
    76: 0
    77: 0
    78: 0
    79: 0
    80: 0
    81: 0
    82: 0
    83: 0
    84: 0
    85: 0
    86: 0
    87: 0
    88: 0
    89: 0
    90: 0
    91: 0
    92: 0
    93: 0
    94: 0
    95: 0
    96: 0
    97: 0
    98: 0
    99: 0
 sched: # Scheduler stats
  thCr: 1 # Threads created
  thFn: 1 # Threads finished
  schedEvs: 1 # Schedule events
  waitEvs: 0 # Wait events
  handoffEvs: 0 # Handoff events
  sleepEvs: 0 # Sleep events
  idlePhases: 0 # Phases with no thread active
  idlePeriods: 0 # Periods with no thread active
  occHist: # Occupancy histogram
   0: 0
   1: 103125
  rqSzHist: # Run queue size histogram
   0: 103125
   1: 0
   2: 0
   3: 0
   4: 0
   5: 0
   6: 0
   7: 0
   8: 0
   9: 0
   10: 0
   11: 0
   12: 0
   13: 0
   14: 0
   15: 0
   16: 0
 procCycles: # Per-process unhalted core cycles
  0: 1031251036
  1: 0
  2: 0
  3: 0
  4: 0
  5: 0
  6: 0
  7: 0
  8: 0
  9: 0
  10: 0
  11: 0
  12: 0
  13: 0
  14: 0
  15: 0
  16: 0
  17: 0
  18: 0
  19: 0
  20: 0
  21: 0
  22: 0
  23: 0
  24: 0
  25: 0
  26: 0
  27: 0
  28: 0
  29: 0
  30: 0
  31: 0
  32: 0
  33: 0
  34: 0
  35: 0
  36: 0
  37: 0
  38: 0
  39: 0
  40: 0
  41: 0
  42: 0
  43: 0
  44: 0
  45: 0
  46: 0
  47: 0
  48: 0
  49: 0
  50: 0
  51: 0
  52: 0
  53: 0
  54: 0
  55: 0
  56: 0
  57: 0
  58: 0
  59: 0
  60: 0
  61: 0
  62: 0
  63: 0
 procInstrs: # Per-process instructions
  0: 1000008978
  1: 0
  2: 0
  3: 0
  4: 0
  5: 0
  6: 0
  7: 0
  8: 0
  9: 0
  10: 0
  11: 0
  12: 0
  13: 0
  14: 0
  15: 0
  16: 0
  17: 0
  18: 0
  19: 0
  20: 0
  21: 0
  22: 0
  23: 0
  24: 0
  25: 0
  26: 0
  27: 0
  28: 0
  29: 0
  30: 0
  31: 0
  32: 0
  33: 0
  34: 0
  35: 0
  36: 0
  37: 0
  38: 0
  39: 0
  40: 0
  41: 0
  42: 0
  43: 0
  44: 0
  45: 0
  46: 0
  47: 0
  48: 0
  49: 0
  50: 0
  51: 0
  52: 0
  53: 0
  54: 0
  55: 0
  56: 0
  57: 0
  58: 0
  59: 0
  60: 0
  61: 0
  62: 0
  63: 0
 heartbeats: # Per-process heartbeats
  0: 0
  1: 0
  2: 0
  3: 0
  4: 0
  5: 0
  6: 0
  7: 0
  8: 0
  9: 0
  10: 0
  11: 0
  12: 0
  13: 0
  14: 0
  15: 0
  16: 0
  17: 0
  18: 0
  19: 0
  20: 0
  21: 0
  22: 0
  23: 0
  24: 0
  25: 0
  26: 0
  27: 0
  28: 0
  29: 0
  30: 0
  31: 0
  32: 0
  33: 0
  34: 0
  35: 0
  36: 0
  37: 0
  38: 0
  39: 0
  40: 0
  41: 0
  42: 0
  43: 0
  44: 0
  45: 0
  46: 0
  47: 0
  48: 0
  49: 0
  50: 0
  51: 0
  52: 0
  53: 0
  54: 0
  55: 0
  56: 0
  57: 0
  58: 0
  59: 0
  60: 0
  61: 0
  62: 0
  63: 0
===
