# zsim stats
===
root: # Stats
 contention: # Contention simulation stats
  domain-0: # Domain stats
   time: 20156216641 # Weave simulation time
 time: # Simulator time breakdown
  init: 1560731104
  bound: 93202203607
  weave: 21952084993
  ff: 0
 trigger: 20000 # Reason for this stats dump
 phase: 147222 # Simulated phases
 westmere: # Core stats
  westmere-0: # Core stats
   cycles: 1472221813 # Simulated unhalted cycles
   cCycles: 277919268 # Cycles due to contention stalls
   instrs: 1000005475 # Simulated instructions
   uops: 1134631480 # Retired micro-ops
   bbls: 43806387 # Basic blocks
   approxInstrs: 4636494 # Instrs with approx uop decoding
   mispredBranches: 96152 # Mispredicted branches
   condBranches: 29698782 # conditional branches
 l1i: # Cache stats
  l1i-0: # Filter cache stats
   fhGETS: 109883288 # Filtered GETS hits
   fhGETX: 0 # Filtered GETX hits
   hGETS: 652 # GETS hits
   hGETX: 0 # GETX hits
   mGETS: 324 # GETS misses
   mGETXIM: 0 # GETX I->M misses
   mGETXSM: 0 # GETX S->M misses (upgrade misses)
   PUTS: 0 # Clean evictions (from lower level)
   PUTX: 0 # Dirty evictions (from lower level)
   INV: 22 # Invalidates (from upper level)
   INVX: 0 # Downgrades (from upper level)
   FWD: 0 # Forwards (from upper level)
   latGETnl: 38232 # GET request latency on next level
   latGETnet: 0 # GET request latency on network to next level
 l1d: # Cache stats
  l1d-0: # Filter cache stats
   fhGETS: 184384030 # Filtered GETS hits
   fhGETX: 55270275 # Filtered GETX hits
   hGETS: 8282594 # GETS hits
   hGETX: 6647018 # GETX hits
   mGETS: 9795139 # GETS misses
   mGETXIM: 35839367 # GETX I->M misses
   mGETXSM: 0 # GETX S->M misses (upgrade misses)
   PUTS: 0 # Clean evictions (from lower level)
   PUTX: 0 # Dirty evictions (from lower level)
   INV: 0 # Invalidates (from upper level)
   INVX: 0 # Downgrades (from upper level)
   FWD: 0 # Forwards (from upper level)
   latGETnl: 3553829558 # GET request latency on next level
   latGETnet: 0 # GET request latency on network to next level
 l2: # Cache stats
  l2-0: # Cache stats
   hGETS: 5351 # GETS hits
   hGETX: 16639707 # GETX hits
   mGETS: 9790112 # GETS misses
   mGETXIM: 19199660 # GETX I->M misses
   mGETXSM: 0 # GETX S->M misses (upgrade misses)
   PUTS: 9655311 # Clean evictions (from lower level)
   PUTX: 35978683 # Dirty evictions (from lower level)
   INV: 24 # Invalidates (from upper level)
   INVX: 0 # Downgrades (from upper level)
   FWD: 0 # Forwards (from upper level)
   latGETnl: 3188789150 # GET request latency on next level
   latGETnet: 0 # GET request latency on network to next level
 l3: # Cache stats
  l3-0: # Cache stats
   hGETS: 551 # GETS hits
   hGETX: 402 # GETX hits
   mGETS: 9789561 # GETS misses
   mGETXIM: 19199258 # GETX I->M misses
   mGETXSM: 0 # GETX S->M misses (upgrade misses)
   PUTS: 9649278 # Clean evictions (from lower level)
   PUTX: 19336374 # Dirty evictions (from lower level)
   INV: 0 # Invalidates (from upper level)
   INVX: 0 # Downgrades (from upper level)
   FWD: 0 # Forwards (from upper level)
   latGETnl: 2608993710 # GET request latency on next level
   latGETnet: 0 # GET request latency on network to next level
 mem: # Memory controller stats
  mem-0: # Memory controller stats
   rd: 7257321 # Read requests
   wr: 4838940 # Write requests
   rdlat: 1030817550 # Total latency experienced by read requests
   wrlat: 849658245 # Total latency experienced by write requests
   rdhits: 754 # Read row hits
   wrhits: 165643 # Write row hits
   mlh: # latency histogram for memory requests
    0: 0
    1: 0
    2: 0
    3: 0
    4: 0
    5: 0
    6: 0
    7: 0
    8: 0
    9: 1
    10: 1
    11: 19
    12: 19
    13: 4280817
    14: 1469898
    15: 993783
    16: 220972
    17: 99838
    18: 11739
    19: 20518
    20: 20625
    21: 31713
    22: 19960
    23: 13210
    24: 9378
    25: 5268
    26: 3591
    27: 4077
    28: 5358
    29: 3983
    30: 3026
    31: 2680
    32: 2415
    33: 3072
    34: 4581
    35: 2770
    36: 1966
    37: 2015
    38: 2021
    39: 2711
    40: 2746
    41: 3030
    42: 2495
    43: 1636
    44: 937
    45: 448
    46: 657
    47: 650
    48: 1330
    49: 751
    50: 151
    51: 111
    52: 89
    53: 93
    54: 79
    55: 39
    56: 15
    57: 10
    58: 9
    59: 3
    60: 8
    61: 3
    62: 3
    63: 1
    64: 0
    65: 2
    66: 0
    67: 0
    68: 0
    69: 0
    70: 0
    71: 0
    72: 0
    73: 0
    74: 0
    75: 0
    76: 0
    77: 0
    78: 0
    79: 0
    80: 0
    81: 0
    82: 0
    83: 0
    84: 0
    85: 0
    86: 0
    87: 0
    88: 0
    89: 0
    90: 0
    91: 0
    92: 0
    93: 0
    94: 0
    95: 0
    96: 0
    97: 0
    98: 0
    99: 0
  mem-1: # Memory controller stats
   rd: 7237113 # Read requests
   wr: 4818738 # Write requests
   rdlat: 1027319562 # Total latency experienced by read requests
   wrlat: 839673641 # Total latency experienced by write requests
   rdhits: 650 # Read row hits
   wrhits: 168751 # Write row hits
   mlh: # latency histogram for memory requests
    0: 0
    1: 0
    2: 0
    3: 0
    4: 0
    5: 0
    6: 0
    7: 0
    8: 0
    9: 1
    10: 1
    11: 23
    12: 32
    13: 4290343
    14: 1451832
    15: 978767
    16: 226298
    17: 112144
    18: 10492
    19: 18376
    20: 17349
    21: 28249
    22: 17969
    23: 12437
    24: 8753
    25: 5928
    26: 3806
    27: 3962
    28: 4814
    29: 3694
    30: 2980
    31: 2674
    32: 2315
    33: 3113
    34: 4537
    35: 2781
    36: 1918
    37: 1847
    38: 2021
    39: 2615
    40: 2722
    41: 3001
    42: 2444
    43: 1629
    44: 903
    45: 434
    46: 644
    47: 597
    48: 1361
    49: 726
    50: 150
    51: 109
    52: 97
    53: 86
    54: 76
    55: 16
    56: 12
    57: 8
    58: 10
    59: 2
    60: 4
    61: 5
    62: 2
    63: 1
    64: 1
    65: 2
    66: 0
    67: 0
    68: 0
    69: 0
    70: 0
    71: 0
    72: 0
    73: 0
    74: 0
    75: 0
    76: 0
    77: 0
    78: 0
    79: 0
    80: 0
    81: 0
    82: 0
    83: 0
    84: 0
    85: 0
    86: 0
    87: 0
    88: 0
    89: 0
    90: 0
    91: 0
    92: 0
    93: 0
    94: 0
    95: 0
    96: 0
    97: 0
    98: 0
    99: 0
  mem-2: # Memory controller stats
   rd: 7257393 # Read requests
   wr: 4839031 # Write requests
   rdlat: 1030876935 # Total latency experienced by read requests
   wrlat: 850750810 # Total latency experienced by write requests
   rdhits: 694 # Read row hits
   wrhits: 166657 # Write row hits
   mlh: # latency histogram for memory requests
    0: 0
    1: 0
    2: 0
    3: 0
    4: 0
    5: 0
    6: 0
    7: 0
    8: 0
    9: 1
    10: 3
    11: 24
    12: 35
    13: 4278546
    14: 1470286
    15: 993638
    16: 223116
    17: 100016
    18: 11675
    19: 20254
    20: 20634
    21: 31790
    22: 19951
    23: 13141
    24: 9287
    25: 5339
    26: 3771
    27: 4117
    28: 5490
    29: 3912
    30: 2989
    31: 2735
    32: 2408
    33: 3123
    34: 4542
    35: 2781
    36: 2003
    37: 1953
    38: 1892
    39: 2668
    40: 2702
    41: 3034
    42: 2531
    43: 1557
    44: 965
    45: 449
    46: 664
    47: 675
    48: 1342
    49: 720
    50: 160
    51: 132
    52: 86
    53: 108
    54: 88
    55: 26
    56: 11
    57: 0
    58: 5
    59: 5
    60: 4
    61: 2
    62: 4
    63: 0
    64: 2
    65: 1
    66: 0
    67: 0
    68: 0
    69: 0
    70: 0
    71: 0
    72: 0
    73: 0
    74: 0
    75: 0
    76: 0
    77: 0
    78: 0
    79: 0
    80: 0
    81: 0
    82: 0
    83: 0
    84: 0
    85: 0
    86: 0
    87: 0
    88: 0
    89: 0
    90: 0
    91: 0
    92: 0
    93: 0
    94: 0
    95: 0
    96: 0
    97: 0
    98: 0
    99: 0
  mem-3: # Memory controller stats
   rd: 7236942 # Read requests
   wr: 4818655 # Write requests
   rdlat: 1027508707 # Total latency experienced by read requests
   wrlat: 839731212 # Total latency experienced by write requests
   rdhits: 676 # Read row hits
   wrhits: 164432 # Write row hits
   mlh: # latency histogram for memory requests
    0: 0
    1: 0
    2: 0
    3: 0
    4: 0
    5: 0
    6: 0
    7: 0
    8: 0
    9: 4
    10: 1
    11: 28
    12: 16
    13: 4286558
    14: 1452683
    15: 976954
    16: 231217
    17: 110480
    18: 10150
    19: 18077
    20: 17399
    21: 28816
    22: 18624
    23: 12803
    24: 8979
    25: 6008
    26: 3779
    27: 3804
    28: 5005
    29: 3793
    30: 2908
    31: 2764
    32: 2294
    33: 3063
    34: 4534
    35: 2745
    36: 1878
    37: 1884
    38: 1929
    39: 2706
    40: 2836
    41: 2982
    42: 2433
    43: 1623
    44: 925
    45: 421
    46: 629
    47: 605
    48: 1351
    49: 720
    50: 120
    51: 108
    52: 70
    53: 92
    54: 77
    55: 25
    56: 9
    57: 5
    58: 11
    59: 3
    60: 5
    61: 4
    62: 3
    63: 0
    64: 2
    65: 0
    66: 0
    67: 0
    68: 0
    69: 0
    70: 0
    71: 0
    72: 0
    73: 0
    74: 0
    75: 0
    76: 0
    77: 0
    78: 0
    79: 0
    80: 0
    81: 0
    82: 0
    83: 0
    84: 0
    85: 0
    86: 0
    87: 0
    88: 0
    89: 0
    90: 0
    91: 0
    92: 0
    93: 0
    94: 0
    95: 0
    96: 0
    97: 0
    98: 0
    99: 0
 sched: # Scheduler stats
  thCr: 1 # Threads created
  thFn: 1 # Threads finished
  schedEvs: 1 # Schedule events
  waitEvs: 0 # Wait events
  handoffEvs: 0 # Handoff events
  sleepEvs: 0 # Sleep events
  idlePhases: 0 # Phases with no thread active
  idlePeriods: 0 # Periods with no thread active
  occHist: # Occupancy histogram
   0: 0
   1: 147222
  rqSzHist: # Run queue size histogram
   0: 147222
   1: 0
   2: 0
   3: 0
   4: 0
   5: 0
   6: 0
   7: 0
   8: 0
   9: 0
   10: 0
   11: 0
   12: 0
   13: 0
   14: 0
   15: 0
   16: 0
 procCycles: # Per-process unhalted core cycles
  0: 1472221813
  1: 0
  2: 0
  3: 0
  4: 0
  5: 0
  6: 0
  7: 0
  8: 0
  9: 0
  10: 0
  11: 0
  12: 0
  13: 0
  14: 0
  15: 0
  16: 0
  17: 0
  18: 0
  19: 0
  20: 0
  21: 0
  22: 0
  23: 0
  24: 0
  25: 0
  26: 0
  27: 0
  28: 0
  29: 0
  30: 0
  31: 0
  32: 0
  33: 0
  34: 0
  35: 0
  36: 0
  37: 0
  38: 0
  39: 0
  40: 0
  41: 0
  42: 0
  43: 0
  44: 0
  45: 0
  46: 0
  47: 0
  48: 0
  49: 0
  50: 0
  51: 0
  52: 0
  53: 0
  54: 0
  55: 0
  56: 0
  57: 0
  58: 0
  59: 0
  60: 0
  61: 0
  62: 0
  63: 0
 procInstrs: # Per-process instructions
  0: 1000005475
  1: 0
  2: 0
  3: 0
  4: 0
  5: 0
  6: 0
  7: 0
  8: 0
  9: 0
  10: 0
  11: 0
  12: 0
  13: 0
  14: 0
  15: 0
  16: 0
  17: 0
  18: 0
  19: 0
  20: 0
  21: 0
  22: 0
  23: 0
  24: 0
  25: 0
  26: 0
  27: 0
  28: 0
  29: 0
  30: 0
  31: 0
  32: 0
  33: 0
  34: 0
  35: 0
  36: 0
  37: 0
  38: 0
  39: 0
  40: 0
  41: 0
  42: 0
  43: 0
  44: 0
  45: 0
  46: 0
  47: 0
  48: 0
  49: 0
  50: 0
  51: 0
  52: 0
  53: 0
  54: 0
  55: 0
  56: 0
  57: 0
  58: 0
  59: 0
  60: 0
  61: 0
  62: 0
  63: 0
 heartbeats: # Per-process heartbeats
  0: 0
  1: 0
  2: 0
  3: 0
  4: 0
  5: 0
  6: 0
  7: 0
  8: 0
  9: 0
  10: 0
  11: 0
  12: 0
  13: 0
  14: 0
  15: 0
  16: 0
  17: 0
  18: 0
  19: 0
  20: 0
  21: 0
  22: 0
  23: 0
  24: 0
  25: 0
  26: 0
  27: 0
  28: 0
  29: 0
  30: 0
  31: 0
  32: 0
  33: 0
  34: 0
  35: 0
  36: 0
  37: 0
  38: 0
  39: 0
  40: 0
  41: 0
  42: 0
  43: 0
  44: 0
  45: 0
  46: 0
  47: 0
  48: 0
  49: 0
  50: 0
  51: 0
  52: 0
  53: 0
  54: 0
  55: 0
  56: 0
  57: 0
  58: 0
  59: 0
  60: 0
  61: 0
  62: 0
  63: 0
===
