# zsim stats
===
root: # Stats
 contention: # Contention simulation stats
  domain-0: # Domain stats
   time: 5567896341 # Weave simulation time
 time: # Simulator time breakdown
  init: 2909678508
  bound: 742893242637
  weave: 7721694909
  ff: 0
 trigger: 20000 # Reason for this stats dump
 phase: 96180 # Simulated phases
 westmere: # Core stats
  westmere-0: # Core stats
   cycles: 868587408 # Simulated unhalted cycles
   cCycles: 30004833 # Cycles due to contention stalls
   instrs: 1226453712 # Simulated instructions
   uops: 1292286128 # Retired micro-ops
   bbls: 178372720 # Basic blocks
   approxInstrs: 118 # Instrs with approx uop decoding
   mispredBranches: 7801918 # Mispredicted branches
   condBranches: 171864383 # conditional branches
  westmere-1: # Core stats
   cycles: 858232318 # Simulated unhalted cycles
   cCycles: 28986871 # Cycles due to contention stalls
   instrs: 1218623352 # Simulated instructions
   uops: 1281713933 # Retired micro-ops
   bbls: 177498720 # Basic blocks
   approxInstrs: 69 # Instrs with approx uop decoding
   mispredBranches: 7800296 # Mispredicted branches
   condBranches: 171267887 # conditional branches
  westmere-2: # Core stats
   cycles: 914342939 # Simulated unhalted cycles
   cCycles: 29646844 # Cycles due to contention stalls
   instrs: 1305479552 # Simulated instructions
   uops: 1372087509 # Retired micro-ops
   bbls: 188153595 # Basic blocks
   approxInstrs: 63 # Instrs with approx uop decoding
   mispredBranches: 8322842 # Mispredicted branches
   condBranches: 181943227 # conditional branches
  westmere-3: # Core stats
   cycles: 880305502 # Simulated unhalted cycles
   cCycles: 29465190 # Cycles due to contention stalls
   instrs: 1249468498 # Simulated instructions
   uops: 1315062627 # Retired micro-ops
   bbls: 181096356 # Basic blocks
   approxInstrs: 49 # Instrs with approx uop decoding
   mispredBranches: 7992021 # Mispredicted branches
   condBranches: 174701173 # conditional branches
 l1i: # Cache stats
  l1i-0: # Filter cache stats
   fhGETS: 241014648 # Filtered GETS hits
   fhGETX: 0 # Filtered GETX hits
   hGETS: 4602678 # GETS hits
   hGETX: 0 # GETX hits
   mGETS: 386 # GETS misses
   mGETXIM: 0 # GETX I->M misses
   mGETXSM: 0 # GETX S->M misses (upgrade misses)
   PUTS: 0 # Clean evictions (from lower level)
   PUTX: 0 # Dirty evictions (from lower level)
   INV: 1 # Invalidates (from upper level)
   INVX: 0 # Downgrades (from upper level)
   FWD: 0 # Forwards (from upper level)
   latGETnl: 26918 # GET request latency on next level
   latGETnet: 0 # GET request latency on network to next level
  l1i-1: # Filter cache stats
   fhGETS: 239875474 # Filtered GETS hits
   fhGETX: 0 # Filtered GETX hits
   hGETS: 4469086 # GETS hits
   hGETX: 0 # GETX hits
   mGETS: 272 # GETS misses
   mGETXIM: 0 # GETX I->M misses
   mGETXSM: 0 # GETX S->M misses (upgrade misses)
   PUTS: 0 # Clean evictions (from lower level)
   PUTX: 0 # Dirty evictions (from lower level)
   INV: 0 # Invalidates (from upper level)
   INVX: 0 # Downgrades (from upper level)
   FWD: 0 # Forwards (from upper level)
   latGETnl: 15806 # GET request latency on next level
   latGETnet: 0 # GET request latency on network to next level
  l1i-2: # Filter cache stats
   fhGETS: 256744765 # Filtered GETS hits
   fhGETX: 0 # Filtered GETX hits
   hGETS: 4342746 # GETS hits
   hGETX: 0 # GETX hits
   mGETS: 271 # GETS misses
   mGETXIM: 0 # GETX I->M misses
   mGETXSM: 0 # GETX S->M misses (upgrade misses)
   PUTS: 0 # Clean evictions (from lower level)
   PUTX: 0 # Dirty evictions (from lower level)
   INV: 0 # Invalidates (from upper level)
   INVX: 0 # Downgrades (from upper level)
   FWD: 0 # Forwards (from upper level)
   latGETnl: 12628 # GET request latency on next level
   latGETnet: 0 # GET request latency on network to next level
  l1i-3: # Filter cache stats
   fhGETS: 245574441 # Filtered GETS hits
   fhGETX: 0 # Filtered GETX hits
   hGETS: 4579557 # GETS hits
   hGETX: 0 # GETX hits
   mGETS: 267 # GETS misses
   mGETXIM: 0 # GETX I->M misses
   mGETXSM: 0 # GETX S->M misses (upgrade misses)
   PUTS: 0 # Clean evictions (from lower level)
   PUTX: 0 # Dirty evictions (from lower level)
   INV: 0 # Invalidates (from upper level)
   INVX: 0 # Downgrades (from upper level)
   FWD: 0 # Forwards (from upper level)
   latGETnl: 13506 # GET request latency on next level
   latGETnet: 0 # GET request latency on network to next level
 l1d: # Cache stats
  l1d-0: # Filter cache stats
   fhGETS: 295951740 # Filtered GETS hits
   fhGETX: 48275689 # Filtered GETX hits
   hGETS: 27926018 # GETS hits
   hGETX: 7062639 # GETX hits
   mGETS: 1378020 # GETS misses
   mGETXIM: 356309 # GETX I->M misses
   mGETXSM: 15162 # GETX S->M misses (upgrade misses)
   PUTS: 0 # Clean evictions (from lower level)
   PUTX: 0 # Dirty evictions (from lower level)
   INV: 10134 # Invalidates (from upper level)
   INVX: 12446 # Downgrades (from upper level)
   FWD: 0 # Forwards (from upper level)
   latGETnl: 143448652 # GET request latency on next level
   latGETnet: 0 # GET request latency on network to next level
  l1d-1: # Filter cache stats
   fhGETS: 293529064 # Filtered GETS hits
   fhGETX: 47132190 # Filtered GETX hits
   hGETS: 27344020 # GETS hits
   hGETX: 6843744 # GETX hits
   mGETS: 1312179 # GETS misses
   mGETXIM: 352282 # GETX I->M misses
   mGETXSM: 15061 # GETX S->M misses (upgrade misses)
   PUTS: 0 # Clean evictions (from lower level)
   PUTX: 0 # Dirty evictions (from lower level)
   INV: 8169 # Invalidates (from upper level)
   INVX: 7923 # Downgrades (from upper level)
   FWD: 0 # Forwards (from upper level)
   latGETnl: 138464578 # GET request latency on next level
   latGETnet: 0 # GET request latency on network to next level
  l1d-2: # Filter cache stats
   fhGETS: 314471520 # Filtered GETS hits
   fhGETX: 50700675 # Filtered GETX hits
   hGETS: 29248979 # GETS hits
   hGETX: 7129415 # GETX hits
   mGETS: 1396983 # GETS misses
   mGETXIM: 348205 # GETX I->M misses
   mGETXSM: 18205 # GETX S->M misses (upgrade misses)
   PUTS: 0 # Clean evictions (from lower level)
   PUTX: 0 # Dirty evictions (from lower level)
   INV: 9064 # Invalidates (from upper level)
   INVX: 11366 # Downgrades (from upper level)
   FWD: 0 # Forwards (from upper level)
   latGETnl: 142635750 # GET request latency on next level
   latGETnet: 0 # GET request latency on network to next level
  l1d-3: # Filter cache stats
   fhGETS: 301366752 # Filtered GETS hits
   fhGETX: 48254003 # Filtered GETX hits
   hGETS: 28039689 # GETS hits
   hGETX: 6946035 # GETX hits
   mGETS: 1347531 # GETS misses
   mGETXIM: 354405 # GETX I->M misses
   mGETXSM: 17886 # GETX S->M misses (upgrade misses)
   PUTS: 0 # Clean evictions (from lower level)
   PUTX: 0 # Dirty evictions (from lower level)
   INV: 6264 # Invalidates (from upper level)
   INVX: 10804 # Downgrades (from upper level)
   FWD: 0 # Forwards (from upper level)
   latGETnl: 142492110 # GET request latency on next level
   latGETnet: 0 # GET request latency on network to next level
 l2: # Cache stats
  l2-0: # Cache stats
   hGETS: 260181 # GETS hits
   hGETX: 1781 # GETX hits
   mGETS: 1118225 # GETS misses
   mGETXIM: 354403 # GETX I->M misses
   mGETXSM: 15287 # GETX S->M misses (upgrade misses)
   PUTS: 896873 # Clean evictions (from lower level)
   PUTX: 826872 # Dirty evictions (from lower level)
   INV: 30176 # Invalidates (from upper level)
   INVX: 51388 # Downgrades (from upper level)
   FWD: 0 # Forwards (from upper level)
   latGETnl: 129476554 # GET request latency on next level
   latGETnet: 0 # GET request latency on network to next level
  l2-1: # Cache stats
   hGETS: 263150 # GETS hits
   hGETX: 1236 # GETX hits
   mGETS: 1049301 # GETS misses
   mGETXIM: 351054 # GETX I->M misses
   mGETXSM: 15053 # GETX S->M misses (upgrade misses)
   PUTS: 856198 # Clean evictions (from lower level)
   PUTX: 799621 # Dirty evictions (from lower level)
   INV: 24709 # Invalidates (from upper level)
   INVX: 39052 # Downgrades (from upper level)
   FWD: 0 # Forwards (from upper level)
   latGETnl: 125042032 # GET request latency on next level
   latGETnet: 0 # GET request latency on network to next level
  l2-2: # Cache stats
   hGETS: 286187 # GETS hits
   hGETX: 1179 # GETX hits
   mGETS: 1111067 # GETS misses
   mGETXIM: 347042 # GETX I->M misses
   mGETXSM: 18189 # GETX S->M misses (upgrade misses)
   PUTS: 915417 # Clean evictions (from lower level)
   PUTX: 820289 # Dirty evictions (from lower level)
   INV: 20835 # Invalidates (from upper level)
   INVX: 41572 # Downgrades (from upper level)
   FWD: 0 # Forwards (from upper level)
   latGETnl: 128539066 # GET request latency on next level
   latGETnet: 0 # GET request latency on network to next level
  l2-3: # Cache stats
   hGETS: 268178 # GETS hits
   hGETX: 2515 # GETX hits
   mGETS: 1079620 # GETS misses
   mGETXIM: 351875 # GETX I->M misses
   mGETXSM: 17901 # GETX S->M misses (upgrade misses)
   PUTS: 874884 # Clean evictions (from lower level)
   PUTX: 820321 # Dirty evictions (from lower level)
   INV: 17842 # Invalidates (from upper level)
   INVX: 34319 # Downgrades (from upper level)
   FWD: 0 # Forwards (from upper level)
   latGETnl: 128744904 # GET request latency on next level
   latGETnet: 0 # GET request latency on network to next level
 l3: # Cache stats
  l3-0b0: # Cache stats
   hGETS: 337323 # GETS hits
   hGETX: 27966 # GETX hits
   mGETS: 751853 # GETS misses
   mGETXIM: 339187 # GETX I->M misses
   mGETXSM: 0 # GETX S->M misses (upgrade misses)
   PUTS: 728525 # Clean evictions (from lower level)
   PUTX: 684577 # Dirty evictions (from lower level)
   INV: 0 # Invalidates (from upper level)
   INVX: 0 # Downgrades (from upper level)
   FWD: 0 # Forwards (from upper level)
   latGETnl: 98193600 # GET request latency on next level
   latGETnet: 0 # GET request latency on network to next level
  l3-0b1: # Cache stats
   hGETS: 338745 # GETS hits
   hGETX: 28429 # GETX hits
   mGETS: 752049 # GETS misses
   mGETXIM: 339557 # GETX I->M misses
   mGETXSM: 0 # GETX S->M misses (upgrade misses)
   PUTS: 729702 # Clean evictions (from lower level)
   PUTX: 684620 # Dirty evictions (from lower level)
   INV: 0 # Invalidates (from upper level)
   INVX: 0 # Downgrades (from upper level)
   FWD: 0 # Forwards (from upper level)
   latGETnl: 98244540 # GET request latency on next level
   latGETnet: 0 # GET request latency on network to next level
  l3-0b2: # Cache stats
   hGETS: 337756 # GETS hits
   hGETX: 28803 # GETX hits
   mGETS: 751641 # GETS misses
   mGETXIM: 339204 # GETX I->M misses
   mGETXSM: 0 # GETX S->M misses (upgrade misses)
   PUTS: 728144 # Clean evictions (from lower level)
   PUTX: 684416 # Dirty evictions (from lower level)
   INV: 0 # Invalidates (from upper level)
   INVX: 0 # Downgrades (from upper level)
   FWD: 0 # Forwards (from upper level)
   latGETnl: 98176050 # GET request latency on next level
   latGETnet: 0 # GET request latency on network to next level
  l3-0b3: # Cache stats
   hGETS: 336967 # GETS hits
   hGETX: 28130 # GETX hits
   mGETS: 751879 # GETS misses
   mGETXIM: 339528 # GETX I->M misses
   mGETXSM: 0 # GETX S->M misses (upgrade misses)
   PUTS: 728766 # Clean evictions (from lower level)
   PUTX: 684072 # Dirty evictions (from lower level)
   INV: 0 # Invalidates (from upper level)
   INVX: 0 # Downgrades (from upper level)
   FWD: 0 # Forwards (from upper level)
   latGETnl: 98226630 # GET request latency on next level
   latGETnet: 0 # GET request latency on network to next level
 mem: # Memory controller stats
  mem-0: # Memory controller stats
   rd: 1092367 # Read requests
   wr: 566564 # Write requests
   rdlat: 152604641 # Total latency experienced by read requests
   wrlat: 101853747 # Total latency experienced by write requests
   rdhits: 3918 # Read row hits
   wrhits: 1309 # Write row hits
   mlh: # latency histogram for memory requests
    0: 0
    1: 0
    2: 0
    3: 0
    4: 0
    5: 0
    6: 0
    7: 0
    8: 0
    9: 1
    10: 0
    11: 363
    12: 536
    13: 900567
    14: 67305
    15: 42453
    16: 26903
    17: 7661
    18: 5750
    19: 5252
    20: 4999
    21: 4387
    22: 3506
    23: 3397
    24: 2972
    25: 1925
    26: 919
    27: 855
    28: 843
    29: 792
    30: 757
    31: 705
    32: 680
    33: 676
    34: 641
    35: 675
    36: 761
    37: 730
    38: 671
    39: 676
    40: 653
    41: 692
    42: 649
    43: 469
    44: 316
    45: 254
    46: 268
    47: 186
    48: 126
    49: 44
    50: 43
    51: 37
    52: 38
    53: 32
    54: 37
    55: 18
    56: 24
    57: 25
    58: 14
    59: 12
    60: 15
    61: 5
    62: 7
    63: 5
    64: 2
    65: 13
    66: 7
    67: 3
    68: 3
    69: 3
    70: 7
    71: 0
    72: 0
    73: 1
    74: 0
    75: 0
    76: 0
    77: 1
    78: 0
    79: 0
    80: 0
    81: 0
    82: 0
    83: 0
    84: 0
    85: 0
    86: 0
    87: 0
    88: 0
    89: 0
    90: 0
    91: 0
    92: 0
    93: 0
    94: 0
    95: 0
    96: 0
    97: 0
    98: 0
    99: 0
  mem-1: # Memory controller stats
   rd: 1090267 # Read requests
   wr: 567311 # Write requests
   rdlat: 152389268 # Total latency experienced by read requests
   wrlat: 101811729 # Total latency experienced by write requests
   rdhits: 4018 # Read row hits
   wrhits: 1341 # Write row hits
   mlh: # latency histogram for memory requests
    0: 0
    1: 0
    2: 0
    3: 0
    4: 0
    5: 0
    6: 0
    7: 0
    8: 0
    9: 0
    10: 0
    11: 391
    12: 580
    13: 898326
    14: 66562
    15: 42471
    16: 27021
    17: 7673
    18: 5853
    19: 5228
    20: 5166
    21: 4727
    22: 3592
    23: 3382
    24: 3004
    25: 1881
    26: 931
    27: 835
    28: 820
    29: 738
    30: 764
    31: 721
    32: 723
    33: 712
    34: 654
    35: 671
    36: 754
    37: 725
    38: 654
    39: 693
    40: 662
    41: 688
    42: 666
    43: 429
    44: 295
    45: 246
    46: 254
    47: 213
    48: 159
    49: 68
    50: 42
    51: 39
    52: 38
    53: 38
    54: 40
    55: 30
    56: 13
    57: 14
    58: 12
    59: 20
    60: 9
    61: 7
    62: 4
    63: 3
    64: 2
    65: 4
    66: 0
    67: 3
    68: 3
    69: 5
    70: 4
    71: 3
    72: 0
    73: 0
    74: 0
    75: 0
    76: 0
    77: 1
    78: 1
    79: 0
    80: 0
    81: 0
    82: 0
    83: 0
    84: 0
    85: 0
    86: 0
    87: 0
    88: 0
    89: 0
    90: 0
    91: 0
    92: 0
    93: 0
    94: 0
    95: 0
    96: 0
    97: 0
    98: 0
    99: 0
  mem-2: # Memory controller stats
   rd: 1092274 # Read requests
   wr: 566302 # Write requests
   rdlat: 152592884 # Total latency experienced by read requests
   wrlat: 101774736 # Total latency experienced by write requests
   rdhits: 3990 # Read row hits
   wrhits: 1310 # Write row hits
   mlh: # latency histogram for memory requests
    0: 0
    1: 0
    2: 0
    3: 0
    4: 0
    5: 0
    6: 0
    7: 0
    8: 0
    9: 1
    10: 0
    11: 391
    12: 536
    13: 901903
    14: 66144
    15: 42251
    16: 26361
    17: 7506
    18: 5643
    19: 5315
    20: 5048
    21: 4653
    22: 3677
    23: 3570
    24: 2942
    25: 1967
    26: 963
    27: 836
    28: 811
    29: 743
    30: 755
    31: 708
    32: 717
    33: 767
    34: 656
    35: 668
    36: 760
    37: 744
    38: 647
    39: 660
    40: 645
    41: 629
    42: 663
    43: 396
    44: 302
    45: 283
    46: 235
    47: 214
    48: 147
    49: 62
    50: 47
    51: 46
    52: 32
    53: 26
    54: 37
    55: 34
    56: 31
    57: 13
    58: 10
    59: 8
    60: 7
    61: 16
    62: 9
    63: 4
    64: 8
    65: 4
    66: 8
    67: 4
    68: 2
    69: 1
    70: 0
    71: 1
    72: 2
    73: 1
    74: 0
    75: 0
    76: 0
    77: 0
    78: 1
    79: 1
    80: 0
    81: 0
    82: 1
    83: 1
    84: 0
    85: 0
    86: 0
    87: 0
    88: 0
    89: 0
    90: 0
    91: 0
    92: 0
    93: 0
    94: 0
    95: 0
    96: 0
    97: 0
    98: 0
    99: 0
  mem-3: # Memory controller stats
   rd: 1089990 # Read requests
   wr: 567186 # Write requests
   rdlat: 152376545 # Total latency experienced by read requests
   wrlat: 101811849 # Total latency experienced by write requests
   rdhits: 4050 # Read row hits
   wrhits: 1274 # Write row hits
   mlh: # latency histogram for memory requests
    0: 0
    1: 0
    2: 0
    3: 0
    4: 0
    5: 0
    6: 0
    7: 0
    8: 0
    9: 1
    10: 0
    11: 345
    12: 537
    13: 898966
    14: 66465
    15: 42235
    16: 26862
    17: 7728
    18: 5601
    19: 5273
    20: 5028
    21: 4608
    22: 3612
    23: 3353
    24: 2798
    25: 1979
    26: 953
    27: 846
    28: 799
    29: 744
    30: 719
    31: 735
    32: 730
    33: 675
    34: 666
    35: 705
    36: 750
    37: 762
    38: 647
    39: 665
    40: 687
    41: 686
    42: 729
    43: 435
    44: 341
    45: 257
    46: 231
    47: 242
    48: 134
    49: 47
    50: 33
    51: 47
    52: 45
    53: 31
    54: 25
    55: 17
    56: 33
    57: 21
    58: 32
    59: 18
    60: 24
    61: 14
    62: 7
    63: 12
    64: 4
    65: 11
    66: 10
    67: 8
    68: 2
    69: 5
    70: 1
    71: 1
    72: 3
    73: 2
    74: 5
    75: 0
    76: 2
    77: 1
    78: 0
    79: 0
    80: 0
    81: 0
    82: 0
    83: 0
    84: 0
    85: 0
    86: 0
    87: 0
    88: 0
    89: 0
    90: 0
    91: 0
    92: 0
    93: 0
    94: 0
    95: 0
    96: 0
    97: 0
    98: 0
    99: 0
 sched: # Scheduler stats
  thCr: 9 # Threads created
  thFn: 0 # Threads finished
  schedEvs: 227 # Schedule events
  waitEvs: 188 # Wait events
  handoffEvs: 18 # Handoff events
  sleepEvs: 0 # Sleep events
  idlePhases: 0 # Phases with no thread active
  idlePeriods: 0 # Periods with no thread active
  occHist: # Occupancy histogram
   0: 0
   1: 1
   2: 0
   3: 0
   4: 96179
  rqSzHist: # Run queue size histogram
   0: 15475
   1: 4441
   2: 12908
   3: 47673
   4: 15683
   5: 0
   6: 0
   7: 0
   8: 0
   9: 0
   10: 0
   11: 0
   12: 0
   13: 0
   14: 0
   15: 0
   16: 0
 procCycles: # Per-process unhalted core cycles
  0: 3521468167
  1: 0
  2: 0
  3: 0
  4: 0
  5: 0
  6: 0
  7: 0
  8: 0
  9: 0
  10: 0
  11: 0
  12: 0
  13: 0
  14: 0
  15: 0
  16: 0
  17: 0
  18: 0
  19: 0
  20: 0
  21: 0
  22: 0
  23: 0
  24: 0
  25: 0
  26: 0
  27: 0
  28: 0
  29: 0
  30: 0
  31: 0
  32: 0
  33: 0
  34: 0
  35: 0
  36: 0
  37: 0
  38: 0
  39: 0
  40: 0
  41: 0
  42: 0
  43: 0
  44: 0
  45: 0
  46: 0
  47: 0
  48: 0
  49: 0
  50: 0
  51: 0
  52: 0
  53: 0
  54: 0
  55: 0
  56: 0
  57: 0
  58: 0
  59: 0
  60: 0
  61: 0
  62: 0
  63: 0
 procInstrs: # Per-process instructions
  0: 5000025114
  1: 0
  2: 0
  3: 0
  4: 0
  5: 0
  6: 0
  7: 0
  8: 0
  9: 0
  10: 0
  11: 0
  12: 0
  13: 0
  14: 0
  15: 0
  16: 0
  17: 0
  18: 0
  19: 0
  20: 0
  21: 0
  22: 0
  23: 0
  24: 0
  25: 0
  26: 0
  27: 0
  28: 0
  29: 0
  30: 0
  31: 0
  32: 0
  33: 0
  34: 0
  35: 0
  36: 0
  37: 0
  38: 0
  39: 0
  40: 0
  41: 0
  42: 0
  43: 0
  44: 0
  45: 0
  46: 0
  47: 0
  48: 0
  49: 0
  50: 0
  51: 0
  52: 0
  53: 0
  54: 0
  55: 0
  56: 0
  57: 0
  58: 0
  59: 0
  60: 0
  61: 0
  62: 0
  63: 0
 heartbeats: # Per-process heartbeats
  0: 0
  1: 0
  2: 0
  3: 0
  4: 0
  5: 0
  6: 0
  7: 0
  8: 0
  9: 0
  10: 0
  11: 0
  12: 0
  13: 0
  14: 0
  15: 0
  16: 0
  17: 0
  18: 0
  19: 0
  20: 0
  21: 0
  22: 0
  23: 0
  24: 0
  25: 0
  26: 0
  27: 0
  28: 0
  29: 0
  30: 0
  31: 0
  32: 0
  33: 0
  34: 0
  35: 0
  36: 0
  37: 0
  38: 0
  39: 0
  40: 0
  41: 0
  42: 0
  43: 0
  44: 0
  45: 0
  46: 0
  47: 0
  48: 0
  49: 0
  50: 0
  51: 0
  52: 0
  53: 0
  54: 0
  55: 0
  56: 0
  57: 0
  58: 0
  59: 0
  60: 0
  61: 0
  62: 0
  63: 0
===
