# zsim stats
===
root: # Stats
 contention: # Contention simulation stats
  domain-0: # Domain stats
   time: 1105649523 # Weave simulation time
 time: # Simulator time breakdown
  init: 3072666498
  bound: 477283309119
  weave: 8961374641
  ff: 0
 trigger: 20000 # Reason for this stats dump
 phase: 117348 # Simulated phases
 westmere: # Core stats
  westmere-0: # Core stats
   cycles: 30125 # Simulated unhalted cycles
   cCycles: 3022 # Cycles due to contention stalls
   instrs: 8872 # Simulated instructions
   uops: 11464 # Retired micro-ops
   bbls: 2021 # Basic blocks
   approxInstrs: 76 # Instrs with approx uop decoding
   mispredBranches: 158 # Mispredicted branches
   condBranches: 1469 # conditional branches
  westmere-1: # Core stats
   cycles: 1173487333 # Simulated unhalted cycles
   cCycles: 1681 # Cycles due to contention stalls
   instrs: 507826013 # Simulated instructions
   uops: 621914800 # Retired micro-ops
   bbls: 48856747 # Basic blocks
   approxInstrs: 6666304 # Instrs with approx uop decoding
   mispredBranches: 242322 # Mispredicted branches
   condBranches: 30582723 # conditional branches
  westmere-2: # Core stats
   cycles: 1172547985 # Simulated unhalted cycles
   cCycles: 121 # Cycles due to contention stalls
   instrs: 507838513 # Simulated instructions
   uops: 621931700 # Retired micro-ops
   bbls: 48854447 # Basic blocks
   approxInstrs: 6666504 # Instrs with approx uop decoding
   mispredBranches: 242499 # Mispredicted branches
   condBranches: 30582523 # conditional branches
  westmere-3: # Core stats
   cycles: 1171709092 # Simulated unhalted cycles
   cCycles: 0 # Cycles due to contention stalls
   instrs: 507819013 # Simulated instructions
   uops: 621906700 # Retired micro-ops
   bbls: 48856447 # Basic blocks
   approxInstrs: 6665804 # Instrs with approx uop decoding
   mispredBranches: 244689 # Mispredicted branches
   condBranches: 30582823 # conditional branches
  westmere-4: # Core stats
   cycles: 1169232781 # Simulated unhalted cycles
   cCycles: 41 # Cycles due to contention stalls
   instrs: 507858713 # Simulated instructions
   uops: 621955800 # Retired micro-ops
   bbls: 48856747 # Basic blocks
   approxInstrs: 6668804 # Instrs with approx uop decoding
   mispredBranches: 242392 # Mispredicted branches
   condBranches: 30582323 # conditional branches
  westmere-5: # Core stats
   cycles: 1167058960 # Simulated unhalted cycles
   cCycles: 0 # Cycles due to contention stalls
   instrs: 507846413 # Simulated instructions
   uops: 621940300 # Retired micro-ops
   bbls: 48859247 # Basic blocks
   approxInstrs: 6669604 # Instrs with approx uop decoding
   mispredBranches: 243301 # Mispredicted branches
   condBranches: 30582723 # conditional branches
  westmere-6: # Core stats
   cycles: 1166943525 # Simulated unhalted cycles
   cCycles: 0 # Cycles due to contention stalls
   instrs: 507837413 # Simulated instructions
   uops: 621928900 # Retired micro-ops
   bbls: 48855047 # Basic blocks
   approxInstrs: 6666004 # Instrs with approx uop decoding
   mispredBranches: 244958 # Mispredicted branches
   condBranches: 30582423 # conditional branches
  westmere-7: # Core stats
   cycles: 1166149591 # Simulated unhalted cycles
   cCycles: 368 # Cycles due to contention stalls
   instrs: 507831313 # Simulated instructions
   uops: 621923100 # Retired micro-ops
   bbls: 48856647 # Basic blocks
   approxInstrs: 6667504 # Instrs with approx uop decoding
   mispredBranches: 242567 # Mispredicted branches
   condBranches: 30582823 # conditional branches
 l1i: # Cache stats
  l1i-0: # Filter cache stats
   fhGETS: 1578 # Filtered GETS hits
   fhGETX: 0 # Filtered GETX hits
   hGETS: 165 # GETS hits
   hGETX: 0 # GETX hits
   mGETS: 856 # GETS misses
   mGETXIM: 0 # GETX I->M misses
   mGETXSM: 0 # GETX S->M misses (upgrade misses)
   PUTS: 0 # Clean evictions (from lower level)
   PUTX: 0 # Dirty evictions (from lower level)
   INV: 732 # Invalidates (from upper level)
   INVX: 0 # Downgrades (from upper level)
   FWD: 0 # Forwards (from upper level)
   latGETnl: 26604 # GET request latency on next level
   latGETnet: 0 # GET request latency on network to next level
  l1i-1: # Filter cache stats
   fhGETS: 36553858 # Filtered GETS hits
   fhGETX: 0 # Filtered GETX hits
   hGETS: 7259207 # GETS hits
   hGETX: 0 # GETX hits
   mGETS: 25641847 # GETS misses
   mGETXIM: 0 # GETX I->M misses
   mGETXSM: 0 # GETX S->M misses (upgrade misses)
   PUTS: 0 # Clean evictions (from lower level)
   PUTX: 0 # Dirty evictions (from lower level)
   INV: 25641784 # Invalidates (from upper level)
   INVX: 0 # Downgrades (from upper level)
   FWD: 0 # Forwards (from upper level)
   latGETnl: 886251762 # GET request latency on next level
   latGETnet: 0 # GET request latency on network to next level
  l1i-2: # Filter cache stats
   fhGETS: 36581911 # Filtered GETS hits
   fhGETX: 0 # Filtered GETX hits
   hGETS: 7262314 # GETS hits
   hGETX: 0 # GETX hits
   mGETS: 25607429 # GETS misses
   mGETXIM: 0 # GETX I->M misses
   mGETXSM: 0 # GETX S->M misses (upgrade misses)
   PUTS: 0 # Clean evictions (from lower level)
   PUTX: 0 # Dirty evictions (from lower level)
   INV: 25607375 # Invalidates (from upper level)
   INVX: 0 # Downgrades (from upper level)
   FWD: 0 # Forwards (from upper level)
   latGETnl: 885305966 # GET request latency on next level
   latGETnet: 0 # GET request latency on network to next level
  l1i-3: # Filter cache stats
   fhGETS: 36629060 # Filtered GETS hits
   fhGETX: 0 # Filtered GETX hits
   hGETS: 7254672 # GETS hits
   hGETX: 0 # GETX hits
   mGETS: 25575872 # GETS misses
   mGETXIM: 0 # GETX I->M misses
   mGETXSM: 0 # GETX S->M misses (upgrade misses)
   PUTS: 0 # Clean evictions (from lower level)
   PUTX: 0 # Dirty evictions (from lower level)
   INV: 25575818 # Invalidates (from upper level)
   INVX: 0 # Downgrades (from upper level)
   FWD: 0 # Forwards (from upper level)
   latGETnl: 884432367 # GET request latency on next level
   latGETnet: 0 # GET request latency on network to next level
  l1i-4: # Filter cache stats
   fhGETS: 36652942 # Filtered GETS hits
   fhGETX: 0 # Filtered GETX hits
   hGETS: 7262184 # GETS hits
   hGETX: 0 # GETX hits
   mGETS: 25536965 # GETS misses
   mGETXIM: 0 # GETX I->M misses
   mGETXSM: 0 # GETX S->M misses (upgrade misses)
   PUTS: 0 # Clean evictions (from lower level)
   PUTX: 0 # Dirty evictions (from lower level)
   INV: 25536911 # Invalidates (from upper level)
   INVX: 0 # Downgrades (from upper level)
   FWD: 0 # Forwards (from upper level)
   latGETnl: 882268801 # GET request latency on next level
   latGETnet: 0 # GET request latency on network to next level
  l1i-5: # Filter cache stats
   fhGETS: 36695864 # Filtered GETS hits
   fhGETX: 0 # Filtered GETX hits
   hGETS: 7260714 # GETS hits
   hGETX: 0 # GETX hits
   mGETS: 25501480 # GETS misses
   mGETXIM: 0 # GETX I->M misses
   mGETXSM: 0 # GETX S->M misses (upgrade misses)
   PUTS: 0 # Clean evictions (from lower level)
   PUTX: 0 # Dirty evictions (from lower level)
   INV: 25501426 # Invalidates (from upper level)
   INVX: 0 # Downgrades (from upper level)
   FWD: 0 # Forwards (from upper level)
   latGETnl: 880242009 # GET request latency on next level
   latGETnet: 0 # GET request latency on network to next level
  l1i-6: # Filter cache stats
   fhGETS: 36730465 # Filtered GETS hits
   fhGETX: 0 # Filtered GETX hits
   hGETS: 7257690 # GETS hits
   hGETX: 0 # GETX hits
   mGETS: 25469523 # GETS misses
   mGETXIM: 0 # GETX I->M misses
   mGETXSM: 0 # GETX S->M misses (upgrade misses)
   PUTS: 0 # Clean evictions (from lower level)
   PUTX: 0 # Dirty evictions (from lower level)
   INV: 25469469 # Invalidates (from upper level)
   INVX: 0 # Downgrades (from upper level)
   FWD: 0 # Forwards (from upper level)
   latGETnl: 879969610 # GET request latency on next level
   latGETnet: 0 # GET request latency on network to next level
  l1i-7: # Filter cache stats
   fhGETS: 36746793 # Filtered GETS hits
   fhGETX: 0 # Filtered GETX hits
   hGETS: 7255031 # GETS hits
   hGETX: 0 # GETX hits
   mGETS: 25447306 # GETS misses
   mGETXIM: 0 # GETX I->M misses
   mGETXSM: 0 # GETX S->M misses (upgrade misses)
   PUTS: 0 # Clean evictions (from lower level)
   PUTX: 0 # Dirty evictions (from lower level)
   INV: 25447249 # Invalidates (from upper level)
   INVX: 0 # Downgrades (from upper level)
   FWD: 0 # Forwards (from upper level)
   latGETnl: 879756679 # GET request latency on next level
   latGETnet: 0 # GET request latency on network to next level
 l1d: # Cache stats
  l1d-0: # Filter cache stats
   fhGETS: 1385 # Filtered GETS hits
   fhGETX: 1014 # Filtered GETX hits
   hGETS: 544 # GETS hits
   hGETX: 26 # GETX hits
   mGETS: 73 # GETS misses
   mGETXIM: 45 # GETX I->M misses
   mGETXSM: 692 # GETX S->M misses (upgrade misses)
   PUTS: 0 # Clean evictions (from lower level)
   PUTX: 0 # Dirty evictions (from lower level)
   INV: 7 # Invalidates (from upper level)
   INVX: 699 # Downgrades (from upper level)
   FWD: 0 # Forwards (from upper level)
   latGETnl: 17945 # GET request latency on next level
   latGETnet: 0 # GET request latency on network to next level
  l1d-1: # Filter cache stats
   fhGETS: 82193981 # Filtered GETS hits
   fhGETX: 17795862 # Filtered GETX hits
   hGETS: 9918880 # GETS hits
   hGETX: 1 # GETX hits
   mGETS: 14504900 # GETS misses
   mGETXIM: 8447919 # GETX I->M misses
   mGETXSM: 14956466 # GETX S->M misses (upgrade misses)
   PUTS: 0 # Clean evictions (from lower level)
   PUTX: 0 # Dirty evictions (from lower level)
   INV: 24103435 # Invalidates (from upper level)
   INVX: 20867344 # Downgrades (from upper level)
   FWD: 0 # Forwards (from upper level)
   latGETnl: 1244601133 # GET request latency on next level
   latGETnet: 0 # GET request latency on network to next level
  l1d-2: # Filter cache stats
   fhGETS: 82194954 # Filtered GETS hits
   fhGETX: 17802572 # Filtered GETX hits
   hGETS: 9914795 # GETS hits
   hGETX: 0 # GETX hits
   mGETS: 14510012 # GETS misses
   mGETXIM: 8427164 # GETX I->M misses
   mGETXSM: 14971212 # GETX S->M misses (upgrade misses)
   PUTS: 0 # Clean evictions (from lower level)
   PUTX: 0 # Dirty evictions (from lower level)
   INV: 24192130 # Invalidates (from upper level)
   INVX: 20848929 # Downgrades (from upper level)
   FWD: 0 # Forwards (from upper level)
   latGETnl: 1243918936 # GET request latency on next level
   latGETnet: 0 # GET request latency on network to next level
  l1d-3: # Filter cache stats
   fhGETS: 82198929 # Filtered GETS hits
   fhGETX: 17794705 # Filtered GETX hits
   hGETS: 9899099 # GETS hits
   hGETX: 0 # GETX hits
   mGETS: 14518333 # GETS misses
   mGETXIM: 8428965 # GETX I->M misses
   mGETXSM: 14976678 # GETX S->M misses (upgrade misses)
   PUTS: 0 # Clean evictions (from lower level)
   PUTX: 0 # Dirty evictions (from lower level)
   INV: 24279314 # Invalidates (from upper level)
   INVX: 20847680 # Downgrades (from upper level)
   FWD: 0 # Forwards (from upper level)
   latGETnl: 1243004865 # GET request latency on next level
   latGETnet: 0 # GET request latency on network to next level
  l1d-4: # Filter cache stats
   fhGETS: 82199493 # Filtered GETS hits
   fhGETX: 17787624 # Filtered GETX hits
   hGETS: 9934645 # GETS hits
   hGETX: 0 # GETX hits
   mGETS: 14489723 # GETS misses
   mGETXIM: 8397887 # GETX I->M misses
   mGETXSM: 15016037 # GETX S->M misses (upgrade misses)
   PUTS: 0 # Clean evictions (from lower level)
   PUTX: 0 # Dirty evictions (from lower level)
   INV: 24295664 # Invalidates (from upper level)
   INVX: 20870597 # Downgrades (from upper level)
   FWD: 0 # Forwards (from upper level)
   latGETnl: 1240165501 # GET request latency on next level
   latGETnet: 0 # GET request latency on network to next level
  l1d-5: # Filter cache stats
   fhGETS: 82212222 # Filtered GETS hits
   fhGETX: 17797204 # Filtered GETX hits
   hGETS: 9942970 # GETS hits
   hGETX: 0 # GETX hits
   mGETS: 14465869 # GETS misses
   mGETXIM: 8363836 # GETX I->M misses
   mGETXSM: 15040208 # GETX S->M misses (upgrade misses)
   PUTS: 0 # Clean evictions (from lower level)
   PUTX: 0 # Dirty evictions (from lower level)
   INV: 24329599 # Invalidates (from upper level)
   INVX: 20858815 # Downgrades (from upper level)
   FWD: 0 # Forwards (from upper level)
   latGETnl: 1237094808 # GET request latency on next level
   latGETnet: 0 # GET request latency on network to next level
  l1d-6: # Filter cache stats
   fhGETS: 82228807 # Filtered GETS hits
   fhGETX: 17834514 # Filtered GETX hits
   hGETS: 9909387 # GETS hits
   hGETX: 0 # GETX hits
   mGETS: 14481967 # GETS misses
   mGETXIM: 8360362 # GETX I->M misses
   mGETXSM: 15005472 # GETX S->M misses (upgrade misses)
   PUTS: 0 # Clean evictions (from lower level)
   PUTX: 0 # Dirty evictions (from lower level)
   INV: 24431502 # Invalidates (from upper level)
   INVX: 20820619 # Downgrades (from upper level)
   FWD: 0 # Forwards (from upper level)
   latGETnl: 1235673821 # GET request latency on next level
   latGETnet: 0 # GET request latency on network to next level
  l1d-7: # Filter cache stats
   fhGETS: 82224537 # Filtered GETS hits
   fhGETX: 17826751 # Filtered GETX hits
   hGETS: 9916666 # GETS hits
   hGETX: 0 # GETX hits
   mGETS: 14476858 # GETS misses
   mGETXIM: 8340517 # GETX I->M misses
   mGETXSM: 15033980 # GETX S->M misses (upgrade misses)
   PUTS: 0 # Clean evictions (from lower level)
   PUTX: 0 # Dirty evictions (from lower level)
   INV: 24455320 # Invalidates (from upper level)
   INVX: 20833540 # Downgrades (from upper level)
   FWD: 0 # Forwards (from upper level)
   latGETnl: 1232702482 # GET request latency on next level
   latGETnet: 0 # GET request latency on network to next level
 l2: # Cache stats
  l2-0: # Cache stats
   hGETS: 767 # GETS hits
   hGETX: 662 # GETX hits
   mGETS: 162 # GETS misses
   mGETXIM: 12 # GETX I->M misses
   mGETXSM: 63 # GETX S->M misses (upgrade misses)
   PUTS: 0 # Clean evictions (from lower level)
   PUTX: 0 # Dirty evictions (from lower level)
   INV: 7 # Invalidates (from upper level)
   INVX: 0 # Downgrades (from upper level)
   FWD: 0 # Forwards (from upper level)
   latGETnl: 26465 # GET request latency on next level
   latGETnet: 0 # GET request latency on network to next level
  l2-1: # Cache stats
   hGETS: 15317653 # GETS hits
   hGETX: 3690650 # GETX hits
   mGETS: 24829094 # GETS misses
   mGETXIM: 2466866 # GETX I->M misses
   mGETXSM: 17246869 # GETX S->M misses (upgrade misses)
   PUTS: 0 # Clean evictions (from lower level)
   PUTX: 0 # Dirty evictions (from lower level)
   INV: 28596392 # Invalidates (from upper level)
   INVX: 17011970 # Downgrades (from upper level)
   FWD: 0 # Forwards (from upper level)
   latGETnl: 1475185840 # GET request latency on next level
   latGETnet: 0 # GET request latency on network to next level
  l2-2: # Cache stats
   hGETS: 15351592 # GETS hits
   hGETX: 3645599 # GETX hits
   mGETS: 24765849 # GETS misses
   mGETXIM: 2440463 # GETX I->M misses
   mGETXSM: 17312314 # GETX S->M misses (upgrade misses)
   PUTS: 0 # Clean evictions (from lower level)
   PUTX: 0 # Dirty evictions (from lower level)
   INV: 28625426 # Invalidates (from upper level)
   INVX: 17035694 # Downgrades (from upper level)
   FWD: 0 # Forwards (from upper level)
   latGETnl: 1474011342 # GET request latency on next level
   latGETnet: 0 # GET request latency on network to next level
  l2-3: # Cache stats
   hGETS: 15406147 # GETS hits
   hGETX: 3616608 # GETX hits
   mGETS: 24688058 # GETS misses
   mGETXIM: 2409535 # GETX I->M misses
   mGETXSM: 17379500 # GETX S->M misses (upgrade misses)
   PUTS: 0 # Clean evictions (from lower level)
   PUTX: 0 # Dirty evictions (from lower level)
   INV: 28636466 # Invalidates (from upper level)
   INVX: 17064602 # Downgrades (from upper level)
   FWD: 0 # Forwards (from upper level)
   latGETnl: 1472458010 # GET request latency on next level
   latGETnet: 0 # GET request latency on network to next level
  l2-4: # Cache stats
   hGETS: 15468002 # GETS hits
   hGETX: 3638238 # GETX hits
   mGETS: 24558686 # GETS misses
   mGETXIM: 2376076 # GETX I->M misses
   mGETXSM: 17399610 # GETX S->M misses (upgrade misses)
   PUTS: 0 # Clean evictions (from lower level)
   PUTX: 0 # Dirty evictions (from lower level)
   INV: 28570162 # Invalidates (from upper level)
   INVX: 17064325 # Downgrades (from upper level)
   FWD: 0 # Forwards (from upper level)
   latGETnl: 1468039566 # GET request latency on next level
   latGETnet: 0 # GET request latency on network to next level
  l2-5: # Cache stats
   hGETS: 15522786 # GETS hits
   hGETX: 3637975 # GETX hits
   mGETS: 24444563 # GETS misses
   mGETXIM: 2351831 # GETX I->M misses
   mGETXSM: 17414238 # GETX S->M misses (upgrade misses)
   PUTS: 0 # Clean evictions (from lower level)
   PUTX: 0 # Dirty evictions (from lower level)
   INV: 28536814 # Invalidates (from upper level)
   INVX: 17052730 # Downgrades (from upper level)
   FWD: 0 # Forwards (from upper level)
   latGETnl: 1463672153 # GET request latency on next level
   latGETnet: 0 # GET request latency on network to next level
  l2-6: # Cache stats
   hGETS: 15552510 # GETS hits
   hGETX: 3580669 # GETX hits
   mGETS: 24398980 # GETS misses
   mGETXIM: 2329749 # GETX I->M misses
   mGETXSM: 17455416 # GETX S->M misses (upgrade misses)
   PUTS: 0 # Clean evictions (from lower level)
   PUTX: 0 # Dirty evictions (from lower level)
   INV: 28582779 # Invalidates (from upper level)
   INVX: 17071751 # Downgrades (from upper level)
   FWD: 0 # Forwards (from upper level)
   latGETnl: 1462648508 # GET request latency on next level
   latGETnet: 0 # GET request latency on network to next level
  l2-7: # Cache stats
   hGETS: 15632708 # GETS hits
   hGETX: 3598901 # GETX hits
   mGETS: 24291456 # GETS misses
   mGETXIM: 2284982 # GETX I->M misses
   mGETXSM: 17490614 # GETX S->M misses (upgrade misses)
   PUTS: 0 # Clean evictions (from lower level)
   PUTX: 0 # Dirty evictions (from lower level)
   INV: 28506048 # Invalidates (from upper level)
   INVX: 17073560 # Downgrades (from upper level)
   FWD: 0 # Forwards (from upper level)
   latGETnl: 1459615704 # GET request latency on next level
   latGETnet: 0 # GET request latency on network to next level
 l3: # Cache stats
  l3-0b0: # Cache stats
   hGETS: 23105860 # GETS hits
   hGETX: 16723341 # GETX hits
   mGETS: 29 # GETS misses
   mGETXIM: 3 # GETX I->M misses
   mGETXSM: 8 # GETX S->M misses (upgrade misses)
   PUTS: 0 # Clean evictions (from lower level)
   PUTX: 0 # Dirty evictions (from lower level)
   INV: 0 # Invalidates (from upper level)
   INVX: 0 # Downgrades (from upper level)
   FWD: 0 # Forwards (from upper level)
   latGETnl: 3600 # GET request latency on next level
   latGETnet: 0 # GET request latency on network to next level
  l3-0b1: # Cache stats
   hGETS: 32961840 # GETS hits
   hGETX: 31383116 # GETX hits
   mGETS: 31 # GETS misses
   mGETXIM: 1 # GETX I->M misses
   mGETXSM: 13 # GETX S->M misses (upgrade misses)
   PUTS: 0 # Clean evictions (from lower level)
   PUTX: 0 # Dirty evictions (from lower level)
   INV: 0 # Invalidates (from upper level)
   INVX: 0 # Downgrades (from upper level)
   FWD: 0 # Forwards (from upper level)
   latGETnl: 4050 # GET request latency on next level
   latGETnet: 0 # GET request latency on network to next level
  l3-0b2: # Cache stats
   hGETS: 30543421 # GETS hits
   hGETX: 22466645 # GETX hits
   mGETS: 25 # GETS misses
   mGETXIM: 4 # GETX I->M misses
   mGETXSM: 8 # GETX S->M misses (upgrade misses)
   PUTS: 0 # Clean evictions (from lower level)
   PUTX: 0 # Dirty evictions (from lower level)
   INV: 0 # Invalidates (from upper level)
   INVX: 0 # Downgrades (from upper level)
   FWD: 0 # Forwards (from upper level)
   latGETnl: 3330 # GET request latency on next level
   latGETnet: 0 # GET request latency on network to next level
  l3-0b3: # Cache stats
   hGETS: 58025908 # GETS hits
   hGETX: 39485499 # GETX hits
   mGETS: 30 # GETS misses
   mGETXIM: 1 # GETX I->M misses
   mGETXSM: 14 # GETX S->M misses (upgrade misses)
   PUTS: 0 # Clean evictions (from lower level)
   PUTX: 0 # Dirty evictions (from lower level)
   INV: 0 # Invalidates (from upper level)
   INVX: 0 # Downgrades (from upper level)
   FWD: 0 # Forwards (from upper level)
   latGETnl: 4050 # GET request latency on next level
   latGETnet: 0 # GET request latency on network to next level
  l3-0b4: # Cache stats
   hGETS: 5646668 # GETS hits
   hGETX: 5650253 # GETX hits
   mGETS: 32 # GETS misses
   mGETXIM: 2 # GETX I->M misses
   mGETXSM: 12 # GETX S->M misses (upgrade misses)
   PUTS: 0 # Clean evictions (from lower level)
   PUTX: 0 # Dirty evictions (from lower level)
   INV: 0 # Invalidates (from upper level)
   INVX: 0 # Downgrades (from upper level)
   FWD: 0 # Forwards (from upper level)
   latGETnl: 4140 # GET request latency on next level
   latGETnet: 0 # GET request latency on network to next level
  l3-0b5: # Cache stats
   hGETS: 72 # GETS hits
   hGETX: 26 # GETX hits
   mGETS: 30 # GETS misses
   mGETXIM: 2 # GETX I->M misses
   mGETXSM: 11 # GETX S->M misses (upgrade misses)
   PUTS: 0 # Clean evictions (from lower level)
   PUTX: 0 # Dirty evictions (from lower level)
   INV: 0 # Invalidates (from upper level)
   INVX: 0 # Downgrades (from upper level)
   FWD: 0 # Forwards (from upper level)
   latGETnl: 3870 # GET request latency on next level
   latGETnet: 0 # GET request latency on network to next level
  l3-0b6: # Cache stats
   hGETS: 11457786 # GETS hits
   hGETX: 11374442 # GETX hits
   mGETS: 30 # GETS misses
   mGETXIM: 0 # GETX I->M misses
   mGETXSM: 12 # GETX S->M misses (upgrade misses)
   PUTS: 0 # Clean evictions (from lower level)
   PUTX: 0 # Dirty evictions (from lower level)
   INV: 0 # Invalidates (from upper level)
   INVX: 0 # Downgrades (from upper level)
   FWD: 0 # Forwards (from upper level)
   latGETnl: 3780 # GET request latency on next level
   latGETnet: 0 # GET request latency on network to next level
  l3-0b7: # Cache stats
   hGETS: 10235058 # GETS hits
   hGETX: 11274711 # GETX hits
   mGETS: 28 # GETS misses
   mGETXIM: 2 # GETX I->M misses
   mGETXSM: 12 # GETX S->M misses (upgrade misses)
   PUTS: 0 # Clean evictions (from lower level)
   PUTX: 0 # Dirty evictions (from lower level)
   INV: 0 # Invalidates (from upper level)
   INVX: 0 # Downgrades (from upper level)
   FWD: 0 # Forwards (from upper level)
   latGETnl: 3780 # GET request latency on next level
   latGETnet: 0 # GET request latency on network to next level
 mem: # Memory controller stats
  mem-0: # Memory controller stats
   rd: 76 # Read requests
   wr: 0 # Write requests
   rdlat: 10622 # Total latency experienced by read requests
   wrlat: 0 # Total latency experienced by write requests
   rdhits: 0 # Read row hits
   wrhits: 0 # Write row hits
   mlh: # latency histogram for memory requests
    0: 0
    1: 0
    2: 0
    3: 0
    4: 0
    5: 0
    6: 0
    7: 0
    8: 0
    9: 0
    10: 0
    11: 0
    12: 0
    13: 65
    14: 4
    15: 1
    16: 2
    17: 0
    18: 1
    19: 0
    20: 1
    21: 0
    22: 0
    23: 0
    24: 0
    25: 0
    26: 0
    27: 0
    28: 0
    29: 0
    30: 1
    31: 1
    32: 0
    33: 0
    34: 0
    35: 0
    36: 0
    37: 0
    38: 0
    39: 0
    40: 0
    41: 0
    42: 0
    43: 0
    44: 0
    45: 0
    46: 0
    47: 0
    48: 0
    49: 0
    50: 0
    51: 0
    52: 0
    53: 0
    54: 0
    55: 0
    56: 0
    57: 0
    58: 0
    59: 0
    60: 0
    61: 0
    62: 0
    63: 0
    64: 0
    65: 0
    66: 0
    67: 0
    68: 0
    69: 0
    70: 0
    71: 0
    72: 0
    73: 0
    74: 0
    75: 0
    76: 0
    77: 0
    78: 0
    79: 0
    80: 0
    81: 0
    82: 0
    83: 0
    84: 0
    85: 0
    86: 0
    87: 0
    88: 0
    89: 0
    90: 0
    91: 0
    92: 0
    93: 0
    94: 0
    95: 0
    96: 0
    97: 0
    98: 0
    99: 0
  mem-1: # Memory controller stats
   rd: 69 # Read requests
   wr: 0 # Write requests
   rdlat: 9330 # Total latency experienced by read requests
   wrlat: 0 # Total latency experienced by write requests
   rdhits: 1 # Read row hits
   wrhits: 0 # Write row hits
   mlh: # latency histogram for memory requests
    0: 0
    1: 0
    2: 0
    3: 0
    4: 0
    5: 0
    6: 0
    7: 0
    8: 0
    9: 0
    10: 0
    11: 0
    12: 0
    13: 65
    14: 2
    15: 0
    16: 0
    17: 0
    18: 1
    19: 0
    20: 0
    21: 0
    22: 0
    23: 0
    24: 0
    25: 0
    26: 0
    27: 0
    28: 0
    29: 0
    30: 0
    31: 1
    32: 0
    33: 0
    34: 0
    35: 0
    36: 0
    37: 0
    38: 0
    39: 0
    40: 0
    41: 0
    42: 0
    43: 0
    44: 0
    45: 0
    46: 0
    47: 0
    48: 0
    49: 0
    50: 0
    51: 0
    52: 0
    53: 0
    54: 0
    55: 0
    56: 0
    57: 0
    58: 0
    59: 0
    60: 0
    61: 0
    62: 0
    63: 0
    64: 0
    65: 0
    66: 0
    67: 0
    68: 0
    69: 0
    70: 0
    71: 0
    72: 0
    73: 0
    74: 0
    75: 0
    76: 0
    77: 0
    78: 0
    79: 0
    80: 0
    81: 0
    82: 0
    83: 0
    84: 0
    85: 0
    86: 0
    87: 0
    88: 0
    89: 0
    90: 0
    91: 0
    92: 0
    93: 0
    94: 0
    95: 0
    96: 0
    97: 0
    98: 0
    99: 0
  mem-2: # Memory controller stats
   rd: 67 # Read requests
   wr: 0 # Write requests
   rdlat: 9327 # Total latency experienced by read requests
   wrlat: 0 # Total latency experienced by write requests
   rdhits: 2 # Read row hits
   wrhits: 0 # Write row hits
   mlh: # latency histogram for memory requests
    0: 0
    1: 0
    2: 0
    3: 0
    4: 0
    5: 0
    6: 0
    7: 0
    8: 0
    9: 0
    10: 0
    11: 0
    12: 0
    13: 59
    14: 4
    15: 0
    16: 0
    17: 0
    18: 1
    19: 0
    20: 1
    21: 0
    22: 0
    23: 0
    24: 0
    25: 0
    26: 0
    27: 0
    28: 1
    29: 0
    30: 0
    31: 1
    32: 0
    33: 0
    34: 0
    35: 0
    36: 0
    37: 0
    38: 0
    39: 0
    40: 0
    41: 0
    42: 0
    43: 0
    44: 0
    45: 0
    46: 0
    47: 0
    48: 0
    49: 0
    50: 0
    51: 0
    52: 0
    53: 0
    54: 0
    55: 0
    56: 0
    57: 0
    58: 0
    59: 0
    60: 0
    61: 0
    62: 0
    63: 0
    64: 0
    65: 0
    66: 0
    67: 0
    68: 0
    69: 0
    70: 0
    71: 0
    72: 0
    73: 0
    74: 0
    75: 0
    76: 0
    77: 0
    78: 0
    79: 0
    80: 0
    81: 0
    82: 0
    83: 0
    84: 0
    85: 0
    86: 0
    87: 0
    88: 0
    89: 0
    90: 0
    91: 0
    92: 0
    93: 0
    94: 0
    95: 0
    96: 0
    97: 0
    98: 0
    99: 0
  mem-3: # Memory controller stats
   rd: 63 # Read requests
   wr: 0 # Write requests
   rdlat: 8607 # Total latency experienced by read requests
   wrlat: 0 # Total latency experienced by write requests
   rdhits: 1 # Read row hits
   wrhits: 0 # Write row hits
   mlh: # latency histogram for memory requests
    0: 0
    1: 0
    2: 0
    3: 0
    4: 0
    5: 0
    6: 0
    7: 0
    8: 0
    9: 0
    10: 0
    11: 0
    12: 0
    13: 59
    14: 2
    15: 0
    16: 0
    17: 0
    18: 0
    19: 0
    20: 0
    21: 0
    22: 0
    23: 0
    24: 0
    25: 0
    26: 1
    27: 0
    28: 0
    29: 0
    30: 0
    31: 1
    32: 0
    33: 0
    34: 0
    35: 0
    36: 0
    37: 0
    38: 0
    39: 0
    40: 0
    41: 0
    42: 0
    43: 0
    44: 0
    45: 0
    46: 0
    47: 0
    48: 0
    49: 0
    50: 0
    51: 0
    52: 0
    53: 0
    54: 0
    55: 0
    56: 0
    57: 0
    58: 0
    59: 0
    60: 0
    61: 0
    62: 0
    63: 0
    64: 0
    65: 0
    66: 0
    67: 0
    68: 0
    69: 0
    70: 0
    71: 0
    72: 0
    73: 0
    74: 0
    75: 0
    76: 0
    77: 0
    78: 0
    79: 0
    80: 0
    81: 0
    82: 0
    83: 0
    84: 0
    85: 0
    86: 0
    87: 0
    88: 0
    89: 0
    90: 0
    91: 0
    92: 0
    93: 0
    94: 0
    95: 0
    96: 0
    97: 0
    98: 0
    99: 0
 sched: # Scheduler stats
  thCr: 8 # Threads created
  thFn: 7 # Threads finished
  schedEvs: 8 # Schedule events
  waitEvs: 0 # Wait events
  handoffEvs: 0 # Handoff events
  sleepEvs: 0 # Sleep events
  idlePhases: 0 # Phases with no thread active
  idlePeriods: 0 # Periods with no thread active
  occHist: # Occupancy histogram
   0: 0
   1: 0
   2: 94
   3: 84
   4: 247
   5: 218
   6: 11
   7: 79
   8: 116615
  rqSzHist: # Run queue size histogram
   0: 117348
   1: 0
   2: 0
   3: 0
   4: 0
   5: 0
   6: 0
   7: 0
   8: 0
   9: 0
   10: 0
   11: 0
   12: 0
   13: 0
   14: 0
   15: 0
   16: 0
 procCycles: # Per-process unhalted core cycles
  0: 8187159392
  1: 0
  2: 0
  3: 0
  4: 0
  5: 0
  6: 0
  7: 0
  8: 0
  9: 0
  10: 0
  11: 0
  12: 0
  13: 0
  14: 0
  15: 0
  16: 0
  17: 0
  18: 0
  19: 0
  20: 0
  21: 0
  22: 0
  23: 0
  24: 0
  25: 0
  26: 0
  27: 0
  28: 0
  29: 0
  30: 0
  31: 0
  32: 0
  33: 0
  34: 0
  35: 0
  36: 0
  37: 0
  38: 0
  39: 0
  40: 0
  41: 0
  42: 0
  43: 0
  44: 0
  45: 0
  46: 0
  47: 0
  48: 0
  49: 0
  50: 0
  51: 0
  52: 0
  53: 0
  54: 0
  55: 0
  56: 0
  57: 0
  58: 0
  59: 0
  60: 0
  61: 0
  62: 0
  63: 0
 procInstrs: # Per-process instructions
  0: 3554866263
  1: 0
  2: 0
  3: 0
  4: 0
  5: 0
  6: 0
  7: 0
  8: 0
  9: 0
  10: 0
  11: 0
  12: 0
  13: 0
  14: 0
  15: 0
  16: 0
  17: 0
  18: 0
  19: 0
  20: 0
  21: 0
  22: 0
  23: 0
  24: 0
  25: 0
  26: 0
  27: 0
  28: 0
  29: 0
  30: 0
  31: 0
  32: 0
  33: 0
  34: 0
  35: 0
  36: 0
  37: 0
  38: 0
  39: 0
  40: 0
  41: 0
  42: 0
  43: 0
  44: 0
  45: 0
  46: 0
  47: 0
  48: 0
  49: 0
  50: 0
  51: 0
  52: 0
  53: 0
  54: 0
  55: 0
  56: 0
  57: 0
  58: 0
  59: 0
  60: 0
  61: 0
  62: 0
  63: 0
 heartbeats: # Per-process heartbeats
  0: 0
  1: 0
  2: 0
  3: 0
  4: 0
  5: 0
  6: 0
  7: 0
  8: 0
  9: 0
  10: 0
  11: 0
  12: 0
  13: 0
  14: 0
  15: 0
  16: 0
  17: 0
  18: 0
  19: 0
  20: 0
  21: 0
  22: 0
  23: 0
  24: 0
  25: 0
  26: 0
  27: 0
  28: 0
  29: 0
  30: 0
  31: 0
  32: 0
  33: 0
  34: 0
  35: 0
  36: 0
  37: 0
  38: 0
  39: 0
  40: 0
  41: 0
  42: 0
  43: 0
  44: 0
  45: 0
  46: 0
  47: 0
  48: 0
  49: 0
  50: 0
  51: 0
  52: 0
  53: 0
  54: 0
  55: 0
  56: 0
  57: 0
  58: 0
  59: 0
  60: 0
  61: 0
  62: 0
  63: 0
===
