# zsim stats
===
root: # Stats
 contention: # Contention simulation stats
  domain-0: # Domain stats
   time: 664830751 # Weave simulation time
 time: # Simulator time breakdown
  init: 2581364611
  bound: 52596182483
  weave: 3050242665
  ff: 0
 trigger: 20000 # Reason for this stats dump
 phase: 47544 # Simulated phases
 westmere: # Core stats
  westmere-0: # Core stats
   cycles: 475440049 # Simulated unhalted cycles
   cCycles: 4601120 # Cycles due to contention stalls
   instrs: 1000001580 # Simulated instructions
   uops: 1041239839 # Retired micro-ops
   bbls: 233098717 # Basic blocks
   approxInstrs: 1839063 # Instrs with approx uop decoding
   mispredBranches: 2962788 # Mispredicted branches
   condBranches: 213315796 # conditional branches
 l1i: # Cache stats
  l1i-0: # Filter cache stats
   fhGETS: 238852174 # Filtered GETS hits
   fhGETX: 0 # Filtered GETX hits
   hGETS: 12111910 # GETS hits
   hGETX: 0 # GETX hits
   mGETS: 476915 # GETS misses
   mGETXIM: 0 # GETX I->M misses
   mGETXSM: 0 # GETX S->M misses (upgrade misses)
   PUTS: 0 # Clean evictions (from lower level)
   PUTX: 0 # Dirty evictions (from lower level)
   INV: 1 # Invalidates (from upper level)
   INVX: 0 # Downgrades (from upper level)
   FWD: 0 # Forwards (from upper level)
   latGETnl: 4111660 # GET request latency on next level
   latGETnet: 0 # GET request latency on network to next level
 l1d: # Cache stats
  l1d-0: # Filter cache stats
   fhGETS: 87775693 # Filtered GETS hits
   fhGETX: 46582286 # Filtered GETX hits
   hGETS: 142789655 # GETS hits
   hGETX: 6783998 # GETX hits
   mGETS: 2632184 # GETS misses
   mGETXIM: 188897 # GETX I->M misses
   mGETXSM: 0 # GETX S->M misses (upgrade misses)
   PUTS: 0 # Clean evictions (from lower level)
   PUTX: 0 # Dirty evictions (from lower level)
   INV: 2 # Invalidates (from upper level)
   INVX: 0 # Downgrades (from upper level)
   FWD: 0 # Forwards (from upper level)
   latGETnl: 49922338 # GET request latency on next level
   latGETnet: 0 # GET request latency on network to next level
 l2: # Cache stats
  l2-0: # Cache stats
   hGETS: 2756347 # GETS hits
   hGETX: 13468 # GETX hits
   mGETS: 352752 # GETS misses
   mGETXIM: 175429 # GETX I->M misses
   mGETXSM: 0 # GETX S->M misses (upgrade misses)
   PUTS: 3040212 # Clean evictions (from lower level)
   PUTX: 256757 # Dirty evictions (from lower level)
   INV: 0 # Invalidates (from upper level)
   INVX: 0 # Downgrades (from upper level)
   FWD: 0 # Forwards (from upper level)
   latGETnl: 27650030 # GET request latency on next level
   latGETnet: 0 # GET request latency on network to next level
 l3: # Cache stats
  l3-0: # Cache stats
   hGETS: 320587 # GETS hits
   hGETX: 17745 # GETX hits
   mGETS: 32165 # GETS misses
   mGETXIM: 157684 # GETX I->M misses
   mGETXSM: 0 # GETX S->M misses (upgrade misses)
   PUTS: 311658 # Clean evictions (from lower level)
   PUTX: 212427 # Dirty evictions (from lower level)
   INV: 0 # Invalidates (from upper level)
   INVX: 0 # Downgrades (from upper level)
   FWD: 0 # Forwards (from upper level)
   latGETnl: 17086410 # GET request latency on next level
   latGETnet: 0 # GET request latency on network to next level
 mem: # Memory controller stats
  mem-0: # Memory controller stats
   rd: 47481 # Read requests
   wr: 34590 # Write requests
   rdlat: 6503540 # Total latency experienced by read requests
   wrlat: 5057492 # Total latency experienced by write requests
   rdhits: 35 # Read row hits
   wrhits: 132 # Write row hits
   mlh: # latency histogram for memory requests
    0: 0
    1: 0
    2: 0
    3: 0
    4: 0
    5: 0
    6: 0
    7: 0
    8: 0
    9: 0
    10: 0
    11: 4
    12: 11
    13: 36867
    14: 9453
    15: 296
    16: 155
    17: 71
    18: 22
    19: 26
    20: 31
    21: 28
    22: 18
    23: 26
    24: 14
    25: 14
    26: 27
    27: 17
    28: 20
    29: 23
    30: 16
    31: 26
    32: 26
    33: 33
    34: 32
    35: 38
    36: 26
    37: 36
    38: 20
    39: 14
    40: 21
    41: 25
    42: 16
    43: 9
    44: 2
    45: 3
    46: 1
    47: 10
    48: 4
    49: 0
    50: 0
    51: 0
    52: 0
    53: 0
    54: 0
    55: 0
    56: 0
    57: 0
    58: 0
    59: 0
    60: 0
    61: 0
    62: 0
    63: 0
    64: 0
    65: 0
    66: 0
    67: 0
    68: 0
    69: 0
    70: 0
    71: 0
    72: 0
    73: 0
    74: 0
    75: 0
    76: 0
    77: 0
    78: 0
    79: 0
    80: 0
    81: 0
    82: 0
    83: 0
    84: 0
    85: 0
    86: 0
    87: 0
    88: 0
    89: 0
    90: 0
    91: 0
    92: 0
    93: 0
    94: 0
    95: 0
    96: 0
    97: 0
    98: 0
    99: 0
  mem-1: # Memory controller stats
   rd: 47471 # Read requests
   wr: 34558 # Write requests
   rdlat: 6513724 # Total latency experienced by read requests
   wrlat: 5061570 # Total latency experienced by write requests
   rdhits: 33 # Read row hits
   wrhits: 123 # Write row hits
   mlh: # latency histogram for memory requests
    0: 0
    1: 0
    2: 0
    3: 0
    4: 0
    5: 0
    6: 0
    7: 0
    8: 0
    9: 0
    10: 0
    11: 0
    12: 4
    13: 36688
    14: 9584
    15: 295
    16: 161
    17: 68
    18: 36
    19: 28
    20: 23
    21: 18
    22: 23
    23: 22
    24: 23
    25: 37
    26: 28
    27: 18
    28: 14
    29: 19
    30: 16
    31: 18
    32: 28
    33: 26
    34: 24
    35: 39
    36: 28
    37: 31
    38: 31
    39: 24
    40: 27
    41: 27
    42: 30
    43: 17
    44: 2
    45: 2
    46: 1
    47: 8
    48: 3
    49: 0
    50: 0
    51: 0
    52: 0
    53: 0
    54: 0
    55: 0
    56: 0
    57: 0
    58: 0
    59: 0
    60: 0
    61: 0
    62: 0
    63: 0
    64: 0
    65: 0
    66: 0
    67: 0
    68: 0
    69: 0
    70: 0
    71: 0
    72: 0
    73: 0
    74: 0
    75: 0
    76: 0
    77: 0
    78: 0
    79: 0
    80: 0
    81: 0
    82: 0
    83: 0
    84: 0
    85: 0
    86: 0
    87: 0
    88: 0
    89: 0
    90: 0
    91: 0
    92: 0
    93: 0
    94: 0
    95: 0
    96: 0
    97: 0
    98: 0
    99: 0
  mem-2: # Memory controller stats
   rd: 47457 # Read requests
   wr: 34573 # Write requests
   rdlat: 6510920 # Total latency experienced by read requests
   wrlat: 5044516 # Total latency experienced by write requests
   rdhits: 16 # Read row hits
   wrhits: 122 # Write row hits
   mlh: # latency histogram for memory requests
    0: 0
    1: 0
    2: 0
    3: 0
    4: 0
    5: 0
    6: 0
    7: 0
    8: 0
    9: 0
    10: 0
    11: 0
    12: 6
    13: 36647
    14: 9565
    15: 321
    16: 181
    17: 82
    18: 27
    19: 25
    20: 20
    21: 20
    22: 30
    23: 27
    24: 25
    25: 17
    26: 11
    27: 9
    28: 27
    29: 32
    30: 28
    31: 24
    32: 23
    33: 29
    34: 26
    35: 39
    36: 24
    37: 41
    38: 26
    39: 29
    40: 30
    41: 17
    42: 13
    43: 19
    44: 2
    45: 0
    46: 0
    47: 9
    48: 3
    49: 0
    50: 3
    51: 0
    52: 0
    53: 0
    54: 0
    55: 0
    56: 0
    57: 0
    58: 0
    59: 0
    60: 0
    61: 0
    62: 0
    63: 0
    64: 0
    65: 0
    66: 0
    67: 0
    68: 0
    69: 0
    70: 0
    71: 0
    72: 0
    73: 0
    74: 0
    75: 0
    76: 0
    77: 0
    78: 0
    79: 0
    80: 0
    81: 0
    82: 0
    83: 0
    84: 0
    85: 0
    86: 0
    87: 0
    88: 0
    89: 0
    90: 0
    91: 0
    92: 0
    93: 0
    94: 0
    95: 0
    96: 0
    97: 0
    98: 0
    99: 0
  mem-3: # Memory controller stats
   rd: 47440 # Read requests
   wr: 34532 # Write requests
   rdlat: 6512788 # Total latency experienced by read requests
   wrlat: 5059301 # Total latency experienced by write requests
   rdhits: 14 # Read row hits
   wrhits: 120 # Write row hits
   mlh: # latency histogram for memory requests
    0: 0
    1: 0
    2: 0
    3: 0
    4: 0
    5: 0
    6: 0
    7: 0
    8: 0
    9: 0
    10: 0
    11: 3
    12: 2
    13: 36790
    14: 9420
    15: 294
    16: 173
    17: 76
    18: 23
    19: 23
    20: 27
    21: 27
    22: 31
    23: 19
    24: 18
    25: 28
    26: 22
    27: 18
    28: 19
    29: 25
    30: 21
    31: 21
    32: 24
    33: 28
    34: 29
    35: 47
    36: 33
    37: 44
    38: 23
    39: 33
    40: 20
    41: 27
    42: 25
    43: 13
    44: 3
    45: 0
    46: 0
    47: 9
    48: 2
    49: 0
    50: 0
    51: 0
    52: 0
    53: 0
    54: 0
    55: 0
    56: 0
    57: 0
    58: 0
    59: 0
    60: 0
    61: 0
    62: 0
    63: 0
    64: 0
    65: 0
    66: 0
    67: 0
    68: 0
    69: 0
    70: 0
    71: 0
    72: 0
    73: 0
    74: 0
    75: 0
    76: 0
    77: 0
    78: 0
    79: 0
    80: 0
    81: 0
    82: 0
    83: 0
    84: 0
    85: 0
    86: 0
    87: 0
    88: 0
    89: 0
    90: 0
    91: 0
    92: 0
    93: 0
    94: 0
    95: 0
    96: 0
    97: 0
    98: 0
    99: 0
 sched: # Scheduler stats
  thCr: 1 # Threads created
  thFn: 1 # Threads finished
  schedEvs: 1 # Schedule events
  waitEvs: 0 # Wait events
  handoffEvs: 0 # Handoff events
  sleepEvs: 0 # Sleep events
  idlePhases: 0 # Phases with no thread active
  idlePeriods: 0 # Periods with no thread active
  occHist: # Occupancy histogram
   0: 0
   1: 47544
  rqSzHist: # Run queue size histogram
   0: 47544
   1: 0
   2: 0
   3: 0
   4: 0
   5: 0
   6: 0
   7: 0
   8: 0
   9: 0
   10: 0
   11: 0
   12: 0
   13: 0
   14: 0
   15: 0
   16: 0
 procCycles: # Per-process unhalted core cycles
  0: 475440049
  1: 0
  2: 0
  3: 0
  4: 0
  5: 0
  6: 0
  7: 0
  8: 0
  9: 0
  10: 0
  11: 0
  12: 0
  13: 0
  14: 0
  15: 0
  16: 0
  17: 0
  18: 0
  19: 0
  20: 0
  21: 0
  22: 0
  23: 0
  24: 0
  25: 0
  26: 0
  27: 0
  28: 0
  29: 0
  30: 0
  31: 0
  32: 0
  33: 0
  34: 0
  35: 0
  36: 0
  37: 0
  38: 0
  39: 0
  40: 0
  41: 0
  42: 0
  43: 0
  44: 0
  45: 0
  46: 0
  47: 0
  48: 0
  49: 0
  50: 0
  51: 0
  52: 0
  53: 0
  54: 0
  55: 0
  56: 0
  57: 0
  58: 0
  59: 0
  60: 0
  61: 0
  62: 0
  63: 0
 procInstrs: # Per-process instructions
  0: 1000001580
  1: 0
  2: 0
  3: 0
  4: 0
  5: 0
  6: 0
  7: 0
  8: 0
  9: 0
  10: 0
  11: 0
  12: 0
  13: 0
  14: 0
  15: 0
  16: 0
  17: 0
  18: 0
  19: 0
  20: 0
  21: 0
  22: 0
  23: 0
  24: 0
  25: 0
  26: 0
  27: 0
  28: 0
  29: 0
  30: 0
  31: 0
  32: 0
  33: 0
  34: 0
  35: 0
  36: 0
  37: 0
  38: 0
  39: 0
  40: 0
  41: 0
  42: 0
  43: 0
  44: 0
  45: 0
  46: 0
  47: 0
  48: 0
  49: 0
  50: 0
  51: 0
  52: 0
  53: 0
  54: 0
  55: 0
  56: 0
  57: 0
  58: 0
  59: 0
  60: 0
  61: 0
  62: 0
  63: 0
 heartbeats: # Per-process heartbeats
  0: 0
  1: 0
  2: 0
  3: 0
  4: 0
  5: 0
  6: 0
  7: 0
  8: 0
  9: 0
  10: 0
  11: 0
  12: 0
  13: 0
  14: 0
  15: 0
  16: 0
  17: 0
  18: 0
  19: 0
  20: 0
  21: 0
  22: 0
  23: 0
  24: 0
  25: 0
  26: 0
  27: 0
  28: 0
  29: 0
  30: 0
  31: 0
  32: 0
  33: 0
  34: 0
  35: 0
  36: 0
  37: 0
  38: 0
  39: 0
  40: 0
  41: 0
  42: 0
  43: 0
  44: 0
  45: 0
  46: 0
  47: 0
  48: 0
  49: 0
  50: 0
  51: 0
  52: 0
  53: 0
  54: 0
  55: 0
  56: 0
  57: 0
  58: 0
  59: 0
  60: 0
  61: 0
  62: 0
  63: 0
===
