# zsim stats
===
root: # Stats
 contention: # Contention simulation stats
  domain-0: # Domain stats
   time: 1690628487 # Weave simulation time
 time: # Simulator time breakdown
  init: 2855483740
  bound: 317444223037
  weave: 7183775317
  ff: 0
 trigger: 20000 # Reason for this stats dump
 phase: 95340 # Simulated phases
 westmere: # Core stats
  westmere-0: # Core stats
   cycles: 798325476 # Simulated unhalted cycles
   cCycles: 1310996 # Cycles due to contention stalls
   instrs: 607733918 # Simulated instructions
   uops: 684778584 # Retired micro-ops
   bbls: 62672627 # Basic blocks
   approxInstrs: 3047544 # Instrs with approx uop decoding
   mispredBranches: 809413 # Mispredicted branches
   condBranches: 52677435 # conditional branches
  westmere-1: # Core stats
   cycles: 807584859 # Simulated unhalted cycles
   cCycles: 1300170 # Cycles due to contention stalls
   instrs: 616423241 # Simulated instructions
   uops: 695195345 # Retired micro-ops
   bbls: 63717140 # Basic blocks
   approxInstrs: 3097501 # Instrs with approx uop decoding
   mispredBranches: 791466 # Mispredicted branches
   condBranches: 53312966 # conditional branches
  westmere-2: # Core stats
   cycles: 795875358 # Simulated unhalted cycles
   cCycles: 1287433 # Cycles due to contention stalls
   instrs: 605042883 # Simulated instructions
   uops: 681717941 # Retired micro-ops
   bbls: 62294191 # Basic blocks
   approxInstrs: 2995562 # Instrs with approx uop decoding
   mispredBranches: 778087 # Mispredicted branches
   condBranches: 52396791 # conditional branches
  westmere-3: # Core stats
   cycles: 807157858 # Simulated unhalted cycles
   cCycles: 1293403 # Cycles due to contention stalls
   instrs: 617407507 # Simulated instructions
   uops: 696288150 # Retired micro-ops
   bbls: 63755674 # Basic blocks
   approxInstrs: 3115610 # Instrs with approx uop decoding
   mispredBranches: 796623 # Mispredicted branches
   condBranches: 53315157 # conditional branches
  westmere-4: # Core stats
   cycles: 806574082 # Simulated unhalted cycles
   cCycles: 1297180 # Cycles due to contention stalls
   instrs: 615901928 # Simulated instructions
   uops: 694525390 # Retired micro-ops
   bbls: 63666478 # Basic blocks
   approxInstrs: 3106883 # Instrs with approx uop decoding
   mispredBranches: 800237 # Mispredicted branches
   condBranches: 53302449 # conditional branches
  westmere-5: # Core stats
   cycles: 808511733 # Simulated unhalted cycles
   cCycles: 1294545 # Cycles due to contention stalls
   instrs: 617855616 # Simulated instructions
   uops: 696849065 # Retired micro-ops
   bbls: 63905692 # Basic blocks
   approxInstrs: 3107749 # Instrs with approx uop decoding
   mispredBranches: 799325 # Mispredicted branches
   condBranches: 53454969 # conditional branches
  westmere-6: # Core stats
   cycles: 878553523 # Simulated unhalted cycles
   cCycles: 1363076 # Cycles due to contention stalls
   instrs: 691757919 # Simulated instructions
   uops: 775623972 # Retired micro-ops
   bbls: 68785429 # Basic blocks
   approxInstrs: 3213852 # Instrs with approx uop decoding
   mispredBranches: 814392 # Mispredicted branches
   condBranches: 57604477 # conditional branches
  westmere-7: # Core stats
   cycles: 818895089 # Simulated unhalted cycles
   cCycles: 1290351 # Cycles due to contention stalls
   instrs: 627930108 # Simulated instructions
   uops: 708965603 # Retired micro-ops
   bbls: 65111857 # Basic blocks
   approxInstrs: 3201437 # Instrs with approx uop decoding
   mispredBranches: 821367 # Mispredicted branches
   condBranches: 54178085 # conditional branches
 l1i: # Cache stats
  l1i-0: # Filter cache stats
   fhGETS: 61217862 # Filtered GETS hits
   fhGETX: 0 # Filtered GETX hits
   hGETS: 2079419 # GETS hits
   hGETX: 0 # GETX hits
   mGETS: 21765594 # GETS misses
   mGETXIM: 0 # GETX I->M misses
   mGETXSM: 0 # GETX S->M misses (upgrade misses)
   PUTS: 0 # Clean evictions (from lower level)
   PUTX: 0 # Dirty evictions (from lower level)
   INV: 21764167 # Invalidates (from upper level)
   INVX: 0 # Downgrades (from upper level)
   FWD: 0 # Forwards (from upper level)
   latGETnl: 544035858 # GET request latency on next level
   latGETnet: 0 # GET request latency on network to next level
  l1i-1: # Filter cache stats
   fhGETS: 62018024 # Filtered GETS hits
   fhGETX: 0 # Filtered GETX hits
   hGETS: 2088093 # GETS hits
   hGETX: 0 # GETX hits
   mGETS: 22205732 # GETS misses
   mGETXIM: 0 # GETX I->M misses
   mGETXSM: 0 # GETX S->M misses (upgrade misses)
   PUTS: 0 # Clean evictions (from lower level)
   PUTX: 0 # Dirty evictions (from lower level)
   INV: 22204413 # Invalidates (from upper level)
   INVX: 0 # Downgrades (from upper level)
   FWD: 0 # Forwards (from upper level)
   latGETnl: 550130760 # GET request latency on next level
   latGETnet: 0 # GET request latency on network to next level
  l1i-2: # Filter cache stats
   fhGETS: 60699465 # Filtered GETS hits
   fhGETX: 0 # Filtered GETX hits
   hGETS: 2084087 # GETS hits
   hGETX: 0 # GETX hits
   mGETS: 21671569 # GETS misses
   mGETXIM: 0 # GETX I->M misses
   mGETXSM: 0 # GETX S->M misses (upgrade misses)
   PUTS: 0 # Clean evictions (from lower level)
   PUTX: 0 # Dirty evictions (from lower level)
   INV: 21670421 # Invalidates (from upper level)
   INVX: 0 # Downgrades (from upper level)
   FWD: 0 # Forwards (from upper level)
   latGETnl: 543267402 # GET request latency on next level
   latGETnet: 0 # GET request latency on network to next level
  l1i-3: # Filter cache stats
   fhGETS: 62087073 # Filtered GETS hits
   fhGETX: 0 # Filtered GETX hits
   hGETS: 2097758 # GETS hits
   hGETX: 0 # GETX hits
   mGETS: 22237443 # GETS misses
   mGETXIM: 0 # GETX I->M misses
   mGETXSM: 0 # GETX S->M misses (upgrade misses)
   PUTS: 0 # Clean evictions (from lower level)
   PUTX: 0 # Dirty evictions (from lower level)
   INV: 22236141 # Invalidates (from upper level)
   INVX: 0 # Downgrades (from upper level)
   FWD: 0 # Forwards (from upper level)
   latGETnl: 549247272 # GET request latency on next level
   latGETnet: 0 # GET request latency on network to next level
  l1i-4: # Filter cache stats
   fhGETS: 62006315 # Filtered GETS hits
   fhGETX: 0 # Filtered GETX hits
   hGETS: 2104969 # GETS hits
   hGETX: 0 # GETX hits
   mGETS: 22163669 # GETS misses
   mGETXIM: 0 # GETX I->M misses
   mGETXSM: 0 # GETX S->M misses (upgrade misses)
   PUTS: 0 # Clean evictions (from lower level)
   PUTX: 0 # Dirty evictions (from lower level)
   INV: 22162085 # Invalidates (from upper level)
   INVX: 0 # Downgrades (from upper level)
   FWD: 0 # Forwards (from upper level)
   latGETnl: 549181916 # GET request latency on next level
   latGETnet: 0 # GET request latency on network to next level
  l1i-5: # Filter cache stats
   fhGETS: 62230307 # Filtered GETS hits
   fhGETX: 0 # Filtered GETX hits
   hGETS: 2097977 # GETS hits
   hGETX: 0 # GETX hits
   mGETS: 22246882 # GETS misses
   mGETXIM: 0 # GETX I->M misses
   mGETXSM: 0 # GETX S->M misses (upgrade misses)
   PUTS: 0 # Clean evictions (from lower level)
   PUTX: 0 # Dirty evictions (from lower level)
   INV: 22245516 # Invalidates (from upper level)
   INVX: 0 # Downgrades (from upper level)
   FWD: 0 # Forwards (from upper level)
   latGETnl: 550350652 # GET request latency on next level
   latGETnet: 0 # GET request latency on network to next level
  l1i-6: # Filter cache stats
   fhGETS: 66427999 # Filtered GETS hits
   fhGETX: 0 # Filtered GETX hits
   hGETS: 2115042 # GETS hits
   hGETX: 0 # GETX hits
   mGETS: 25947123 # GETS misses
   mGETXIM: 0 # GETX I->M misses
   mGETXSM: 0 # GETX S->M misses (upgrade misses)
   PUTS: 0 # Clean evictions (from lower level)
   PUTX: 0 # Dirty evictions (from lower level)
   INV: 25944298 # Invalidates (from upper level)
   INVX: 0 # Downgrades (from upper level)
   FWD: 0 # Forwards (from upper level)
   latGETnl: 595288232 # GET request latency on next level
   latGETnet: 0 # GET request latency on network to next level
  l1i-7: # Filter cache stats
   fhGETS: 63298254 # Filtered GETS hits
   fhGETX: 0 # Filtered GETX hits
   hGETS: 2107927 # GETS hits
   hGETX: 0 # GETX hits
   mGETS: 22779055 # GETS misses
   mGETXIM: 0 # GETX I->M misses
   mGETXSM: 0 # GETX S->M misses (upgrade misses)
   PUTS: 0 # Clean evictions (from lower level)
   PUTX: 0 # Dirty evictions (from lower level)
   INV: 22777211 # Invalidates (from upper level)
   INVX: 0 # Downgrades (from upper level)
   FWD: 0 # Forwards (from upper level)
   latGETnl: 556369334 # GET request latency on next level
   latGETnet: 0 # GET request latency on network to next level
 l1d: # Cache stats
  l1d-0: # Filter cache stats
   fhGETS: 98967933 # Filtered GETS hits
   fhGETX: 12763029 # Filtered GETX hits
   hGETS: 8347734 # GETS hits
   hGETX: 42856 # GETX hits
   mGETS: 7965167 # GETS misses
   mGETXIM: 3490375 # GETX I->M misses
   mGETXSM: 16778785 # GETX S->M misses (upgrade misses)
   PUTS: 0 # Clean evictions (from lower level)
   PUTX: 0 # Dirty evictions (from lower level)
   INV: 11854349 # Invalidates (from upper level)
   INVX: 19375193 # Downgrades (from upper level)
   FWD: 0 # Forwards (from upper level)
   latGETnl: 711320166 # GET request latency on next level
   latGETnet: 0 # GET request latency on network to next level
  l1d-1: # Filter cache stats
   fhGETS: 100624005 # Filtered GETS hits
   fhGETX: 13203067 # Filtered GETX hits
   hGETS: 8666930 # GETS hits
   hGETX: 41668 # GETX hits
   mGETS: 7986246 # GETS misses
   mGETXIM: 3506990 # GETX I->M misses
   mGETXSM: 17205252 # GETX S->M misses (upgrade misses)
   PUTS: 0 # Clean evictions (from lower level)
   PUTX: 0 # Dirty evictions (from lower level)
   INV: 11898181 # Invalidates (from upper level)
   INVX: 19806686 # Downgrades (from upper level)
   FWD: 0 # Forwards (from upper level)
   latGETnl: 717723452 # GET request latency on next level
   latGETnet: 0 # GET request latency on network to next level
  l1d-2: # Filter cache stats
   fhGETS: 98506055 # Filtered GETS hits
   fhGETX: 12666322 # Filtered GETX hits
   hGETS: 8291838 # GETS hits
   hGETX: 40828 # GETX hits
   mGETS: 7973962 # GETS misses
   mGETXIM: 3510877 # GETX I->M misses
   mGETXSM: 16694933 # GETX S->M misses (upgrade misses)
   PUTS: 0 # Clean evictions (from lower level)
   PUTX: 0 # Dirty evictions (from lower level)
   INV: 11898050 # Invalidates (from upper level)
   INVX: 19303821 # Downgrades (from upper level)
   FWD: 0 # Forwards (from upper level)
   latGETnl: 711429514 # GET request latency on next level
   latGETnet: 0 # GET request latency on network to next level
  l1d-3: # Filter cache stats
   fhGETS: 100782450 # Filtered GETS hits
   fhGETX: 13198068 # Filtered GETX hits
   hGETS: 8722252 # GETS hits
   hGETX: 41888 # GETX hits
   mGETS: 7951597 # GETS misses
   mGETXIM: 3514027 # GETX I->M misses
   mGETXSM: 17258224 # GETX S->M misses (upgrade misses)
   PUTS: 0 # Clean evictions (from lower level)
   PUTX: 0 # Dirty evictions (from lower level)
   INV: 11898344 # Invalidates (from upper level)
   INVX: 19872545 # Downgrades (from upper level)
   FWD: 0 # Forwards (from upper level)
   latGETnl: 717362900 # GET request latency on next level
   latGETnet: 0 # GET request latency on network to next level
  l1d-4: # Filter cache stats
   fhGETS: 100497117 # Filtered GETS hits
   fhGETX: 13138898 # Filtered GETX hits
   hGETS: 8648331 # GETS hits
   hGETX: 41864 # GETX hits
   mGETS: 7981685 # GETS misses
   mGETXIM: 3516300 # GETX I->M misses
   mGETXSM: 17182836 # GETX S->M misses (upgrade misses)
   PUTS: 0 # Clean evictions (from lower level)
   PUTX: 0 # Dirty evictions (from lower level)
   INV: 11931677 # Invalidates (from upper level)
   INVX: 19788914 # Downgrades (from upper level)
   FWD: 0 # Forwards (from upper level)
   latGETnl: 717410538 # GET request latency on next level
   latGETnet: 0 # GET request latency on network to next level
  l1d-5: # Filter cache stats
   fhGETS: 100869632 # Filtered GETS hits
   fhGETX: 13204661 # Filtered GETX hits
   hGETS: 8707316 # GETS hits
   hGETX: 41517 # GETX hits
   mGETS: 7983438 # GETS misses
   mGETXIM: 3521604 # GETX I->M misses
   mGETXSM: 17263147 # GETX S->M misses (upgrade misses)
   PUTS: 0 # Clean evictions (from lower level)
   PUTX: 0 # Dirty evictions (from lower level)
   INV: 11954224 # Invalidates (from upper level)
   INVX: 19874659 # Downgrades (from upper level)
   FWD: 0 # Forwards (from upper level)
   latGETnl: 718739232 # GET request latency on next level
   latGETnet: 0 # GET request latency on network to next level
  l1d-6: # Filter cache stats
   fhGETS: 115382746 # Filtered GETS hits
   fhGETX: 15382015 # Filtered GETX hits
   hGETS: 9676359 # GETS hits
   hGETX: 42352 # GETX hits
   mGETS: 7991576 # GETS misses
   mGETXIM: 3526992 # GETX I->M misses
   mGETXSM: 20955197 # GETX S->M misses (upgrade misses)
   PUTS: 0 # Clean evictions (from lower level)
   PUTX: 0 # Dirty evictions (from lower level)
   INV: 11984978 # Invalidates (from upper level)
   INVX: 23568414 # Downgrades (from upper level)
   FWD: 0 # Forwards (from upper level)
   latGETnl: 763633470 # GET request latency on next level
   latGETnet: 0 # GET request latency on network to next level
  l1d-7: # Filter cache stats
   fhGETS: 102706553 # Filtered GETS hits
   fhGETX: 13780076 # Filtered GETX hits
   hGETS: 9125878 # GETS hits
   hGETX: 42410 # GETX hits
   mGETS: 7975121 # GETS misses
   mGETXIM: 3518372 # GETX I->M misses
   mGETXSM: 17799150 # GETX S->M misses (upgrade misses)
   PUTS: 0 # Clean evictions (from lower level)
   PUTX: 0 # Dirty evictions (from lower level)
   INV: 11974364 # Invalidates (from upper level)
   INVX: 20409730 # Downgrades (from upper level)
   FWD: 0 # Forwards (from upper level)
   latGETnl: 724533918 # GET request latency on next level
   latGETnet: 0 # GET request latency on network to next level
 l2: # Cache stats
  l2-0: # Cache stats
   hGETS: 17826052 # GETS hits
   hGETX: 8453199 # GETX hits
   mGETS: 11904709 # GETS misses
   mGETXIM: 830343 # GETX I->M misses
   mGETXSM: 10985618 # GETX S->M misses (upgrade misses)
   PUTS: 46486 # Clean evictions (from lower level)
   PUTX: 1608 # Dirty evictions (from lower level)
   INV: 13193921 # Invalidates (from upper level)
   INVX: 10598782 # Downgrades (from upper level)
   FWD: 0 # Forwards (from upper level)
   latGETnl: 742770044 # GET request latency on next level
   latGETnet: 0 # GET request latency on network to next level
  l2-1: # Cache stats
   hGETS: 18252107 # GETS hits
   hGETX: 8865863 # GETX hits
   mGETS: 11939871 # GETS misses
   mGETXIM: 825466 # GETX I->M misses
   mGETXSM: 11020913 # GETX S->M misses (upgrade misses)
   PUTS: 47303 # Clean evictions (from lower level)
   PUTX: 1911 # Dirty evictions (from lower level)
   INV: 13241806 # Invalidates (from upper level)
   INVX: 10622192 # Downgrades (from upper level)
   FWD: 0 # Forwards (from upper level)
   latGETnl: 744697528 # GET request latency on next level
   latGETnet: 0 # GET request latency on network to next level
  l2-2: # Cache stats
   hGETS: 17728609 # GETS hits
   hGETX: 8357054 # GETX hits
   mGETS: 11916922 # GETS misses
   mGETXIM: 824298 # GETX I->M misses
   mGETXSM: 11024458 # GETX S->M misses (upgrade misses)
   PUTS: 47486 # Clean evictions (from lower level)
   PUTX: 2036 # Dirty evictions (from lower level)
   INV: 13225816 # Invalidates (from upper level)
   INVX: 10626671 # Downgrades (from upper level)
   FWD: 0 # Forwards (from upper level)
   latGETnl: 744096884 # GET request latency on next level
   latGETnet: 0 # GET request latency on network to next level
  l2-3: # Cache stats
   hGETS: 18316352 # GETS hits
   hGETX: 8927316 # GETX hits
   mGETS: 11872688 # GETS misses
   mGETXIM: 831486 # GETX I->M misses
   mGETXSM: 11013449 # GETX S->M misses (upgrade misses)
   PUTS: 49409 # Clean evictions (from lower level)
   PUTX: 1730 # Dirty evictions (from lower level)
   INV: 13209598 # Invalidates (from upper level)
   INVX: 10615679 # Downgrades (from upper level)
   FWD: 0 # Forwards (from upper level)
   latGETnl: 742570852 # GET request latency on next level
   latGETnet: 0 # GET request latency on network to next level
  l2-4: # Cache stats
   hGETS: 18243765 # GETS hits
   hGETX: 8830005 # GETX hits
   mGETS: 11901589 # GETS misses
   mGETXIM: 810339 # GETX I->M misses
   mGETXSM: 11058792 # GETX S->M misses (upgrade misses)
   PUTS: 54537 # Clean evictions (from lower level)
   PUTX: 1692 # Dirty evictions (from lower level)
   INV: 13238591 # Invalidates (from upper level)
   INVX: 10643305 # Downgrades (from upper level)
   FWD: 0 # Forwards (from upper level)
   latGETnl: 744223742 # GET request latency on next level
   latGETnet: 0 # GET request latency on network to next level
  l2-5: # Cache stats
   hGETS: 18331853 # GETS hits
   hGETX: 8894836 # GETX hits
   mGETS: 11898467 # GETS misses
   mGETXIM: 808049 # GETX I->M misses
   mGETXSM: 11081866 # GETX S->M misses (upgrade misses)
   PUTS: 50419 # Clean evictions (from lower level)
   PUTX: 1746 # Dirty evictions (from lower level)
   INV: 13250570 # Invalidates (from upper level)
   INVX: 10664336 # Downgrades (from upper level)
   FWD: 0 # Forwards (from upper level)
   latGETnl: 744769812 # GET request latency on next level
   latGETnet: 0 # GET request latency on network to next level
  l2-6: # Cache stats
   hGETS: 22031777 # GETS hits
   hGETX: 12568889 # GETX hits
   mGETS: 11906922 # GETS misses
   mGETXIM: 804399 # GETX I->M misses
   mGETXSM: 11108901 # GETX S->M misses (upgrade misses)
   PUTS: 53052 # Clean evictions (from lower level)
   PUTX: 1824 # Dirty evictions (from lower level)
   INV: 13274765 # Invalidates (from upper level)
   INVX: 10683147 # Downgrades (from upper level)
   FWD: 0 # Forwards (from upper level)
   latGETnl: 745895042 # GET request latency on next level
   latGETnet: 0 # GET request latency on network to next level
  l2-7: # Cache stats
   hGETS: 18881473 # GETS hits
   hGETX: 9425983 # GETX hits
   mGETS: 11872703 # GETS misses
   mGETXIM: 800402 # GETX I->M misses
   mGETXSM: 11091137 # GETX S->M misses (upgrade misses)
   PUTS: 47217 # Clean evictions (from lower level)
   PUTX: 1709 # Dirty evictions (from lower level)
   INV: 13248208 # Invalidates (from upper level)
   INVX: 10666664 # Downgrades (from upper level)
   FWD: 0 # Forwards (from upper level)
   latGETnl: 743902748 # GET request latency on next level
   latGETnet: 0 # GET request latency on network to next level
 l3: # Cache stats
  l3-0b0: # Cache stats
   hGETS: 7041649 # GETS hits
   hGETX: 7045719 # GETX hits
   mGETS: 17234 # GETS misses
   mGETXIM: 48 # GETX I->M misses
   mGETXSM: 8599 # GETX S->M misses (upgrade misses)
   PUTS: 0 # Clean evictions (from lower level)
   PUTX: 0 # Dirty evictions (from lower level)
   INV: 0 # Invalidates (from upper level)
   INVX: 0 # Downgrades (from upper level)
   FWD: 0 # Forwards (from upper level)
   latGETnl: 2329290 # GET request latency on next level
   latGETnet: 0 # GET request latency on network to next level
  l3-0b1: # Cache stats
   hGETS: 5372408 # GETS hits
   hGETX: 5422829 # GETX hits
   mGETS: 823 # GETS misses
   mGETXIM: 113 # GETX I->M misses
   mGETXSM: 532 # GETX S->M misses (upgrade misses)
   PUTS: 0 # Clean evictions (from lower level)
   PUTX: 0 # Dirty evictions (from lower level)
   INV: 0 # Invalidates (from upper level)
   INVX: 0 # Downgrades (from upper level)
   FWD: 0 # Forwards (from upper level)
   latGETnl: 132120 # GET request latency on next level
   latGETnet: 0 # GET request latency on network to next level
  l3-0b2: # Cache stats
   hGETS: 12373321 # GETS hits
   hGETX: 12570323 # GETX hits
   mGETS: 66607 # GETS misses
   mGETXIM: 168 # GETX I->M misses
   mGETXSM: 66109 # GETX S->M misses (upgrade misses)
   PUTS: 0 # Clean evictions (from lower level)
   PUTX: 0 # Dirty evictions (from lower level)
   INV: 0 # Invalidates (from upper level)
   INVX: 0 # Downgrades (from upper level)
   FWD: 0 # Forwards (from upper level)
   latGETnl: 11959560 # GET request latency on next level
   latGETnet: 0 # GET request latency on network to next level
  l3-0b3: # Cache stats
   hGETS: 14403127 # GETS hits
   hGETX: 14142582 # GETX hits
   mGETS: 66603 # GETS misses
   mGETXIM: 59 # GETX I->M misses
   mGETXSM: 33157 # GETX S->M misses (upgrade misses)
   PUTS: 0 # Clean evictions (from lower level)
   PUTX: 0 # Dirty evictions (from lower level)
   INV: 0 # Invalidates (from upper level)
   INVX: 0 # Downgrades (from upper level)
   FWD: 0 # Forwards (from upper level)
   latGETnl: 8983710 # GET request latency on next level
   latGETnet: 0 # GET request latency on network to next level
  l3-0b4: # Cache stats
   hGETS: 9302830 # GETS hits
   hGETX: 10858425 # GETX hits
   mGETS: 17248 # GETS misses
   mGETXIM: 49 # GETX I->M misses
   mGETXSM: 8526 # GETX S->M misses (upgrade misses)
   PUTS: 0 # Clean evictions (from lower level)
   PUTX: 0 # Dirty evictions (from lower level)
   INV: 0 # Invalidates (from upper level)
   INVX: 0 # Downgrades (from upper level)
   FWD: 0 # Forwards (from upper level)
   latGETnl: 2324070 # GET request latency on next level
   latGETnet: 0 # GET request latency on network to next level
  l3-0b5: # Cache stats
   hGETS: 16018735 # GETS hits
   hGETX: 14536426 # GETX hits
   mGETS: 33424 # GETS misses
   mGETXIM: 33004 # GETX I->M misses
   mGETXSM: 33034 # GETX S->M misses (upgrade misses)
   PUTS: 0 # Clean evictions (from lower level)
   PUTX: 0 # Dirty evictions (from lower level)
   INV: 0 # Invalidates (from upper level)
   INVX: 0 # Downgrades (from upper level)
   FWD: 0 # Forwards (from upper level)
   latGETnl: 8951580 # GET request latency on next level
   latGETnet: 0 # GET request latency on network to next level
  l3-0b6: # Cache stats
   hGETS: 17210307 # GETS hits
   hGETX: 16445725 # GETX hits
   mGETS: 1142 # GETS misses
   mGETXIM: 24 # GETX I->M misses
   mGETXSM: 552 # GETX S->M misses (upgrade misses)
   PUTS: 0 # Clean evictions (from lower level)
   PUTX: 0 # Dirty evictions (from lower level)
   INV: 0 # Invalidates (from upper level)
   INVX: 0 # Downgrades (from upper level)
   FWD: 0 # Forwards (from upper level)
   latGETnl: 154620 # GET request latency on next level
   latGETnet: 0 # GET request latency on network to next level
  l3-0b7: # Cache stats
   hGETS: 13271270 # GETS hits
   hGETX: 13713677 # GETX hits
   mGETS: 17143 # GETS misses
   mGETXIM: 16 # GETX I->M misses
   mGETXSM: 220 # GETX S->M misses (upgrade misses)
   PUTS: 0 # Clean evictions (from lower level)
   PUTX: 0 # Dirty evictions (from lower level)
   INV: 0 # Invalidates (from upper level)
   INVX: 0 # Downgrades (from upper level)
   FWD: 0 # Forwards (from upper level)
   latGETnl: 1564110 # GET request latency on next level
   latGETnet: 0 # GET request latency on network to next level
 mem: # Memory controller stats
  mem-0: # Memory controller stats
   rd: 100930 # Read requests
   wr: 66474 # Write requests
   rdlat: 13528638 # Total latency experienced by read requests
   wrlat: 9116325 # Total latency experienced by write requests
   rdhits: 73 # Read row hits
   wrhits: 24 # Write row hits
   mlh: # latency histogram for memory requests
    0: 0
    1: 0
    2: 0
    3: 0
    4: 0
    5: 0
    6: 0
    7: 0
    8: 0
    9: 0
    10: 0
    11: 9
    12: 11
    13: 99390
    14: 130
    15: 54
    16: 36
    17: 28
    18: 31
    19: 25
    20: 34
    21: 32
    22: 94
    23: 29
    24: 31
    25: 48
    26: 51
    27: 46
    28: 41
    29: 55
    30: 52
    31: 60
    32: 52
    33: 72
    34: 54
    35: 57
    36: 55
    37: 50
    38: 51
    39: 65
    40: 55
    41: 47
    42: 63
    43: 19
    44: 0
    45: 1
    46: 0
    47: 1
    48: 0
    49: 0
    50: 0
    51: 1
    52: 0
    53: 0
    54: 0
    55: 0
    56: 0
    57: 0
    58: 0
    59: 0
    60: 0
    61: 0
    62: 0
    63: 0
    64: 0
    65: 0
    66: 0
    67: 0
    68: 0
    69: 0
    70: 0
    71: 0
    72: 0
    73: 0
    74: 0
    75: 0
    76: 0
    77: 0
    78: 0
    79: 0
    80: 0
    81: 0
    82: 0
    83: 0
    84: 0
    85: 0
    86: 0
    87: 0
    88: 0
    89: 0
    90: 0
    91: 0
    92: 0
    93: 0
    94: 0
    95: 0
    96: 0
    97: 0
    98: 0
    99: 0
  mem-1: # Memory controller stats
   rd: 51704 # Read requests
   wr: 16993 # Write requests
   rdlat: 7020081 # Total latency experienced by read requests
   wrlat: 2445769 # Total latency experienced by write requests
   rdhits: 18 # Read row hits
   wrhits: 1 # Write row hits
   mlh: # latency histogram for memory requests
    0: 0
    1: 0
    2: 0
    3: 0
    4: 0
    5: 0
    6: 0
    7: 0
    8: 0
    9: 0
    10: 0
    11: 4
    12: 8
    13: 42753
    14: 8225
    15: 48
    16: 23
    17: 16
    18: 18
    19: 20
    20: 15
    21: 14
    22: 20
    23: 25
    24: 23
    25: 17
    26: 24
    27: 28
    28: 29
    29: 53
    30: 29
    31: 30
    32: 22
    33: 34
    34: 20
    35: 14
    36: 18
    37: 25
    38: 29
    39: 32
    40: 26
    41: 21
    42: 25
    43: 11
    44: 2
    45: 0
    46: 0
    47: 0
    48: 3
    49: 0
    50: 0
    51: 0
    52: 0
    53: 0
    54: 0
    55: 0
    56: 0
    57: 0
    58: 0
    59: 0
    60: 0
    61: 0
    62: 0
    63: 0
    64: 0
    65: 0
    66: 0
    67: 0
    68: 0
    69: 0
    70: 0
    71: 0
    72: 0
    73: 0
    74: 0
    75: 0
    76: 0
    77: 0
    78: 0
    79: 0
    80: 0
    81: 0
    82: 0
    83: 0
    84: 0
    85: 0
    86: 0
    87: 0
    88: 0
    89: 0
    90: 0
    91: 0
    92: 0
    93: 0
    94: 0
    95: 0
    96: 0
    97: 0
    98: 0
    99: 0
  mem-2: # Memory controller stats
   rd: 117198 # Read requests
   wr: 33256 # Write requests
   rdlat: 15649561 # Total latency experienced by read requests
   wrlat: 4517481 # Total latency experienced by write requests
   rdhits: 32 # Read row hits
   wrhits: 3 # Write row hits
   mlh: # latency histogram for memory requests
    0: 0
    1: 0
    2: 0
    3: 0
    4: 0
    5: 0
    6: 0
    7: 0
    8: 0
    9: 0
    10: 0
    11: 3
    12: 6
    13: 115280
    14: 178
    15: 72
    16: 57
    17: 47
    18: 57
    19: 66
    20: 49
    21: 48
    22: 55
    23: 61
    24: 58
    25: 67
    26: 63
    27: 66
    28: 67
    29: 46
    30: 55
    31: 75
    32: 62
    33: 79
    34: 58
    35: 50
    36: 70
    37: 64
    38: 68
    39: 67
    40: 57
    41: 62
    42: 64
    43: 14
    44: 0
    45: 0
    46: 7
    47: 0
    48: 0
    49: 0
    50: 0
    51: 0
    52: 0
    53: 0
    54: 0
    55: 0
    56: 0
    57: 0
    58: 0
    59: 0
    60: 0
    61: 0
    62: 0
    63: 0
    64: 0
    65: 0
    66: 0
    67: 0
    68: 0
    69: 0
    70: 0
    71: 0
    72: 0
    73: 0
    74: 0
    75: 0
    76: 0
    77: 0
    78: 0
    79: 0
    80: 0
    81: 0
    82: 0
    83: 0
    84: 0
    85: 0
    86: 0
    87: 0
    88: 0
    89: 0
    90: 0
    91: 0
    92: 0
    93: 0
    94: 0
    95: 0
    96: 0
    97: 0
    98: 0
    99: 0
  mem-3: # Memory controller stats
   rd: 134602 # Read requests
   wr: 66680 # Write requests
   rdlat: 17983387 # Total latency experienced by read requests
   wrlat: 9112334 # Total latency experienced by write requests
   rdhits: 75 # Read row hits
   wrhits: 13 # Write row hits
   mlh: # latency histogram for memory requests
    0: 0
    1: 0
    2: 0
    3: 0
    4: 0
    5: 0
    6: 0
    7: 0
    8: 0
    9: 0
    10: 0
    11: 8
    12: 6
    13: 132032
    14: 492
    15: 107
    16: 80
    17: 85
    18: 81
    19: 74
    20: 69
    21: 63
    22: 71
    23: 80
    24: 73
    25: 77
    26: 71
    27: 82
    28: 69
    29: 54
    30: 76
    31: 64
    32: 62
    33: 88
    34: 79
    35: 61
    36: 72
    37: 61
    38: 70
    39: 72
    40: 65
    41: 68
    42: 69
    43: 19
    44: 1
    45: 0
    46: 0
    47: 0
    48: 1
    49: 0
    50: 0
    51: 0
    52: 0
    53: 0
    54: 0
    55: 0
    56: 0
    57: 0
    58: 0
    59: 0
    60: 0
    61: 0
    62: 0
    63: 0
    64: 0
    65: 0
    66: 0
    67: 0
    68: 0
    69: 0
    70: 0
    71: 0
    72: 0
    73: 0
    74: 0
    75: 0
    76: 0
    77: 0
    78: 0
    79: 0
    80: 0
    81: 0
    82: 0
    83: 0
    84: 0
    85: 0
    86: 0
    87: 0
    88: 0
    89: 0
    90: 0
    91: 0
    92: 0
    93: 0
    94: 0
    95: 0
    96: 0
    97: 0
    98: 0
    99: 0
 sched: # Scheduler stats
  thCr: 9 # Threads created
  thFn: 0 # Threads finished
  schedEvs: 406 # Schedule events
  waitEvs: 24 # Wait events
  handoffEvs: 0 # Handoff events
  sleepEvs: 0 # Sleep events
  idlePhases: 0 # Phases with no thread active
  idlePeriods: 0 # Periods with no thread active
  occHist: # Occupancy histogram
   0: 0
   1: 163
   2: 0
   3: 0
   4: 0
   5: 0
   6: 0
   7: 0
   8: 95177
  rqSzHist: # Run queue size histogram
   0: 95340
   1: 0
   2: 0
   3: 0
   4: 0
   5: 0
   6: 0
   7: 0
   8: 0
   9: 0
   10: 0
   11: 0
   12: 0
   13: 0
   14: 0
   15: 0
   16: 0
 procCycles: # Per-process unhalted core cycles
  0: 6521477978
  1: 0
  2: 0
  3: 0
  4: 0
  5: 0
  6: 0
  7: 0
  8: 0
  9: 0
  10: 0
  11: 0
  12: 0
  13: 0
  14: 0
  15: 0
  16: 0
  17: 0
  18: 0
  19: 0
  20: 0
  21: 0
  22: 0
  23: 0
  24: 0
  25: 0
  26: 0
  27: 0
  28: 0
  29: 0
  30: 0
  31: 0
  32: 0
  33: 0
  34: 0
  35: 0
  36: 0
  37: 0
  38: 0
  39: 0
  40: 0
  41: 0
  42: 0
  43: 0
  44: 0
  45: 0
  46: 0
  47: 0
  48: 0
  49: 0
  50: 0
  51: 0
  52: 0
  53: 0
  54: 0
  55: 0
  56: 0
  57: 0
  58: 0
  59: 0
  60: 0
  61: 0
  62: 0
  63: 0
 procInstrs: # Per-process instructions
  0: 5000053120
  1: 0
  2: 0
  3: 0
  4: 0
  5: 0
  6: 0
  7: 0
  8: 0
  9: 0
  10: 0
  11: 0
  12: 0
  13: 0
  14: 0
  15: 0
  16: 0
  17: 0
  18: 0
  19: 0
  20: 0
  21: 0
  22: 0
  23: 0
  24: 0
  25: 0
  26: 0
  27: 0
  28: 0
  29: 0
  30: 0
  31: 0
  32: 0
  33: 0
  34: 0
  35: 0
  36: 0
  37: 0
  38: 0
  39: 0
  40: 0
  41: 0
  42: 0
  43: 0
  44: 0
  45: 0
  46: 0
  47: 0
  48: 0
  49: 0
  50: 0
  51: 0
  52: 0
  53: 0
  54: 0
  55: 0
  56: 0
  57: 0
  58: 0
  59: 0
  60: 0
  61: 0
  62: 0
  63: 0
 heartbeats: # Per-process heartbeats
  0: 0
  1: 0
  2: 0
  3: 0
  4: 0
  5: 0
  6: 0
  7: 0
  8: 0
  9: 0
  10: 0
  11: 0
  12: 0
  13: 0
  14: 0
  15: 0
  16: 0
  17: 0
  18: 0
  19: 0
  20: 0
  21: 0
  22: 0
  23: 0
  24: 0
  25: 0
  26: 0
  27: 0
  28: 0
  29: 0
  30: 0
  31: 0
  32: 0
  33: 0
  34: 0
  35: 0
  36: 0
  37: 0
  38: 0
  39: 0
  40: 0
  41: 0
  42: 0
  43: 0
  44: 0
  45: 0
  46: 0
  47: 0
  48: 0
  49: 0
  50: 0
  51: 0
  52: 0
  53: 0
  54: 0
  55: 0
  56: 0
  57: 0
  58: 0
  59: 0
  60: 0
  61: 0
  62: 0
  63: 0
===
