[H] Starting zsim, built Sun Dec  3 10:16:16 CST 2023 (rev no git repo)
[H] Creating global segment, 1024 MBs
[H] Global segment shmid = 10879008
[H] Deadlock detection ON
[S 0] Started instance
[S 0] Started RR scheduler, quantum=10000 phases
[S 0] mem-0: domain 0, 4 ranks/ch 8 banks/rank, tech DDR3-1333-CL10, boundLat 90 rd / 40 wr
[S 0] mem-0: Address mapping rank:col:bank row 63:15 col 12:3 rank 14:13 bank 2:0
[S 0] mem-1: domain 0, 4 ranks/ch 8 banks/rank, tech DDR3-1333-CL10, boundLat 90 rd / 40 wr
[S 0] mem-1: Address mapping rank:col:bank row 63:15 col 12:3 rank 14:13 bank 2:0
[S 0] mem-2: domain 0, 4 ranks/ch 8 banks/rank, tech DDR3-1333-CL10, boundLat 90 rd / 40 wr
[S 0] mem-2: Address mapping rank:col:bank row 63:15 col 12:3 rank 14:13 bank 2:0
[S 0] mem-3: domain 0, 4 ranks/ch 8 banks/rank, tech DDR3-1333-CL10, boundLat 90 rd / 40 wr
[S 0] mem-3: Address mapping rank:col:bank row 63:15 col 12:3 rank 14:13 bank 2:0
[S 0] Hierarchy: [ l1i-0 l1d-0 ] -> l2-0
[S 0] Hierarchy: [ l1i-1 l1d-1 ] -> l2-1
[S 0] Hierarchy: [ l1i-2 l1d-2 ] -> l2-2
[S 0] Hierarchy: [ l1i-3 l1d-3 ] -> l2-3
[S 0] Hierarchy: [ l2-0 l2-1 l2-2 l2-3 ] -> l3-0b0..l3-0b3
[S 0] Initialized system
[S 0] HDF5 backend: Opening ./outputs/term_project/LRU/bodytrack_8c_simlarge/zsim.h5
[S 0] HDF5 backend: Created table, 7144 bytes/record, 147 records/write
[S 0] HDF5 backend: Opening ./outputs/term_project/LRU/bodytrack_8c_simlarge/zsim-ev.h5
[S 0] HDF5 backend: Created table, 7144 bytes/record, 19 records/write
[S 0] HDF5 backend: Opening ./outputs/term_project/LRU/bodytrack_8c_simlarge/zsim-cmp.h5
[S 0] HDF5 backend: Created table, 3160 bytes/record, 1 records/write
[S 0] Initialization complete
[H] Attached to global heap
[S 0] Started process, PID 22178
[S 0] procMask: 0x0
[S 0] [0] Adjusting clocks, domain 0, de-ffwd 0
[S 0] vDSO info initialized
[S 0] Started contention simulation thread 0
[S 0] FF thread 0 starting
[S 0] FF control Thread TID 22183
[S 0] Started scheduler watchdog thread
PARSEC Benchmark Suite Version 2.1
[HOOKS] PARSEC Hooks Version 1.2
Threading with Posix Threads
Number of threads : 8
[S 0] FF thread 4 starting
[S 0] FF thread 5 starting
[S 0] FF thread 6 starting
[S 0] FF thread 7 starting
[S 0] FF thread 8 starting
[S 0] FF thread 9 starting
[S 0] FF thread 10 starting
[S 0] FF thread 11 starting
[S 0] FF thread 12 starting
terminate called after throwing an instance of 'St9bad_alloc'
  what():  std::bad_alloc
[S 0] WARN: [4] ContextChange, reason FATAL_SIGNAL, inSyscall 0
[S 0] [4] Fatal signal caught, finishing
[S 0] Dumping termination stats
[S 0] [watchdog] Deferring cleanup of pid 0 (22178), not finished yet
[S 0] [watchdog] Deferring cleanup of pid 0 (22178), not finished yet
[S 0] [watchdog] Deferring cleanup of pid 0 (22178), not finished yet
[S 0] [watchdog] Deferring cleanup of pid 0 (22178), not finished yet
[S 0] [watchdog] Deferring cleanup of pid 0 (22178), not finished yet
[S 0] [watchdog] Deferring cleanup of pid 0 (22178), not finished yet
[S 0] [watchdog] Deferring cleanup of pid 0 (22178), not finished yet
[S 0] [watchdog] Deferring cleanup of pid 0 (22178), not finished yet
[S 0] [watchdog] Deferring cleanup of pid 0 (22178), not finished yet
[S 0] [watchdog] Deferring cleanup of pid 0 (22178), not finished yet
[S 0] [watchdog] Deferring cleanup of pid 0 (22178), not finished yet
[S 0] [watchdog] Deferring cleanup of pid 0 (22178), not finished yet
[S 0] [watchdog] Deferring cleanup of pid 0 ([S 0] [watchdog] Deferring cleanup of pid 0 (22178), not finished yet
[S 0] Finished scheduler watchdog thread
[H] Child 22178 done
[H] All children done, exiting
