# zsim stats
===
root: # Stats
 contention: # Contention simulation stats
  domain-0: # Domain stats
   time: 93256469 # Weave simulation time
 time: # Simulator time breakdown
  init: 29675499520
  bound: 10799705071
  weave: 108802147
  ff: 0
 trigger: 20000 # Reason for this stats dump
 phase: 643 # Simulated phases
 westmere: # Core stats
  westmere-0: # Core stats
   cycles: 5193078 # Simulated unhalted cycles
   cCycles: 1005920 # Cycles due to contention stalls
   instrs: 1744827 # Simulated instructions
   uops: 2213529 # Retired micro-ops
   bbls: 159946 # Basic blocks
   approxInstrs: 124551 # Instrs with approx uop decoding
   mispredBranches: 7341 # Mispredicted branches
   condBranches: 101656 # conditional branches
  westmere-1: # Core stats
   cycles: 6430002 # Simulated unhalted cycles
   cCycles: 1223991 # Cycles due to contention stalls
   instrs: 2205132 # Simulated instructions
   uops: 2796673 # Retired micro-ops
   bbls: 201267 # Basic blocks
   approxInstrs: 156584 # Instrs with approx uop decoding
   mispredBranches: 9321 # Mispredicted branches
   condBranches: 127670 # conditional branches
  westmere-2: # Core stats
   cycles: 6401329 # Simulated unhalted cycles
   cCycles: 1076697 # Cycles due to contention stalls
   instrs: 4221007 # Simulated instructions
   uops: 4918301 # Retired micro-ops
   bbls: 741492 # Basic blocks
   approxInstrs: 123958 # Instrs with approx uop decoding
   mispredBranches: 8908 # Mispredicted branches
   condBranches: 485252 # conditional branches
  westmere-3: # Core stats
   cycles: 6412480 # Simulated unhalted cycles
   cCycles: 1218033 # Cycles due to contention stalls
   instrs: 2203868 # Simulated instructions
   uops: 2794519 # Retired micro-ops
   bbls: 201077 # Basic blocks
   approxInstrs: 156451 # Instrs with approx uop decoding
   mispredBranches: 9336 # Mispredicted branches
   condBranches: 127576 # conditional branches
 l1i: # Cache stats
  l1i-0: # Filter cache stats
   fhGETS: 241121 # Filtered GETS hits
   fhGETX: 0 # Filtered GETX hits
   hGETS: 1311 # GETS hits
   hGETX: 0 # GETX hits
   mGETS: 327 # GETS misses
   mGETXIM: 0 # GETX I->M misses
   mGETXSM: 0 # GETX S->M misses (upgrade misses)
   PUTS: 0 # Clean evictions (from lower level)
   PUTX: 0 # Dirty evictions (from lower level)
   INV: 52 # Invalidates (from upper level)
   INVX: 0 # Downgrades (from upper level)
   FWD: 0 # Forwards (from upper level)
   latGETnl: 21936 # GET request latency on next level
   latGETnet: 0 # GET request latency on network to next level
  l1i-1: # Filter cache stats
   fhGETS: 304928 # Filtered GETS hits
   fhGETX: 0 # Filtered GETX hits
   hGETS: 1385 # GETS hits
   hGETX: 0 # GETX hits
   mGETS: 244 # GETS misses
   mGETXIM: 0 # GETX I->M misses
   mGETXSM: 0 # GETX S->M misses (upgrade misses)
   PUTS: 0 # Clean evictions (from lower level)
   PUTX: 0 # Dirty evictions (from lower level)
   INV: 0 # Invalidates (from upper level)
   INVX: 0 # Downgrades (from upper level)
   FWD: 0 # Forwards (from upper level)
   latGETnl: 22222 # GET request latency on next level
   latGETnet: 0 # GET request latency on network to next level
  l1i-2: # Filter cache stats
   fhGETS: 826975 # Filtered GETS hits
   fhGETX: 0 # Filtered GETX hits
   hGETS: 3536 # GETS hits
   hGETX: 0 # GETX hits
   mGETS: 714 # GETS misses
   mGETXIM: 0 # GETX I->M misses
   mGETXSM: 0 # GETX S->M misses (upgrade misses)
   PUTS: 0 # Clean evictions (from lower level)
   PUTX: 0 # Dirty evictions (from lower level)
   INV: 0 # Invalidates (from upper level)
   INVX: 0 # Downgrades (from upper level)
   FWD: 0 # Forwards (from upper level)
   latGETnl: 58972 # GET request latency on next level
   latGETnet: 0 # GET request latency on network to next level
  l1i-3: # Filter cache stats
   fhGETS: 304656 # Filtered GETS hits
   fhGETX: 0 # Filtered GETX hits
   hGETS: 1504 # GETS hits
   hGETX: 0 # GETX hits
   mGETS: 258 # GETS misses
   mGETXIM: 0 # GETX I->M misses
   mGETXSM: 0 # GETX S->M misses (upgrade misses)
   PUTS: 0 # Clean evictions (from lower level)
   PUTX: 0 # Dirty evictions (from lower level)
   INV: 3 # Invalidates (from upper level)
   INVX: 0 # Downgrades (from upper level)
   FWD: 0 # Forwards (from upper level)
   latGETnl: 11184 # GET request latency on next level
   latGETnet: 0 # GET request latency on network to next level
 l1d: # Cache stats
  l1d-0: # Filter cache stats
   fhGETS: 371027 # Filtered GETS hits
   fhGETX: 80972 # Filtered GETX hits
   hGETS: 53475 # GETS hits
   hGETX: 33211 # GETX hits
   mGETS: 38913 # GETS misses
   mGETXIM: 172 # GETX I->M misses
   mGETXSM: 177 # GETX S->M misses (upgrade misses)
   PUTS: 0 # Clean evictions (from lower level)
   PUTX: 0 # Dirty evictions (from lower level)
   INV: 83 # Invalidates (from upper level)
   INVX: 248 # Downgrades (from upper level)
   FWD: 0 # Forwards (from upper level)
   latGETnl: 3661320 # GET request latency on next level
   latGETnet: 0 # GET request latency on network to next level
  l1d-1: # Filter cache stats
   fhGETS: 467601 # Filtered GETS hits
   fhGETX: 102641 # Filtered GETX hits
   hGETS: 68013 # GETS hits
   hGETX: 41796 # GETX hits
   mGETS: 48908 # GETS misses
   mGETXIM: 95 # GETX I->M misses
   mGETXSM: 252 # GETX S->M misses (upgrade misses)
   PUTS: 0 # Clean evictions (from lower level)
   PUTX: 0 # Dirty evictions (from lower level)
   INV: 33 # Invalidates (from upper level)
   INVX: 228 # Downgrades (from upper level)
   FWD: 0 # Forwards (from upper level)
   latGETnl: 4469820 # GET request latency on next level
   latGETnet: 0 # GET request latency on network to next level
  l1d-2: # Filter cache stats
   fhGETS: 786159 # Filtered GETS hits
   fhGETX: 295600 # Filtered GETX hits
   hGETS: 59432 # GETS hits
   hGETX: 35616 # GETX hits
   mGETS: 51130 # GETS misses
   mGETXIM: 228 # GETX I->M misses
   mGETXSM: 176 # GETX S->M misses (upgrade misses)
   PUTS: 0 # Clean evictions (from lower level)
   PUTX: 0 # Dirty evictions (from lower level)
   INV: 42 # Invalidates (from upper level)
   INVX: 186 # Downgrades (from upper level)
   FWD: 0 # Forwards (from upper level)
   latGETnl: 3974542 # GET request latency on next level
   latGETnet: 0 # GET request latency on network to next level
  l1d-3: # Filter cache stats
   fhGETS: 467049 # Filtered GETS hits
   fhGETX: 102747 # Filtered GETX hits
   hGETS: 68203 # GETS hits
   hGETX: 41574 # GETX hits
   mGETS: 48899 # GETS misses
   mGETXIM: 117 # GETX I->M misses
   mGETXSM: 256 # GETX S->M misses (upgrade misses)
   PUTS: 0 # Clean evictions (from lower level)
   PUTX: 0 # Dirty evictions (from lower level)
   INV: 53 # Invalidates (from upper level)
   INVX: 224 # Downgrades (from upper level)
   FWD: 0 # Forwards (from upper level)
   latGETnl: 4458552 # GET request latency on next level
   latGETnet: 0 # GET request latency on network to next level
 l2: # Cache stats
  l2-0: # Cache stats
   hGETS: 2656 # GETS hits
   hGETX: 0 # GETX hits
   mGETS: 36584 # GETS misses
   mGETXIM: 172 # GETX I->M misses
   mGETXSM: 177 # GETX S->M misses (upgrade misses)
   PUTS: 22535 # Clean evictions (from lower level)
   PUTX: 15965 # Dirty evictions (from lower level)
   INV: 321 # Invalidates (from upper level)
   INVX: 1435 # Downgrades (from upper level)
   FWD: 0 # Forwards (from upper level)
   latGETnl: 3366544 # GET request latency on next level
   latGETnet: 0 # GET request latency on network to next level
  l2-1: # Cache stats
   hGETS: 3405 # GETS hits
   hGETX: 0 # GETX hits
   mGETS: 45747 # GETS misses
   mGETXIM: 95 # GETX I->M misses
   mGETXSM: 252 # GETX S->M misses (upgrade misses)
   PUTS: 28279 # Clean evictions (from lower level)
   PUTX: 20179 # Dirty evictions (from lower level)
   INV: 200 # Invalidates (from upper level)
   INVX: 1380 # Downgrades (from upper level)
   FWD: 0 # Forwards (from upper level)
   latGETnl: 4096050 # GET request latency on next level
   latGETnet: 0 # GET request latency on network to next level
  l2-2: # Cache stats
   hGETS: 13030 # GETS hits
   hGETX: 99 # GETX hits
   mGETS: 38814 # GETS misses
   mGETXIM: 128 # GETX I->M misses
   mGETXSM: 177 # GETX S->M misses (upgrade misses)
   PUTS: 34705 # Clean evictions (from lower level)
   PUTX: 16314 # Dirty evictions (from lower level)
   INV: 236 # Invalidates (from upper level)
   INVX: 1353 # Downgrades (from upper level)
   FWD: 0 # Forwards (from upper level)
   latGETnl: 3615530 # GET request latency on next level
   latGETnet: 0 # GET request latency on network to next level
  l2-3: # Cache stats
   hGETS: 3470 # GETS hits
   hGETX: 0 # GETX hits
   mGETS: 45687 # GETS misses
   mGETXIM: 117 # GETX I->M misses
   mGETXSM: 256 # GETX S->M misses (upgrade misses)
   PUTS: 28275 # Clean evictions (from lower level)
   PUTX: 20176 # Dirty evictions (from lower level)
   INV: 229 # Invalidates (from upper level)
   INVX: 1416 # Downgrades (from upper level)
   FWD: 0 # Forwards (from upper level)
   latGETnl: 4073496 # GET request latency on next level
   latGETnet: 0 # GET request latency on network to next level
 l3: # Cache stats
  l3-0b0: # Cache stats
   hGETS: 9175 # GETS hits
   hGETX: 230 # GETX hits
   mGETS: 32465 # GETS misses
   mGETXIM: 122 # GETX I->M misses
   mGETXSM: 0 # GETX S->M misses (upgrade misses)
   PUTS: 21176 # Clean evictions (from lower level)
   PUTX: 16298 # Dirty evictions (from lower level)
   INV: 0 # Invalidates (from upper level)
   INVX: 0 # Downgrades (from upper level)
   FWD: 0 # Forwards (from upper level)
   latGETnl: 2932830 # GET request latency on next level
   latGETnet: 0 # GET request latency on network to next level
  l3-0b1: # Cache stats
   hGETS: 9386 # GETS hits
   hGETX: 240 # GETX hits
   mGETS: 32714 # GETS misses
   mGETXIM: 109 # GETX I->M misses
   mGETXSM: 0 # GETX S->M misses (upgrade misses)
   PUTS: 21427 # Clean evictions (from lower level)
   PUTX: 16500 # Dirty evictions (from lower level)
   INV: 0 # Invalidates (from upper level)
   INVX: 0 # Downgrades (from upper level)
   FWD: 0 # Forwards (from upper level)
   latGETnl: 2954070 # GET request latency on next level
   latGETnet: 0 # GET request latency on network to next level
  l3-0b2: # Cache stats
   hGETS: 9130 # GETS hits
   hGETX: 208 # GETX hits
   mGETS: 32540 # GETS misses
   mGETXIM: 114 # GETX I->M misses
   mGETXSM: 0 # GETX S->M misses (upgrade misses)
   PUTS: 21083 # Clean evictions (from lower level)
   PUTX: 16360 # Dirty evictions (from lower level)
   INV: 0 # Invalidates (from upper level)
   INVX: 0 # Downgrades (from upper level)
   FWD: 0 # Forwards (from upper level)
   latGETnl: 2938860 # GET request latency on next level
   latGETnet: 0 # GET request latency on network to next level
  l3-0b3: # Cache stats
   hGETS: 9262 # GETS hits
   hGETX: 227 # GETX hits
   mGETS: 32160 # GETS misses
   mGETXIM: 124 # GETX I->M misses
   mGETXSM: 0 # GETX S->M misses (upgrade misses)
   PUTS: 21182 # Clean evictions (from lower level)
   PUTX: 16026 # Dirty evictions (from lower level)
   INV: 0 # Invalidates (from upper level)
   INVX: 0 # Downgrades (from upper level)
   FWD: 0 # Forwards (from upper level)
   latGETnl: 2905560 # GET request latency on next level
   latGETnet: 0 # GET request latency on network to next level
 mem: # Memory controller stats
  mem-0: # Memory controller stats
   rd: 32455 # Read requests
   wr: 1552 # Write requests
   rdlat: 4395311 # Total latency experienced by read requests
   wrlat: 225734 # Total latency experienced by write requests
   rdhits: 43 # Read row hits
   wrhits: 0 # Write row hits
   mlh: # latency histogram for memory requests
    0: 0
    1: 0
    2: 0
    3: 0
    4: 0
    5: 0
    6: 0
    7: 0
    8: 0
    9: 0
    10: 0
    11: 7
    12: 10
    13: 30304
    14: 1161
    15: 167
    16: 70
    17: 50
    18: 48
    19: 42
    20: 43
    21: 47
    22: 40
    23: 36
    24: 73
    25: 23
    26: 10
    27: 14
    28: 10
    29: 20
    30: 18
    31: 20
    32: 19
    33: 22
    34: 19
    35: 30
    36: 22
    37: 15
    38: 17
    39: 9
    40: 20
    41: 26
    42: 16
    43: 10
    44: 6
    45: 4
    46: 1
    47: 3
    48: 2
    49: 0
    50: 0
    51: 0
    52: 0
    53: 0
    54: 0
    55: 0
    56: 0
    57: 1
    58: 0
    59: 0
    60: 0
    61: 0
    62: 0
    63: 0
    64: 0
    65: 0
    66: 0
    67: 0
    68: 0
    69: 0
    70: 0
    71: 0
    72: 0
    73: 0
    74: 0
    75: 0
    76: 0
    77: 0
    78: 0
    79: 0
    80: 0
    81: 0
    82: 0
    83: 0
    84: 0
    85: 0
    86: 0
    87: 0
    88: 0
    89: 0
    90: 0
    91: 0
    92: 0
    93: 0
    94: 0
    95: 0
    96: 0
    97: 0
    98: 0
    99: 0
  mem-1: # Memory controller stats
   rd: 32489 # Read requests
   wr: 1506 # Write requests
   rdlat: 4404605 # Total latency experienced by read requests
   wrlat: 219885 # Total latency experienced by write requests
   rdhits: 35 # Read row hits
   wrhits: 0 # Write row hits
   mlh: # latency histogram for memory requests
    0: 0
    1: 0
    2: 0
    3: 0
    4: 0
    5: 0
    6: 0
    7: 0
    8: 0
    9: 0
    10: 0
    11: 9
    12: 9
    13: 30354
    14: 1113
    15: 179
    16: 63
    17: 52
    18: 40
    19: 50
    20: 40
    21: 47
    22: 39
    23: 34
    24: 84
    25: 29
    26: 6
    27: 12
    28: 16
    29: 12
    30: 18
    31: 16
    32: 30
    33: 21
    34: 21
    35: 16
    36: 25
    37: 25
    38: 23
    39: 14
    40: 23
    41: 20
    42: 23
    43: 5
    44: 4
    45: 3
    46: 3
    47: 7
    48: 2
    49: 1
    50: 0
    51: 1
    52: 0
    53: 0
    54: 0
    55: 0
    56: 0
    57: 0
    58: 0
    59: 0
    60: 0
    61: 0
    62: 0
    63: 0
    64: 0
    65: 0
    66: 0
    67: 0
    68: 0
    69: 0
    70: 0
    71: 0
    72: 0
    73: 0
    74: 0
    75: 0
    76: 0
    77: 0
    78: 0
    79: 0
    80: 0
    81: 0
    82: 0
    83: 0
    84: 0
    85: 0
    86: 0
    87: 0
    88: 0
    89: 0
    90: 0
    91: 0
    92: 0
    93: 0
    94: 0
    95: 0
    96: 0
    97: 0
    98: 0
    99: 0
  mem-2: # Memory controller stats
   rd: 32596 # Read requests
   wr: 1570 # Write requests
   rdlat: 4411969 # Total latency experienced by read requests
   wrlat: 227238 # Total latency experienced by write requests
   rdhits: 39 # Read row hits
   wrhits: 0 # Write row hits
   mlh: # latency histogram for memory requests
    0: 0
    1: 0
    2: 0
    3: 0
    4: 0
    5: 0
    6: 0
    7: 0
    8: 0
    9: 0
    10: 0
    11: 12
    12: 11
    13: 30380
    14: 1185
    15: 195
    16: 76
    17: 58
    18: 55
    19: 48
    20: 40
    21: 46
    22: 36
    23: 23
    24: 92
    25: 14
    26: 13
    27: 9
    28: 10
    29: 20
    30: 18
    31: 20
    32: 18
    33: 17
    34: 21
    35: 28
    36: 22
    37: 24
    38: 14
    39: 20
    40: 20
    41: 15
    42: 21
    43: 9
    44: 2
    45: 3
    46: 0
    47: 1
    48: 0
    49: 0
    50: 0
    51: 0
    52: 0
    53: 0
    54: 0
    55: 0
    56: 0
    57: 0
    58: 0
    59: 0
    60: 0
    61: 0
    62: 0
    63: 0
    64: 0
    65: 0
    66: 0
    67: 0
    68: 0
    69: 0
    70: 0
    71: 0
    72: 0
    73: 0
    74: 0
    75: 0
    76: 0
    77: 0
    78: 0
    79: 0
    80: 0
    81: 0
    82: 0
    83: 0
    84: 0
    85: 0
    86: 0
    87: 0
    88: 0
    89: 0
    90: 0
    91: 0
    92: 0
    93: 0
    94: 0
    95: 0
    96: 0
    97: 0
    98: 0
    99: 0
  mem-3: # Memory controller stats
   rd: 32611 # Read requests
   wr: 1549 # Write requests
   rdlat: 4421210 # Total latency experienced by read requests
   wrlat: 224898 # Total latency experienced by write requests
   rdhits: 41 # Read row hits
   wrhits: 0 # Write row hits
   mlh: # latency histogram for memory requests
    0: 0
    1: 0
    2: 0
    3: 0
    4: 0
    5: 0
    6: 0
    7: 0
    8: 0
    9: 0
    10: 0
    11: 5
    12: 7
    13: 30441
    14: 1127
    15: 205
    16: 76
    17: 47
    18: 42
    19: 47
    20: 39
    21: 44
    22: 36
    23: 40
    24: 81
    25: 26
    26: 10
    27: 12
    28: 12
    29: 18
    30: 28
    31: 22
    32: 13
    33: 15
    34: 24
    35: 16
    36: 22
    37: 16
    38: 18
    39: 16
    40: 18
    41: 31
    42: 21
    43: 17
    44: 5
    45: 2
    46: 4
    47: 3
    48: 4
    49: 1
    50: 0
    51: 0
    52: 0
    53: 0
    54: 0
    55: 0
    56: 0
    57: 0
    58: 0
    59: 0
    60: 0
    61: 0
    62: 0
    63: 0
    64: 0
    65: 0
    66: 0
    67: 0
    68: 0
    69: 0
    70: 0
    71: 0
    72: 0
    73: 0
    74: 0
    75: 0
    76: 0
    77: 0
    78: 0
    79: 0
    80: 0
    81: 0
    82: 0
    83: 0
    84: 0
    85: 0
    86: 0
    87: 0
    88: 0
    89: 0
    90: 0
    91: 0
    92: 0
    93: 0
    94: 0
    95: 0
    96: 0
    97: 0
    98: 0
    99: 0
 sched: # Scheduler stats
  thCr: 9 # Threads created
  thFn: 0 # Threads finished
  schedEvs: 15 # Schedule events
  waitEvs: 6 # Wait events
  handoffEvs: 0 # Handoff events
  sleepEvs: 0 # Sleep events
  idlePhases: 0 # Phases with no thread active
  idlePeriods: 0 # Periods with no thread active
  occHist: # Occupancy histogram
   0: 0
   1: 1
   2: 0
   3: 0
   4: 642
  rqSzHist: # Run queue size histogram
   0: 136
   1: 507
   2: 0
   3: 0
   4: 0
   5: 0
   6: 0
   7: 0
   8: 0
   9: 0
   10: 0
   11: 0
   12: 0
   13: 0
   14: 0
   15: 0
   16: 0
 procCycles: # Per-process unhalted core cycles
  0: 24436889
  1: 0
  2: 0
  3: 0
  4: 0
  5: 0
  6: 0
  7: 0
  8: 0
  9: 0
  10: 0
  11: 0
  12: 0
  13: 0
  14: 0
  15: 0
  16: 0
  17: 0
  18: 0
  19: 0
  20: 0
  21: 0
  22: 0
  23: 0
  24: 0
  25: 0
  26: 0
  27: 0
  28: 0
  29: 0
  30: 0
  31: 0
  32: 0
  33: 0
  34: 0
  35: 0
  36: 0
  37: 0
  38: 0
  39: 0
  40: 0
  41: 0
  42: 0
  43: 0
  44: 0
  45: 0
  46: 0
  47: 0
  48: 0
  49: 0
  50: 0
  51: 0
  52: 0
  53: 0
  54: 0
  55: 0
  56: 0
  57: 0
  58: 0
  59: 0
  60: 0
  61: 0
  62: 0
  63: 0
 procInstrs: # Per-process instructions
  0: 10374834
  1: 0
  2: 0
  3: 0
  4: 0
  5: 0
  6: 0
  7: 0
  8: 0
  9: 0
  10: 0
  11: 0
  12: 0
  13: 0
  14: 0
  15: 0
  16: 0
  17: 0
  18: 0
  19: 0
  20: 0
  21: 0
  22: 0
  23: 0
  24: 0
  25: 0
  26: 0
  27: 0
  28: 0
  29: 0
  30: 0
  31: 0
  32: 0
  33: 0
  34: 0
  35: 0
  36: 0
  37: 0
  38: 0
  39: 0
  40: 0
  41: 0
  42: 0
  43: 0
  44: 0
  45: 0
  46: 0
  47: 0
  48: 0
  49: 0
  50: 0
  51: 0
  52: 0
  53: 0
  54: 0
  55: 0
  56: 0
  57: 0
  58: 0
  59: 0
  60: 0
  61: 0
  62: 0
  63: 0
 heartbeats: # Per-process heartbeats
  0: 0
  1: 0
  2: 0
  3: 0
  4: 0
  5: 0
  6: 0
  7: 0
  8: 0
  9: 0
  10: 0
  11: 0
  12: 0
  13: 0
  14: 0
  15: 0
  16: 0
  17: 0
  18: 0
  19: 0
  20: 0
  21: 0
  22: 0
  23: 0
  24: 0
  25: 0
  26: 0
  27: 0
  28: 0
  29: 0
  30: 0
  31: 0
  32: 0
  33: 0
  34: 0
  35: 0
  36: 0
  37: 0
  38: 0
  39: 0
  40: 0
  41: 0
  42: 0
  43: 0
  44: 0
  45: 0
  46: 0
  47: 0
  48: 0
  49: 0
  50: 0
  51: 0
  52: 0
  53: 0
  54: 0
  55: 0
  56: 0
  57: 0
  58: 0
  59: 0
  60: 0
  61: 0
  62: 0
  63: 0
===
