# zsim stats
===
root: # Stats
 contention: # Contention simulation stats
  domain-0: # Domain stats
   time: 2511100896 # Weave simulation time
 time: # Simulator time breakdown
  init: 3497550922
  bound: 80650235880
  weave: 5309566830
  ff: 0
 trigger: 20000 # Reason for this stats dump
 phase: 72747 # Simulated phases
 westmere: # Core stats
  westmere-0: # Core stats
   cycles: 727470678 # Simulated unhalted cycles
   cCycles: 32361516 # Cycles due to contention stalls
   instrs: 1000008230 # Simulated instructions
   uops: 1145926117 # Retired micro-ops
   bbls: 205811746 # Basic blocks
   approxInstrs: 2658312 # Instrs with approx uop decoding
   mispredBranches: 7229415 # Mispredicted branches
   condBranches: 158129072 # conditional branches
 l1i: # Cache stats
  l1i-0: # Filter cache stats
   fhGETS: 179990131 # Filtered GETS hits
   fhGETX: 0 # Filtered GETX hits
   hGETS: 47988945 # GETS hits
   hGETX: 0 # GETX hits
   mGETS: 11530305 # GETS misses
   mGETXIM: 0 # GETX I->M misses
   mGETXSM: 0 # GETX S->M misses (upgrade misses)
   PUTS: 0 # Clean evictions (from lower level)
   PUTX: 0 # Dirty evictions (from lower level)
   INV: 22355 # Invalidates (from upper level)
   INVX: 0 # Downgrades (from upper level)
   FWD: 0 # Forwards (from upper level)
   latGETnl: 100633030 # GET request latency on next level
   latGETnet: 0 # GET request latency on network to next level
 l1d: # Cache stats
  l1d-0: # Filter cache stats
   fhGETS: 207370977 # Filtered GETS hits
   fhGETX: 116346206 # Filtered GETX hits
   hGETS: 40076891 # GETS hits
   hGETX: 18572481 # GETX hits
   mGETS: 5380131 # GETS misses
   mGETXIM: 1435669 # GETX I->M misses
   mGETXSM: 0 # GETX S->M misses (upgrade misses)
   PUTS: 0 # Clean evictions (from lower level)
   PUTX: 0 # Dirty evictions (from lower level)
   INV: 231068 # Invalidates (from upper level)
   INVX: 0 # Downgrades (from upper level)
   FWD: 0 # Forwards (from upper level)
   latGETnl: 270287530 # GET request latency on next level
   latGETnet: 0 # GET request latency on network to next level
 l2: # Cache stats
  l2-0: # Cache stats
   hGETS: 13191017 # GETS hits
   hGETX: 451685 # GETX hits
   mGETS: 3719419 # GETS misses
   mGETXIM: 983984 # GETX I->M misses
   mGETXSM: 0 # GETX S->M misses (upgrade misses)
   PUTS: 16316253 # Clean evictions (from lower level)
   PUTX: 1775410 # Dirty evictions (from lower level)
   INV: 669887 # Invalidates (from upper level)
   INVX: 0 # Downgrades (from upper level)
   FWD: 0 # Forwards (from upper level)
   latGETnl: 224151720 # GET request latency on next level
   latGETnet: 0 # GET request latency on network to next level
 l3: # Cache stats
  l3-0: # Cache stats
   hGETS: 2844586 # GETS hits
   hGETX: 413443 # GETX hits
   mGETS: 874833 # GETS misses
   mGETXIM: 570541 # GETX I->M misses
   mGETXSM: 0 # GETX S->M misses (upgrade misses)
   PUTS: 3032961 # Clean evictions (from lower level)
   PUTX: 996592 # Dirty evictions (from lower level)
   INV: 0 # Invalidates (from upper level)
   INVX: 0 # Downgrades (from upper level)
   FWD: 0 # Forwards (from upper level)
   latGETnl: 130083660 # GET request latency on next level
   latGETnet: 0 # GET request latency on network to next level
 mem: # Memory controller stats
  mem-0: # Memory controller stats
   rd: 361283 # Read requests
   wr: 156123 # Write requests
   rdlat: 48842142 # Total latency experienced by read requests
   wrlat: 22858199 # Total latency experienced by write requests
   rdhits: 875 # Read row hits
   wrhits: 576 # Write row hits
   mlh: # latency histogram for memory requests
    0: 0
    1: 0
    2: 0
    3: 0
    4: 0
    5: 0
    6: 0
    7: 0
    8: 0
    9: 0
    10: 0
    11: 60
    12: 44
    13: 333409
    14: 15489
    15: 4454
    16: 1616
    17: 504
    18: 233
    19: 233
    20: 295
    21: 327
    22: 236
    23: 276
    24: 325
    25: 239
    26: 155
    27: 190
    28: 135
    29: 174
    30: 174
    31: 196
    32: 209
    33: 243
    34: 220
    35: 215
    36: 217
    37: 214
    38: 227
    39: 200
    40: 197
    41: 195
    42: 188
    43: 83
    44: 31
    45: 19
    46: 20
    47: 15
    48: 16
    49: 4
    50: 1
    51: 2
    52: 1
    53: 0
    54: 1
    55: 0
    56: 0
    57: 0
    58: 0
    59: 1
    60: 0
    61: 0
    62: 0
    63: 0
    64: 0
    65: 0
    66: 0
    67: 0
    68: 0
    69: 0
    70: 0
    71: 0
    72: 0
    73: 0
    74: 0
    75: 0
    76: 0
    77: 0
    78: 0
    79: 0
    80: 0
    81: 0
    82: 0
    83: 0
    84: 0
    85: 0
    86: 0
    87: 0
    88: 0
    89: 0
    90: 0
    91: 0
    92: 0
    93: 0
    94: 0
    95: 0
    96: 0
    97: 0
    98: 0
    99: 0
  mem-1: # Memory controller stats
   rd: 361116 # Read requests
   wr: 155791 # Write requests
   rdlat: 48801479 # Total latency experienced by read requests
   wrlat: 22847834 # Total latency experienced by write requests
   rdhits: 880 # Read row hits
   wrhits: 595 # Write row hits
   mlh: # latency histogram for memory requests
    0: 0
    1: 0
    2: 0
    3: 0
    4: 0
    5: 0
    6: 0
    7: 0
    8: 0
    9: 0
    10: 0
    11: 64
    12: 46
    13: 333700
    14: 15130
    15: 4327
    16: 1579
    17: 454
    18: 262
    19: 238
    20: 351
    21: 384
    22: 257
    23: 270
    24: 335
    25: 239
    26: 151
    27: 172
    28: 160
    29: 161
    30: 188
    31: 228
    32: 222
    33: 222
    34: 196
    35: 185
    36: 221
    37: 201
    38: 209
    39: 201
    40: 210
    41: 176
    42: 199
    43: 78
    44: 28
    45: 23
    46: 19
    47: 7
    48: 21
    49: 1
    50: 1
    51: 0
    52: 0
    53: 0
    54: 0
    55: 0
    56: 0
    57: 0
    58: 0
    59: 0
    60: 0
    61: 0
    62: 0
    63: 0
    64: 0
    65: 0
    66: 0
    67: 0
    68: 0
    69: 0
    70: 0
    71: 0
    72: 0
    73: 0
    74: 0
    75: 0
    76: 0
    77: 0
    78: 0
    79: 0
    80: 0
    81: 0
    82: 0
    83: 0
    84: 0
    85: 0
    86: 0
    87: 0
    88: 0
    89: 0
    90: 0
    91: 0
    92: 0
    93: 0
    94: 0
    95: 0
    96: 0
    97: 0
    98: 0
    99: 0
  mem-2: # Memory controller stats
   rd: 360062 # Read requests
   wr: 155724 # Write requests
   rdlat: 48652221 # Total latency experienced by read requests
   wrlat: 22844402 # Total latency experienced by write requests
   rdhits: 928 # Read row hits
   wrhits: 513 # Write row hits
   mlh: # latency histogram for memory requests
    0: 0
    1: 0
    2: 0
    3: 0
    4: 0
    5: 0
    6: 0
    7: 0
    8: 0
    9: 0
    10: 0
    11: 58
    12: 53
    13: 332872
    14: 15027
    15: 4347
    16: 1570
    17: 474
    18: 257
    19: 233
    20: 267
    21: 318
    22: 227
    23: 296
    24: 354
    25: 258
    26: 140
    27: 159
    28: 154
    29: 182
    30: 177
    31: 206
    32: 217
    33: 219
    34: 196
    35: 222
    36: 222
    37: 221
    38: 227
    39: 191
    40: 179
    41: 183
    42: 165
    43: 89
    44: 24
    45: 23
    46: 21
    47: 14
    48: 14
    49: 2
    50: 2
    51: 1
    52: 0
    53: 1
    54: 0
    55: 0
    56: 0
    57: 0
    58: 0
    59: 0
    60: 0
    61: 0
    62: 0
    63: 0
    64: 0
    65: 0
    66: 0
    67: 0
    68: 0
    69: 0
    70: 0
    71: 0
    72: 0
    73: 0
    74: 0
    75: 0
    76: 0
    77: 0
    78: 0
    79: 0
    80: 0
    81: 0
    82: 0
    83: 0
    84: 0
    85: 0
    86: 0
    87: 0
    88: 0
    89: 0
    90: 0
    91: 0
    92: 0
    93: 0
    94: 0
    95: 0
    96: 0
    97: 0
    98: 0
    99: 0
  mem-3: # Memory controller stats
   rd: 362913 # Read requests
   wr: 155969 # Write requests
   rdlat: 49053865 # Total latency experienced by read requests
   wrlat: 22945474 # Total latency experienced by write requests
   rdhits: 952 # Read row hits
   wrhits: 548 # Write row hits
   mlh: # latency histogram for memory requests
    0: 0
    1: 0
    2: 0
    3: 0
    4: 0
    5: 0
    6: 0
    7: 0
    8: 0
    9: 0
    10: 0
    11: 58
    12: 40
    13: 335434
    14: 15064
    15: 4451
    16: 1536
    17: 463
    18: 217
    19: 272
    20: 360
    21: 355
    22: 258
    23: 302
    24: 358
    25: 249
    26: 155
    27: 170
    28: 159
    29: 148
    30: 173
    31: 232
    32: 213
    33: 229
    34: 209
    35: 195
    36: 208
    37: 215
    38: 201
    39: 187
    40: 196
    41: 194
    42: 212
    43: 90
    44: 28
    45: 31
    46: 19
    47: 7
    48: 14
    49: 6
    50: 0
    51: 3
    52: 2
    53: 0
    54: 0
    55: 0
    56: 0
    57: 0
    58: 0
    59: 0
    60: 0
    61: 0
    62: 0
    63: 0
    64: 0
    65: 0
    66: 0
    67: 0
    68: 0
    69: 0
    70: 0
    71: 0
    72: 0
    73: 0
    74: 0
    75: 0
    76: 0
    77: 0
    78: 0
    79: 0
    80: 0
    81: 0
    82: 0
    83: 0
    84: 0
    85: 0
    86: 0
    87: 0
    88: 0
    89: 0
    90: 0
    91: 0
    92: 0
    93: 0
    94: 0
    95: 0
    96: 0
    97: 0
    98: 0
    99: 0
 sched: # Scheduler stats
  thCr: 1 # Threads created
  thFn: 1 # Threads finished
  schedEvs: 1 # Schedule events
  waitEvs: 0 # Wait events
  handoffEvs: 0 # Handoff events
  sleepEvs: 0 # Sleep events
  idlePhases: 0 # Phases with no thread active
  idlePeriods: 0 # Periods with no thread active
  occHist: # Occupancy histogram
   0: 0
   1: 72747
  rqSzHist: # Run queue size histogram
   0: 72747
   1: 0
   2: 0
   3: 0
   4: 0
   5: 0
   6: 0
   7: 0
   8: 0
   9: 0
   10: 0
   11: 0
   12: 0
   13: 0
   14: 0
   15: 0
   16: 0
 procCycles: # Per-process unhalted core cycles
  0: 727470678
  1: 0
  2: 0
  3: 0
  4: 0
  5: 0
  6: 0
  7: 0
  8: 0
  9: 0
  10: 0
  11: 0
  12: 0
  13: 0
  14: 0
  15: 0
  16: 0
  17: 0
  18: 0
  19: 0
  20: 0
  21: 0
  22: 0
  23: 0
  24: 0
  25: 0
  26: 0
  27: 0
  28: 0
  29: 0
  30: 0
  31: 0
  32: 0
  33: 0
  34: 0
  35: 0
  36: 0
  37: 0
  38: 0
  39: 0
  40: 0
  41: 0
  42: 0
  43: 0
  44: 0
  45: 0
  46: 0
  47: 0
  48: 0
  49: 0
  50: 0
  51: 0
  52: 0
  53: 0
  54: 0
  55: 0
  56: 0
  57: 0
  58: 0
  59: 0
  60: 0
  61: 0
  62: 0
  63: 0
 procInstrs: # Per-process instructions
  0: 1000008230
  1: 0
  2: 0
  3: 0
  4: 0
  5: 0
  6: 0
  7: 0
  8: 0
  9: 0
  10: 0
  11: 0
  12: 0
  13: 0
  14: 0
  15: 0
  16: 0
  17: 0
  18: 0
  19: 0
  20: 0
  21: 0
  22: 0
  23: 0
  24: 0
  25: 0
  26: 0
  27: 0
  28: 0
  29: 0
  30: 0
  31: 0
  32: 0
  33: 0
  34: 0
  35: 0
  36: 0
  37: 0
  38: 0
  39: 0
  40: 0
  41: 0
  42: 0
  43: 0
  44: 0
  45: 0
  46: 0
  47: 0
  48: 0
  49: 0
  50: 0
  51: 0
  52: 0
  53: 0
  54: 0
  55: 0
  56: 0
  57: 0
  58: 0
  59: 0
  60: 0
  61: 0
  62: 0
  63: 0
 heartbeats: # Per-process heartbeats
  0: 0
  1: 0
  2: 0
  3: 0
  4: 0
  5: 0
  6: 0
  7: 0
  8: 0
  9: 0
  10: 0
  11: 0
  12: 0
  13: 0
  14: 0
  15: 0
  16: 0
  17: 0
  18: 0
  19: 0
  20: 0
  21: 0
  22: 0
  23: 0
  24: 0
  25: 0
  26: 0
  27: 0
  28: 0
  29: 0
  30: 0
  31: 0
  32: 0
  33: 0
  34: 0
  35: 0
  36: 0
  37: 0
  38: 0
  39: 0
  40: 0
  41: 0
  42: 0
  43: 0
  44: 0
  45: 0
  46: 0
  47: 0
  48: 0
  49: 0
  50: 0
  51: 0
  52: 0
  53: 0
  54: 0
  55: 0
  56: 0
  57: 0
  58: 0
  59: 0
  60: 0
  61: 0
  62: 0
  63: 0
===
