# zsim stats
===
root: # Stats
 contention: # Contention simulation stats
  domain-0: # Domain stats
   time: 573742973 # Weave simulation time
 time: # Simulator time breakdown
  init: 1702864818
  bound: 63209364536
  weave: 3644220608
  ff: 0
 trigger: 20000 # Reason for this stats dump
 phase: 55116 # Simulated phases
 westmere: # Core stats
  westmere-0: # Core stats
   cycles: 551160546 # Simulated unhalted cycles
   cCycles: 8020424 # Cycles due to contention stalls
   instrs: 1000013204 # Simulated instructions
   uops: 1425266287 # Retired micro-ops
   bbls: 48443066 # Basic blocks
   approxInstrs: 31622 # Instrs with approx uop decoding
   mispredBranches: 255414 # Mispredicted branches
   condBranches: 47610952 # conditional branches
 l1i: # Cache stats
  l1i-0: # Filter cache stats
   fhGETS: 94812979 # Filtered GETS hits
   fhGETX: 0 # Filtered GETX hits
   hGETS: 300373 # GETS hits
   hGETX: 0 # GETX hits
   mGETS: 23727 # GETS misses
   mGETXIM: 0 # GETX I->M misses
   mGETXSM: 0 # GETX S->M misses (upgrade misses)
   PUTS: 0 # Clean evictions (from lower level)
   PUTX: 0 # Dirty evictions (from lower level)
   INV: 6 # Invalidates (from upper level)
   INVX: 0 # Downgrades (from upper level)
   FWD: 0 # Forwards (from upper level)
   latGETnl: 567676 # GET request latency on next level
   latGETnet: 0 # GET request latency on network to next level
 l1d: # Cache stats
  l1d-0: # Filter cache stats
   fhGETS: 272585398 # Filtered GETS hits
   fhGETX: 90819644 # Filtered GETX hits
   hGETS: 155249680 # GETS hits
   hGETX: 59264640 # GETX hits
   mGETS: 2423557 # GETS misses
   mGETXIM: 2907484 # GETX I->M misses
   mGETXSM: 0 # GETX S->M misses (upgrade misses)
   PUTS: 0 # Clean evictions (from lower level)
   PUTX: 0 # Dirty evictions (from lower level)
   INV: 0 # Invalidates (from upper level)
   INVX: 0 # Downgrades (from upper level)
   FWD: 0 # Forwards (from upper level)
   latGETnl: 130889778 # GET request latency on next level
   latGETnet: 0 # GET request latency on network to next level
 l2: # Cache stats
  l2-0: # Cache stats
   hGETS: 2114396 # GETS hits
   hGETX: 12612 # GETX hits
   mGETS: 332888 # GETS misses
   mGETXIM: 2894872 # GETX I->M misses
   mGETXSM: 0 # GETX S->M misses (upgrade misses)
   PUTS: 2434443 # Clean evictions (from lower level)
   PUTX: 2919299 # Dirty evictions (from lower level)
   INV: 0 # Invalidates (from upper level)
   INVX: 0 # Downgrades (from upper level)
   FWD: 0 # Forwards (from upper level)
   latGETnl: 88619310 # GET request latency on next level
   latGETnet: 0 # GET request latency on network to next level
 l3: # Cache stats
  l3-0: # Cache stats
   hGETS: 323749 # GETS hits
   hGETX: 2636632 # GETX hits
   mGETS: 9139 # GETS misses
   mGETXIM: 258240 # GETX I->M misses
   mGETXSM: 0 # GETX S->M misses (upgrade misses)
   PUTS: 318516 # Clean evictions (from lower level)
   PUTX: 2905148 # Dirty evictions (from lower level)
   INV: 0 # Invalidates (from upper level)
   INVX: 0 # Downgrades (from upper level)
   FWD: 0 # Forwards (from upper level)
   latGETnl: 24064110 # GET request latency on next level
   latGETnet: 0 # GET request latency on network to next level
 mem: # Memory controller stats
  mem-0: # Memory controller stats
   rd: 66359 # Read requests
   wr: 56832 # Write requests
   rdlat: 9031634 # Total latency experienced by read requests
   wrlat: 7981102 # Total latency experienced by write requests
   rdhits: 2 # Read row hits
   wrhits: 427 # Write row hits
   mlh: # latency histogram for memory requests
    0: 0
    1: 0
    2: 0
    3: 0
    4: 0
    5: 0
    6: 0
    7: 0
    8: 0
    9: 0
    10: 0
    11: 0
    12: 1
    13: 56618
    14: 8593
    15: 133
    16: 54
    17: 50
    18: 29
    19: 21
    20: 26
    21: 41
    22: 34
    23: 42
    24: 25
    25: 21
    26: 35
    27: 27
    28: 20
    29: 23
    30: 28
    31: 39
    32: 51
    33: 53
    34: 46
    35: 32
    36: 33
    37: 47
    38: 46
    39: 33
    40: 43
    41: 27
    42: 33
    43: 14
    44: 2
    45: 0
    46: 0
    47: 36
    48: 3
    49: 0
    50: 0
    51: 0
    52: 0
    53: 0
    54: 0
    55: 0
    56: 0
    57: 0
    58: 0
    59: 0
    60: 0
    61: 0
    62: 0
    63: 0
    64: 0
    65: 0
    66: 0
    67: 0
    68: 0
    69: 0
    70: 0
    71: 0
    72: 0
    73: 0
    74: 0
    75: 0
    76: 0
    77: 0
    78: 0
    79: 0
    80: 0
    81: 0
    82: 0
    83: 0
    84: 0
    85: 0
    86: 0
    87: 0
    88: 0
    89: 0
    90: 0
    91: 0
    92: 0
    93: 0
    94: 0
    95: 0
    96: 0
    97: 0
    98: 0
    99: 0
  mem-1: # Memory controller stats
   rd: 66766 # Read requests
   wr: 57216 # Write requests
   rdlat: 9076520 # Total latency experienced by read requests
   wrlat: 8025997 # Total latency experienced by write requests
   rdhits: 12 # Read row hits
   wrhits: 428 # Write row hits
   mlh: # latency histogram for memory requests
    0: 0
    1: 0
    2: 0
    3: 0
    4: 0
    5: 0
    6: 0
    7: 0
    8: 0
    9: 0
    10: 0
    11: 4
    12: 2
    13: 57031
    14: 8635
    15: 119
    16: 68
    17: 29
    18: 23
    19: 28
    20: 23
    21: 37
    22: 29
    23: 23
    24: 38
    25: 30
    26: 24
    27: 28
    28: 32
    29: 31
    30: 31
    31: 35
    32: 42
    33: 52
    34: 32
    35: 31
    36: 40
    37: 65
    38: 31
    39: 21
    40: 32
    41: 48
    42: 31
    43: 7
    44: 1
    45: 0
    46: 0
    47: 32
    48: 1
    49: 0
    50: 0
    51: 0
    52: 0
    53: 0
    54: 0
    55: 0
    56: 0
    57: 0
    58: 0
    59: 0
    60: 0
    61: 0
    62: 0
    63: 0
    64: 0
    65: 0
    66: 0
    67: 0
    68: 0
    69: 0
    70: 0
    71: 0
    72: 0
    73: 0
    74: 0
    75: 0
    76: 0
    77: 0
    78: 0
    79: 0
    80: 0
    81: 0
    82: 0
    83: 0
    84: 0
    85: 0
    86: 0
    87: 0
    88: 0
    89: 0
    90: 0
    91: 0
    92: 0
    93: 0
    94: 0
    95: 0
    96: 0
    97: 0
    98: 0
    99: 0
  mem-2: # Memory controller stats
   rd: 67240 # Read requests
   wr: 57754 # Write requests
   rdlat: 9132470 # Total latency experienced by read requests
   wrlat: 8120952 # Total latency experienced by write requests
   rdhits: 1 # Read row hits
   wrhits: 428 # Write row hits
   mlh: # latency histogram for memory requests
    0: 0
    1: 0
    2: 0
    3: 0
    4: 0
    5: 0
    6: 0
    7: 0
    8: 0
    9: 0
    10: 0
    11: 0
    12: 1
    13: 57466
    14: 8684
    15: 107
    16: 61
    17: 41
    18: 38
    19: 25
    20: 39
    21: 35
    22: 36
    23: 39
    24: 31
    25: 40
    26: 41
    27: 27
    28: 27
    29: 16
    30: 19
    31: 33
    32: 38
    33: 52
    34: 30
    35: 28
    36: 37
    37: 45
    38: 49
    39: 24
    40: 26
    41: 33
    42: 37
    43: 12
    44: 2
    45: 0
    46: 1
    47: 18
    48: 2
    49: 0
    50: 0
    51: 0
    52: 0
    53: 0
    54: 0
    55: 0
    56: 0
    57: 0
    58: 0
    59: 0
    60: 0
    61: 0
    62: 0
    63: 0
    64: 0
    65: 0
    66: 0
    67: 0
    68: 0
    69: 0
    70: 0
    71: 0
    72: 0
    73: 0
    74: 0
    75: 0
    76: 0
    77: 0
    78: 0
    79: 0
    80: 0
    81: 0
    82: 0
    83: 0
    84: 0
    85: 0
    86: 0
    87: 0
    88: 0
    89: 0
    90: 0
    91: 0
    92: 0
    93: 0
    94: 0
    95: 0
    96: 0
    97: 0
    98: 0
    99: 0
  mem-3: # Memory controller stats
   rd: 67014 # Read requests
   wr: 57516 # Write requests
   rdlat: 9122024 # Total latency experienced by read requests
   wrlat: 8085890 # Total latency experienced by write requests
   rdhits: 12 # Read row hits
   wrhits: 433 # Write row hits
   mlh: # latency histogram for memory requests
    0: 0
    1: 0
    2: 0
    3: 0
    4: 0
    5: 0
    6: 0
    7: 0
    8: 0
    9: 0
    10: 0
    11: 1
    12: 4
    13: 57225
    14: 8619
    15: 125
    16: 48
    17: 25
    18: 18
    19: 27
    20: 36
    21: 46
    22: 42
    23: 37
    24: 39
    25: 36
    26: 39
    27: 33
    28: 24
    29: 30
    30: 45
    31: 33
    32: 46
    33: 51
    34: 39
    35: 44
    36: 44
    37: 38
    38: 27
    39: 24
    40: 42
    41: 40
    42: 38
    43: 10
    44: 1
    45: 0
    46: 0
    47: 35
    48: 3
    49: 0
    50: 0
    51: 0
    52: 0
    53: 0
    54: 0
    55: 0
    56: 0
    57: 0
    58: 0
    59: 0
    60: 0
    61: 0
    62: 0
    63: 0
    64: 0
    65: 0
    66: 0
    67: 0
    68: 0
    69: 0
    70: 0
    71: 0
    72: 0
    73: 0
    74: 0
    75: 0
    76: 0
    77: 0
    78: 0
    79: 0
    80: 0
    81: 0
    82: 0
    83: 0
    84: 0
    85: 0
    86: 0
    87: 0
    88: 0
    89: 0
    90: 0
    91: 0
    92: 0
    93: 0
    94: 0
    95: 0
    96: 0
    97: 0
    98: 0
    99: 0
 sched: # Scheduler stats
  thCr: 1 # Threads created
  thFn: 1 # Threads finished
  schedEvs: 1 # Schedule events
  waitEvs: 0 # Wait events
  handoffEvs: 0 # Handoff events
  sleepEvs: 0 # Sleep events
  idlePhases: 0 # Phases with no thread active
  idlePeriods: 0 # Periods with no thread active
  occHist: # Occupancy histogram
   0: 0
   1: 55116
  rqSzHist: # Run queue size histogram
   0: 55116
   1: 0
   2: 0
   3: 0
   4: 0
   5: 0
   6: 0
   7: 0
   8: 0
   9: 0
   10: 0
   11: 0
   12: 0
   13: 0
   14: 0
   15: 0
   16: 0
 procCycles: # Per-process unhalted core cycles
  0: 551160546
  1: 0
  2: 0
  3: 0
  4: 0
  5: 0
  6: 0
  7: 0
  8: 0
  9: 0
  10: 0
  11: 0
  12: 0
  13: 0
  14: 0
  15: 0
  16: 0
  17: 0
  18: 0
  19: 0
  20: 0
  21: 0
  22: 0
  23: 0
  24: 0
  25: 0
  26: 0
  27: 0
  28: 0
  29: 0
  30: 0
  31: 0
  32: 0
  33: 0
  34: 0
  35: 0
  36: 0
  37: 0
  38: 0
  39: 0
  40: 0
  41: 0
  42: 0
  43: 0
  44: 0
  45: 0
  46: 0
  47: 0
  48: 0
  49: 0
  50: 0
  51: 0
  52: 0
  53: 0
  54: 0
  55: 0
  56: 0
  57: 0
  58: 0
  59: 0
  60: 0
  61: 0
  62: 0
  63: 0
 procInstrs: # Per-process instructions
  0: 1000013204
  1: 0
  2: 0
  3: 0
  4: 0
  5: 0
  6: 0
  7: 0
  8: 0
  9: 0
  10: 0
  11: 0
  12: 0
  13: 0
  14: 0
  15: 0
  16: 0
  17: 0
  18: 0
  19: 0
  20: 0
  21: 0
  22: 0
  23: 0
  24: 0
  25: 0
  26: 0
  27: 0
  28: 0
  29: 0
  30: 0
  31: 0
  32: 0
  33: 0
  34: 0
  35: 0
  36: 0
  37: 0
  38: 0
  39: 0
  40: 0
  41: 0
  42: 0
  43: 0
  44: 0
  45: 0
  46: 0
  47: 0
  48: 0
  49: 0
  50: 0
  51: 0
  52: 0
  53: 0
  54: 0
  55: 0
  56: 0
  57: 0
  58: 0
  59: 0
  60: 0
  61: 0
  62: 0
  63: 0
 heartbeats: # Per-process heartbeats
  0: 0
  1: 0
  2: 0
  3: 0
  4: 0
  5: 0
  6: 0
  7: 0
  8: 0
  9: 0
  10: 0
  11: 0
  12: 0
  13: 0
  14: 0
  15: 0
  16: 0
  17: 0
  18: 0
  19: 0
  20: 0
  21: 0
  22: 0
  23: 0
  24: 0
  25: 0
  26: 0
  27: 0
  28: 0
  29: 0
  30: 0
  31: 0
  32: 0
  33: 0
  34: 0
  35: 0
  36: 0
  37: 0
  38: 0
  39: 0
  40: 0
  41: 0
  42: 0
  43: 0
  44: 0
  45: 0
  46: 0
  47: 0
  48: 0
  49: 0
  50: 0
  51: 0
  52: 0
  53: 0
  54: 0
  55: 0
  56: 0
  57: 0
  58: 0
  59: 0
  60: 0
  61: 0
  62: 0
  63: 0
===
