# zsim stats
===
root: # Stats
 contention: # Contention simulation stats
  domain-0: # Domain stats
   time: 9387133830 # Weave simulation time
 time: # Simulator time breakdown
  init: 1503148626
  bound: 71404510522
  weave: 11155008136
  ff: 0
 trigger: 20000 # Reason for this stats dump
 phase: 145853 # Simulated phases
 westmere: # Core stats
  westmere-0: # Core stats
   cycles: 1458532550 # Simulated unhalted cycles
   cCycles: 349992332 # Cycles due to contention stalls
   instrs: 1000002240 # Simulated instructions
   uops: 1137314568 # Retired micro-ops
   bbls: 80857809 # Basic blocks
   approxInstrs: 6560312 # Instrs with approx uop decoding
   mispredBranches: 32033 # Mispredicted branches
   condBranches: 51112607 # conditional branches
 l1i: # Cache stats
  l1i-0: # Filter cache stats
   fhGETS: 119182709 # Filtered GETS hits
   fhGETX: 0 # Filtered GETX hits
   hGETS: 3203292 # GETS hits
   hGETX: 0 # GETX hits
   mGETS: 5980 # GETS misses
   mGETXIM: 0 # GETX I->M misses
   mGETXSM: 0 # GETX S->M misses (upgrade misses)
   PUTS: 0 # Clean evictions (from lower level)
   PUTX: 0 # Dirty evictions (from lower level)
   INV: 5689 # Invalidates (from upper level)
   INVX: 0 # Downgrades (from upper level)
   FWD: 0 # Forwards (from upper level)
   latGETnl: 689030 # GET request latency on next level
   latGETnet: 0 # GET request latency on network to next level
 l1d: # Cache stats
  l1d-0: # Filter cache stats
   fhGETS: 251202067 # Filtered GETS hits
   fhGETX: 75568911 # Filtered GETX hits
   hGETS: 6099671 # GETS hits
   hGETX: 2389871 # GETX hits
   mGETS: 12027105 # GETS misses
   mGETXIM: 3675521 # GETX I->M misses
   mGETXSM: 0 # GETX S->M misses (upgrade misses)
   PUTS: 0 # Clean evictions (from lower level)
   PUTX: 0 # Dirty evictions (from lower level)
   INV: 4345 # Invalidates (from upper level)
   INVX: 0 # Downgrades (from upper level)
   FWD: 0 # Forwards (from upper level)
   latGETnl: 1821500248 # GET request latency on next level
   latGETnet: 0 # GET request latency on network to next level
 l2: # Cache stats
  l2-0: # Cache stats
   hGETS: 152151 # GETS hits
   hGETX: 0 # GETX hits
   mGETS: 11880934 # GETS misses
   mGETXIM: 3675521 # GETX I->M misses
   mGETXSM: 0 # GETX S->M misses (upgrade misses)
   PUTS: 12025300 # Clean evictions (from lower level)
   PUTX: 3672748 # Dirty evictions (from lower level)
   INV: 91145 # Invalidates (from upper level)
   INVX: 0 # Downgrades (from upper level)
   FWD: 0 # Forwards (from upper level)
   latGETnl: 1696520430 # GET request latency on next level
   latGETnet: 0 # GET request latency on network to next level
 l3: # Cache stats
  l3-0: # Cache stats
   hGETS: 163177 # GETS hits
   hGETX: 41 # GETX hits
   mGETS: 11717757 # GETS misses
   mGETXIM: 3675480 # GETX I->M misses
   mGETXSM: 0 # GETX S->M misses (upgrade misses)
   PUTS: 11867176 # Clean evictions (from lower level)
   PUTX: 3594038 # Dirty evictions (from lower level)
   INV: 0 # Invalidates (from upper level)
   INVX: 0 # Downgrades (from upper level)
   FWD: 0 # Forwards (from upper level)
   latGETnl: 1385391330 # GET request latency on next level
   latGETnet: 0 # GET request latency on network to next level
 mem: # Memory controller stats
  mem-0: # Memory controller stats
   rd: 5999374 # Read requests
   wr: 997118 # Write requests
   rdlat: 857008806 # Total latency experienced by read requests
   wrlat: 219665839 # Total latency experienced by write requests
   rdhits: 161836 # Read row hits
   wrhits: 63714 # Write row hits
   mlh: # latency histogram for memory requests
    0: 0
    1: 0
    2: 0
    3: 0
    4: 0
    5: 0
    6: 0
    7: 0
    8: 0
    9: 0
    10: 0
    11: 57
    12: 5408
    13: 4820457
    14: 273702
    15: 66107
    16: 26759
    17: 532173
    18: 7887
    19: 33158
    20: 19584
    21: 4775
    22: 8982
    23: 35234
    24: 28255
    25: 4794
    26: 2496
    27: 13621
    28: 29789
    29: 4689
    30: 14140
    31: 9013
    32: 4220
    33: 4104
    34: 3996
    35: 4676
    36: 3361
    37: 2904
    38: 6482
    39: 11918
    40: 4712
    41: 3233
    42: 2787
    43: 1275
    44: 526
    45: 758
    46: 656
    47: 547
    48: 553
    49: 188
    50: 57
    51: 226
    52: 184
    53: 195
    54: 125
    55: 34
    56: 37
    57: 43
    58: 47
    59: 14
    60: 8
    61: 62
    62: 203
    63: 49
    64: 34
    65: 24
    66: 15
    67: 26
    68: 9
    69: 5
    70: 0
    71: 0
    72: 1
    73: 0
    74: 0
    75: 0
    76: 0
    77: 0
    78: 0
    79: 0
    80: 0
    81: 0
    82: 0
    83: 0
    84: 0
    85: 0
    86: 0
    87: 0
    88: 0
    89: 0
    90: 0
    91: 0
    92: 0
    93: 0
    94: 0
    95: 0
    96: 0
    97: 0
    98: 0
    99: 0
  mem-1: # Memory controller stats
   rd: 2541381 # Read requests
   wr: 837126 # Write requests
   rdlat: 343473843 # Total latency experienced by read requests
   wrlat: 127097081 # Total latency experienced by write requests
   rdhits: 1 # Read row hits
   wrhits: 10897 # Write row hits
   mlh: # latency histogram for memory requests
    0: 0
    1: 0
    2: 0
    3: 0
    4: 0
    5: 0
    6: 0
    7: 0
    8: 0
    9: 0
    10: 0
    11: 0
    12: 0
    13: 2264553
    14: 205859
    15: 36806
    16: 2736
    17: 168
    18: 97
    19: 167
    20: 551
    21: 696
    22: 384
    23: 548
    24: 1495
    25: 2854
    26: 976
    27: 1328
    28: 1440
    29: 1689
    30: 1425
    31: 1493
    32: 2023
    33: 1563
    34: 1274
    35: 1221
    36: 1234
    37: 1068
    38: 1197
    39: 1320
    40: 1447
    41: 1348
    42: 1499
    43: 516
    44: 93
    45: 5
    46: 4
    47: 102
    48: 171
    49: 9
    50: 4
    51: 6
    52: 5
    53: 3
    54: 2
    55: 1
    56: 0
    57: 0
    58: 0
    59: 0
    60: 1
    61: 0
    62: 0
    63: 0
    64: 0
    65: 0
    66: 0
    67: 0
    68: 0
    69: 0
    70: 0
    71: 0
    72: 0
    73: 0
    74: 0
    75: 0
    76: 0
    77: 0
    78: 0
    79: 0
    80: 0
    81: 0
    82: 0
    83: 0
    84: 0
    85: 0
    86: 0
    87: 0
    88: 0
    89: 0
    90: 0
    91: 0
    92: 0
    93: 0
    94: 0
    95: 0
    96: 0
    97: 0
    98: 0
    99: 0
  mem-2: # Memory controller stats
   rd: 3986629 # Read requests
   wr: 997419 # Write requests
   rdlat: 537686054 # Total latency experienced by read requests
   wrlat: 153884453 # Total latency experienced by write requests
   rdhits: 4 # Read row hits
   wrhits: 1503 # Write row hits
   mlh: # latency histogram for memory requests
    0: 0
    1: 0
    2: 0
    3: 0
    4: 0
    5: 0
    6: 0
    7: 0
    8: 0
    9: 0
    10: 0
    11: 0
    12: 2
    13: 3659912
    14: 251667
    15: 19065
    16: 1979
    17: 291
    18: 176
    19: 237
    20: 421
    21: 1223
    22: 1089
    23: 1360
    24: 4692
    25: 4520
    26: 1792
    27: 2161
    28: 1731
    29: 1991
    30: 3392
    31: 2521
    32: 2984
    33: 2341
    34: 2041
    35: 2405
    36: 2171
    37: 1745
    38: 1661
    39: 1900
    40: 2339
    41: 2435
    42: 2194
    43: 996
    44: 185
    45: 281
    46: 58
    47: 359
    48: 217
    49: 34
    50: 14
    51: 19
    52: 9
    53: 10
    54: 6
    55: 2
    56: 0
    57: 1
    58: 0
    59: 0
    60: 0
    61: 0
    62: 0
    63: 0
    64: 0
    65: 0
    66: 0
    67: 0
    68: 0
    69: 0
    70: 0
    71: 0
    72: 0
    73: 0
    74: 0
    75: 0
    76: 0
    77: 0
    78: 0
    79: 0
    80: 0
    81: 0
    82: 0
    83: 0
    84: 0
    85: 0
    86: 0
    87: 0
    88: 0
    89: 0
    90: 0
    91: 0
    92: 0
    93: 0
    94: 0
    95: 0
    96: 0
    97: 0
    98: 0
    99: 0
  mem-3: # Memory controller stats
   rd: 2865805 # Read requests
   wr: 836974 # Write requests
   rdlat: 386878570 # Total latency experienced by read requests
   wrlat: 131212704 # Total latency experienced by write requests
   rdhits: 4 # Read row hits
   wrhits: 1547 # Write row hits
   mlh: # latency histogram for memory requests
    0: 0
    1: 0
    2: 0
    3: 0
    4: 0
    5: 0
    6: 0
    7: 0
    8: 0
    9: 0
    10: 0
    11: 0
    12: 0
    13: 2595642
    14: 214383
    15: 11521
    16: 6406
    17: 108
    18: 141
    19: 297
    20: 544
    21: 375
    22: 394
    23: 935
    24: 2691
    25: 3451
    26: 1470
    27: 1467
    28: 1729
    29: 1976
    30: 2120
    31: 1887
    32: 1839
    33: 1584
    34: 1419
    35: 1350
    36: 1205
    37: 1118
    38: 1443
    39: 1770
    40: 1909
    41: 1806
    42: 1813
    43: 618
    44: 65
    45: 14
    46: 9
    47: 48
    48: 228
    49: 11
    50: 4
    51: 5
    52: 2
    53: 5
    54: 2
    55: 1
    56: 0
    57: 0
    58: 0
    59: 0
    60: 0
    61: 0
    62: 0
    63: 0
    64: 0
    65: 0
    66: 0
    67: 0
    68: 0
    69: 0
    70: 0
    71: 0
    72: 0
    73: 0
    74: 0
    75: 0
    76: 0
    77: 0
    78: 0
    79: 0
    80: 0
    81: 0
    82: 0
    83: 0
    84: 0
    85: 0
    86: 0
    87: 0
    88: 0
    89: 0
    90: 0
    91: 0
    92: 0
    93: 0
    94: 0
    95: 0
    96: 0
    97: 0
    98: 0
    99: 0
 sched: # Scheduler stats
  thCr: 1 # Threads created
  thFn: 1 # Threads finished
  schedEvs: 1 # Schedule events
  waitEvs: 0 # Wait events
  handoffEvs: 0 # Handoff events
  sleepEvs: 0 # Sleep events
  idlePhases: 0 # Phases with no thread active
  idlePeriods: 0 # Periods with no thread active
  occHist: # Occupancy histogram
   0: 0
   1: 145853
  rqSzHist: # Run queue size histogram
   0: 145853
   1: 0
   2: 0
   3: 0
   4: 0
   5: 0
   6: 0
   7: 0
   8: 0
   9: 0
   10: 0
   11: 0
   12: 0
   13: 0
   14: 0
   15: 0
   16: 0
 procCycles: # Per-process unhalted core cycles
  0: 1458532550
  1: 0
  2: 0
  3: 0
  4: 0
  5: 0
  6: 0
  7: 0
  8: 0
  9: 0
  10: 0
  11: 0
  12: 0
  13: 0
  14: 0
  15: 0
  16: 0
  17: 0
  18: 0
  19: 0
  20: 0
  21: 0
  22: 0
  23: 0
  24: 0
  25: 0
  26: 0
  27: 0
  28: 0
  29: 0
  30: 0
  31: 0
  32: 0
  33: 0
  34: 0
  35: 0
  36: 0
  37: 0
  38: 0
  39: 0
  40: 0
  41: 0
  42: 0
  43: 0
  44: 0
  45: 0
  46: 0
  47: 0
  48: 0
  49: 0
  50: 0
  51: 0
  52: 0
  53: 0
  54: 0
  55: 0
  56: 0
  57: 0
  58: 0
  59: 0
  60: 0
  61: 0
  62: 0
  63: 0
 procInstrs: # Per-process instructions
  0: 1000002240
  1: 0
  2: 0
  3: 0
  4: 0
  5: 0
  6: 0
  7: 0
  8: 0
  9: 0
  10: 0
  11: 0
  12: 0
  13: 0
  14: 0
  15: 0
  16: 0
  17: 0
  18: 0
  19: 0
  20: 0
  21: 0
  22: 0
  23: 0
  24: 0
  25: 0
  26: 0
  27: 0
  28: 0
  29: 0
  30: 0
  31: 0
  32: 0
  33: 0
  34: 0
  35: 0
  36: 0
  37: 0
  38: 0
  39: 0
  40: 0
  41: 0
  42: 0
  43: 0
  44: 0
  45: 0
  46: 0
  47: 0
  48: 0
  49: 0
  50: 0
  51: 0
  52: 0
  53: 0
  54: 0
  55: 0
  56: 0
  57: 0
  58: 0
  59: 0
  60: 0
  61: 0
  62: 0
  63: 0
 heartbeats: # Per-process heartbeats
  0: 0
  1: 0
  2: 0
  3: 0
  4: 0
  5: 0
  6: 0
  7: 0
  8: 0
  9: 0
  10: 0
  11: 0
  12: 0
  13: 0
  14: 0
  15: 0
  16: 0
  17: 0
  18: 0
  19: 0
  20: 0
  21: 0
  22: 0
  23: 0
  24: 0
  25: 0
  26: 0
  27: 0
  28: 0
  29: 0
  30: 0
  31: 0
  32: 0
  33: 0
  34: 0
  35: 0
  36: 0
  37: 0
  38: 0
  39: 0
  40: 0
  41: 0
  42: 0
  43: 0
  44: 0
  45: 0
  46: 0
  47: 0
  48: 0
  49: 0
  50: 0
  51: 0
  52: 0
  53: 0
  54: 0
  55: 0
  56: 0
  57: 0
  58: 0
  59: 0
  60: 0
  61: 0
  62: 0
  63: 0
===
