# zsim stats
===
root: # Stats
 contention: # Contention simulation stats
  domain-0: # Domain stats
   time: 607621849 # Weave simulation time
 time: # Simulator time breakdown
  init: 1310185697
  bound: 60528647471
  weave: 2665926681
  ff: 0
 trigger: 20000 # Reason for this stats dump
 phase: 53605 # Simulated phases
 westmere: # Core stats
  westmere-0: # Core stats
   cycles: 536050090 # Simulated unhalted cycles
   cCycles: 6384798 # Cycles due to contention stalls
   instrs: 1000017132 # Simulated instructions
   uops: 1162523706 # Retired micro-ops
   bbls: 240254179 # Basic blocks
   approxInstrs: 8900403 # Instrs with approx uop decoding
   mispredBranches: 2399273 # Mispredicted branches
   condBranches: 191893493 # conditional branches
 l1i: # Cache stats
  l1i-0: # Filter cache stats
   fhGETS: 189505884 # Filtered GETS hits
   fhGETX: 0 # Filtered GETX hits
   hGETS: 65381023 # GETS hits
   hGETX: 0 # GETX hits
   mGETS: 5822 # GETS misses
   mGETXIM: 0 # GETX I->M misses
   mGETXSM: 0 # GETX S->M misses (upgrade misses)
   PUTS: 0 # Clean evictions (from lower level)
   PUTX: 0 # Dirty evictions (from lower level)
   INV: 2719 # Invalidates (from upper level)
   INVX: 0 # Downgrades (from upper level)
   FWD: 0 # Forwards (from upper level)
   latGETnl: 412946 # GET request latency on next level
   latGETnet: 0 # GET request latency on network to next level
 l1d: # Cache stats
  l1d-0: # Filter cache stats
   fhGETS: 208324219 # Filtered GETS hits
   fhGETX: 119180862 # Filtered GETX hits
   hGETS: 17664975 # GETS hits
   hGETX: 8936429 # GETX hits
   mGETS: 129277 # GETS misses
   mGETXIM: 216211 # GETX I->M misses
   mGETXSM: 0 # GETX S->M misses (upgrade misses)
   PUTS: 0 # Clean evictions (from lower level)
   PUTX: 0 # Dirty evictions (from lower level)
   INV: 253 # Invalidates (from upper level)
   INVX: 0 # Downgrades (from upper level)
   FWD: 0 # Forwards (from upper level)
   latGETnl: 30888624 # GET request latency on next level
   latGETnet: 0 # GET request latency on network to next level
 l2: # Cache stats
  l2-0: # Cache stats
   hGETS: 32804 # GETS hits
   hGETX: 45866 # GETX hits
   mGETS: 102295 # GETS misses
   mGETXIM: 170345 # GETX I->M misses
   mGETXSM: 0 # GETX S->M misses (upgrade misses)
   PUTS: 108347 # Clean evictions (from lower level)
   PUTX: 239092 # Dirty evictions (from lower level)
   INV: 3131 # Invalidates (from upper level)
   INVX: 0 # Downgrades (from upper level)
   FWD: 0 # Forwards (from upper level)
   latGETnl: 28491090 # GET request latency on next level
   latGETnet: 0 # GET request latency on network to next level
 l3: # Cache stats
  l3-0: # Cache stats
   hGETS: 16441 # GETS hits
   hGETX: 218 # GETX hits
   mGETS: 85854 # GETS misses
   mGETXIM: 170127 # GETX I->M misses
   mGETXSM: 0 # GETX S->M misses (upgrade misses)
   PUTS: 97436 # Clean evictions (from lower level)
   PUTX: 167977 # Dirty evictions (from lower level)
   INV: 0 # Invalidates (from upper level)
   INVX: 0 # Downgrades (from upper level)
   FWD: 0 # Forwards (from upper level)
   latGETnl: 23038290 # GET request latency on next level
   latGETnet: 0 # GET request latency on network to next level
 mem: # Memory controller stats
  mem-0: # Memory controller stats
   rd: 63988 # Read requests
   wr: 37694 # Write requests
   rdlat: 8665772 # Total latency experienced by read requests
   wrlat: 5490891 # Total latency experienced by write requests
   rdhits: 5 # Read row hits
   wrhits: 18 # Write row hits
   mlh: # latency histogram for memory requests
    0: 0
    1: 0
    2: 0
    3: 0
    4: 0
    5: 0
    6: 0
    7: 0
    8: 0
    9: 0
    10: 0
    11: 2
    12: 2
    13: 60124
    14: 788
    15: 498
    16: 1142
    17: 85
    18: 97
    19: 91
    20: 64
    21: 218
    22: 124
    23: 42
    24: 29
    25: 40
    26: 23
    27: 21
    28: 25
    29: 22
    30: 25
    31: 25
    32: 61
    33: 30
    34: 25
    35: 38
    36: 52
    37: 47
    38: 30
    39: 61
    40: 47
    41: 48
    42: 33
    43: 12
    44: 6
    45: 5
    46: 1
    47: 1
    48: 2
    49: 1
    50: 1
    51: 0
    52: 0
    53: 0
    54: 0
    55: 0
    56: 0
    57: 0
    58: 0
    59: 0
    60: 0
    61: 0
    62: 0
    63: 0
    64: 0
    65: 0
    66: 0
    67: 0
    68: 0
    69: 0
    70: 0
    71: 0
    72: 0
    73: 0
    74: 0
    75: 0
    76: 0
    77: 0
    78: 0
    79: 0
    80: 0
    81: 0
    82: 0
    83: 0
    84: 0
    85: 0
    86: 0
    87: 0
    88: 0
    89: 0
    90: 0
    91: 0
    92: 0
    93: 0
    94: 0
    95: 0
    96: 0
    97: 0
    98: 0
    99: 0
  mem-1: # Memory controller stats
   rd: 64036 # Read requests
   wr: 37710 # Write requests
   rdlat: 8677650 # Total latency experienced by read requests
   wrlat: 5575489 # Total latency experienced by write requests
   rdhits: 5 # Read row hits
   wrhits: 30 # Write row hits
   mlh: # latency histogram for memory requests
    0: 0
    1: 0
    2: 0
    3: 0
    4: 0
    5: 0
    6: 0
    7: 0
    8: 0
    9: 0
    10: 0
    11: 2
    12: 2
    13: 60053
    14: 928
    15: 555
    16: 1040
    17: 115
    18: 75
    19: 114
    20: 100
    21: 124
    22: 102
    23: 57
    24: 74
    25: 55
    26: 32
    27: 33
    28: 28
    29: 15
    30: 16
    31: 26
    32: 66
    33: 33
    34: 29
    35: 34
    36: 43
    37: 57
    38: 26
    39: 32
    40: 47
    41: 56
    42: 31
    43: 12
    44: 5
    45: 8
    46: 3
    47: 2
    48: 5
    49: 0
    50: 0
    51: 1
    52: 0
    53: 0
    54: 0
    55: 0
    56: 0
    57: 0
    58: 0
    59: 0
    60: 0
    61: 0
    62: 0
    63: 0
    64: 0
    65: 0
    66: 0
    67: 0
    68: 0
    69: 0
    70: 0
    71: 0
    72: 0
    73: 0
    74: 0
    75: 0
    76: 0
    77: 0
    78: 0
    79: 0
    80: 0
    81: 0
    82: 0
    83: 0
    84: 0
    85: 0
    86: 0
    87: 0
    88: 0
    89: 0
    90: 0
    91: 0
    92: 0
    93: 0
    94: 0
    95: 0
    96: 0
    97: 0
    98: 0
    99: 0
  mem-2: # Memory controller stats
   rd: 63974 # Read requests
   wr: 37684 # Write requests
   rdlat: 8643290 # Total latency experienced by read requests
   wrlat: 5555267 # Total latency experienced by write requests
   rdhits: 2 # Read row hits
   wrhits: 24 # Write row hits
   mlh: # latency histogram for memory requests
    0: 0
    1: 0
    2: 0
    3: 0
    4: 0
    5: 0
    6: 0
    7: 0
    8: 0
    9: 0
    10: 0
    11: 0
    12: 0
    13: 60045
    14: 1062
    15: 748
    16: 1014
    17: 87
    18: 122
    19: 52
    20: 37
    21: 54
    22: 42
    23: 44
    24: 30
    25: 29
    26: 16
    27: 20
    28: 24
    29: 16
    30: 32
    31: 24
    32: 54
    33: 32
    34: 27
    35: 38
    36: 37
    37: 59
    38: 28
    39: 43
    40: 27
    41: 42
    42: 38
    43: 20
    44: 8
    45: 13
    46: 4
    47: 1
    48: 5
    49: 0
    50: 0
    51: 0
    52: 0
    53: 0
    54: 0
    55: 0
    56: 0
    57: 0
    58: 0
    59: 0
    60: 0
    61: 0
    62: 0
    63: 0
    64: 0
    65: 0
    66: 0
    67: 0
    68: 0
    69: 0
    70: 0
    71: 0
    72: 0
    73: 0
    74: 0
    75: 0
    76: 0
    77: 0
    78: 0
    79: 0
    80: 0
    81: 0
    82: 0
    83: 0
    84: 0
    85: 0
    86: 0
    87: 0
    88: 0
    89: 0
    90: 0
    91: 0
    92: 0
    93: 0
    94: 0
    95: 0
    96: 0
    97: 0
    98: 0
    99: 0
  mem-3: # Memory controller stats
   rd: 63983 # Read requests
   wr: 37692 # Write requests
   rdlat: 8641357 # Total latency experienced by read requests
   wrlat: 5544402 # Total latency experienced by write requests
   rdhits: 3 # Read row hits
   wrhits: 21 # Write row hits
   mlh: # latency histogram for memory requests
    0: 0
    1: 0
    2: 0
    3: 0
    4: 0
    5: 0
    6: 0
    7: 0
    8: 0
    9: 0
    10: 0
    11: 2
    12: 0
    13: 60027
    14: 1048
    15: 609
    16: 1006
    17: 148
    18: 180
    19: 82
    20: 47
    21: 33
    22: 70
    23: 61
    24: 41
    25: 28
    26: 20
    27: 25
    28: 21
    29: 22
    30: 23
    31: 30
    32: 62
    33: 18
    34: 30
    35: 37
    36: 36
    37: 46
    38: 38
    39: 41
    40: 38
    41: 40
    42: 31
    43: 20
    44: 8
    45: 8
    46: 5
    47: 1
    48: 1
    49: 0
    50: 0
    51: 0
    52: 0
    53: 0
    54: 0
    55: 0
    56: 0
    57: 0
    58: 0
    59: 0
    60: 0
    61: 0
    62: 0
    63: 0
    64: 0
    65: 0
    66: 0
    67: 0
    68: 0
    69: 0
    70: 0
    71: 0
    72: 0
    73: 0
    74: 0
    75: 0
    76: 0
    77: 0
    78: 0
    79: 0
    80: 0
    81: 0
    82: 0
    83: 0
    84: 0
    85: 0
    86: 0
    87: 0
    88: 0
    89: 0
    90: 0
    91: 0
    92: 0
    93: 0
    94: 0
    95: 0
    96: 0
    97: 0
    98: 0
    99: 0
 sched: # Scheduler stats
  thCr: 1 # Threads created
  thFn: 1 # Threads finished
  schedEvs: 1 # Schedule events
  waitEvs: 0 # Wait events
  handoffEvs: 0 # Handoff events
  sleepEvs: 0 # Sleep events
  idlePhases: 0 # Phases with no thread active
  idlePeriods: 0 # Periods with no thread active
  occHist: # Occupancy histogram
   0: 0
   1: 53605
  rqSzHist: # Run queue size histogram
   0: 53605
   1: 0
   2: 0
   3: 0
   4: 0
   5: 0
   6: 0
   7: 0
   8: 0
   9: 0
   10: 0
   11: 0
   12: 0
   13: 0
   14: 0
   15: 0
   16: 0
 procCycles: # Per-process unhalted core cycles
  0: 536050090
  1: 0
  2: 0
  3: 0
  4: 0
  5: 0
  6: 0
  7: 0
  8: 0
  9: 0
  10: 0
  11: 0
  12: 0
  13: 0
  14: 0
  15: 0
  16: 0
  17: 0
  18: 0
  19: 0
  20: 0
  21: 0
  22: 0
  23: 0
  24: 0
  25: 0
  26: 0
  27: 0
  28: 0
  29: 0
  30: 0
  31: 0
  32: 0
  33: 0
  34: 0
  35: 0
  36: 0
  37: 0
  38: 0
  39: 0
  40: 0
  41: 0
  42: 0
  43: 0
  44: 0
  45: 0
  46: 0
  47: 0
  48: 0
  49: 0
  50: 0
  51: 0
  52: 0
  53: 0
  54: 0
  55: 0
  56: 0
  57: 0
  58: 0
  59: 0
  60: 0
  61: 0
  62: 0
  63: 0
 procInstrs: # Per-process instructions
  0: 1000017132
  1: 0
  2: 0
  3: 0
  4: 0
  5: 0
  6: 0
  7: 0
  8: 0
  9: 0
  10: 0
  11: 0
  12: 0
  13: 0
  14: 0
  15: 0
  16: 0
  17: 0
  18: 0
  19: 0
  20: 0
  21: 0
  22: 0
  23: 0
  24: 0
  25: 0
  26: 0
  27: 0
  28: 0
  29: 0
  30: 0
  31: 0
  32: 0
  33: 0
  34: 0
  35: 0
  36: 0
  37: 0
  38: 0
  39: 0
  40: 0
  41: 0
  42: 0
  43: 0
  44: 0
  45: 0
  46: 0
  47: 0
  48: 0
  49: 0
  50: 0
  51: 0
  52: 0
  53: 0
  54: 0
  55: 0
  56: 0
  57: 0
  58: 0
  59: 0
  60: 0
  61: 0
  62: 0
  63: 0
 heartbeats: # Per-process heartbeats
  0: 0
  1: 0
  2: 0
  3: 0
  4: 0
  5: 0
  6: 0
  7: 0
  8: 0
  9: 0
  10: 0
  11: 0
  12: 0
  13: 0
  14: 0
  15: 0
  16: 0
  17: 0
  18: 0
  19: 0
  20: 0
  21: 0
  22: 0
  23: 0
  24: 0
  25: 0
  26: 0
  27: 0
  28: 0
  29: 0
  30: 0
  31: 0
  32: 0
  33: 0
  34: 0
  35: 0
  36: 0
  37: 0
  38: 0
  39: 0
  40: 0
  41: 0
  42: 0
  43: 0
  44: 0
  45: 0
  46: 0
  47: 0
  48: 0
  49: 0
  50: 0
  51: 0
  52: 0
  53: 0
  54: 0
  55: 0
  56: 0
  57: 0
  58: 0
  59: 0
  60: 0
  61: 0
  62: 0
  63: 0
===
