# zsim stats
===
root: # Stats
 contention: # Contention simulation stats
  domain-0: # Domain stats
   time: 803172619 # Weave simulation time
 time: # Simulator time breakdown
  init: 1333920262
  bound: 62112804203
  weave: 3443187827
  ff: 0
 trigger: 20000 # Reason for this stats dump
 phase: 53685 # Simulated phases
 westmere: # Core stats
  westmere-0: # Core stats
   cycles: 536850083 # Simulated unhalted cycles
   cCycles: 6706544 # Cycles due to contention stalls
   instrs: 1000014678 # Simulated instructions
   uops: 1162520846 # Retired micro-ops
   bbls: 240253557 # Basic blocks
   approxInstrs: 8900397 # Instrs with approx uop decoding
   mispredBranches: 2399270 # Mispredicted branches
   condBranches: 191892994 # conditional branches
 l1i: # Cache stats
  l1i-0: # Filter cache stats
   fhGETS: 189505402 # Filtered GETS hits
   fhGETX: 0 # Filtered GETX hits
   hGETS: 65380245 # GETS hits
   hGETX: 0 # GETX hits
   mGETS: 6137 # GETS misses
   mGETXIM: 0 # GETX I->M misses
   mGETXSM: 0 # GETX S->M misses (upgrade misses)
   PUTS: 0 # Clean evictions (from lower level)
   PUTX: 0 # Dirty evictions (from lower level)
   INV: 3176 # Invalidates (from upper level)
   INVX: 0 # Downgrades (from upper level)
   FWD: 0 # Forwards (from upper level)
   latGETnl: 469196 # GET request latency on next level
   latGETnet: 0 # GET request latency on network to next level
 l1d: # Cache stats
  l1d-0: # Filter cache stats
   fhGETS: 208323648 # Filtered GETS hits
   fhGETX: 119180557 # Filtered GETX hits
   hGETS: 17664862 # GETS hits
   hGETX: 8936417 # GETX hits
   mGETS: 129347 # GETS misses
   mGETXIM: 216197 # GETX I->M misses
   mGETXSM: 0 # GETX S->M misses (upgrade misses)
   PUTS: 0 # Clean evictions (from lower level)
   PUTX: 0 # Dirty evictions (from lower level)
   INV: 921 # Invalidates (from upper level)
   INVX: 0 # Downgrades (from upper level)
   FWD: 0 # Forwards (from upper level)
   latGETnl: 31513912 # GET request latency on next level
   latGETnet: 0 # GET request latency on network to next level
 l2: # Cache stats
  l2-0: # Cache stats
   hGETS: 32621 # GETS hits
   hGETX: 45823 # GETX hits
   mGETS: 102863 # GETS misses
   mGETXIM: 170374 # GETX I->M misses
   mGETXSM: 0 # GETX S->M misses (upgrade misses)
   PUTS: 107632 # Clean evictions (from lower level)
   PUTX: 239065 # Dirty evictions (from lower level)
   INV: 5184 # Invalidates (from upper level)
   INVX: 0 # Downgrades (from upper level)
   FWD: 0 # Forwards (from upper level)
   latGETnl: 29169660 # GET request latency on next level
   latGETnet: 0 # GET request latency on network to next level
 l3: # Cache stats
  l3-0: # Cache stats
   hGETS: 9634 # GETS hits
   hGETX: 215 # GETX hits
   mGETS: 93229 # GETS misses
   mGETXIM: 170159 # GETX I->M misses
   mGETXSM: 0 # GETX S->M misses (upgrade misses)
   PUTS: 95977 # Clean evictions (from lower level)
   PUTX: 167981 # Dirty evictions (from lower level)
   INV: 0 # Invalidates (from upper level)
   INVX: 0 # Downgrades (from upper level)
   FWD: 0 # Forwards (from upper level)
   latGETnl: 23704920 # GET request latency on next level
   latGETnet: 0 # GET request latency on network to next level
 mem: # Memory controller stats
  mem-0: # Memory controller stats
   rd: 65915 # Read requests
   wr: 37847 # Write requests
   rdlat: 8887765 # Total latency experienced by read requests
   wrlat: 5516636 # Total latency experienced by write requests
   rdhits: 5 # Read row hits
   wrhits: 46 # Write row hits
   mlh: # latency histogram for memory requests
    0: 0
    1: 0
    2: 0
    3: 0
    4: 0
    5: 0
    6: 0
    7: 0
    8: 0
    9: 0
    10: 0
    11: 2
    12: 1
    13: 62535
    14: 1080
    15: 437
    16: 678
    17: 60
    18: 91
    19: 64
    20: 54
    21: 99
    22: 66
    23: 45
    24: 27
    25: 42
    26: 19
    27: 26
    28: 21
    29: 20
    30: 28
    31: 27
    32: 52
    33: 21
    34: 33
    35: 46
    36: 38
    37: 60
    38: 38
    39: 59
    40: 41
    41: 34
    42: 31
    43: 21
    44: 7
    45: 3
    46: 1
    47: 2
    48: 4
    49: 0
    50: 1
    51: 1
    52: 0
    53: 0
    54: 0
    55: 0
    56: 0
    57: 0
    58: 0
    59: 0
    60: 0
    61: 0
    62: 0
    63: 0
    64: 0
    65: 0
    66: 0
    67: 0
    68: 0
    69: 0
    70: 0
    71: 0
    72: 0
    73: 0
    74: 0
    75: 0
    76: 0
    77: 0
    78: 0
    79: 0
    80: 0
    81: 0
    82: 0
    83: 0
    84: 0
    85: 0
    86: 0
    87: 0
    88: 0
    89: 0
    90: 0
    91: 0
    92: 0
    93: 0
    94: 0
    95: 0
    96: 0
    97: 0
    98: 0
    99: 0
  mem-1: # Memory controller stats
   rd: 65852 # Read requests
   wr: 37849 # Write requests
   rdlat: 8885676 # Total latency experienced by read requests
   wrlat: 5608493 # Total latency experienced by write requests
   rdhits: 6 # Read row hits
   wrhits: 36 # Write row hits
   mlh: # latency histogram for memory requests
    0: 0
    1: 0
    2: 0
    3: 0
    4: 0
    5: 0
    6: 0
    7: 0
    8: 0
    9: 0
    10: 0
    11: 1
    12: 2
    13: 62195
    14: 1176
    15: 605
    16: 718
    17: 112
    18: 82
    19: 64
    20: 48
    21: 52
    22: 52
    23: 36
    24: 41
    25: 29
    26: 20
    27: 18
    28: 30
    29: 28
    30: 21
    31: 35
    32: 60
    33: 27
    34: 36
    35: 26
    36: 35
    37: 53
    38: 50
    39: 37
    40: 46
    41: 51
    42: 34
    43: 16
    44: 7
    45: 6
    46: 0
    47: 1
    48: 2
    49: 0
    50: 0
    51: 0
    52: 0
    53: 0
    54: 0
    55: 0
    56: 0
    57: 0
    58: 0
    59: 0
    60: 0
    61: 0
    62: 0
    63: 0
    64: 0
    65: 0
    66: 0
    67: 0
    68: 0
    69: 0
    70: 0
    71: 0
    72: 0
    73: 0
    74: 0
    75: 0
    76: 0
    77: 0
    78: 0
    79: 0
    80: 0
    81: 0
    82: 0
    83: 0
    84: 0
    85: 0
    86: 0
    87: 0
    88: 0
    89: 0
    90: 0
    91: 0
    92: 0
    93: 0
    94: 0
    95: 0
    96: 0
    97: 0
    98: 0
    99: 0
  mem-2: # Memory controller stats
   rd: 65779 # Read requests
   wr: 37806 # Write requests
   rdlat: 8883995 # Total latency experienced by read requests
   wrlat: 5572021 # Total latency experienced by write requests
   rdhits: 2 # Read row hits
   wrhits: 47 # Write row hits
   mlh: # latency histogram for memory requests
    0: 0
    1: 0
    2: 0
    3: 0
    4: 0
    5: 0
    6: 0
    7: 0
    8: 0
    9: 0
    10: 0
    11: 1
    12: 0
    13: 62066
    14: 1126
    15: 545
    16: 670
    17: 79
    18: 158
    19: 78
    20: 81
    21: 116
    22: 102
    23: 55
    24: 58
    25: 46
    26: 18
    27: 21
    28: 23
    29: 36
    30: 20
    31: 43
    32: 53
    33: 43
    34: 23
    35: 23
    36: 43
    37: 51
    38: 34
    39: 35
    40: 29
    41: 33
    42: 39
    43: 16
    44: 6
    45: 5
    46: 1
    47: 0
    48: 2
    49: 0
    50: 1
    51: 0
    52: 0
    53: 0
    54: 0
    55: 0
    56: 0
    57: 0
    58: 0
    59: 0
    60: 0
    61: 0
    62: 0
    63: 0
    64: 0
    65: 0
    66: 0
    67: 0
    68: 0
    69: 0
    70: 0
    71: 0
    72: 0
    73: 0
    74: 0
    75: 0
    76: 0
    77: 0
    78: 0
    79: 0
    80: 0
    81: 0
    82: 0
    83: 0
    84: 0
    85: 0
    86: 0
    87: 0
    88: 0
    89: 0
    90: 0
    91: 0
    92: 0
    93: 0
    94: 0
    95: 0
    96: 0
    97: 0
    98: 0
    99: 0
  mem-3: # Memory controller stats
   rd: 65842 # Read requests
   wr: 37812 # Write requests
   rdlat: 8889975 # Total latency experienced by read requests
   wrlat: 5562738 # Total latency experienced by write requests
   rdhits: 4 # Read row hits
   wrhits: 40 # Write row hits
   mlh: # latency histogram for memory requests
    0: 0
    1: 0
    2: 0
    3: 0
    4: 0
    5: 0
    6: 0
    7: 0
    8: 0
    9: 0
    10: 0
    11: 3
    12: 0
    13: 62021
    14: 1190
    15: 518
    16: 628
    17: 166
    18: 212
    19: 105
    20: 72
    21: 50
    22: 87
    23: 91
    24: 43
    25: 30
    26: 30
    27: 35
    28: 20
    29: 25
    30: 26
    31: 40
    32: 50
    33: 29
    34: 32
    35: 35
    36: 31
    37: 46
    38: 39
    39: 36
    40: 35
    41: 45
    42: 32
    43: 20
    44: 7
    45: 7
    46: 5
    47: 1
    48: 0
    49: 0
    50: 0
    51: 0
    52: 0
    53: 0
    54: 0
    55: 0
    56: 0
    57: 0
    58: 0
    59: 0
    60: 0
    61: 0
    62: 0
    63: 0
    64: 0
    65: 0
    66: 0
    67: 0
    68: 0
    69: 0
    70: 0
    71: 0
    72: 0
    73: 0
    74: 0
    75: 0
    76: 0
    77: 0
    78: 0
    79: 0
    80: 0
    81: 0
    82: 0
    83: 0
    84: 0
    85: 0
    86: 0
    87: 0
    88: 0
    89: 0
    90: 0
    91: 0
    92: 0
    93: 0
    94: 0
    95: 0
    96: 0
    97: 0
    98: 0
    99: 0
 sched: # Scheduler stats
  thCr: 1 # Threads created
  thFn: 1 # Threads finished
  schedEvs: 1 # Schedule events
  waitEvs: 0 # Wait events
  handoffEvs: 0 # Handoff events
  sleepEvs: 0 # Sleep events
  idlePhases: 0 # Phases with no thread active
  idlePeriods: 0 # Periods with no thread active
  occHist: # Occupancy histogram
   0: 0
   1: 53685
  rqSzHist: # Run queue size histogram
   0: 53685
   1: 0
   2: 0
   3: 0
   4: 0
   5: 0
   6: 0
   7: 0
   8: 0
   9: 0
   10: 0
   11: 0
   12: 0
   13: 0
   14: 0
   15: 0
   16: 0
 procCycles: # Per-process unhalted core cycles
  0: 536850083
  1: 0
  2: 0
  3: 0
  4: 0
  5: 0
  6: 0
  7: 0
  8: 0
  9: 0
  10: 0
  11: 0
  12: 0
  13: 0
  14: 0
  15: 0
  16: 0
  17: 0
  18: 0
  19: 0
  20: 0
  21: 0
  22: 0
  23: 0
  24: 0
  25: 0
  26: 0
  27: 0
  28: 0
  29: 0
  30: 0
  31: 0
  32: 0
  33: 0
  34: 0
  35: 0
  36: 0
  37: 0
  38: 0
  39: 0
  40: 0
  41: 0
  42: 0
  43: 0
  44: 0
  45: 0
  46: 0
  47: 0
  48: 0
  49: 0
  50: 0
  51: 0
  52: 0
  53: 0
  54: 0
  55: 0
  56: 0
  57: 0
  58: 0
  59: 0
  60: 0
  61: 0
  62: 0
  63: 0
 procInstrs: # Per-process instructions
  0: 1000014678
  1: 0
  2: 0
  3: 0
  4: 0
  5: 0
  6: 0
  7: 0
  8: 0
  9: 0
  10: 0
  11: 0
  12: 0
  13: 0
  14: 0
  15: 0
  16: 0
  17: 0
  18: 0
  19: 0
  20: 0
  21: 0
  22: 0
  23: 0
  24: 0
  25: 0
  26: 0
  27: 0
  28: 0
  29: 0
  30: 0
  31: 0
  32: 0
  33: 0
  34: 0
  35: 0
  36: 0
  37: 0
  38: 0
  39: 0
  40: 0
  41: 0
  42: 0
  43: 0
  44: 0
  45: 0
  46: 0
  47: 0
  48: 0
  49: 0
  50: 0
  51: 0
  52: 0
  53: 0
  54: 0
  55: 0
  56: 0
  57: 0
  58: 0
  59: 0
  60: 0
  61: 0
  62: 0
  63: 0
 heartbeats: # Per-process heartbeats
  0: 0
  1: 0
  2: 0
  3: 0
  4: 0
  5: 0
  6: 0
  7: 0
  8: 0
  9: 0
  10: 0
  11: 0
  12: 0
  13: 0
  14: 0
  15: 0
  16: 0
  17: 0
  18: 0
  19: 0
  20: 0
  21: 0
  22: 0
  23: 0
  24: 0
  25: 0
  26: 0
  27: 0
  28: 0
  29: 0
  30: 0
  31: 0
  32: 0
  33: 0
  34: 0
  35: 0
  36: 0
  37: 0
  38: 0
  39: 0
  40: 0
  41: 0
  42: 0
  43: 0
  44: 0
  45: 0
  46: 0
  47: 0
  48: 0
  49: 0
  50: 0
  51: 0
  52: 0
  53: 0
  54: 0
  55: 0
  56: 0
  57: 0
  58: 0
  59: 0
  60: 0
  61: 0
  62: 0
  63: 0
===
