# zsim stats
===
root: # Stats
 contention: # Contention simulation stats
  domain-0: # Domain stats
   time: 489439880 # Weave simulation time
 time: # Simulator time breakdown
  init: 2040163520
  bound: 62997892851
  weave: 1650780676
  ff: 0
 trigger: 20000 # Reason for this stats dump
 phase: 80011 # Simulated phases
 westmere: # Core stats
  westmere-0: # Core stats
   cycles: 800110001 # Simulated unhalted cycles
   cCycles: 10512406 # Cycles due to contention stalls
   instrs: 1000008386 # Simulated instructions
   uops: 1104304175 # Retired micro-ops
   bbls: 227953364 # Basic blocks
   approxInstrs: 1743642 # Instrs with approx uop decoding
   mispredBranches: 19370962 # Mispredicted branches
   condBranches: 192176361 # conditional branches
 l1i: # Cache stats
  l1i-0: # Filter cache stats
   fhGETS: 288076908 # Filtered GETS hits
   fhGETX: 0 # Filtered GETX hits
   hGETS: 43237887 # GETS hits
   hGETX: 0 # GETX hits
   mGETS: 293564 # GETS misses
   mGETXIM: 0 # GETX I->M misses
   mGETXSM: 0 # GETX S->M misses (upgrade misses)
   PUTS: 0 # Clean evictions (from lower level)
   PUTX: 0 # Dirty evictions (from lower level)
   INV: 0 # Invalidates (from upper level)
   INVX: 0 # Downgrades (from upper level)
   FWD: 0 # Forwards (from upper level)
   latGETnl: 2587332 # GET request latency on next level
   latGETnet: 0 # GET request latency on network to next level
 l1d: # Cache stats
  l1d-0: # Filter cache stats
   fhGETS: 213421334 # Filtered GETS hits
   fhGETX: 82249283 # Filtered GETX hits
   hGETS: 26742570 # GETS hits
   hGETX: 12329948 # GETX hits
   mGETS: 887763 # GETS misses
   mGETXIM: 410494 # GETX I->M misses
   mGETXSM: 0 # GETX S->M misses (upgrade misses)
   PUTS: 0 # Clean evictions (from lower level)
   PUTX: 0 # Dirty evictions (from lower level)
   INV: 1 # Invalidates (from upper level)
   INVX: 0 # Downgrades (from upper level)
   FWD: 0 # Forwards (from upper level)
   latGETnl: 46485246 # GET request latency on next level
   latGETnet: 0 # GET request latency on network to next level
 l2: # Cache stats
  l2-0: # Cache stats
   hGETS: 826093 # GETS hits
   hGETX: 371543 # GETX hits
   mGETS: 355234 # GETS misses
   mGETXIM: 38951 # GETX I->M misses
   mGETXSM: 0 # GETX S->M misses (upgrade misses)
   PUTS: 879267 # Clean evictions (from lower level)
   PUTX: 711529 # Dirty evictions (from lower level)
   INV: 0 # Invalidates (from upper level)
   INVX: 0 # Downgrades (from upper level)
   FWD: 0 # Forwards (from upper level)
   latGETnl: 36338010 # GET request latency on next level
   latGETnet: 0 # GET request latency on network to next level
 l3: # Cache stats
  l3-0: # Cache stats
   hGETS: 60826 # GETS hits
   hGETX: 17200 # GETX hits
   mGETS: 294408 # GETS misses
   mGETXIM: 21751 # GETX I->M misses
   mGETXSM: 0 # GETX S->M misses (upgrade misses)
   PUTS: 107151 # Clean evictions (from lower level)
   PUTX: 282938 # Dirty evictions (from lower level)
   INV: 0 # Invalidates (from upper level)
   INVX: 0 # Downgrades (from upper level)
   FWD: 0 # Forwards (from upper level)
   latGETnl: 28454310 # GET request latency on next level
   latGETnet: 0 # GET request latency on network to next level
 mem: # Memory controller stats
  mem-0: # Memory controller stats
   rd: 78693 # Read requests
   wr: 57684 # Write requests
   rdlat: 10531742 # Total latency experienced by read requests
   wrlat: 8155641 # Total latency experienced by write requests
   rdhits: 8 # Read row hits
   wrhits: 13 # Write row hits
   mlh: # latency histogram for memory requests
    0: 0
    1: 0
    2: 0
    3: 0
    4: 0
    5: 0
    6: 0
    7: 0
    8: 0
    9: 0
    10: 0
    11: 0
    12: 0
    13: 77311
    14: 96
    15: 112
    16: 75
    17: 45
    18: 32
    19: 27
    20: 42
    21: 36
    22: 43
    23: 48
    24: 84
    25: 48
    26: 34
    27: 36
    28: 34
    29: 46
    30: 44
    31: 50
    32: 39
    33: 41
    34: 50
    35: 39
    36: 48
    37: 41
    38: 29
    39: 34
    40: 38
    41: 35
    42: 43
    43: 7
    44: 2
    45: 1
    46: 1
    47: 2
    48: 0
    49: 0
    50: 0
    51: 0
    52: 0
    53: 0
    54: 0
    55: 0
    56: 0
    57: 0
    58: 0
    59: 0
    60: 0
    61: 0
    62: 0
    63: 0
    64: 0
    65: 0
    66: 0
    67: 0
    68: 0
    69: 0
    70: 0
    71: 0
    72: 0
    73: 0
    74: 0
    75: 0
    76: 0
    77: 0
    78: 0
    79: 0
    80: 0
    81: 0
    82: 0
    83: 0
    84: 0
    85: 0
    86: 0
    87: 0
    88: 0
    89: 0
    90: 0
    91: 0
    92: 0
    93: 0
    94: 0
    95: 0
    96: 0
    97: 0
    98: 0
    99: 0
  mem-1: # Memory controller stats
   rd: 78597 # Read requests
   wr: 57471 # Write requests
   rdlat: 10524089 # Total latency experienced by read requests
   wrlat: 8112355 # Total latency experienced by write requests
   rdhits: 7 # Read row hits
   wrhits: 9 # Write row hits
   mlh: # latency histogram for memory requests
    0: 0
    1: 0
    2: 0
    3: 0
    4: 0
    5: 0
    6: 0
    7: 0
    8: 0
    9: 0
    10: 0
    11: 0
    12: 0
    13: 77271
    14: 78
    15: 104
    16: 57
    17: 38
    18: 28
    19: 27
    20: 23
    21: 34
    22: 52
    23: 41
    24: 75
    25: 43
    26: 46
    27: 41
    28: 32
    29: 32
    30: 30
    31: 60
    32: 41
    33: 35
    34: 48
    35: 36
    36: 43
    37: 38
    38: 48
    39: 37
    40: 47
    41: 43
    42: 48
    43: 17
    44: 1
    45: 1
    46: 1
    47: 1
    48: 0
    49: 0
    50: 0
    51: 0
    52: 0
    53: 0
    54: 0
    55: 0
    56: 0
    57: 0
    58: 0
    59: 0
    60: 0
    61: 0
    62: 0
    63: 0
    64: 0
    65: 0
    66: 0
    67: 0
    68: 0
    69: 0
    70: 0
    71: 0
    72: 0
    73: 0
    74: 0
    75: 0
    76: 0
    77: 0
    78: 0
    79: 0
    80: 0
    81: 0
    82: 0
    83: 0
    84: 0
    85: 0
    86: 0
    87: 0
    88: 0
    89: 0
    90: 0
    91: 0
    92: 0
    93: 0
    94: 0
    95: 0
    96: 0
    97: 0
    98: 0
    99: 0
  mem-2: # Memory controller stats
   rd: 79358 # Read requests
   wr: 58076 # Write requests
   rdlat: 10628214 # Total latency experienced by read requests
   wrlat: 8211984 # Total latency experienced by write requests
   rdhits: 8 # Read row hits
   wrhits: 11 # Write row hits
   mlh: # latency histogram for memory requests
    0: 0
    1: 0
    2: 0
    3: 0
    4: 0
    5: 0
    6: 0
    7: 0
    8: 0
    9: 0
    10: 0
    11: 0
    12: 1
    13: 77963
    14: 76
    15: 117
    16: 73
    17: 37
    18: 25
    19: 43
    20: 40
    21: 36
    22: 43
    23: 57
    24: 70
    25: 47
    26: 40
    27: 39
    28: 28
    29: 36
    30: 42
    31: 58
    32: 41
    33: 39
    34: 45
    35: 42
    36: 41
    37: 41
    38: 44
    39: 45
    40: 41
    41: 46
    42: 45
    43: 12
    44: 0
    45: 1
    46: 1
    47: 3
    48: 0
    49: 0
    50: 0
    51: 0
    52: 0
    53: 0
    54: 0
    55: 0
    56: 0
    57: 0
    58: 0
    59: 0
    60: 0
    61: 0
    62: 0
    63: 0
    64: 0
    65: 0
    66: 0
    67: 0
    68: 0
    69: 0
    70: 0
    71: 0
    72: 0
    73: 0
    74: 0
    75: 0
    76: 0
    77: 0
    78: 0
    79: 0
    80: 0
    81: 0
    82: 0
    83: 0
    84: 0
    85: 0
    86: 0
    87: 0
    88: 0
    89: 0
    90: 0
    91: 0
    92: 0
    93: 0
    94: 0
    95: 0
    96: 0
    97: 0
    98: 0
    99: 0
  mem-3: # Memory controller stats
   rd: 79511 # Read requests
   wr: 58277 # Write requests
   rdlat: 10642846 # Total latency experienced by read requests
   wrlat: 8238006 # Total latency experienced by write requests
   rdhits: 13 # Read row hits
   wrhits: 5 # Write row hits
   mlh: # latency histogram for memory requests
    0: 0
    1: 0
    2: 0
    3: 0
    4: 0
    5: 0
    6: 0
    7: 0
    8: 0
    9: 0
    10: 0
    11: 2
    12: 0
    13: 78123
    14: 107
    15: 109
    16: 86
    17: 23
    18: 29
    19: 37
    20: 37
    21: 28
    22: 42
    23: 63
    24: 87
    25: 31
    26: 29
    27: 35
    28: 35
    29: 39
    30: 51
    31: 63
    32: 37
    33: 45
    34: 31
    35: 32
    36: 42
    37: 28
    38: 43
    39: 41
    40: 49
    41: 47
    42: 43
    43: 14
    44: 0
    45: 0
    46: 2
    47: 1
    48: 0
    49: 0
    50: 0
    51: 0
    52: 0
    53: 0
    54: 0
    55: 0
    56: 0
    57: 0
    58: 0
    59: 0
    60: 0
    61: 0
    62: 0
    63: 0
    64: 0
    65: 0
    66: 0
    67: 0
    68: 0
    69: 0
    70: 0
    71: 0
    72: 0
    73: 0
    74: 0
    75: 0
    76: 0
    77: 0
    78: 0
    79: 0
    80: 0
    81: 0
    82: 0
    83: 0
    84: 0
    85: 0
    86: 0
    87: 0
    88: 0
    89: 0
    90: 0
    91: 0
    92: 0
    93: 0
    94: 0
    95: 0
    96: 0
    97: 0
    98: 0
    99: 0
 sched: # Scheduler stats
  thCr: 1 # Threads created
  thFn: 1 # Threads finished
  schedEvs: 1 # Schedule events
  waitEvs: 0 # Wait events
  handoffEvs: 0 # Handoff events
  sleepEvs: 0 # Sleep events
  idlePhases: 0 # Phases with no thread active
  idlePeriods: 0 # Periods with no thread active
  occHist: # Occupancy histogram
   0: 0
   1: 80011
  rqSzHist: # Run queue size histogram
   0: 80011
   1: 0
   2: 0
   3: 0
   4: 0
   5: 0
   6: 0
   7: 0
   8: 0
   9: 0
   10: 0
   11: 0
   12: 0
   13: 0
   14: 0
   15: 0
   16: 0
 procCycles: # Per-process unhalted core cycles
  0: 800110001
  1: 0
  2: 0
  3: 0
  4: 0
  5: 0
  6: 0
  7: 0
  8: 0
  9: 0
  10: 0
  11: 0
  12: 0
  13: 0
  14: 0
  15: 0
  16: 0
  17: 0
  18: 0
  19: 0
  20: 0
  21: 0
  22: 0
  23: 0
  24: 0
  25: 0
  26: 0
  27: 0
  28: 0
  29: 0
  30: 0
  31: 0
  32: 0
  33: 0
  34: 0
  35: 0
  36: 0
  37: 0
  38: 0
  39: 0
  40: 0
  41: 0
  42: 0
  43: 0
  44: 0
  45: 0
  46: 0
  47: 0
  48: 0
  49: 0
  50: 0
  51: 0
  52: 0
  53: 0
  54: 0
  55: 0
  56: 0
  57: 0
  58: 0
  59: 0
  60: 0
  61: 0
  62: 0
  63: 0
 procInstrs: # Per-process instructions
  0: 1000008386
  1: 0
  2: 0
  3: 0
  4: 0
  5: 0
  6: 0
  7: 0
  8: 0
  9: 0
  10: 0
  11: 0
  12: 0
  13: 0
  14: 0
  15: 0
  16: 0
  17: 0
  18: 0
  19: 0
  20: 0
  21: 0
  22: 0
  23: 0
  24: 0
  25: 0
  26: 0
  27: 0
  28: 0
  29: 0
  30: 0
  31: 0
  32: 0
  33: 0
  34: 0
  35: 0
  36: 0
  37: 0
  38: 0
  39: 0
  40: 0
  41: 0
  42: 0
  43: 0
  44: 0
  45: 0
  46: 0
  47: 0
  48: 0
  49: 0
  50: 0
  51: 0
  52: 0
  53: 0
  54: 0
  55: 0
  56: 0
  57: 0
  58: 0
  59: 0
  60: 0
  61: 0
  62: 0
  63: 0
 heartbeats: # Per-process heartbeats
  0: 0
  1: 0
  2: 0
  3: 0
  4: 0
  5: 0
  6: 0
  7: 0
  8: 0
  9: 0
  10: 0
  11: 0
  12: 0
  13: 0
  14: 0
  15: 0
  16: 0
  17: 0
  18: 0
  19: 0
  20: 0
  21: 0
  22: 0
  23: 0
  24: 0
  25: 0
  26: 0
  27: 0
  28: 0
  29: 0
  30: 0
  31: 0
  32: 0
  33: 0
  34: 0
  35: 0
  36: 0
  37: 0
  38: 0
  39: 0
  40: 0
  41: 0
  42: 0
  43: 0
  44: 0
  45: 0
  46: 0
  47: 0
  48: 0
  49: 0
  50: 0
  51: 0
  52: 0
  53: 0
  54: 0
  55: 0
  56: 0
  57: 0
  58: 0
  59: 0
  60: 0
  61: 0
  62: 0
  63: 0
===
