# zsim stats
===
root: # Stats
 contention: # Contention simulation stats
  domain-0: # Domain stats
   time: 885821605 # Weave simulation time
 time: # Simulator time breakdown
  init: 2907823680
  bound: 233861294474
  weave: 8074354184
  ff: 0
 trigger: 20000 # Reason for this stats dump
 phase: 148914 # Simulated phases
 westmere: # Core stats
  westmere-0: # Core stats
   cycles: 151174196 # Simulated unhalted cycles
   cCycles: 55081 # Cycles due to contention stalls
   instrs: 153666053 # Simulated instructions
   uops: 173945720 # Retired micro-ops
   bbls: 14706562 # Basic blocks
   approxInstrs: 856398 # Instrs with approx uop decoding
   mispredBranches: 158962 # Mispredicted branches
   condBranches: 10236604 # conditional branches
  westmere-1: # Core stats
   cycles: 1333924188 # Simulated unhalted cycles
   cCycles: 4452 # Cycles due to contention stalls
   instrs: 1210500382 # Simulated instructions
   uops: 1363707773 # Retired micro-ops
   bbls: 124686558 # Basic blocks
   approxInstrs: 5998149 # Instrs with approx uop decoding
   mispredBranches: 1529830 # Mispredicted branches
   condBranches: 104913108 # conditional branches
  westmere-2: # Core stats
   cycles: 1334675444 # Simulated unhalted cycles
   cCycles: 5606 # Cycles due to contention stalls
   instrs: 1211613307 # Simulated instructions
   uops: 1364924643 # Retired micro-ops
   bbls: 124794682 # Basic blocks
   approxInstrs: 6009459 # Instrs with approx uop decoding
   mispredBranches: 1534885 # Mispredicted branches
   condBranches: 105004402 # conditional branches
  westmere-3: # Core stats
   cycles: 1335557565 # Simulated unhalted cycles
   cCycles: 6149 # Cycles due to contention stalls
   instrs: 1212287880 # Simulated instructions
   uops: 1365902383 # Retired micro-ops
   bbls: 124855088 # Basic blocks
   approxInstrs: 6002015 # Instrs with approx uop decoding
   mispredBranches: 1531444 # Mispredicted branches
   condBranches: 105063930 # conditional branches
  westmere-4: # Core stats
   cycles: 1334534444 # Simulated unhalted cycles
   cCycles: 7178 # Cycles due to contention stalls
   instrs: 1211947545 # Simulated instructions
   uops: 1365395370 # Retired micro-ops
   bbls: 124836840 # Basic blocks
   approxInstrs: 6017648 # Instrs with approx uop decoding
   mispredBranches: 1543706 # Mispredicted branches
   condBranches: 105012305 # conditional branches
  westmere-5: # Core stats
   cycles: 0 # Simulated unhalted cycles
   cCycles: 0 # Cycles due to contention stalls
   instrs: 0 # Simulated instructions
   uops: 0 # Retired micro-ops
   bbls: 0 # Basic blocks
   approxInstrs: 0 # Instrs with approx uop decoding
   mispredBranches: 0 # Mispredicted branches
   condBranches: 0 # conditional branches
  westmere-6: # Core stats
   cycles: 0 # Simulated unhalted cycles
   cCycles: 0 # Cycles due to contention stalls
   instrs: 0 # Simulated instructions
   uops: 0 # Retired micro-ops
   bbls: 0 # Basic blocks
   approxInstrs: 0 # Instrs with approx uop decoding
   mispredBranches: 0 # Mispredicted branches
   condBranches: 0 # conditional branches
  westmere-7: # Core stats
   cycles: 0 # Simulated unhalted cycles
   cCycles: 0 # Cycles due to contention stalls
   instrs: 0 # Simulated instructions
   uops: 0 # Retired micro-ops
   bbls: 0 # Basic blocks
   approxInstrs: 0 # Instrs with approx uop decoding
   mispredBranches: 0 # Mispredicted branches
   condBranches: 0 # conditional branches
 l1i: # Cache stats
  l1i-0: # Filter cache stats
   fhGETS: 13196442 # Filtered GETS hits
   fhGETX: 0 # Filtered GETX hits
   hGETS: 61727 # GETS hits
   hGETX: 0 # GETX hits
   mGETS: 7657369 # GETS misses
   mGETXIM: 0 # GETX I->M misses
   mGETXSM: 0 # GETX S->M misses (upgrade misses)
   PUTS: 0 # Clean evictions (from lower level)
   PUTX: 0 # Dirty evictions (from lower level)
   INV: 7655034 # Invalidates (from upper level)
   INVX: 0 # Downgrades (from upper level)
   FWD: 0 # Forwards (from upper level)
   latGETnl: 92073006 # GET request latency on next level
   latGETnet: 0 # GET request latency on network to next level
  l1i-1: # Filter cache stats
   fhGETS: 123464344 # Filtered GETS hits
   fhGETX: 0 # Filtered GETX hits
   hGETS: 4269981 # GETS hits
   hGETX: 0 # GETX hits
   mGETS: 41401732 # GETS misses
   mGETXIM: 0 # GETX I->M misses
   mGETXSM: 0 # GETX S->M misses (upgrade misses)
   PUTS: 0 # Clean evictions (from lower level)
   PUTX: 0 # Dirty evictions (from lower level)
   INV: 41400204 # Invalidates (from upper level)
   INVX: 0 # Downgrades (from upper level)
   FWD: 0 # Forwards (from upper level)
   latGETnl: 835215484 # GET request latency on next level
   latGETnet: 0 # GET request latency on network to next level
  l1i-2: # Filter cache stats
   fhGETS: 123597678 # Filtered GETS hits
   fhGETX: 0 # Filtered GETX hits
   hGETS: 4276314 # GETS hits
   hGETX: 0 # GETX hits
   mGETS: 41431905 # GETS misses
   mGETXIM: 0 # GETX I->M misses
   mGETXSM: 0 # GETX S->M misses (upgrade misses)
   PUTS: 0 # Clean evictions (from lower level)
   PUTX: 0 # Dirty evictions (from lower level)
   INV: 41430436 # Invalidates (from upper level)
   INVX: 0 # Downgrades (from upper level)
   FWD: 0 # Forwards (from upper level)
   latGETnl: 835445758 # GET request latency on next level
   latGETnet: 0 # GET request latency on network to next level
  l1i-3: # Filter cache stats
   fhGETS: 123572026 # Filtered GETS hits
   fhGETX: 0 # Filtered GETX hits
   hGETS: 4262996 # GETS hits
   hGETX: 0 # GETX hits
   mGETS: 41508111 # GETS misses
   mGETXIM: 0 # GETX I->M misses
   mGETXSM: 0 # GETX S->M misses (upgrade misses)
   PUTS: 0 # Clean evictions (from lower level)
   PUTX: 0 # Dirty evictions (from lower level)
   INV: 41506497 # Invalidates (from upper level)
   INVX: 0 # Downgrades (from upper level)
   FWD: 0 # Forwards (from upper level)
   latGETnl: 836013626 # GET request latency on next level
   latGETnet: 0 # GET request latency on network to next level
  l1i-4: # Filter cache stats
   fhGETS: 123645443 # Filtered GETS hits
   fhGETX: 0 # Filtered GETX hits
   hGETS: 4293929 # GETS hits
   hGETX: 0 # GETX hits
   mGETS: 41448815 # GETS misses
   mGETXIM: 0 # GETX I->M misses
   mGETXSM: 0 # GETX S->M misses (upgrade misses)
   PUTS: 0 # Clean evictions (from lower level)
   PUTX: 0 # Dirty evictions (from lower level)
   INV: 41447299 # Invalidates (from upper level)
   INVX: 0 # Downgrades (from upper level)
   FWD: 0 # Forwards (from upper level)
   latGETnl: 834924932 # GET request latency on next level
   latGETnet: 0 # GET request latency on network to next level
  l1i-5: # Filter cache stats
   fhGETS: 0 # Filtered GETS hits
   fhGETX: 0 # Filtered GETX hits
   hGETS: 0 # GETS hits
   hGETX: 0 # GETX hits
   mGETS: 0 # GETS misses
   mGETXIM: 0 # GETX I->M misses
   mGETXSM: 0 # GETX S->M misses (upgrade misses)
   PUTS: 0 # Clean evictions (from lower level)
   PUTX: 0 # Dirty evictions (from lower level)
   INV: 0 # Invalidates (from upper level)
   INVX: 0 # Downgrades (from upper level)
   FWD: 0 # Forwards (from upper level)
   latGETnl: 0 # GET request latency on next level
   latGETnet: 0 # GET request latency on network to next level
  l1i-6: # Filter cache stats
   fhGETS: 0 # Filtered GETS hits
   fhGETX: 0 # Filtered GETX hits
   hGETS: 0 # GETS hits
   hGETX: 0 # GETX hits
   mGETS: 0 # GETS misses
   mGETXIM: 0 # GETX I->M misses
   mGETXSM: 0 # GETX S->M misses (upgrade misses)
   PUTS: 0 # Clean evictions (from lower level)
   PUTX: 0 # Dirty evictions (from lower level)
   INV: 0 # Invalidates (from upper level)
   INVX: 0 # Downgrades (from upper level)
   FWD: 0 # Forwards (from upper level)
   latGETnl: 0 # GET request latency on next level
   latGETnet: 0 # GET request latency on network to next level
  l1i-7: # Filter cache stats
   fhGETS: 0 # Filtered GETS hits
   fhGETX: 0 # Filtered GETX hits
   hGETS: 0 # GETS hits
   hGETX: 0 # GETX hits
   mGETS: 0 # GETS misses
   mGETXIM: 0 # GETX I->M misses
   mGETXSM: 0 # GETX S->M misses (upgrade misses)
   PUTS: 0 # Clean evictions (from lower level)
   PUTX: 0 # Dirty evictions (from lower level)
   INV: 0 # Invalidates (from upper level)
   INVX: 0 # Downgrades (from upper level)
   FWD: 0 # Forwards (from upper level)
   latGETnl: 0 # GET request latency on next level
   latGETnet: 0 # GET request latency on network to next level
 l1d: # Cache stats
  l1d-0: # Filter cache stats
   fhGETS: 29117913 # Filtered GETS hits
   fhGETX: 6131052 # Filtered GETX hits
   hGETS: 3969500 # GETS hits
   hGETX: 8465 # GETX hits
   mGETS: 1506 # GETS misses
   mGETXIM: 1203 # GETX I->M misses
   mGETXSM: 7653731 # GETX S->M misses (upgrade misses)
   PUTS: 0 # Clean evictions (from lower level)
   PUTX: 0 # Dirty evictions (from lower level)
   INV: 501 # Invalidates (from upper level)
   INVX: 7654204 # Downgrades (from upper level)
   FWD: 0 # Forwards (from upper level)
   latGETnl: 92003776 # GET request latency on next level
   latGETnet: 0 # GET request latency on network to next level
  l1d-1: # Filter cache stats
   fhGETS: 198236241 # Filtered GETS hits
   fhGETX: 25673602 # Filtered GETX hits
   hGETS: 22528433 # GETS hits
   hGETX: 121245 # GETX hits
   mGETS: 8801284 # GETS misses
   mGETXIM: 4990489 # GETX I->M misses
   mGETXSM: 34861543 # GETX S->M misses (upgrade misses)
   PUTS: 0 # Clean evictions (from lower level)
   PUTX: 0 # Dirty evictions (from lower level)
   INV: 13985723 # Invalidates (from upper level)
   INVX: 38926536 # Downgrades (from upper level)
   FWD: 0 # Forwards (from upper level)
   latGETnl: 1031563608 # GET request latency on next level
   latGETnet: 0 # GET request latency on network to next level
  l1d-2: # Filter cache stats
   fhGETS: 198406111 # Filtered GETS hits
   fhGETX: 25684550 # Filtered GETX hits
   hGETS: 22557865 # GETS hits
   hGETX: 121289 # GETX hits
   mGETS: 8817420 # GETS misses
   mGETXIM: 4984965 # GETX I->M misses
   mGETXSM: 34901752 # GETX S->M misses (upgrade misses)
   PUTS: 0 # Clean evictions (from lower level)
   PUTX: 0 # Dirty evictions (from lower level)
   INV: 14011659 # Invalidates (from upper level)
   INVX: 38970314 # Downgrades (from upper level)
   FWD: 0 # Forwards (from upper level)
   latGETnl: 1031735844 # GET request latency on next level
   latGETnet: 0 # GET request latency on network to next level
  l1d-3: # Filter cache stats
   fhGETS: 198575708 # Filtered GETS hits
   fhGETX: 25913465 # Filtered GETX hits
   hGETS: 22629513 # GETS hits
   hGETX: 121462 # GETX hits
   mGETS: 8832554 # GETS misses
   mGETXIM: 4981624 # GETX I->M misses
   mGETXSM: 34987165 # GETX S->M misses (upgrade misses)
   PUTS: 0 # Clean evictions (from lower level)
   PUTX: 0 # Dirty evictions (from lower level)
   INV: 14025648 # Invalidates (from upper level)
   INVX: 39048367 # Downgrades (from upper level)
   FWD: 0 # Forwards (from upper level)
   latGETnl: 1034423490 # GET request latency on next level
   latGETnet: 0 # GET request latency on network to next level
  l1d-4: # Filter cache stats
   fhGETS: 198451097 # Filtered GETS hits
   fhGETX: 25722099 # Filtered GETX hits
   hGETS: 22567388 # GETS hits
   hGETX: 123382 # GETX hits
   mGETS: 8823833 # GETS misses
   mGETXIM: 4973584 # GETX I->M misses
   mGETXSM: 34946179 # GETX S->M misses (upgrade misses)
   PUTS: 0 # Clean evictions (from lower level)
   PUTX: 0 # Dirty evictions (from lower level)
   INV: 13997646 # Invalidates (from upper level)
   INVX: 38989908 # Downgrades (from upper level)
   FWD: 0 # Forwards (from upper level)
   latGETnl: 1031634546 # GET request latency on next level
   latGETnet: 0 # GET request latency on network to next level
  l1d-5: # Filter cache stats
   fhGETS: 0 # Filtered GETS hits
   fhGETX: 0 # Filtered GETX hits
   hGETS: 0 # GETS hits
   hGETX: 0 # GETX hits
   mGETS: 0 # GETS misses
   mGETXIM: 0 # GETX I->M misses
   mGETXSM: 0 # GETX S->M misses (upgrade misses)
   PUTS: 0 # Clean evictions (from lower level)
   PUTX: 0 # Dirty evictions (from lower level)
   INV: 0 # Invalidates (from upper level)
   INVX: 0 # Downgrades (from upper level)
   FWD: 0 # Forwards (from upper level)
   latGETnl: 0 # GET request latency on next level
   latGETnet: 0 # GET request latency on network to next level
  l1d-6: # Filter cache stats
   fhGETS: 0 # Filtered GETS hits
   fhGETX: 0 # Filtered GETX hits
   hGETS: 0 # GETS hits
   hGETX: 0 # GETX hits
   mGETS: 0 # GETS misses
   mGETXIM: 0 # GETX I->M misses
   mGETXSM: 0 # GETX S->M misses (upgrade misses)
   PUTS: 0 # Clean evictions (from lower level)
   PUTX: 0 # Dirty evictions (from lower level)
   INV: 0 # Invalidates (from upper level)
   INVX: 0 # Downgrades (from upper level)
   FWD: 0 # Forwards (from upper level)
   latGETnl: 0 # GET request latency on next level
   latGETnet: 0 # GET request latency on network to next level
  l1d-7: # Filter cache stats
   fhGETS: 0 # Filtered GETS hits
   fhGETX: 0 # Filtered GETX hits
   hGETS: 0 # GETS hits
   hGETX: 0 # GETX hits
   mGETS: 0 # GETS misses
   mGETXIM: 0 # GETX I->M misses
   mGETXSM: 0 # GETX S->M misses (upgrade misses)
   PUTS: 0 # Clean evictions (from lower level)
   PUTX: 0 # Dirty evictions (from lower level)
   INV: 0 # Invalidates (from upper level)
   INVX: 0 # Downgrades (from upper level)
   FWD: 0 # Forwards (from upper level)
   latGETnl: 0 # GET request latency on next level
   latGETnet: 0 # GET request latency on network to next level
 l2: # Cache stats
  l2-0: # Cache stats
   hGETS: 7656226 # GETS hits
   hGETX: 7653237 # GETX hits
   mGETS: 2649 # GETS misses
   mGETXIM: 154 # GETX I->M misses
   mGETXSM: 1543 # GETX S->M misses (upgrade misses)
   PUTS: 2934 # Clean evictions (from lower level)
   PUTX: 676 # Dirty evictions (from lower level)
   INV: 893 # Invalidates (from upper level)
   INVX: 785 # Downgrades (from upper level)
   FWD: 0 # Forwards (from upper level)
   latGETnl: 331758 # GET request latency on next level
   latGETnet: 0 # GET request latency on network to next level
  l2-1: # Cache stats
   hGETS: 36521680 # GETS hits
   hGETX: 25428221 # GETX hits
   mGETS: 13681336 # GETS misses
   mGETXIM: 941705 # GETX I->M misses
   mGETXSM: 13482106 # GETX S->M misses (upgrade misses)
   PUTS: 171773 # Clean evictions (from lower level)
   PUTX: 19373 # Dirty evictions (from lower level)
   INV: 15057880 # Invalidates (from upper level)
   INVX: 13151728 # Downgrades (from upper level)
   FWD: 0 # Forwards (from upper level)
   latGETnl: 885588756 # GET request latency on next level
   latGETnet: 0 # GET request latency on network to next level
  l2-2: # Cache stats
   hGETS: 36564996 # GETS hits
   hGETX: 25483364 # GETX hits
   mGETS: 13684329 # GETS misses
   mGETXIM: 926059 # GETX I->M misses
   mGETXSM: 13477294 # GETX S->M misses (upgrade misses)
   PUTS: 170021 # Clean evictions (from lower level)
   PUTX: 16958 # Dirty evictions (from lower level)
   INV: 15072757 # Invalidates (from upper level)
   INVX: 13132417 # Downgrades (from upper level)
   FWD: 0 # Forwards (from upper level)
   latGETnl: 885007766 # GET request latency on next level
   latGETnet: 0 # GET request latency on network to next level
  l2-3: # Cache stats
   hGETS: 36660193 # GETS hits
   hGETX: 25516028 # GETX hits
   mGETS: 13680472 # GETS misses
   mGETXIM: 920849 # GETX I->M misses
   mGETXSM: 13531912 # GETX S->M misses (upgrade misses)
   PUTS: 187831 # Clean evictions (from lower level)
   PUTX: 23109 # Dirty evictions (from lower level)
   INV: 15090085 # Invalidates (from upper level)
   INVX: 13188094 # Downgrades (from upper level)
   FWD: 0 # Forwards (from upper level)
   latGETnl: 886483116 # GET request latency on next level
   latGETnet: 0 # GET request latency on network to next level
  l2-4: # Cache stats
   hGETS: 36626891 # GETS hits
   hGETX: 25521755 # GETX hits
   mGETS: 13645757 # GETS misses
   mGETXIM: 906960 # GETX I->M misses
   mGETXSM: 13491048 # GETX S->M misses (upgrade misses)
   PUTS: 197868 # Clean evictions (from lower level)
   PUTX: 21514 # Dirty evictions (from lower level)
   INV: 15053639 # Invalidates (from upper level)
   INVX: 13122594 # Downgrades (from upper level)
   FWD: 0 # Forwards (from upper level)
   latGETnl: 883718118 # GET request latency on next level
   latGETnet: 0 # GET request latency on network to next level
  l2-5: # Cache stats
   hGETS: 0 # GETS hits
   hGETX: 0 # GETX hits
   mGETS: 0 # GETS misses
   mGETXIM: 0 # GETX I->M misses
   mGETXSM: 0 # GETX S->M misses (upgrade misses)
   PUTS: 0 # Clean evictions (from lower level)
   PUTX: 0 # Dirty evictions (from lower level)
   INV: 0 # Invalidates (from upper level)
   INVX: 0 # Downgrades (from upper level)
   FWD: 0 # Forwards (from upper level)
   latGETnl: 0 # GET request latency on next level
   latGETnet: 0 # GET request latency on network to next level
  l2-6: # Cache stats
   hGETS: 0 # GETS hits
   hGETX: 0 # GETX hits
   mGETS: 0 # GETS misses
   mGETXIM: 0 # GETX I->M misses
   mGETXSM: 0 # GETX S->M misses (upgrade misses)
   PUTS: 0 # Clean evictions (from lower level)
   PUTX: 0 # Dirty evictions (from lower level)
   INV: 0 # Invalidates (from upper level)
   INVX: 0 # Downgrades (from upper level)
   FWD: 0 # Forwards (from upper level)
   latGETnl: 0 # GET request latency on next level
   latGETnet: 0 # GET request latency on network to next level
  l2-7: # Cache stats
   hGETS: 0 # GETS hits
   hGETX: 0 # GETX hits
   mGETS: 0 # GETS misses
   mGETXIM: 0 # GETX I->M misses
   mGETXSM: 0 # GETX S->M misses (upgrade misses)
   PUTS: 0 # Clean evictions (from lower level)
   PUTX: 0 # Dirty evictions (from lower level)
   INV: 0 # Invalidates (from upper level)
   INVX: 0 # Downgrades (from upper level)
   FWD: 0 # Forwards (from upper level)
   latGETnl: 0 # GET request latency on next level
   latGETnet: 0 # GET request latency on network to next level
 l3: # Cache stats
  l3-0b0: # Cache stats
   hGETS: 4137512 # GETS hits
   hGETX: 4229401 # GETX hits
   mGETS: 319 # GETS misses
   mGETXIM: 16 # GETX I->M misses
   mGETXSM: 151 # GETX S->M misses (upgrade misses)
   PUTS: 0 # Clean evictions (from lower level)
   PUTX: 0 # Dirty evictions (from lower level)
   INV: 0 # Invalidates (from upper level)
   INVX: 0 # Downgrades (from upper level)
   FWD: 0 # Forwards (from upper level)
   latGETnl: 43740 # GET request latency on next level
   latGETnet: 0 # GET request latency on network to next level
  l3-0b1: # Cache stats
   hGETS: 2744423 # GETS hits
   hGETX: 2901155 # GETX hits
   mGETS: 308 # GETS misses
   mGETXIM: 18 # GETX I->M misses
   mGETXSM: 148 # GETX S->M misses (upgrade misses)
   PUTS: 0 # Clean evictions (from lower level)
   PUTX: 2 # Dirty evictions (from lower level)
   INV: 0 # Invalidates (from upper level)
   INVX: 0 # Downgrades (from upper level)
   FWD: 0 # Forwards (from upper level)
   latGETnl: 42660 # GET request latency on next level
   latGETnet: 0 # GET request latency on network to next level
  l3-0b2: # Cache stats
   hGETS: 7303776 # GETS hits
   hGETX: 7804526 # GETX hits
   mGETS: 300 # GETS misses
   mGETXIM: 20 # GETX I->M misses
   mGETXSM: 163 # GETX S->M misses (upgrade misses)
   PUTS: 0 # Clean evictions (from lower level)
   PUTX: 0 # Dirty evictions (from lower level)
   INV: 0 # Invalidates (from upper level)
   INVX: 0 # Downgrades (from upper level)
   FWD: 0 # Forwards (from upper level)
   latGETnl: 43470 # GET request latency on next level
   latGETnet: 0 # GET request latency on network to next level
  l3-0b3: # Cache stats
   hGETS: 7807751 # GETS hits
   hGETX: 7952507 # GETX hits
   mGETS: 300 # GETS misses
   mGETXIM: 25 # GETX I->M misses
   mGETXSM: 138 # GETX S->M misses (upgrade misses)
   PUTS: 0 # Clean evictions (from lower level)
   PUTX: 0 # Dirty evictions (from lower level)
   INV: 0 # Invalidates (from upper level)
   INVX: 0 # Downgrades (from upper level)
   FWD: 0 # Forwards (from upper level)
   latGETnl: 41670 # GET request latency on next level
   latGETnet: 0 # GET request latency on network to next level
  l3-0b4: # Cache stats
   hGETS: 6240897 # GETS hits
   hGETX: 7307712 # GETX hits
   mGETS: 305 # GETS misses
   mGETXIM: 21 # GETX I->M misses
   mGETXSM: 149 # GETX S->M misses (upgrade misses)
   PUTS: 0 # Clean evictions (from lower level)
   PUTX: 0 # Dirty evictions (from lower level)
   INV: 0 # Invalidates (from upper level)
   INVX: 0 # Downgrades (from upper level)
   FWD: 0 # Forwards (from upper level)
   latGETnl: 42750 # GET request latency on next level
   latGETnet: 0 # GET request latency on network to next level
  l3-0b5: # Cache stats
   hGETS: 9049014 # GETS hits
   hGETX: 9179042 # GETX hits
   mGETS: 304 # GETS misses
   mGETXIM: 22 # GETX I->M misses
   mGETXSM: 152 # GETX S->M misses (upgrade misses)
   PUTS: 0 # Clean evictions (from lower level)
   PUTX: 0 # Dirty evictions (from lower level)
   INV: 0 # Invalidates (from upper level)
   INVX: 0 # Downgrades (from upper level)
   FWD: 0 # Forwards (from upper level)
   latGETnl: 43020 # GET request latency on next level
   latGETnet: 0 # GET request latency on network to next level
  l3-0b6: # Cache stats
   hGETS: 9426069 # GETS hits
   hGETX: 9689237 # GETX hits
   mGETS: 318 # GETS misses
   mGETXIM: 18 # GETX I->M misses
   mGETXSM: 142 # GETX S->M misses (upgrade misses)
   PUTS: 0 # Clean evictions (from lower level)
   PUTX: 0 # Dirty evictions (from lower level)
   INV: 0 # Invalidates (from upper level)
   INVX: 0 # Downgrades (from upper level)
   FWD: 0 # Forwards (from upper level)
   latGETnl: 43020 # GET request latency on next level
   latGETnet: 0 # GET request latency on network to next level
  l3-0b7: # Cache stats
   hGETS: 7982623 # GETS hits
   hGETX: 8614703 # GETX hits
   mGETS: 324 # GETS misses
   mGETXIM: 14 # GETX I->M misses
   mGETXSM: 150 # GETX S->M misses (upgrade misses)
   PUTS: 0 # Clean evictions (from lower level)
   PUTX: 0 # Dirty evictions (from lower level)
   INV: 0 # Invalidates (from upper level)
   INVX: 0 # Downgrades (from upper level)
   FWD: 0 # Forwards (from upper level)
   latGETnl: 43920 # GET request latency on next level
   latGETnet: 0 # GET request latency on network to next level
 mem: # Memory controller stats
  mem-0: # Memory controller stats
   rd: 952 # Read requests
   wr: 2 # Write requests
   rdlat: 129919 # Total latency experienced by read requests
   wrlat: 270 # Total latency experienced by write requests
   rdhits: 12 # Read row hits
   wrhits: 0 # Write row hits
   mlh: # latency histogram for memory requests
    0: 0
    1: 0
    2: 0
    3: 0
    4: 0
    5: 0
    6: 0
    7: 0
    8: 0
    9: 0
    10: 0
    11: 2
    12: 1
    13: 857
    14: 51
    15: 11
    16: 4
    17: 1
    18: 2
    19: 3
    20: 0
    21: 2
    22: 1
    23: 1
    24: 1
    25: 1
    26: 2
    27: 1
    28: 0
    29: 0
    30: 1
    31: 1
    32: 2
    33: 0
    34: 1
    35: 2
    36: 1
    37: 1
    38: 2
    39: 0
    40: 0
    41: 0
    42: 0
    43: 0
    44: 0
    45: 0
    46: 0
    47: 0
    48: 0
    49: 0
    50: 0
    51: 0
    52: 0
    53: 0
    54: 0
    55: 0
    56: 0
    57: 0
    58: 0
    59: 0
    60: 0
    61: 0
    62: 0
    63: 0
    64: 0
    65: 0
    66: 0
    67: 0
    68: 0
    69: 0
    70: 0
    71: 0
    72: 0
    73: 0
    74: 0
    75: 0
    76: 0
    77: 0
    78: 0
    79: 0
    80: 0
    81: 0
    82: 0
    83: 0
    84: 0
    85: 0
    86: 0
    87: 0
    88: 0
    89: 0
    90: 0
    91: 0
    92: 0
    93: 0
    94: 0
    95: 0
    96: 0
    97: 0
    98: 0
    99: 0
  mem-1: # Memory controller stats
   rd: 961 # Read requests
   wr: 0 # Write requests
   rdlat: 130244 # Total latency experienced by read requests
   wrlat: 0 # Total latency experienced by write requests
   rdhits: 8 # Read row hits
   wrhits: 0 # Write row hits
   mlh: # latency histogram for memory requests
    0: 0
    1: 0
    2: 0
    3: 0
    4: 0
    5: 0
    6: 0
    7: 0
    8: 0
    9: 0
    10: 0
    11: 0
    12: 5
    13: 859
    14: 67
    15: 8
    16: 1
    17: 2
    18: 2
    19: 1
    20: 3
    21: 1
    22: 0
    23: 1
    24: 0
    25: 2
    26: 0
    27: 1
    28: 0
    29: 1
    30: 0
    31: 0
    32: 0
    33: 0
    34: 2
    35: 0
    36: 2
    37: 0
    38: 2
    39: 0
    40: 0
    41: 1
    42: 0
    43: 0
    44: 0
    45: 0
    46: 0
    47: 0
    48: 0
    49: 0
    50: 0
    51: 0
    52: 0
    53: 0
    54: 0
    55: 0
    56: 0
    57: 0
    58: 0
    59: 0
    60: 0
    61: 0
    62: 0
    63: 0
    64: 0
    65: 0
    66: 0
    67: 0
    68: 0
    69: 0
    70: 0
    71: 0
    72: 0
    73: 0
    74: 0
    75: 0
    76: 0
    77: 0
    78: 0
    79: 0
    80: 0
    81: 0
    82: 0
    83: 0
    84: 0
    85: 0
    86: 0
    87: 0
    88: 0
    89: 0
    90: 0
    91: 0
    92: 0
    93: 0
    94: 0
    95: 0
    96: 0
    97: 0
    98: 0
    99: 0
  mem-2: # Memory controller stats
   rd: 951 # Read requests
   wr: 1 # Write requests
   rdlat: 129930 # Total latency experienced by read requests
   wrlat: 135 # Total latency experienced by write requests
   rdhits: 11 # Read row hits
   wrhits: 0 # Write row hits
   mlh: # latency histogram for memory requests
    0: 0
    1: 0
    2: 0
    3: 0
    4: 0
    5: 0
    6: 0
    7: 0
    8: 0
    9: 0
    10: 0
    11: 1
    12: 1
    13: 853
    14: 62
    15: 3
    16: 5
    17: 3
    18: 1
    19: 1
    20: 3
    21: 2
    22: 0
    23: 1
    24: 0
    25: 0
    26: 1
    27: 1
    28: 2
    29: 0
    30: 1
    31: 0
    32: 2
    33: 1
    34: 1
    35: 0
    36: 0
    37: 2
    38: 1
    39: 1
    40: 0
    41: 1
    42: 1
    43: 0
    44: 0
    45: 0
    46: 0
    47: 0
    48: 0
    49: 0
    50: 0
    51: 0
    52: 0
    53: 0
    54: 0
    55: 0
    56: 0
    57: 0
    58: 0
    59: 0
    60: 0
    61: 0
    62: 0
    63: 0
    64: 0
    65: 0
    66: 0
    67: 0
    68: 0
    69: 0
    70: 0
    71: 0
    72: 0
    73: 0
    74: 0
    75: 0
    76: 0
    77: 0
    78: 0
    79: 0
    80: 0
    81: 0
    82: 0
    83: 0
    84: 0
    85: 0
    86: 0
    87: 0
    88: 0
    89: 0
    90: 0
    91: 0
    92: 0
    93: 0
    94: 0
    95: 0
    96: 0
    97: 0
    98: 0
    99: 0
  mem-3: # Memory controller stats
   rd: 961 # Read requests
   wr: 3 # Write requests
   rdlat: 130449 # Total latency experienced by read requests
   wrlat: 403 # Total latency experienced by write requests
   rdhits: 20 # Read row hits
   wrhits: 0 # Write row hits
   mlh: # latency histogram for memory requests
    0: 0
    1: 0
    2: 0
    3: 0
    4: 0
    5: 0
    6: 0
    7: 0
    8: 0
    9: 0
    10: 0
    11: 4
    12: 3
    13: 862
    14: 61
    15: 7
    16: 0
    17: 2
    18: 4
    19: 2
    20: 2
    21: 0
    22: 0
    23: 0
    24: 0
    25: 1
    26: 2
    27: 0
    28: 2
    29: 1
    30: 0
    31: 0
    32: 1
    33: 1
    34: 2
    35: 0
    36: 2
    37: 0
    38: 2
    39: 0
    40: 0
    41: 0
    42: 0
    43: 0
    44: 0
    45: 0
    46: 0
    47: 0
    48: 0
    49: 0
    50: 0
    51: 0
    52: 0
    53: 0
    54: 0
    55: 0
    56: 0
    57: 0
    58: 0
    59: 0
    60: 0
    61: 0
    62: 0
    63: 0
    64: 0
    65: 0
    66: 0
    67: 0
    68: 0
    69: 0
    70: 0
    71: 0
    72: 0
    73: 0
    74: 0
    75: 0
    76: 0
    77: 0
    78: 0
    79: 0
    80: 0
    81: 0
    82: 0
    83: 0
    84: 0
    85: 0
    86: 0
    87: 0
    88: 0
    89: 0
    90: 0
    91: 0
    92: 0
    93: 0
    94: 0
    95: 0
    96: 0
    97: 0
    98: 0
    99: 0
 sched: # Scheduler stats
  thCr: 5 # Threads created
  thFn: 0 # Threads finished
  schedEvs: 5 # Schedule events
  waitEvs: 0 # Wait events
  handoffEvs: 0 # Handoff events
  sleepEvs: 0 # Sleep events
  idlePhases: 0 # Phases with no thread active
  idlePeriods: 0 # Periods with no thread active
  occHist: # Occupancy histogram
   0: 0
   1: 163
   2: 0
   3: 0
   4: 0
   5: 148751
   6: 0
   7: 0
   8: 0
  rqSzHist: # Run queue size histogram
   0: 148914
   1: 0
   2: 0
   3: 0
   4: 0
   5: 0
   6: 0
   7: 0
   8: 0
   9: 0
   10: 0
   11: 0
   12: 0
   13: 0
   14: 0
   15: 0
   16: 0
 procCycles: # Per-process unhalted core cycles
  0: 5489865837
  1: 0
  2: 0
  3: 0
  4: 0
  5: 0
  6: 0
  7: 0
  8: 0
  9: 0
  10: 0
  11: 0
  12: 0
  13: 0
  14: 0
  15: 0
  16: 0
  17: 0
  18: 0
  19: 0
  20: 0
  21: 0
  22: 0
  23: 0
  24: 0
  25: 0
  26: 0
  27: 0
  28: 0
  29: 0
  30: 0
  31: 0
  32: 0
  33: 0
  34: 0
  35: 0
  36: 0
  37: 0
  38: 0
  39: 0
  40: 0
  41: 0
  42: 0
  43: 0
  44: 0
  45: 0
  46: 0
  47: 0
  48: 0
  49: 0
  50: 0
  51: 0
  52: 0
  53: 0
  54: 0
  55: 0
  56: 0
  57: 0
  58: 0
  59: 0
  60: 0
  61: 0
  62: 0
  63: 0
 procInstrs: # Per-process instructions
  0: 5000015167
  1: 0
  2: 0
  3: 0
  4: 0
  5: 0
  6: 0
  7: 0
  8: 0
  9: 0
  10: 0
  11: 0
  12: 0
  13: 0
  14: 0
  15: 0
  16: 0
  17: 0
  18: 0
  19: 0
  20: 0
  21: 0
  22: 0
  23: 0
  24: 0
  25: 0
  26: 0
  27: 0
  28: 0
  29: 0
  30: 0
  31: 0
  32: 0
  33: 0
  34: 0
  35: 0
  36: 0
  37: 0
  38: 0
  39: 0
  40: 0
  41: 0
  42: 0
  43: 0
  44: 0
  45: 0
  46: 0
  47: 0
  48: 0
  49: 0
  50: 0
  51: 0
  52: 0
  53: 0
  54: 0
  55: 0
  56: 0
  57: 0
  58: 0
  59: 0
  60: 0
  61: 0
  62: 0
  63: 0
 heartbeats: # Per-process heartbeats
  0: 0
  1: 0
  2: 0
  3: 0
  4: 0
  5: 0
  6: 0
  7: 0
  8: 0
  9: 0
  10: 0
  11: 0
  12: 0
  13: 0
  14: 0
  15: 0
  16: 0
  17: 0
  18: 0
  19: 0
  20: 0
  21: 0
  22: 0
  23: 0
  24: 0
  25: 0
  26: 0
  27: 0
  28: 0
  29: 0
  30: 0
  31: 0
  32: 0
  33: 0
  34: 0
  35: 0
  36: 0
  37: 0
  38: 0
  39: 0
  40: 0
  41: 0
  42: 0
  43: 0
  44: 0
  45: 0
  46: 0
  47: 0
  48: 0
  49: 0
  50: 0
  51: 0
  52: 0
  53: 0
  54: 0
  55: 0
  56: 0
  57: 0
  58: 0
  59: 0
  60: 0
  61: 0
  62: 0
  63: 0
===
