# zsim stats
===
root: # Stats
 contention: # Contention simulation stats
  domain-0: # Domain stats
   time: 457620310 # Weave simulation time
 time: # Simulator time breakdown
  init: 574158331
  bound: 191779835236
  weave: 3007788622
  ff: 0
 trigger: 20000 # Reason for this stats dump
 phase: 85136 # Simulated phases
 westmere: # Core stats
  westmere-0: # Core stats
   cycles: 851360017 # Simulated unhalted cycles
   cCycles: 3044 # Cycles due to contention stalls
   instrs: 624843863 # Simulated instructions
   uops: 750226802 # Retired micro-ops
   bbls: 83799036 # Basic blocks
   approxInstrs: 6869325 # Instrs with approx uop decoding
   mispredBranches: 1799886 # Mispredicted branches
   condBranches: 64846485 # conditional branches
  westmere-1: # Core stats
   cycles: 851360001 # Simulated unhalted cycles
   cCycles: 2813 # Cycles due to contention stalls
   instrs: 624429205 # Simulated instructions
   uops: 749726618 # Retired micro-ops
   bbls: 83743189 # Basic blocks
   approxInstrs: 6863988 # Instrs with approx uop decoding
   mispredBranches: 1798427 # Mispredicted branches
   condBranches: 64804181 # conditional branches
  westmere-2: # Core stats
   cycles: 851360043 # Simulated unhalted cycles
   cCycles: 12252 # Cycles due to contention stalls
   instrs: 625286169 # Simulated instructions
   uops: 750754401 # Retired micro-ops
   bbls: 83858074 # Basic blocks
   approxInstrs: 6873584 # Instrs with approx uop decoding
   mispredBranches: 1800916 # Mispredicted branches
   condBranches: 64893297 # conditional branches
  westmere-3: # Core stats
   cycles: 851350003 # Simulated unhalted cycles
   cCycles: 485 # Cycles due to contention stalls
   instrs: 624819562 # Simulated instructions
   uops: 750197432 # Retired micro-ops
   bbls: 83795431 # Basic blocks
   approxInstrs: 6869003 # Instrs with approx uop decoding
   mispredBranches: 1799755 # Mispredicted branches
   condBranches: 64843577 # conditional branches
  westmere-4: # Core stats
   cycles: 851350006 # Simulated unhalted cycles
   cCycles: 402 # Cycles due to contention stalls
   instrs: 624409064 # Simulated instructions
   uops: 749701100 # Retired micro-ops
   bbls: 83740574 # Basic blocks
   approxInstrs: 6863985 # Instrs with approx uop decoding
   mispredBranches: 1798412 # Mispredicted branches
   condBranches: 64802388 # conditional branches
  westmere-5: # Core stats
   cycles: 851350005 # Simulated unhalted cycles
   cCycles: 81 # Cycles due to contention stalls
   instrs: 625049088 # Simulated instructions
   uops: 750470584 # Retired micro-ops
   bbls: 83826472 # Basic blocks
   approxInstrs: 6871290 # Instrs with approx uop decoding
   mispredBranches: 1800401 # Mispredicted branches
   condBranches: 64868710 # conditional branches
  westmere-6: # Core stats
   cycles: 851350027 # Simulated unhalted cycles
   cCycles: 1341 # Cycles due to contention stalls
   instrs: 625773872 # Simulated instructions
   uops: 751340277 # Retired micro-ops
   bbls: 83923411 # Basic blocks
   approxInstrs: 6879038 # Instrs with approx uop decoding
   mispredBranches: 1802394 # Mispredicted branches
   condBranches: 64943955 # conditional branches
  westmere-7: # Core stats
   cycles: 851350007 # Simulated unhalted cycles
   cCycles: 303 # Cycles due to contention stalls
   instrs: 625444052 # Simulated instructions
   uops: 750944225 # Retired micro-ops
   bbls: 83879183 # Basic blocks
   approxInstrs: 6875368 # Instrs with approx uop decoding
   mispredBranches: 1801397 # Mispredicted branches
   condBranches: 64909682 # conditional branches
 l1i: # Cache stats
  l1i-0: # Filter cache stats
   fhGETS: 83474473 # Filtered GETS hits
   fhGETX: 0 # Filtered GETX hits
   hGETS: 493373 # GETS hits
   hGETX: 0 # GETX hits
   mGETS: 28086887 # GETS misses
   mGETXIM: 0 # GETX I->M misses
   mGETXSM: 0 # GETX S->M misses (upgrade misses)
   PUTS: 0 # Clean evictions (from lower level)
   PUTX: 0 # Dirty evictions (from lower level)
   INV: 28085626 # Invalidates (from upper level)
   INVX: 0 # Downgrades (from upper level)
   FWD: 0 # Forwards (from upper level)
   latGETnl: 545710720 # GET request latency on next level
   latGETnet: 0 # GET request latency on network to next level
  l1i-1: # Filter cache stats
   fhGETS: 83429632 # Filtered GETS hits
   fhGETX: 0 # Filtered GETX hits
   hGETS: 493079 # GETS hits
   hGETX: 0 # GETX hits
   mGETS: 28055773 # GETS misses
   mGETXIM: 0 # GETX I->M misses
   mGETXSM: 0 # GETX S->M misses (upgrade misses)
   PUTS: 0 # Clean evictions (from lower level)
   PUTX: 0 # Dirty evictions (from lower level)
   INV: 28054463 # Invalidates (from upper level)
   INVX: 0 # Downgrades (from upper level)
   FWD: 0 # Forwards (from upper level)
   latGETnl: 546209638 # GET request latency on next level
   latGETnet: 0 # GET request latency on network to next level
  l1i-2: # Filter cache stats
   fhGETS: 83548713 # Filtered GETS hits
   fhGETX: 0 # Filtered GETX hits
   hGETS: 493873 # GETS hits
   hGETX: 0 # GETX hits
   mGETS: 28093799 # GETS misses
   mGETXIM: 0 # GETX I->M misses
   mGETXSM: 0 # GETX S->M misses (upgrade misses)
   PUTS: 0 # Clean evictions (from lower level)
   PUTX: 0 # Dirty evictions (from lower level)
   INV: 28092583 # Invalidates (from upper level)
   INVX: 0 # Downgrades (from upper level)
   FWD: 0 # Forwards (from upper level)
   latGETnl: 545553601 # GET request latency on next level
   latGETnet: 0 # GET request latency on network to next level
  l1i-3: # Filter cache stats
   fhGETS: 83488164 # Filtered GETS hits
   fhGETX: 0 # Filtered GETX hits
   hGETS: 493531 # GETS hits
   hGETX: 0 # GETX hits
   mGETS: 28070452 # GETS misses
   mGETXIM: 0 # GETX I->M misses
   mGETXSM: 0 # GETX S->M misses (upgrade misses)
   PUTS: 0 # Clean evictions (from lower level)
   PUTX: 0 # Dirty evictions (from lower level)
   INV: 28069218 # Invalidates (from upper level)
   INVX: 0 # Downgrades (from upper level)
   FWD: 0 # Forwards (from upper level)
   latGETnl: 545445110 # GET request latency on next level
   latGETnet: 0 # GET request latency on network to next level
  l1i-4: # Filter cache stats
   fhGETS: 83436213 # Filtered GETS hits
   fhGETX: 0 # Filtered GETX hits
   hGETS: 493450 # GETS hits
   hGETX: 0 # GETX hits
   mGETS: 28046079 # GETS misses
   mGETXIM: 0 # GETX I->M misses
   mGETXSM: 0 # GETX S->M misses (upgrade misses)
   PUTS: 0 # Clean evictions (from lower level)
   PUTX: 0 # Dirty evictions (from lower level)
   INV: 28044787 # Invalidates (from upper level)
   INVX: 0 # Downgrades (from upper level)
   FWD: 0 # Forwards (from upper level)
   latGETnl: 545618884 # GET request latency on next level
   latGETnet: 0 # GET request latency on network to next level
  l1i-5: # Filter cache stats
   fhGETS: 83527340 # Filtered GETS hits
   fhGETX: 0 # Filtered GETX hits
   hGETS: 494261 # GETS hits
   hGETX: 0 # GETX hits
   mGETS: 28070502 # GETS misses
   mGETXIM: 0 # GETX I->M misses
   mGETXSM: 0 # GETX S->M misses (upgrade misses)
   PUTS: 0 # Clean evictions (from lower level)
   PUTX: 0 # Dirty evictions (from lower level)
   INV: 28069251 # Invalidates (from upper level)
   INVX: 0 # Downgrades (from upper level)
   FWD: 0 # Forwards (from upper level)
   latGETnl: 545702156 # GET request latency on next level
   latGETnet: 0 # GET request latency on network to next level
  l1i-6: # Filter cache stats
   fhGETS: 83621055 # Filtered GETS hits
   fhGETX: 0 # Filtered GETX hits
   hGETS: 494217 # GETS hits
   hGETX: 0 # GETX hits
   mGETS: 28105639 # GETS misses
   mGETXIM: 0 # GETX I->M misses
   mGETXSM: 0 # GETX S->M misses (upgrade misses)
   PUTS: 0 # Clean evictions (from lower level)
   PUTX: 0 # Dirty evictions (from lower level)
   INV: 28104420 # Invalidates (from upper level)
   INVX: 0 # Downgrades (from upper level)
   FWD: 0 # Forwards (from upper level)
   latGETnl: 545073182 # GET request latency on next level
   latGETnet: 0 # GET request latency on network to next level
  l1i-7: # Filter cache stats
   fhGETS: 83581453 # Filtered GETS hits
   fhGETX: 0 # Filtered GETX hits
   hGETS: 494106 # GETS hits
   hGETX: 0 # GETX hits
   mGETS: 28086937 # GETS misses
   mGETXIM: 0 # GETX I->M misses
   mGETXSM: 0 # GETX S->M misses (upgrade misses)
   PUTS: 0 # Clean evictions (from lower level)
   PUTX: 0 # Dirty evictions (from lower level)
   INV: 28085682 # Invalidates (from upper level)
   INVX: 0 # Downgrades (from upper level)
   FWD: 0 # Forwards (from upper level)
   latGETnl: 545070952 # GET request latency on next level
   latGETnet: 0 # GET request latency on network to next level
 l1d: # Cache stats
  l1d-0: # Filter cache stats
   fhGETS: 152353607 # Filtered GETS hits
   fhGETX: 21819198 # Filtered GETX hits
   hGETS: 15471109 # GETS hits
   hGETX: 3993 # GETX hits
   mGETS: 5537604 # GETS misses
   mGETXIM: 4271549 # GETX I->M misses
   mGETXSM: 24696762 # GETX S->M misses (upgrade misses)
   PUTS: 0 # Clean evictions (from lower level)
   PUTX: 0 # Dirty evictions (from lower level)
   INV: 10654531 # Invalidates (from upper level)
   INVX: 26400858 # Downgrades (from upper level)
   FWD: 0 # Forwards (from upper level)
   latGETnl: 786228533 # GET request latency on next level
   latGETnet: 0 # GET request latency on network to next level
  l1d-1: # Filter cache stats
   fhGETS: 152243277 # Filtered GETS hits
   fhGETX: 21798478 # Filtered GETX hits
   hGETS: 15428018 # GETS hits
   hGETX: 3988 # GETX hits
   mGETS: 5574442 # GETS misses
   mGETXIM: 4253370 # GETX I->M misses
   mGETXSM: 24702481 # GETX S->M misses (upgrade misses)
   PUTS: 0 # Clean evictions (from lower level)
   PUTX: 0 # Dirty evictions (from lower level)
   INV: 10664946 # Invalidates (from upper level)
   INVX: 26387418 # Downgrades (from upper level)
   FWD: 0 # Forwards (from upper level)
   latGETnl: 785008257 # GET request latency on next level
   latGETnet: 0 # GET request latency on network to next level
  l1d-2: # Filter cache stats
   fhGETS: 152458822 # Filtered GETS hits
   fhGETX: 21842361 # Filtered GETX hits
   hGETS: 15498518 # GETS hits
   hGETX: 3977 # GETX hits
   mGETS: 5528303 # GETS misses
   mGETXIM: 4257177 # GETX I->M misses
   mGETXSM: 24722881 # GETX S->M misses (upgrade misses)
   PUTS: 0 # Clean evictions (from lower level)
   PUTX: 0 # Dirty evictions (from lower level)
   INV: 10658383 # Invalidates (from upper level)
   INVX: 26430445 # Downgrades (from upper level)
   FWD: 0 # Forwards (from upper level)
   latGETnl: 784432317 # GET request latency on next level
   latGETnet: 0 # GET request latency on network to next level
  l1d-3: # Filter cache stats
   fhGETS: 152360213 # Filtered GETS hits
   fhGETX: 21822769 # Filtered GETX hits
   hGETS: 15457944 # GETS hits
   hGETX: 3945 # GETX hits
   mGETS: 5536651 # GETS misses
   mGETXIM: 4271059 # GETX I->M misses
   mGETXSM: 24691657 # GETX S->M misses (upgrade misses)
   PUTS: 0 # Clean evictions (from lower level)
   PUTX: 0 # Dirty evictions (from lower level)
   INV: 10708053 # Invalidates (from upper level)
   INVX: 26399858 # Downgrades (from upper level)
   FWD: 0 # Forwards (from upper level)
   latGETnl: 786699913 # GET request latency on next level
   latGETnet: 0 # GET request latency on network to next level
  l1d-4: # Filter cache stats
   fhGETS: 152261807 # Filtered GETS hits
   fhGETX: 21809536 # Filtered GETX hits
   hGETS: 15418429 # GETS hits
   hGETX: 3946 # GETX hits
   mGETS: 5561604 # GETS misses
   mGETXIM: 4279512 # GETX I->M misses
   mGETXSM: 24662406 # GETX S->M misses (upgrade misses)
   PUTS: 0 # Clean evictions (from lower level)
   PUTX: 0 # Dirty evictions (from lower level)
   INV: 10719402 # Invalidates (from upper level)
   INVX: 26377447 # Downgrades (from upper level)
   FWD: 0 # Forwards (from upper level)
   latGETnl: 786456111 # GET request latency on next level
   latGETnet: 0 # GET request latency on network to next level
  l1d-5: # Filter cache stats
   fhGETS: 152380102 # Filtered GETS hits
   fhGETX: 21812736 # Filtered GETX hits
   hGETS: 15457969 # GETS hits
   hGETX: 3982 # GETX hits
   mGETS: 5584592 # GETS misses
   mGETXIM: 4220269 # GETX I->M misses
   mGETXSM: 24768658 # GETX S->M misses (upgrade misses)
   PUTS: 0 # Clean evictions (from lower level)
   PUTX: 0 # Dirty evictions (from lower level)
   INV: 10713364 # Invalidates (from upper level)
   INVX: 26415405 # Downgrades (from upper level)
   FWD: 0 # Forwards (from upper level)
   latGETnl: 785451582 # GET request latency on next level
   latGETnet: 0 # GET request latency on network to next level
  l1d-6: # Filter cache stats
   fhGETS: 152577940 # Filtered GETS hits
   fhGETX: 21838808 # Filtered GETX hits
   hGETS: 15501276 # GETS hits
   hGETX: 3920 # GETX hits
   mGETS: 5545029 # GETS misses
   mGETXIM: 4266038 # GETX I->M misses
   mGETXSM: 24755823 # GETX S->M misses (upgrade misses)
   PUTS: 0 # Clean evictions (from lower level)
   PUTX: 0 # Dirty evictions (from lower level)
   INV: 10726046 # Invalidates (from upper level)
   INVX: 26458749 # Downgrades (from upper level)
   FWD: 0 # Forwards (from upper level)
   latGETnl: 786887476 # GET request latency on next level
   latGETnet: 0 # GET request latency on network to next level
  l1d-7: # Filter cache stats
   fhGETS: 152495936 # Filtered GETS hits
   fhGETX: 21821706 # Filtered GETX hits
   hGETS: 15493515 # GETS hits
   hGETX: 3924 # GETX hits
   mGETS: 5541325 # GETS misses
   mGETXIM: 4259175 # GETX I->M misses
   mGETXSM: 24753826 # GETX S->M misses (upgrade misses)
   PUTS: 0 # Clean evictions (from lower level)
   PUTX: 0 # Dirty evictions (from lower level)
   INV: 10753896 # Invalidates (from upper level)
   INVX: 26443161 # Downgrades (from upper level)
   FWD: 0 # Forwards (from upper level)
   latGETnl: 786460885 # GET request latency on next level
   latGETnet: 0 # GET request latency on network to next level
 l2: # Cache stats
  l2-0: # Cache stats
   hGETS: 25216665 # GETS hits
   hGETX: 18229605 # GETX hits
   mGETS: 8407826 # GETS misses
   mGETXIM: 2588784 # GETX I->M misses
   mGETXSM: 8149922 # GETX S->M misses (upgrade misses)
   PUTS: 995 # Clean evictions (from lower level)
   PUTX: 10 # Dirty evictions (from lower level)
   INV: 11561938 # Invalidates (from upper level)
   INVX: 7664584 # Downgrades (from upper level)
   FWD: 0 # Forwards (from upper level)
   latGETnl: 661695903 # GET request latency on next level
   latGETnet: 0 # GET request latency on network to next level
  l2-1: # Cache stats
   hGETS: 25201670 # GETS hits
   hGETX: 18260681 # GETX hits
   mGETS: 8428545 # GETS misses
   mGETXIM: 2556779 # GETX I->M misses
   mGETXSM: 8138391 # GETX S->M misses (upgrade misses)
   PUTS: 1083 # Clean evictions (from lower level)
   PUTX: 11 # Dirty evictions (from lower level)
   INV: 11566696 # Invalidates (from upper level)
   INVX: 7624442 # Downgrades (from upper level)
   FWD: 0 # Forwards (from upper level)
   latGETnl: 661035658 # GET request latency on next level
   latGETnet: 0 # GET request latency on network to next level
  l2-2: # Cache stats
   hGETS: 25239090 # GETS hits
   hGETX: 18279562 # GETX hits
   mGETS: 8383012 # GETS misses
   mGETXIM: 2589696 # GETX I->M misses
   mGETXSM: 8110800 # GETX S->M misses (upgrade misses)
   PUTS: 938 # Clean evictions (from lower level)
   PUTX: 1 # Dirty evictions (from lower level)
   INV: 11558703 # Invalidates (from upper level)
   INVX: 7646837 # Downgrades (from upper level)
   FWD: 0 # Forwards (from upper level)
   latGETnl: 659612866 # GET request latency on next level
   latGETnet: 0 # GET request latency on network to next level
  l2-3: # Cache stats
   hGETS: 25242235 # GETS hits
   hGETX: 18162693 # GETX hits
   mGETS: 8364868 # GETS misses
   mGETXIM: 2592392 # GETX I->M misses
   mGETXSM: 8207631 # GETX S->M misses (upgrade misses)
   PUTS: 986 # Clean evictions (from lower level)
   PUTX: 4 # Dirty evictions (from lower level)
   INV: 11578592 # Invalidates (from upper level)
   INVX: 7727502 # Downgrades (from upper level)
   FWD: 0 # Forwards (from upper level)
   latGETnl: 662236501 # GET request latency on next level
   latGETnet: 0 # GET request latency on network to next level
  l2-4: # Cache stats
   hGETS: 25230246 # GETS hits
   hGETX: 18151813 # GETX hits
   mGETS: 8377437 # GETS misses
   mGETXIM: 2567950 # GETX I->M misses
   mGETXSM: 8222155 # GETX S->M misses (upgrade misses)
   PUTS: 1011 # Clean evictions (from lower level)
   PUTX: 9 # Dirty evictions (from lower level)
   INV: 11581608 # Invalidates (from upper level)
   INVX: 7713544 # Downgrades (from upper level)
   FWD: 0 # Forwards (from upper level)
   latGETnl: 662390400 # GET request latency on next level
   latGETnet: 0 # GET request latency on network to next level
  l2-5: # Cache stats
   hGETS: 25253913 # GETS hits
   hGETX: 18282529 # GETX hits
   mGETS: 8401181 # GETS misses
   mGETXIM: 2543500 # GETX I->M misses
   mGETXSM: 8162898 # GETX S->M misses (upgrade misses)
   PUTS: 1011 # Clean evictions (from lower level)
   PUTX: 6 # Dirty evictions (from lower level)
   INV: 11591799 # Invalidates (from upper level)
   INVX: 7627082 # Downgrades (from upper level)
   FWD: 0 # Forwards (from upper level)
   latGETnl: 660376377 # GET request latency on next level
   latGETnet: 0 # GET request latency on network to next level
  l2-6: # Cache stats
   hGETS: 25307023 # GETS hits
   hGETX: 18239776 # GETX hits
   mGETS: 8343645 # GETS misses
   mGETXIM: 2551970 # GETX I->M misses
   mGETXSM: 8230115 # GETX S->M misses (upgrade misses)
   PUTS: 944 # Clean evictions (from lower level)
   PUTX: 2 # Dirty evictions (from lower level)
   INV: 11574872 # Invalidates (from upper level)
   INVX: 7708605 # Downgrades (from upper level)
   FWD: 0 # Forwards (from upper level)
   latGETnl: 660919810 # GET request latency on next level
   latGETnet: 0 # GET request latency on network to next level
  l2-7: # Cache stats
   hGETS: 25302419 # GETS hits
   hGETX: 18214928 # GETX hits
   mGETS: 8325843 # GETS misses
   mGETXIM: 2564472 # GETX I->M misses
   mGETXSM: 8233601 # GETX S->M misses (upgrade misses)
   PUTS: 999 # Clean evictions (from lower level)
   PUTX: 7 # Dirty evictions (from lower level)
   INV: 11590625 # Invalidates (from upper level)
   INVX: 7715264 # Downgrades (from upper level)
   FWD: 0 # Forwards (from upper level)
   latGETnl: 660852521 # GET request latency on next level
   latGETnet: 0 # GET request latency on network to next level
 l3: # Cache stats
  l3-0b0: # Cache stats
   hGETS: 9135246 # GETS hits
   hGETX: 10269224 # GETX hits
   mGETS: 78 # GETS misses
   mGETXIM: 5 # GETX I->M misses
   mGETXSM: 26 # GETX S->M misses (upgrade misses)
   PUTS: 0 # Clean evictions (from lower level)
   PUTX: 0 # Dirty evictions (from lower level)
   INV: 0 # Invalidates (from upper level)
   INVX: 0 # Downgrades (from upper level)
   FWD: 0 # Forwards (from upper level)
   latGETnl: 9810 # GET request latency on next level
   latGETnet: 0 # GET request latency on network to next level
  l3-0b1: # Cache stats
   hGETS: 2931264 # GETS hits
   hGETX: 5199392 # GETX hits
   mGETS: 79 # GETS misses
   mGETXIM: 8 # GETX I->M misses
   mGETXSM: 25 # GETX S->M misses (upgrade misses)
   PUTS: 0 # Clean evictions (from lower level)
   PUTX: 0 # Dirty evictions (from lower level)
   INV: 0 # Invalidates (from upper level)
   INVX: 0 # Downgrades (from upper level)
   FWD: 0 # Forwards (from upper level)
   latGETnl: 10080 # GET request latency on next level
   latGETnet: 0 # GET request latency on network to next level
  l3-0b2: # Cache stats
   hGETS: 14849443 # GETS hits
   hGETX: 17098792 # GETX hits
   mGETS: 84 # GETS misses
   mGETXIM: 5 # GETX I->M misses
   mGETXSM: 36 # GETX S->M misses (upgrade misses)
   PUTS: 0 # Clean evictions (from lower level)
   PUTX: 0 # Dirty evictions (from lower level)
   INV: 0 # Invalidates (from upper level)
   INVX: 0 # Downgrades (from upper level)
   FWD: 0 # Forwards (from upper level)
   latGETnl: 11250 # GET request latency on next level
   latGETnet: 0 # GET request latency on network to next level
  l3-0b3: # Cache stats
   hGETS: 3776492 # GETS hits
   hGETX: 10622927 # GETX hits
   mGETS: 77 # GETS misses
   mGETXIM: 7 # GETX I->M misses
   mGETXSM: 32 # GETX S->M misses (upgrade misses)
   PUTS: 0 # Clean evictions (from lower level)
   PUTX: 0 # Dirty evictions (from lower level)
   INV: 0 # Invalidates (from upper level)
   INVX: 0 # Downgrades (from upper level)
   FWD: 0 # Forwards (from upper level)
   latGETnl: 10440 # GET request latency on next level
   latGETnet: 0 # GET request latency on network to next level
  l3-0b4: # Cache stats
   hGETS: 6843313 # GETS hits
   hGETX: 6884139 # GETX hits
   mGETS: 81 # GETS misses
   mGETXIM: 2 # GETX I->M misses
   mGETXSM: 37 # GETX S->M misses (upgrade misses)
   PUTS: 0 # Clean evictions (from lower level)
   PUTX: 0 # Dirty evictions (from lower level)
   INV: 0 # Invalidates (from upper level)
   INVX: 0 # Downgrades (from upper level)
   FWD: 0 # Forwards (from upper level)
   latGETnl: 10800 # GET request latency on next level
   latGETnet: 0 # GET request latency on network to next level
  l3-0b5: # Cache stats
   hGETS: 6940109 # GETS hits
   hGETX: 8324797 # GETX hits
   mGETS: 79 # GETS misses
   mGETXIM: 6 # GETX I->M misses
   mGETXSM: 39 # GETX S->M misses (upgrade misses)
   PUTS: 0 # Clean evictions (from lower level)
   PUTX: 0 # Dirty evictions (from lower level)
   INV: 0 # Invalidates (from upper level)
   INVX: 0 # Downgrades (from upper level)
   FWD: 0 # Forwards (from upper level)
   latGETnl: 11160 # GET request latency on next level
   latGETnet: 0 # GET request latency on network to next level
  l3-0b6: # Cache stats
   hGETS: 7515246 # GETS hits
   hGETX: 8469929 # GETX hits
   mGETS: 78 # GETS misses
   mGETXIM: 7 # GETX I->M misses
   mGETXSM: 27 # GETX S->M misses (upgrade misses)
   PUTS: 0 # Clean evictions (from lower level)
   PUTX: 0 # Dirty evictions (from lower level)
   INV: 0 # Invalidates (from upper level)
   INVX: 0 # Downgrades (from upper level)
   FWD: 0 # Forwards (from upper level)
   latGETnl: 10080 # GET request latency on next level
   latGETnet: 0 # GET request latency on network to next level
  l3-0b7: # Cache stats
   hGETS: 15040610 # GETS hits
   hGETX: 19141559 # GETX hits
   mGETS: 78 # GETS misses
   mGETXIM: 6 # GETX I->M misses
   mGETXSM: 29 # GETX S->M misses (upgrade misses)
   PUTS: 0 # Clean evictions (from lower level)
   PUTX: 0 # Dirty evictions (from lower level)
   INV: 0 # Invalidates (from upper level)
   INVX: 0 # Downgrades (from upper level)
   FWD: 0 # Forwards (from upper level)
   latGETnl: 10170 # GET request latency on next level
   latGETnet: 0 # GET request latency on network to next level
 mem: # Memory controller stats
  mem-0: # Memory controller stats
   rd: 236 # Read requests
   wr: 0 # Write requests
   rdlat: 31828 # Total latency experienced by read requests
   wrlat: 0 # Total latency experienced by write requests
   rdhits: 3 # Read row hits
   wrhits: 0 # Write row hits
   mlh: # latency histogram for memory requests
    0: 0
    1: 0
    2: 0
    3: 0
    4: 0
    5: 0
    6: 0
    7: 0
    8: 0
    9: 0
    10: 0
    11: 1
    12: 1
    13: 213
    14: 14
    15: 1
    16: 1
    17: 0
    18: 0
    19: 2
    20: 0
    21: 1
    22: 0
    23: 0
    24: 0
    25: 0
    26: 0
    27: 1
    28: 0
    29: 0
    30: 0
    31: 0
    32: 0
    33: 0
    34: 0
    35: 0
    36: 0
    37: 1
    38: 0
    39: 0
    40: 0
    41: 0
    42: 0
    43: 0
    44: 0
    45: 0
    46: 0
    47: 0
    48: 0
    49: 0
    50: 0
    51: 0
    52: 0
    53: 0
    54: 0
    55: 0
    56: 0
    57: 0
    58: 0
    59: 0
    60: 0
    61: 0
    62: 0
    63: 0
    64: 0
    65: 0
    66: 0
    67: 0
    68: 0
    69: 0
    70: 0
    71: 0
    72: 0
    73: 0
    74: 0
    75: 0
    76: 0
    77: 0
    78: 0
    79: 0
    80: 0
    81: 0
    82: 0
    83: 0
    84: 0
    85: 0
    86: 0
    87: 0
    88: 0
    89: 0
    90: 0
    91: 0
    92: 0
    93: 0
    94: 0
    95: 0
    96: 0
    97: 0
    98: 0
    99: 0
  mem-1: # Memory controller stats
   rd: 229 # Read requests
   wr: 0 # Write requests
   rdlat: 30720 # Total latency experienced by read requests
   wrlat: 0 # Total latency experienced by write requests
   rdhits: 5 # Read row hits
   wrhits: 0 # Write row hits
   mlh: # latency histogram for memory requests
    0: 0
    1: 0
    2: 0
    3: 0
    4: 0
    5: 0
    6: 0
    7: 0
    8: 0
    9: 0
    10: 0
    11: 1
    12: 0
    13: 209
    14: 12
    15: 0
    16: 0
    17: 2
    18: 1
    19: 1
    20: 2
    21: 1
    22: 0
    23: 0
    24: 0
    25: 0
    26: 0
    27: 0
    28: 0
    29: 0
    30: 0
    31: 0
    32: 0
    33: 0
    34: 0
    35: 0
    36: 0
    37: 0
    38: 0
    39: 0
    40: 0
    41: 0
    42: 0
    43: 0
    44: 0
    45: 0
    46: 0
    47: 0
    48: 0
    49: 0
    50: 0
    51: 0
    52: 0
    53: 0
    54: 0
    55: 0
    56: 0
    57: 0
    58: 0
    59: 0
    60: 0
    61: 0
    62: 0
    63: 0
    64: 0
    65: 0
    66: 0
    67: 0
    68: 0
    69: 0
    70: 0
    71: 0
    72: 0
    73: 0
    74: 0
    75: 0
    76: 0
    77: 0
    78: 0
    79: 0
    80: 0
    81: 0
    82: 0
    83: 0
    84: 0
    85: 0
    86: 0
    87: 0
    88: 0
    89: 0
    90: 0
    91: 0
    92: 0
    93: 0
    94: 0
    95: 0
    96: 0
    97: 0
    98: 0
    99: 0
  mem-2: # Memory controller stats
   rd: 229 # Read requests
   wr: 0 # Write requests
   rdlat: 31338 # Total latency experienced by read requests
   wrlat: 0 # Total latency experienced by write requests
   rdhits: 3 # Read row hits
   wrhits: 0 # Write row hits
   mlh: # latency histogram for memory requests
    0: 0
    1: 0
    2: 0
    3: 0
    4: 0
    5: 0
    6: 0
    7: 0
    8: 0
    9: 0
    10: 0
    11: 0
    12: 0
    13: 206
    14: 11
    15: 3
    16: 0
    17: 0
    18: 2
    19: 3
    20: 1
    21: 0
    22: 0
    23: 0
    24: 0
    25: 0
    26: 0
    27: 0
    28: 0
    29: 0
    30: 0
    31: 1
    32: 0
    33: 0
    34: 0
    35: 1
    36: 1
    37: 0
    38: 0
    39: 0
    40: 0
    41: 0
    42: 0
    43: 0
    44: 0
    45: 0
    46: 0
    47: 0
    48: 0
    49: 0
    50: 0
    51: 0
    52: 0
    53: 0
    54: 0
    55: 0
    56: 0
    57: 0
    58: 0
    59: 0
    60: 0
    61: 0
    62: 0
    63: 0
    64: 0
    65: 0
    66: 0
    67: 0
    68: 0
    69: 0
    70: 0
    71: 0
    72: 0
    73: 0
    74: 0
    75: 0
    76: 0
    77: 0
    78: 0
    79: 0
    80: 0
    81: 0
    82: 0
    83: 0
    84: 0
    85: 0
    86: 0
    87: 0
    88: 0
    89: 0
    90: 0
    91: 0
    92: 0
    93: 0
    94: 0
    95: 0
    96: 0
    97: 0
    98: 0
    99: 0
  mem-3: # Memory controller stats
   rd: 237 # Read requests
   wr: 0 # Write requests
   rdlat: 31878 # Total latency experienced by read requests
   wrlat: 0 # Total latency experienced by write requests
   rdhits: 3 # Read row hits
   wrhits: 0 # Write row hits
   mlh: # latency histogram for memory requests
    0: 0
    1: 0
    2: 0
    3: 0
    4: 0
    5: 0
    6: 0
    7: 0
    8: 0
    9: 0
    10: 0
    11: 0
    12: 2
    13: 220
    14: 11
    15: 0
    16: 0
    17: 0
    18: 1
    19: 1
    20: 0
    21: 0
    22: 0
    23: 0
    24: 0
    25: 0
    26: 0
    27: 0
    28: 0
    29: 0
    30: 0
    31: 0
    32: 1
    33: 0
    34: 0
    35: 0
    36: 0
    37: 0
    38: 0
    39: 1
    40: 0
    41: 0
    42: 0
    43: 0
    44: 0
    45: 0
    46: 0
    47: 0
    48: 0
    49: 0
    50: 0
    51: 0
    52: 0
    53: 0
    54: 0
    55: 0
    56: 0
    57: 0
    58: 0
    59: 0
    60: 0
    61: 0
    62: 0
    63: 0
    64: 0
    65: 0
    66: 0
    67: 0
    68: 0
    69: 0
    70: 0
    71: 0
    72: 0
    73: 0
    74: 0
    75: 0
    76: 0
    77: 0
    78: 0
    79: 0
    80: 0
    81: 0
    82: 0
    83: 0
    84: 0
    85: 0
    86: 0
    87: 0
    88: 0
    89: 0
    90: 0
    91: 0
    92: 0
    93: 0
    94: 0
    95: 0
    96: 0
    97: 0
    98: 0
    99: 0
 sched: # Scheduler stats
  thCr: 9 # Threads created
  thFn: 0 # Threads finished
  schedEvs: 9 # Schedule events
  waitEvs: 1 # Wait events
  handoffEvs: 0 # Handoff events
  sleepEvs: 0 # Sleep events
  idlePhases: 0 # Phases with no thread active
  idlePeriods: 0 # Periods with no thread active
  occHist: # Occupancy histogram
   0: 0
   1: 0
   2: 0
   3: 1
   4: 0
   5: 0
   6: 0
   7: 0
   8: 85135
  rqSzHist: # Run queue size histogram
   0: 85136
   1: 0
   2: 0
   3: 0
   4: 0
   5: 0
   6: 0
   7: 0
   8: 0
   9: 0
   10: 0
   11: 0
   12: 0
   13: 0
   14: 0
   15: 0
   16: 0
 procCycles: # Per-process unhalted core cycles
  0: 6810830109
  1: 0
  2: 0
  3: 0
  4: 0
  5: 0
  6: 0
  7: 0
  8: 0
  9: 0
  10: 0
  11: 0
  12: 0
  13: 0
  14: 0
  15: 0
  16: 0
  17: 0
  18: 0
  19: 0
  20: 0
  21: 0
  22: 0
  23: 0
  24: 0
  25: 0
  26: 0
  27: 0
  28: 0
  29: 0
  30: 0
  31: 0
  32: 0
  33: 0
  34: 0
  35: 0
  36: 0
  37: 0
  38: 0
  39: 0
  40: 0
  41: 0
  42: 0
  43: 0
  44: 0
  45: 0
  46: 0
  47: 0
  48: 0
  49: 0
  50: 0
  51: 0
  52: 0
  53: 0
  54: 0
  55: 0
  56: 0
  57: 0
  58: 0
  59: 0
  60: 0
  61: 0
  62: 0
  63: 0
 procInstrs: # Per-process instructions
  0: 5000054875
  1: 0
  2: 0
  3: 0
  4: 0
  5: 0
  6: 0
  7: 0
  8: 0
  9: 0
  10: 0
  11: 0
  12: 0
  13: 0
  14: 0
  15: 0
  16: 0
  17: 0
  18: 0
  19: 0
  20: 0
  21: 0
  22: 0
  23: 0
  24: 0
  25: 0
  26: 0
  27: 0
  28: 0
  29: 0
  30: 0
  31: 0
  32: 0
  33: 0
  34: 0
  35: 0
  36: 0
  37: 0
  38: 0
  39: 0
  40: 0
  41: 0
  42: 0
  43: 0
  44: 0
  45: 0
  46: 0
  47: 0
  48: 0
  49: 0
  50: 0
  51: 0
  52: 0
  53: 0
  54: 0
  55: 0
  56: 0
  57: 0
  58: 0
  59: 0
  60: 0
  61: 0
  62: 0
  63: 0
 heartbeats: # Per-process heartbeats
  0: 0
  1: 0
  2: 0
  3: 0
  4: 0
  5: 0
  6: 0
  7: 0
  8: 0
  9: 0
  10: 0
  11: 0
  12: 0
  13: 0
  14: 0
  15: 0
  16: 0
  17: 0
  18: 0
  19: 0
  20: 0
  21: 0
  22: 0
  23: 0
  24: 0
  25: 0
  26: 0
  27: 0
  28: 0
  29: 0
  30: 0
  31: 0
  32: 0
  33: 0
  34: 0
  35: 0
  36: 0
  37: 0
  38: 0
  39: 0
  40: 0
  41: 0
  42: 0
  43: 0
  44: 0
  45: 0
  46: 0
  47: 0
  48: 0
  49: 0
  50: 0
  51: 0
  52: 0
  53: 0
  54: 0
  55: 0
  56: 0
  57: 0
  58: 0
  59: 0
  60: 0
  61: 0
  62: 0
  63: 0
===
