# zsim stats
===
root: # Stats
 contention: # Contention simulation stats
  domain-0: # Domain stats
   time: 128479034 # Weave simulation time
 time: # Simulator time breakdown
  init: 28735730129
  bound: 11083784344
  weave: 149206608
  ff: 0
 trigger: 20000 # Reason for this stats dump
 phase: 643 # Simulated phases
 westmere: # Core stats
  westmere-0: # Core stats
   cycles: 5189815 # Simulated unhalted cycles
   cCycles: 1002674 # Cycles due to contention stalls
   instrs: 1744827 # Simulated instructions
   uops: 2213529 # Retired micro-ops
   bbls: 159946 # Basic blocks
   approxInstrs: 124551 # Instrs with approx uop decoding
   mispredBranches: 7341 # Mispredicted branches
   condBranches: 101656 # conditional branches
  westmere-1: # Core stats
   cycles: 6413537 # Simulated unhalted cycles
   cCycles: 1219749 # Cycles due to contention stalls
   instrs: 2204146 # Simulated instructions
   uops: 2794896 # Retired micro-ops
   bbls: 201112 # Basic blocks
   approxInstrs: 156469 # Instrs with approx uop decoding
   mispredBranches: 9334 # Mispredicted branches
   condBranches: 127596 # conditional branches
  westmere-2: # Core stats
   cycles: 6430023 # Simulated unhalted cycles
   cCycles: 1227255 # Cycles due to contention stalls
   instrs: 2203466 # Simulated instructions
   uops: 2794596 # Retired micro-ops
   bbls: 201112 # Basic blocks
   approxInstrs: 156468 # Instrs with approx uop decoding
   mispredBranches: 9313 # Mispredicted branches
   condBranches: 127573 # conditional branches
  westmere-3: # Core stats
   cycles: 6393981 # Simulated unhalted cycles
   cCycles: 1075204 # Cycles due to contention stalls
   instrs: 4220872 # Simulated instructions
   uops: 4918104 # Retired micro-ops
   bbls: 741467 # Basic blocks
   approxInstrs: 123956 # Instrs with approx uop decoding
   mispredBranches: 8907 # Mispredicted branches
   condBranches: 485239 # conditional branches
 l1i: # Cache stats
  l1i-0: # Filter cache stats
   fhGETS: 241121 # Filtered GETS hits
   fhGETX: 0 # Filtered GETX hits
   hGETS: 1311 # GETS hits
   hGETX: 0 # GETX hits
   mGETS: 327 # GETS misses
   mGETXIM: 0 # GETX I->M misses
   mGETXSM: 0 # GETX S->M misses (upgrade misses)
   PUTS: 0 # Clean evictions (from lower level)
   PUTX: 0 # Dirty evictions (from lower level)
   INV: 0 # Invalidates (from upper level)
   INVX: 0 # Downgrades (from upper level)
   FWD: 0 # Forwards (from upper level)
   latGETnl: 21846 # GET request latency on next level
   latGETnet: 0 # GET request latency on network to next level
  l1i-1: # Filter cache stats
   fhGETS: 304661 # Filtered GETS hits
   fhGETX: 0 # Filtered GETX hits
   hGETS: 1520 # GETS hits
   hGETX: 0 # GETX hits
   mGETS: 257 # GETS misses
   mGETXIM: 0 # GETX I->M misses
   mGETXSM: 0 # GETX S->M misses (upgrade misses)
   PUTS: 0 # Clean evictions (from lower level)
   PUTX: 0 # Dirty evictions (from lower level)
   INV: 1 # Invalidates (from upper level)
   INVX: 0 # Downgrades (from upper level)
   FWD: 0 # Forwards (from upper level)
   latGETnl: 12146 # GET request latency on next level
   latGETnet: 0 # GET request latency on network to next level
  l1i-2: # Filter cache stats
   fhGETS: 304691 # Filtered GETS hits
   fhGETX: 0 # Filtered GETX hits
   hGETS: 1383 # GETS hits
   hGETX: 0 # GETX hits
   mGETS: 244 # GETS misses
   mGETXIM: 0 # GETX I->M misses
   mGETXSM: 0 # GETX S->M misses (upgrade misses)
   PUTS: 0 # Clean evictions (from lower level)
   PUTX: 0 # Dirty evictions (from lower level)
   INV: 0 # Invalidates (from upper level)
   INVX: 0 # Downgrades (from upper level)
   FWD: 0 # Forwards (from upper level)
   latGETnl: 21862 # GET request latency on next level
   latGETnet: 0 # GET request latency on network to next level
  l1i-3: # Filter cache stats
   fhGETS: 826954 # Filtered GETS hits
   fhGETX: 0 # Filtered GETX hits
   hGETS: 3516 # GETS hits
   hGETX: 0 # GETX hits
   mGETS: 724 # GETS misses
   mGETXIM: 0 # GETX I->M misses
   mGETXSM: 0 # GETX S->M misses (upgrade misses)
   PUTS: 0 # Clean evictions (from lower level)
   PUTX: 0 # Dirty evictions (from lower level)
   INV: 1 # Invalidates (from upper level)
   INVX: 0 # Downgrades (from upper level)
   FWD: 0 # Forwards (from upper level)
   latGETnl: 58482 # GET request latency on next level
   latGETnet: 0 # GET request latency on network to next level
 l1d: # Cache stats
  l1d-0: # Filter cache stats
   fhGETS: 371029 # Filtered GETS hits
   fhGETX: 80975 # Filtered GETX hits
   hGETS: 53476 # GETS hits
   hGETX: 33215 # GETX hits
   mGETS: 38910 # GETS misses
   mGETXIM: 171 # GETX I->M misses
   mGETXSM: 171 # GETX S->M misses (upgrade misses)
   PUTS: 0 # Clean evictions (from lower level)
   PUTX: 0 # Dirty evictions (from lower level)
   INV: 79 # Invalidates (from upper level)
   INVX: 242 # Downgrades (from upper level)
   FWD: 0 # Forwards (from upper level)
   latGETnl: 3660516 # GET request latency on next level
   latGETnet: 0 # GET request latency on network to next level
  l1d-1: # Filter cache stats
   fhGETS: 467105 # Filtered GETS hits
   fhGETX: 102773 # Filtered GETX hits
   hGETS: 68212 # GETS hits
   hGETX: 41583 # GETX hits
   mGETS: 48902 # GETS misses
   mGETXIM: 125 # GETX I->M misses
   mGETXSM: 254 # GETX S->M misses (upgrade misses)
   PUTS: 0 # Clean evictions (from lower level)
   PUTX: 0 # Dirty evictions (from lower level)
   INV: 52 # Invalidates (from upper level)
   INVX: 234 # Downgrades (from upper level)
   FWD: 0 # Forwards (from upper level)
   latGETnl: 4462030 # GET request latency on next level
   latGETnet: 0 # GET request latency on network to next level
  l1d-2: # Filter cache stats
   fhGETS: 467242 # Filtered GETS hits
   fhGETX: 102560 # Filtered GETX hits
   hGETS: 67971 # GETS hits
   hGETX: 41764 # GETX hits
   mGETS: 48873 # GETS misses
   mGETXIM: 95 # GETX I->M misses
   mGETXSM: 254 # GETX S->M misses (upgrade misses)
   PUTS: 0 # Clean evictions (from lower level)
   PUTX: 0 # Dirty evictions (from lower level)
   INV: 29 # Invalidates (from upper level)
   INVX: 227 # Downgrades (from upper level)
   FWD: 0 # Forwards (from upper level)
   latGETnl: 4466490 # GET request latency on next level
   latGETnet: 0 # GET request latency on network to next level
  l1d-3: # Filter cache stats
   fhGETS: 786141 # Filtered GETS hits
   fhGETX: 295574 # Filtered GETX hits
   hGETS: 59431 # GETS hits
   hGETX: 35622 # GETX hits
   mGETS: 51122 # GETS misses
   mGETXIM: 216 # GETX I->M misses
   mGETXSM: 170 # GETX S->M misses (upgrade misses)
   PUTS: 0 # Clean evictions (from lower level)
   PUTX: 0 # Dirty evictions (from lower level)
   INV: 33 # Invalidates (from upper level)
   INVX: 171 # Downgrades (from upper level)
   FWD: 0 # Forwards (from upper level)
   latGETnl: 3973442 # GET request latency on next level
   latGETnet: 0 # GET request latency on network to next level
 l2: # Cache stats
  l2-0: # Cache stats
   hGETS: 2667 # GETS hits
   hGETX: 0 # GETX hits
   mGETS: 36570 # GETS misses
   mGETXIM: 171 # GETX I->M misses
   mGETXSM: 171 # GETX S->M misses (upgrade misses)
   PUTS: 22534 # Clean evictions (from lower level)
   PUTX: 15965 # Dirty evictions (from lower level)
   INV: 258 # Invalidates (from upper level)
   INVX: 1423 # Downgrades (from upper level)
   FWD: 0 # Forwards (from upper level)
   latGETnl: 3365730 # GET request latency on next level
   latGETnet: 0 # GET request latency on network to next level
  l2-1: # Cache stats
   hGETS: 3483 # GETS hits
   hGETX: 0 # GETX hits
   mGETS: 45676 # GETS misses
   mGETXIM: 125 # GETX I->M misses
   mGETXSM: 254 # GETX S->M misses (upgrade misses)
   PUTS: 28278 # Clean evictions (from lower level)
   PUTX: 20185 # Dirty evictions (from lower level)
   INV: 226 # Invalidates (from upper level)
   INVX: 1412 # Downgrades (from upper level)
   FWD: 0 # Forwards (from upper level)
   latGETnl: 4077872 # GET request latency on next level
   latGETnet: 0 # GET request latency on network to next level
  l2-2: # Cache stats
   hGETS: 3463 # GETS hits
   hGETX: 0 # GETX hits
   mGETS: 45654 # GETS misses
   mGETXIM: 95 # GETX I->M misses
   mGETXSM: 254 # GETX S->M misses (upgrade misses)
   PUTS: 28260 # Clean evictions (from lower level)
   PUTX: 20167 # Dirty evictions (from lower level)
   INV: 194 # Invalidates (from upper level)
   INVX: 1364 # Downgrades (from upper level)
   FWD: 0 # Forwards (from upper level)
   latGETnl: 4092624 # GET request latency on next level
   latGETnet: 0 # GET request latency on network to next level
  l2-3: # Cache stats
   hGETS: 13072 # GETS hits
   hGETX: 99 # GETX hits
   mGETS: 38774 # GETS misses
   mGETXIM: 116 # GETX I->M misses
   mGETXSM: 171 # GETX S->M misses (upgrade misses)
   PUTS: 34712 # Clean evictions (from lower level)
   PUTX: 16305 # Dirty evictions (from lower level)
   INV: 220 # Invalidates (from upper level)
   INVX: 1333 # Downgrades (from upper level)
   FWD: 0 # Forwards (from upper level)
   latGETnl: 3614068 # GET request latency on next level
   latGETnet: 0 # GET request latency on network to next level
 l3: # Cache stats
  l3-0b0: # Cache stats
   hGETS: 9115 # GETS hits
   hGETX: 222 # GETX hits
   mGETS: 32492 # GETS misses
   mGETXIM: 121 # GETX I->M misses
   mGETXSM: 0 # GETX S->M misses (upgrade misses)
   PUTS: 21205 # Clean evictions (from lower level)
   PUTX: 16262 # Dirty evictions (from lower level)
   INV: 0 # Invalidates (from upper level)
   INVX: 0 # Downgrades (from upper level)
   FWD: 0 # Forwards (from upper level)
   latGETnl: 2935170 # GET request latency on next level
   latGETnet: 0 # GET request latency on network to next level
  l3-0b1: # Cache stats
   hGETS: 9349 # GETS hits
   hGETX: 249 # GETX hits
   mGETS: 32731 # GETS misses
   mGETXIM: 108 # GETX I->M misses
   mGETXSM: 0 # GETX S->M misses (upgrade misses)
   PUTS: 21363 # Clean evictions (from lower level)
   PUTX: 16470 # Dirty evictions (from lower level)
   INV: 0 # Invalidates (from upper level)
   INVX: 0 # Downgrades (from upper level)
   FWD: 0 # Forwards (from upper level)
   latGETnl: 2955510 # GET request latency on next level
   latGETnet: 0 # GET request latency on network to next level
  l3-0b2: # Cache stats
   hGETS: 9055 # GETS hits
   hGETX: 200 # GETX hits
   mGETS: 32533 # GETS misses
   mGETXIM: 114 # GETX I->M misses
   mGETXSM: 0 # GETX S->M misses (upgrade misses)
   PUTS: 21057 # Clean evictions (from lower level)
   PUTX: 16343 # Dirty evictions (from lower level)
   INV: 0 # Invalidates (from upper level)
   INVX: 0 # Downgrades (from upper level)
   FWD: 0 # Forwards (from upper level)
   latGETnl: 2938230 # GET request latency on next level
   latGETnet: 0 # GET request latency on network to next level
  l3-0b3: # Cache stats
   hGETS: 9242 # GETS hits
   hGETX: 220 # GETX hits
   mGETS: 32157 # GETS misses
   mGETXIM: 123 # GETX I->M misses
   mGETXSM: 0 # GETX S->M misses (upgrade misses)
   PUTS: 21218 # Clean evictions (from lower level)
   PUTX: 16041 # Dirty evictions (from lower level)
   INV: 0 # Invalidates (from upper level)
   INVX: 0 # Downgrades (from upper level)
   FWD: 0 # Forwards (from upper level)
   latGETnl: 2905200 # GET request latency on next level
   latGETnet: 0 # GET request latency on network to next level
 mem: # Memory controller stats
  mem-0: # Memory controller stats
   rd: 32468 # Read requests
   wr: 1561 # Write requests
   rdlat: 4401709 # Total latency experienced by read requests
   wrlat: 227648 # Total latency experienced by write requests
   rdhits: 38 # Read row hits
   wrhits: 2 # Write row hits
   mlh: # latency histogram for memory requests
    0: 0
    1: 0
    2: 0
    3: 0
    4: 0
    5: 0
    6: 0
    7: 0
    8: 0
    9: 0
    10: 0
    11: 4
    12: 6
    13: 30281
    14: 1123
    15: 201
    16: 82
    17: 53
    18: 48
    19: 54
    20: 44
    21: 54
    22: 45
    23: 28
    24: 89
    25: 23
    26: 11
    27: 10
    28: 12
    29: 18
    30: 22
    31: 22
    32: 20
    33: 17
    34: 24
    35: 17
    36: 10
    37: 18
    38: 17
    39: 21
    40: 22
    41: 23
    42: 24
    43: 9
    44: 6
    45: 1
    46: 1
    47: 3
    48: 1
    49: 0
    50: 1
    51: 0
    52: 3
    53: 0
    54: 0
    55: 0
    56: 0
    57: 0
    58: 0
    59: 0
    60: 0
    61: 0
    62: 0
    63: 0
    64: 0
    65: 0
    66: 0
    67: 0
    68: 0
    69: 0
    70: 0
    71: 0
    72: 0
    73: 0
    74: 0
    75: 0
    76: 0
    77: 0
    78: 0
    79: 0
    80: 0
    81: 0
    82: 0
    83: 0
    84: 0
    85: 0
    86: 0
    87: 0
    88: 0
    89: 0
    90: 0
    91: 0
    92: 0
    93: 0
    94: 0
    95: 0
    96: 0
    97: 0
    98: 0
    99: 0
  mem-1: # Memory controller stats
   rd: 32502 # Read requests
   wr: 1472 # Write requests
   rdlat: 4396217 # Total latency experienced by read requests
   wrlat: 214596 # Total latency experienced by write requests
   rdhits: 41 # Read row hits
   wrhits: 1 # Write row hits
   mlh: # latency histogram for memory requests
    0: 0
    1: 0
    2: 0
    3: 0
    4: 0
    5: 0
    6: 0
    7: 0
    8: 0
    9: 0
    10: 0
    11: 11
    12: 10
    13: 30379
    14: 1124
    15: 159
    16: 84
    17: 46
    18: 58
    19: 50
    20: 33
    21: 47
    22: 46
    23: 48
    24: 69
    25: 30
    26: 7
    27: 16
    28: 8
    29: 25
    30: 15
    31: 24
    32: 19
    33: 21
    34: 17
    35: 16
    36: 24
    37: 17
    38: 18
    39: 17
    40: 14
    41: 15
    42: 19
    43: 3
    44: 3
    45: 0
    46: 5
    47: 5
    48: 0
    49: 0
    50: 0
    51: 0
    52: 0
    53: 0
    54: 0
    55: 0
    56: 0
    57: 0
    58: 0
    59: 0
    60: 0
    61: 0
    62: 0
    63: 0
    64: 0
    65: 0
    66: 0
    67: 0
    68: 0
    69: 0
    70: 0
    71: 0
    72: 0
    73: 0
    74: 0
    75: 0
    76: 0
    77: 0
    78: 0
    79: 0
    80: 0
    81: 0
    82: 0
    83: 0
    84: 0
    85: 0
    86: 0
    87: 0
    88: 0
    89: 0
    90: 0
    91: 0
    92: 0
    93: 0
    94: 0
    95: 0
    96: 0
    97: 0
    98: 0
    99: 0
  mem-2: # Memory controller stats
   rd: 32624 # Read requests
   wr: 1551 # Write requests
   rdlat: 4422017 # Total latency experienced by read requests
   wrlat: 226573 # Total latency experienced by write requests
   rdhits: 56 # Read row hits
   wrhits: 0 # Write row hits
   mlh: # latency histogram for memory requests
    0: 0
    1: 0
    2: 0
    3: 0
    4: 0
    5: 0
    6: 0
    7: 0
    8: 0
    9: 0
    10: 0
    11: 15
    12: 14
    13: 30418
    14: 1137
    15: 190
    16: 76
    17: 49
    18: 44
    19: 37
    20: 53
    21: 53
    22: 42
    23: 36
    24: 99
    25: 25
    26: 8
    27: 15
    28: 12
    29: 19
    30: 30
    31: 16
    32: 20
    33: 19
    34: 25
    35: 10
    36: 18
    37: 21
    38: 18
    39: 29
    40: 18
    41: 13
    42: 16
    43: 12
    44: 7
    45: 3
    46: 2
    47: 3
    48: 0
    49: 0
    50: 1
    51: 0
    52: 0
    53: 0
    54: 0
    55: 0
    56: 0
    57: 0
    58: 0
    59: 0
    60: 1
    61: 0
    62: 0
    63: 0
    64: 0
    65: 0
    66: 0
    67: 0
    68: 0
    69: 0
    70: 0
    71: 0
    72: 0
    73: 0
    74: 0
    75: 0
    76: 0
    77: 0
    78: 0
    79: 0
    80: 0
    81: 0
    82: 0
    83: 0
    84: 0
    85: 0
    86: 0
    87: 0
    88: 0
    89: 0
    90: 0
    91: 0
    92: 0
    93: 0
    94: 0
    95: 0
    96: 0
    97: 0
    98: 0
    99: 0
  mem-3: # Memory controller stats
   rd: 32629 # Read requests
   wr: 1575 # Write requests
   rdlat: 4421359 # Total latency experienced by read requests
   wrlat: 233282 # Total latency experienced by write requests
   rdhits: 42 # Read row hits
   wrhits: 1 # Write row hits
   mlh: # latency histogram for memory requests
    0: 0
    1: 0
    2: 0
    3: 0
    4: 0
    5: 0
    6: 0
    7: 0
    8: 0
    9: 0
    10: 0
    11: 8
    12: 6
    13: 30494
    14: 1104
    15: 185
    16: 84
    17: 46
    18: 45
    19: 47
    20: 42
    21: 45
    22: 40
    23: 38
    24: 81
    25: 19
    26: 8
    27: 15
    28: 11
    29: 24
    30: 20
    31: 15
    32: 25
    33: 25
    34: 28
    35: 14
    36: 19
    37: 17
    38: 17
    39: 20
    40: 11
    41: 21
    42: 23
    43: 10
    44: 5
    45: 6
    46: 1
    47: 8
    48: 2
    49: 0
    50: 0
    51: 0
    52: 0
    53: 0
    54: 0
    55: 0
    56: 0
    57: 0
    58: 0
    59: 0
    60: 0
    61: 0
    62: 0
    63: 0
    64: 0
    65: 0
    66: 0
    67: 0
    68: 0
    69: 0
    70: 0
    71: 0
    72: 0
    73: 0
    74: 0
    75: 0
    76: 0
    77: 0
    78: 0
    79: 0
    80: 0
    81: 0
    82: 0
    83: 0
    84: 0
    85: 0
    86: 0
    87: 0
    88: 0
    89: 0
    90: 0
    91: 0
    92: 0
    93: 0
    94: 0
    95: 0
    96: 0
    97: 0
    98: 0
    99: 0
 sched: # Scheduler stats
  thCr: 9 # Threads created
  thFn: 0 # Threads finished
  schedEvs: 15 # Schedule events
  waitEvs: 6 # Wait events
  handoffEvs: 0 # Handoff events
  sleepEvs: 0 # Sleep events
  idlePhases: 0 # Phases with no thread active
  idlePeriods: 0 # Periods with no thread active
  occHist: # Occupancy histogram
   0: 0
   1: 1
   2: 0
   3: 0
   4: 642
  rqSzHist: # Run queue size histogram
   0: 137
   1: 506
   2: 0
   3: 0
   4: 0
   5: 0
   6: 0
   7: 0
   8: 0
   9: 0
   10: 0
   11: 0
   12: 0
   13: 0
   14: 0
   15: 0
   16: 0
 procCycles: # Per-process unhalted core cycles
  0: 24427356
  1: 0
  2: 0
  3: 0
  4: 0
  5: 0
  6: 0
  7: 0
  8: 0
  9: 0
  10: 0
  11: 0
  12: 0
  13: 0
  14: 0
  15: 0
  16: 0
  17: 0
  18: 0
  19: 0
  20: 0
  21: 0
  22: 0
  23: 0
  24: 0
  25: 0
  26: 0
  27: 0
  28: 0
  29: 0
  30: 0
  31: 0
  32: 0
  33: 0
  34: 0
  35: 0
  36: 0
  37: 0
  38: 0
  39: 0
  40: 0
  41: 0
  42: 0
  43: 0
  44: 0
  45: 0
  46: 0
  47: 0
  48: 0
  49: 0
  50: 0
  51: 0
  52: 0
  53: 0
  54: 0
  55: 0
  56: 0
  57: 0
  58: 0
  59: 0
  60: 0
  61: 0
  62: 0
  63: 0
 procInstrs: # Per-process instructions
  0: 10373311
  1: 0
  2: 0
  3: 0
  4: 0
  5: 0
  6: 0
  7: 0
  8: 0
  9: 0
  10: 0
  11: 0
  12: 0
  13: 0
  14: 0
  15: 0
  16: 0
  17: 0
  18: 0
  19: 0
  20: 0
  21: 0
  22: 0
  23: 0
  24: 0
  25: 0
  26: 0
  27: 0
  28: 0
  29: 0
  30: 0
  31: 0
  32: 0
  33: 0
  34: 0
  35: 0
  36: 0
  37: 0
  38: 0
  39: 0
  40: 0
  41: 0
  42: 0
  43: 0
  44: 0
  45: 0
  46: 0
  47: 0
  48: 0
  49: 0
  50: 0
  51: 0
  52: 0
  53: 0
  54: 0
  55: 0
  56: 0
  57: 0
  58: 0
  59: 0
  60: 0
  61: 0
  62: 0
  63: 0
 heartbeats: # Per-process heartbeats
  0: 0
  1: 0
  2: 0
  3: 0
  4: 0
  5: 0
  6: 0
  7: 0
  8: 0
  9: 0
  10: 0
  11: 0
  12: 0
  13: 0
  14: 0
  15: 0
  16: 0
  17: 0
  18: 0
  19: 0
  20: 0
  21: 0
  22: 0
  23: 0
  24: 0
  25: 0
  26: 0
  27: 0
  28: 0
  29: 0
  30: 0
  31: 0
  32: 0
  33: 0
  34: 0
  35: 0
  36: 0
  37: 0
  38: 0
  39: 0
  40: 0
  41: 0
  42: 0
  43: 0
  44: 0
  45: 0
  46: 0
  47: 0
  48: 0
  49: 0
  50: 0
  51: 0
  52: 0
  53: 0
  54: 0
  55: 0
  56: 0
  57: 0
  58: 0
  59: 0
  60: 0
  61: 0
  62: 0
  63: 0
===
