[H] Starting zsim, built Sun Dec  3 11:56:52 CST 2023 (rev no git repo)
[H] Creating global segment, 1024 MBs
[H] Global segment shmid = 10879033
[H] Deadlock detection ON
[S 0] Started instance
[S 0] Started RR scheduler, quantum=10000 phases
[S 0] mem-0: domain 0, 4 ranks/ch 8 banks/rank, tech DDR3-1333-CL10, boundLat 90 rd / 40 wr
[S 0] mem-0: Address mapping rank:col:bank row 63:15 col 12:3 rank 14:13 bank 2:0
[S 0] mem-1: domain 0, 4 ranks/ch 8 banks/rank, tech DDR3-1333-CL10, boundLat 90 rd / 40 wr
[S 0] mem-1: Address mapping rank:col:bank row 63:15 col 12:3 rank 14:13 bank 2:0
[S 0] mem-2: domain 0, 4 ranks/ch 8 banks/rank, tech DDR3-1333-CL10, boundLat 90 rd / 40 wr
[S 0] mem-2: Address mapping rank:col:bank row 63:15 col 12:3 rank 14:13 bank 2:0
[S 0] mem-3: domain 0, 4 ranks/ch 8 banks/rank, tech DDR3-1333-CL10, boundLat 90 rd / 40 wr
[S 0] mem-3: Address mapping rank:col:bank row 63:15 col 12:3 rank 14:13 bank 2:0
[S 0] Hierarchy: [ l1i-0 l1d-0 ] -> l2-0
[S 0] Hierarchy: [ l1i-1 l1d-1 ] -> l2-1
[S 0] Hierarchy: [ l1i-2 l1d-2 ] -> l2-2
[S 0] Hierarchy: [ l1i-3 l1d-3 ] -> l2-3
[S 0] Hierarchy: [ l2-0 l2-1 l2-2 l2-3 ] -> l3-0b0..l3-0b3
[S 0] Initialized system
[S 0] HDF5 backend: Opening ./outputs/term_project/LFU/streamcluster_8c_simlarge/zsim.h5
[S 0] HDF5 backend: Created table, 7144 bytes/record, 147 records/write
[S 0] HDF5 backend: Opening ./outputs/term_project/LFU/streamcluster_8c_simlarge/zsim-ev.h5
[S 0] HDF5 backend: Created table, 7144 bytes/record, 19 records/write
[S 0] HDF5 backend: Opening ./outputs/term_project/LFU/streamcluster_8c_simlarge/zsim-cmp.h5
[S 0] HDF5 backend: Created table, 3160 bytes/record, 1 records/write
[S 0] Initialization complete
[H] Attached to global heap
[S 0] Started process, PID 31517
[S 0] procMask: 0x0
[S 0] [0] Adjusting clocks, domain 0, de-ffwd 0
[S 0] vDSO info initialized
[S 0] FF thread 0 starting
[S 0] Started scheduler watchdog thread
[S 0] Started contention simulation thread 0
[S 0] FF control Thread TID 31522
PARSEC Benchmark Suite Version 2.1
[HOOKS] PARSEC Hooks Version 1.2
[HOOKS] Entering ROI
[S 0] ROI_BEGIN, exiting fast-forward
[S 0] [0] Adjusting clocks, domain 0, de-ffwd 1
[S 0] Thread 0 starting
read 16384 points
[S 0] Thread 4 starting
[S 0] Thread 5 starting
[S 0] Thread 6 starting
[S 0] Thread 7 starting
[S 0] Thread 8 starting
[S 0] Thread 9 starting
[S 0] Thread 10 starting
[S 0] Thread 11 starting
[S 0] Detected possible stall due to fake leaves (1 current)
[S 0]  [0/0] futex (202) @ 0x4734d2
[S 0] Blacklisting from future fake leaves: [0] futex @ 0x4734d2 | arg0 0x7fffe2b6c9d0 arg1 0x0
[S 0] Detected possible stall due to fake leaves (1 current)
[S 0]  [0/6] futex (202) @ 0x4743f2
[S 0] Blacklisting from future fake leaves: [0] futex @ 0x4743f2 | arg0 0x7fffffffdb0c arg1 0x80
[S 0] WARN: waitUntilQueued for pid 0 tid 9 timed out
[S 0] WARN: waitUntilQueued for pid 0 tid 10 timed out
[S 0] WARN: waitUntilQueued for pid 0 tid 11 timed out
[S 0] WARN: waitUntilQueued for pid 0 tid 5 timed out
[S 0] WARN: waitUntilQueued for pid 0 tid 6 timed out
[S 0] WARN: waitUntilQueued for pid 0 tid 11 timed out
[S 0] WARN: waitUntilQueued for pid 0 tid 9 timed out
[H] WARN: Stalled for 20 secs so far
[S 0] WARN: waitUntilQueued for pid 0 tid 4 timed out
[S 0] WARN: waitUntilQueued for pid 0 tid 7 timed out
[S 0] WARN: waitUntilQueued for pid 0 tid 10 timed out
[S 0] WARN: waitUntilQueued for pid 0 tid 8 timed out
[S 0] WARN: waitUntilQueued for pid 0 tid 11 timed out
[S 0] WARN: waitUntilQueued for pid 0 tid 9 timed out
[S 0] WARN: waitUntilQueued for pid 0 tid 10 timed out
[S 0] WARN: waitUntilQueued for pid 0 tid 6 timed out
[S 0] WARN: waitUntilQueued for pid 0 tid 9 timed out
[S 0] WARN: waitUntilQueued for pid 0 tid 8 timed out
[S 0] Detected possible stall due to fake leaves (1 current)
[S 0]  [0/8] futex (202) @ 0x474c6a
[S 0] Blacklisting from future fake leaves: [0] futex @ 0x474c6a | arg0 0x7fffffffdae0 arg1 0x80
[S 0] WARN: waitUntilQueued for pid 0 tid 7 timed out
[S 0] WARN: waitUntilQueued for pid 0 tid 6 timed out
[S 0] WARN: waitUntilQueued for pid 0 tid 5 timed out
[S 0] WARN: waitUntilQueued for pid 0 tid 11 timed out
[S 0] WARN: waitUntilQueued for pid 0 tid 8 timed out
[S 0] WARN: waitUntilQueued for pid 0 tid 7 timed out
[S 0] WARN: waitUntilQueued for pid 0 tid 11 timed out
[S 0] WARN: waitUntilQueued for pid 0 tid 7 timed out
[S 0] WARN: waitUntilQueued for pid 0 tid 11 timed out
[S 0] WARN: waitUntilQueued for pid 0 tid 5 timed out
[S 0] WARN: waitUntilQueued for pid 0 tid 8 timed out
[S 0] WARN: waitUntilQueued for pid 0 tid 10 timed out
[S 0] WARN: waitUntilQueued for pid 0 tid 4 timed out
[S 0] WARN: waitUntilQueued for pid 0 tid 9 timed out
[S 0] WARN: waitUntilQueued for pid 0 tid 6 timed out
[S 0] WARN: waitUntilQueued for pid 0 tid 4 timed out
[S 0] WARN: waitUntilQueued for pid 0 tid 5 timed out
[S 0] WARN: waitUntilQueued for pid 0 tid 10 timed out
[S 0] WARN: waitUntilQueued for pid 0 tid 11 timed out
[S 0] WARN: waitUntilQueued for pid 0 tid 9 timed out
[S 0] WARN: waitUntilQueued for pid 0 tid 8 timed out
[S 0] WARN: waitUntilQueued for pid 0 tid 11 timed out
[S 0] WARN: waitUntilQueued for pid 0 tid 7 timed out
[S 0] WARN: waitUntilQueued for pid 0 tid 6 timed out
[S 0] WARN: waitUntilQueued for pid 0 tid 10 timed out
[S 0] WARN: waitUntilQueued for pid 0 tid 5 timed out
[S 0] WARN: waitUntilQueued for pid 0 tid 4 timed out
[H] WARN: Stalled for 20 secs so far
[S 0] WARN: waitUntilQueued for pid 0 tid 9 timed out
[S 0] WARN: waitUntilQueued for pid 0 tid 10 timed out
[H] WARN: Stalled for 30 secs so far
[S 0] WARN: waitUntilQueued for pid 0 tid 5 timed out
[S 0] WARN: waitUntilQueued for pid 0 tid 9 timed out
[S 0] WARN: waitUntilQueued for pid 0 tid 5 timed out
[S 0] WARN: waitUntilQueued for pid 0 tid 9 timed out
[S 0] WARN: waitUntilQueued for pid 0 tid 8 timed out
[S 0] WARN: waitUntilQueued for pid 0 tid 11 timed out
[S 0] WARN: waitUntilQueued for pid 0 tid 8 timed out
[S 0] WARN: waitUntilQueued for pid 0 tid 5 timed out
[S 0] WARN: waitUntilQueued for pid 0 tid 10 timed out
[S 0] WARN: waitUntilQueued for pid 0 tid 4 timed out
[S 0] WARN: Futex wake matching failed (0/1) (external/ff waiters?)
[S 0] WARN: External futex wakes? (0/0)
[S 0] WARN: waitUntilQueued for pid 0 tid 9 timed out
[S 0] WARN: waitUntilQueued for pid 0 tid 6 timed out
[S 0] WARN: waitUntilQueued for pid 0 tid 11 timed out
[S 0] WARN: waitUntilQueued for pid 0 tid 7 timed out
[S 0] WARN: waitUntilQueued for pid 0 tid 10 timed out
[S 0] WARN: waitUntilQueued for pid 0 tid 4 timed out
[S 0] WARN: waitUntilQueued for pid 0 tid 5 timed out
[S 0] WARN: waitUntilQueued for pid 0 tid 8 timed out
[S 0] WARN: waitUntilQueued for pid 0 tid 9 timed out
[H] WARN: Stalled for 20 secs so far
[S 0] WARN: waitUntilQueued for pid 0 tid 6 timed out
[S 0] WARN: waitUntilQueued for pid 0 tid 9 timed out
[S 0] WARN: waitUntilQueued for pid 0 tid 10 timed out
[S 0] WARN: waitUntilQueued for pid 0 tid 4 timed out
[S 0] WARN: Futex wake matching failed (1/1) (external/ff waiters?)
[S 0] WARN: waitUntilQueued for pid 0 tid 8 timed out
[S 0] WARN: waitUntilQueued for pid 0 tid 11 timed out
[S 0] WARN: waitUntilQueued for pid 0 tid 10 timed out
[S 0] WARN: waitUntilQueued for pid 0 tid 7 timed out
[S 0] WARN: waitUntilQueued for pid 0 tid 6 timed out
[S 0] WARN: waitUntilQueued for pid 0 tid 9 timed out
[S 0] WARN: waitUntilQueued for pid 0 tid 7 timed out
[S 0] WARN: waitUntilQueued for pid 0 tid 10 timed out
[S 0] WARN: waitUntilQueued for pid 0 tid 8 timed out
[S 0] WARN: waitUntilQueued for pid 0 tid 4 timed out
[H] WARN: Stalled for 20 secs so far
[S 0] WARN: waitUntilQueued for pid 0 tid 6 timed out
[S 0] WARN: waitUntilQueued for pid 0 tid 11 timed out
[S 0] WARN: waitUntilQueued for pid 0 tid 4 timed out
[S 0] WARN: waitUntilQueued for pid 0 tid 5 timed out
[S 0] WARN: waitUntilQueued for pid 0 tid 10 timed out
[S 0] WARN: waitUntilQueued for pid 0 tid 7 timed out
[S 0] WARN: waitUntilQueued for pid 0 tid 11 timed out
[H] WARN: Stalled for 20 secs so far
[S 0] WARN: waitUntilQueued for pid 0 tid 6 timed out
[S 0] WARN: waitUntilQueued for pid 0 tid 8 timed out
[S 0] WARN: waitUntilQueued for pid 0 tid 6 timed out
[S 0] WARN: waitUntilQueued for pid 0 tid 9 timed out
[S 0] WARN: waitUntilQueued for pid 0 tid 7 timed out
[S 0] WARN: waitUntilQueued for pid 0 tid 4 timed out
[S 0] WARN: Futex wake matching failed (1/1) (external/ff waiters?)
[S 0] WARN: waitUntilQueued for pid 0 tid 8 timed out
[H] WARN: Stalled for 20 secs so far
[S 0] WARN: waitUntilQueued for pid 0 tid 5 timed out
[S 0] WARN: waitUntilQueued for pid 0 tid 11 timed out
[S 0] WARN: waitUntilQueued for pid 0 tid 5 timed out
[S 0] WARN: waitUntilQueued for pid 0 tid 10 timed out
[S 0] WARN: waitUntilQueued for pid 0 tid 4 timed out
[S 0] WARN: waitUntilQueued for pid 0 tid 6 timed out
[S 0] WARN: waitUntilQueued for pid 0 tid 8 timed out
[S 0] WARN: waitUntilQueued for pid 0 tid 11 timed out
[S 0] WARN: waitUntilQueued for pid 0 tid 7 timed out
[S 0] WARN: waitUntilQueued for pid 0 tid 9 timed out
[S 0] WARN: waitUntilQueued for pid 0 tid 5 timed out
[S 0] WARN: waitUntilQueued for pid 0 tid 8 timed out
[S 0] WARN: waitUntilQueued for pid 0 tid 6 timed out
[S 0] WARN: waitUntilQueued for pid 0 tid 4 timed out
[S 0] WARN: waitUntilQueued for pid 0 tid 11 timed out
[S 0] WARN: waitUntilQueued for pid 0 tid 10 timed out
[S 0] WARN: waitUntilQueued for pid 0 tid 9 timed out
[S 0] WARN: waitUntilQueued for pid 0 tid 11 timed out
[S 0] WARN: waitUntilQueued for pid 0 tid 9 timed out
[S 0] WARN: waitUntilQueued for pid 0 tid 6 timed out
[S 0] WARN: waitUntilQueued for pid 0 tid 10 timed out
[S 0] WARN: waitUntilQueued for pid 0 tid 5 timed out
[S 0] WARN: waitUntilQueued for pid 0 tid 7 timed out
[S 0] WARN: Futex wake matching failed (1/1) (external/ff waiters?)
[S 0] WARN: waitUntilQueued for pid 0 tid 8 timed out
[S 0] WARN: waitUntilQueued for pid 0 tid 11 timed out
[S 0] WARN: waitUntilQueued for pid 0 tid 9 timed out
[S 0] WARN: waitUntilQueued for pid 0 tid 6 timed out
[S 0] WARN: waitUntilQueued for pid 0 tid 8 timed out
[S 0] WARN: waitUntilQueued for pid 0 tid 10 timed out
[S 0] WARN: waitUntilQueued for pid 0 tid 4 timed out
[S 0] WARN: waitUntilQueued for pid 0 tid 6 timed out
[S 0] WARN: waitUntilQueued for pid 0 tid 11 timed out
[H] WARN: Stalled for 20 secs so far
[S 0] WARN: waitUntilQueued for pid 0 tid 5 timed out
[S 0] WARN: waitUntilQueued for pid 0 tid 9 timed out
[S 0] WARN: waitUntilQueued for pid 0 tid 8 timed out
[H] WARN: Stalled for 30 secs so far
[S 0] WARN: waitUntilQueued for pid 0 tid 7 timed out
[S 0] WARN: waitUntilQueued for pid 0 tid 6 timed out
[H] WARN: Stalled for 40 secs so far
[S 0] WARN: waitUntilQueued for pid 0 tid 5 timed out
[S 0] WARN: waitUntilQueued for pid 0 tid 6 timed out
[S 0] WARN: waitUntilQueued for pid 0 tid 7 timed out
[S 0] WARN: waitUntilQueued for pid 0 tid 8 timed out
[S 0] WARN: waitUntilQueued for pid 0 tid 9 timed out
[S 0] WARN: waitUntilQueued for pid 0 tid 5 timed out
[S 0] WARN: waitUntilQueued for pid 0 tid 11 timed out
[S 0] WARN: waitUntilQueued for pid 0 tid 7 timed out
[S 0] WARN: waitUntilQueued for pid 0 tid 9 timed out
[S 0] WARN: waitUntilQueued for pid 0 tid 4 timed out
[S 0] WARN: waitUntilQueued for pid 0 tid 11 timed out
[S 0] WARN: waitUntilQueued for pid 0 tid 7 timed out
[S 0] WARN: waitUntilQueued for pid 0 tid 5 timed out
[S 0] WARN: waitUntilQueued for pid 0 tid 6 timed out
[H] WARN: Stalled for 20 secs so far
[S 0] WARN: waitUntilQueued for pid 0 tid 10 timed out
[S 0] WARN: Futex wake matching failed (1/1) (external/ff waiters?)
[S 0] WARN: waitUntilQueued for pid 0 tid 6 timed out
[H] WARN: Stalled for 30 secs so far
[S 0] WARN: waitUntilQueued for pid 0 tid 8 timed out
[S 0] WARN: waitUntilQueued for pid 0 tid 7 timed out
[H] WARN: Stalled for 40 secs so far
[S 0] WARN: waitUntilQueued for pid 0 tid 5 timed out
[S 0] WARN: waitUntilQueued for pid 0 tid 8 timed out
[S 0] WARN: waitUntilQueued for pid 0 tid 5 timed out
[S 0] WARN: waitUntilQueued for pid 0 tid 7 timed out
[S 0] WARN: waitUntilQueued for pid 0 tid 4 timed out
[S 0] WARN: waitUntilQueued for pid 0 tid 6 timed out
[S 0] WARN: waitUntilQueued for pid 0 tid 9 timed out
[S 0] WARN: Futex wake matching failed (1/1) (external/ff waiters?)
[S 0] WARN: waitUntilQueued for pid 0 tid 6 timed out
[S 0] WARN: waitUntilQueued for pid 0 tid 10 timed out
[S 0] WARN: waitUntilQueued for pid 0 tid 11 timed out
[S 0] WARN: waitUntilQueued for pid 0 tid 7 timed out
[S 0] WARN: waitUntilQueued for pid 0 tid 8 timed out
[S 0] WARN: waitUntilQueued for pid 0 tid 4 timed out
[S 0] WARN: Futex wake matching failed (1/1) (external/ff waiters?)
[S 0] WARN: waitUntilQueued for pid 0 tid 9 timed out
[H] WARN: Stalled for 20 secs so far
[S 0] WARN: waitUntilQueued for pid 0 tid 5 timed out
[S 0] WARN: waitUntilQueued for pid 0 tid 10 timed out
[S 0] WARN: waitUntilQueued for pid 0 tid 11 timed out
[S 0] WARN: Futex wake matching failed (1/1) (external/ff waiters?)
[S 0] WARN: waitUntilQueued for pid 0 tid 10 timed out
[S 0] WARN: waitUntilQueued for pid 0 tid 6 timed out
[S 0] WARN: waitUntilQueued for pid 0 tid 4 timed out
[S 0] WARN: Futex wake matching failed (0/1) (external/ff waiters?)
[S 0] WARN: waitUntilQueued for pid 0 tid 8 timed out
[S 0] WARN: External futex wakes? (0/0)
[H] WARN: Stalled for 20 secs so far
[S 0] WARN: waitUntilQueued for pid 0 tid 7 timed out
[S 0] WARN: waitUntilQueued for pid 0 tid 11 timed out
[S 0] WARN: waitUntilQueued for pid 0 tid 9 timed out
[S 0] WARN: waitUntilQueued for pid 0 tid 11 timed out
[S 0] WARN: waitUntilQueued for pid 0 tid 5 timed out
[S 0] WARN: waitUntilQueued for pid 0 tid 8 timed out
[S 0] WARN: waitUntilQueued for pid 0 tid 10 timed out
[S 0] WARN: Futex wake matching failed (1/1) (external/ff waiters?)
[H] WARN: Stalled for 20 secs so far
[S 0] WARN: waitUntilQueued for pid 0 tid 9 timed out
[S 0] WARN: waitUntilQueued for pid 0 tid 4 timed out
[S 0] WARN: waitUntilQueued for pid 0 tid 7 timed out
[S 0] WARN: waitUntilQueued for pid 0 tid 4 timed out
[S 0] WARN: waitUntilQueued for pid 0 tid 6 timed out
[S 0] WARN: waitUntilQueued for pid 0 tid 10 timed out
[S 0] WARN: waitUntilQueued for pid 0 tid 9 timed out
[S 0] WARN: waitUntilQueued for pid 0 tid 5 timed out
[S 0] WARN: waitUntilQueued for pid 0 tid 11 timed out
[S 0] WARN: waitUntilQueued for pid 0 tid 7 timed out
[S 0] WARN: waitUntilQueued for pid 0 tid 8 timed out
[S 0] WARN: waitUntilQueued for pid 0 tid 6 timed out
[S 0] WARN: waitUntilQueued for pid 0 tid 5 timed out
[S 0] WARN: waitUntilQueued for pid 0 tid 10 timed out
[S 0] WARN: waitUntilQueued for pid 0 tid 6 timed out
[S 0] WARN: waitUntilQueued for pid 0 tid 5 timed out
[S 0] WARN: waitUntilQueued for pid 0 tid 11 timed out
[S 0] WARN: waitUntilQueued for pid 0 tid 5 timed out
[S 0] WARN: waitUntilQueued for pid 0 tid 8 timed out
[S 0] WARN: waitUntilQueued for pid 0 tid 7 timed out
[S 0] WARN: waitUntilQueued for pid 0 tid 6 timed out
[S 0] WARN: waitUntilQueued for pid 0 tid 10 timed out
[S 0] WARN: waitUntilQueued for pid 0 tid 4 timed out
[S 0] WARN: waitUntilQueued for pid 0 tid 5 timed out
[S 0] WARN: waitUntilQueued for pid 0 tid 9 timed out
[S 0] WARN: waitUntilQueued for pid 0 tid 8 timed out
[S 0] WARN: waitUntilQueued for pid 0 tid 5 timed out
[S 0] WARN: waitUntilQueued for pid 0 tid 6 timed out
[S 0] WARN: waitUntilQueued for pid 0 tid 8 timed out
[S 0] WARN: waitUntilQueued for pid 0 tid 10 timed out
[S 0] WARN: waitUntilQueued for pid 0 tid 9 timed out
[S 0] WARN: waitUntilQueued for pid 0 tid 7 timed out
[S 0] WARN: waitUntilQueued for pid 0 tid 11 timed out
[S 0] WARN: waitUntilQueued for pid 0 tid 5 timed out
[S 0] WARN: waitUntilQueued for pid 0 tid 4 timed out
[S 0] WARN: waitUntilQueued for pid 0 tid 9 timed out
[S 0] WARN: waitUntilQueued for pid 0 tid 8 timed out
[H] WARN: Stalled for 20 secs so far
[S 0] WARN: waitUntilQueued for pid 0 tid 10 timed out
[S 0] WARN: waitUntilQueued for pid 0 tid 6 timed out
[S 0] WARN: waitUntilQueued for pid 0 tid 10 timed out
[S 0] WARN: waitUntilQueued for pid 0 tid 6 timed out
[S 0] WARN: waitUntilQueued for pid 0 tid 7 timed out
[S 0] WARN: waitUntilQueued for pid 0 tid 11 timed out
[S 0] WARN: waitUntilQueued for pid 0 tid 4 timed out
[S 0] WARN: waitUntilQueued for pid 0 tid 10 timed out
[S 0] WARN: waitUntilQueued for pid 0 tid 6 timed out
[S 0] WARN: Futex wake matching failed (1/1) (external/ff waiters?)
[S 0] WARN: waitUntilQueued for pid 0 tid 8 timed out
[S 0] WARN: waitUntilQueued for pid 0 tid 7 timed out
[S 0] WARN: waitUntilQueued for pid 0 tid 5 timed out
[S 0] WARN: waitUntilQueued for pid 0 tid 8 timed out
[S 0] WARN: waitUntilQueued for pid 0 tid 9 timed out
[S 0] WARN: waitUntilQueued for pid 0 tid 11 timed out
[S 0] WARN: waitUntilQueued for pid 0 tid 7 timed out
[H] WARN: Stalled for 20 secs so far
[S 0] WARN: waitUntilQueued for pid 0 tid 6 timed out
[S 0] WARN: waitUntilQueued for pid 0 tid 4 timed out
[S 0] WARN: waitUntilQueued for pid 0 tid 10 timed out
[H] WARN: Stalled for 30 secs so far
[S 0] WARN: waitUntilQueued for pid 0 tid 11 timed out
[S 0] WARN: waitUntilQueued for pid 0 tid 7 timed out
[S 0] WARN: waitUntilQueued for pid 0 tid 10 timed out
[S 0] WARN: waitUntilQueued for pid 0 tid 5 timed out
[S 0] WARN: waitUntilQueued for pid 0 tid 4 timed out
[S 0] WARN: waitUntilQueued for pid 0 tid 8 timed out
[S 0] WARN: waitUntilQueued for pid 0 tid 7 timed out
[S 0] WARN: Futex wake matching failed (1/1) (external/ff waiters?)
[S 0] WARN: waitUntilQueued for pid 0 tid 11 timed out
[S 0] WARN: waitUntilQueued for pid 0 tid 9 timed out
[S 0] WARN: waitUntilQueued for pid 0 tid 10 timed out
[S 0] WARN: waitUntilQueued for pid 0 tid 6 timed out
[S 0] WARN: waitUntilQueued for pid 0 tid 9 timed out
[S 0] WARN: waitUntilQueued for pid 0 tid 4 timed out
[S 0] WARN: waitUntilQueued for pid 0 tid 5 timed out
[S 0] WARN: waitUntilQueued for pid 0 tid 7 timed out
[S 0] WARN: waitUntilQueued for pid 0 tid 9 timed out
[H] WARN: Stalled for 20 secs so far
[S 0] WARN: waitUntilQueued for pid 0 tid 4 timed out
[S 0] WARN: waitUntilQueued for pid 0 tid 8 timed out
[H] WARN: Stalled for 30 secs so far
[S 0] WARN: waitUntilQueued for pid 0 tid 10 timed out
[S 0] WARN: Futex wake matching failed (0/1) (external/ff waiters?)
[S 0] Failed assertion on build/opt/scheduler.cpp:346 'unmatchedFutexWakeups <= maxAllowedFutexWakeups' (with '1 <= 0')
[S 0] [10] Internal exception detected:
[S 0] [10]  Code: 1
[S 0] [10]  Address: 0x7ffff647a17a
[S 0] [10]  Description: Exception Code: ACCESS_INVALID_ADDRESS. Exception Address = 0x7ffff647a17a. Access Type: UNKNOWN. Access Address = 0x000000000
[S 0] [10]  Caused by invalid access to address 0x0
[S 0] [10] Backtrace (10/40 max frames)
[S 0] [10]  /usr/include/c++/4.8.2/bits/basic_string.h:293 / std::basic_string<char, std::char_traits<char>, StlGlobAlloc<char> >::_M_data() const
[S 0] [10]  _PINCLIENT::COMPLEX_CALLBACKVAL<LEVEL_VM::EXCEPT_HANDLING_RESULT (*)(unsigned int, LEVEL_BASE::EXCEPTION_INFO*, LEVEL_VM::PHYSICAL_CONTEXT*, void*)>*, std::allocator<LEVEL_PINCLIENT::COMPLEX_CALLBACKVAL<LEVEL_VM::EXCEPT_HANDLING_RESULT (*)(unsigned int, LEVEL_BASE::EXCEPTION_INFO*, LEVEL_VM::PHYSICAL_CONTEXT*, void*)>*> > >, __gnu_cxx::__normal_iterator<LEVEL_PINCLIENT::COMPLEX_CALLBACKVAL<LEVEL_VM::EXCEPT_HANDLING_RESULT (*)(unsigned int, LEVEL_BASE::EXCEPTION_INFO*, LEVEL_VM::PHYSICAL_CONTEXT*, void*)>**, std::vector<LEVEL_PINCLIENT::COMPLEX_CALLBACKVAL<LEVEL_VM::EXCEPT_HANDLING_RESULT (*)(unsigned int, LEVEL_BASE::EXCEPTION_INFO*, LEVEL_VM::PHYSICAL_CONTEXT*, void*)>*, std::allocator<LEVEL_PINCLIENT::COMPLEX_CALLBACKVAL<LEVEL_VM::EXCEPT_HANDLING_RESULT (*)(unsigned int, LEVEL_BASE::EXCEPTION_INFO*, LEVEL_VM::PHYSICAL_CONTEXT*, void*)>*> > >, LEVEL_PINCLIENT::COMPLEX_CALLBACKVAL<LEVEL_VM::EXCEPT_HANDLING_RESULT (*)(unsigned int, LEVEL_BASE::EXCEPTION_INFO*, LEVEL_VM::PHYSICAL_CONTEXT*, void*)>**, bool (*) / void std::__merge_sort_with_buffer<__gnu_cxx::__normal_iterator<LEVEL_PINCLIENT::COMPLEX_CALLBACKVAL<LEVEL_VM::EXCEPT_HANDLING_RESULT (*)(unsigned int, LEVEL_BASE::EXCEPTION_INFO*, LEVEL_VM::PHYSICAL_CONTEXT*, void*)>**, std::vector<LEVEL_PINCLIENT::COMPLEX_CALLBACKVAL<LEVEL_VM::EXCEPT_HANDLING_RESULT (*)(unsigned int, LEVEL_BASE::EXCEPTION_INFO*, LEVEL_VM::PHYSICAL_CONTEXT*, void*)>*, std::allocator<LEVEL_PINCLIENT::COMPLEX_CALLBACKVAL<LEVEL_VM::EXCEPT_HANDLING_RESULT (*)(unsigned int, LEVEL_BASE::EXCEPTION_INFO*, LEVEL_VM::PHYSICAL_CONTEXT*, void*)>*> > >, LEVEL_PINCLIENT::COMPLEX_CALLBACKVAL<LEVEL_VM::EXCEPT_HANDLING_RESULT (*)(unsigned int, LEVEL_BASE::EXCEPTION_INFO*, LEVEL_VM::PHYSICAL_CONTEXT*, void*)>**, bool (*)(LEVEL_PINCLIENT::COMPLEX_CALLBACKVAL_BASE*, LEVEL_PINCLIENT::COMPLEX_CALLBACKVAL_BASE*)>(__gnu_cxx::__normal_iterator<LEVEL_PINCLIENT::COMPLEX_CALLBACKVAL<LEVEL_VM::EXCEPT_HANDLING_RESULT (*)(unsigned int, LEVEL_BASE::EXCEPTION_INFO*, LEVEL_VM::PHYSICAL_CONTEXT*, void*)>**, std::vector<LEVE
[S 0] [10]  /home/grads/s/sknc/casim-csce614/tools/pin-2.14-71313-gcc.4.4.7-linux/intel64/bin/pinbin(_ZN8LEVEL_VM12SIGNALS_IMPL19InternalHandlerSyncEiPN7BARECRT8SIGXINFOEPN5PINVM11ISIGCONTEXTEPPKNS_14SCT_ATTRIBUTESEPNS_5PCTXTEPj+0x444) [0x3043a9454]
[S 0] [10]  /home/grads/s/sknc/casim-csce614/tools/pin-2.14-71313-gcc.4.4.7-linux/intel64/bin/pinbin(_ZN8LEVEL_VM12SIGNALS_IMPL20HandlePhysicalSignalEPN7BARECRT8SIGXINFOEPN5PINVM11ISIGCONTEXTE+0x124) [0x3043aa1f4]
[S 0] [10]  /home/grads/s/sknc/casim-csce614/tools/pin-2.14-71313-gcc.4.4.7-linux/intel64/bin/pinbin(_ZN5PINVM28SIGNAL_DETAILS_LINUX_INTEL6415InternalHandlerEiPN7BARECRT8SIGXINFOEPv+0xe8) [0x304438c88]
[S 0] [10]  /home/grads/s/sknc/casim-csce614/tools/pin-2.14-71313-gcc.4.4.7-linux/intel64/bin/pinbin(BARECRT_SigReturnRt+0) [0x30446603c]
[S 0] [10]  /usr/include/c++/4.8.2/bits/stl_vector.h:87 / _Vector_impl
[S 0] [10]  /usr/include/c++/4.8.2/tuple:1090 / pair<long unsigned int const&, 0ul>
[S 0] [10]  /usr/include/c++/4.8.2/bits/basic_string.h:240 / std::basic_string<char, std::char_traits<char>, StlGlobAlloc<char> >::_Rep::_M_dispose(StlGlobAlloc<char> const&)
[S 0] [10]  [0x7fffe3bf43e9]
C: Tool (or Pin) caused signal 11 at PC 0x7ffff647a17a
[H] WARN: Stalled for 40 secs so far
[H] Child 31517 done
[H] Panic on build/opt/zsim_harness.cpp:123: Child 31517 (idx 0) exit was anomalous, killing simulation
