# zsim stats
===
root: # Stats
 contention: # Contention simulation stats
  domain-0: # Domain stats
   time: 528113085 # Weave simulation time
 time: # Simulator time breakdown
  init: 2212297006
  bound: 62333454047
  weave: 1674925918
  ff: 0
 trigger: 20000 # Reason for this stats dump
 phase: 80013 # Simulated phases
 westmere: # Core stats
  westmere-0: # Core stats
   cycles: 800130023 # Simulated unhalted cycles
   cCycles: 10550334 # Cycles due to contention stalls
   instrs: 1000009248 # Simulated instructions
   uops: 1104305071 # Retired micro-ops
   bbls: 227953605 # Basic blocks
   approxInstrs: 1743642 # Instrs with approx uop decoding
   mispredBranches: 19370976 # Mispredicted branches
   condBranches: 192176536 # conditional branches
 l1i: # Cache stats
  l1i-0: # Filter cache stats
   fhGETS: 288077276 # Filtered GETS hits
   fhGETX: 0 # Filtered GETX hits
   hGETS: 43237869 # GETS hits
   hGETX: 0 # GETX hits
   mGETS: 293553 # GETS misses
   mGETXIM: 0 # GETX I->M misses
   mGETXSM: 0 # GETX S->M misses (upgrade misses)
   PUTS: 0 # Clean evictions (from lower level)
   PUTX: 0 # Dirty evictions (from lower level)
   INV: 0 # Invalidates (from upper level)
   INVX: 0 # Downgrades (from upper level)
   FWD: 0 # Forwards (from upper level)
   latGETnl: 2605064 # GET request latency on next level
   latGETnet: 0 # GET request latency on network to next level
 l1d: # Cache stats
  l1d-0: # Filter cache stats
   fhGETS: 213421568 # Filtered GETS hits
   fhGETX: 82249350 # Filtered GETX hits
   hGETS: 26742573 # GETS hits
   hGETX: 12329949 # GETX hits
   mGETS: 887763 # GETS misses
   mGETXIM: 410494 # GETX I->M misses
   mGETXSM: 0 # GETX S->M misses (upgrade misses)
   PUTS: 0 # Clean evictions (from lower level)
   PUTX: 0 # Dirty evictions (from lower level)
   INV: 1 # Invalidates (from upper level)
   INVX: 0 # Downgrades (from upper level)
   FWD: 0 # Forwards (from upper level)
   latGETnl: 46523276 # GET request latency on next level
   latGETnet: 0 # GET request latency on network to next level
 l2: # Cache stats
  l2-0: # Cache stats
   hGETS: 826091 # GETS hits
   hGETX: 371545 # GETX hits
   mGETS: 355225 # GETS misses
   mGETXIM: 38949 # GETX I->M misses
   mGETXSM: 0 # GETX S->M misses (upgrade misses)
   PUTS: 879256 # Clean evictions (from lower level)
   PUTX: 711529 # Dirty evictions (from lower level)
   INV: 0 # Invalidates (from upper level)
   INVX: 0 # Downgrades (from upper level)
   FWD: 0 # Forwards (from upper level)
   latGETnl: 36393860 # GET request latency on next level
   latGETnet: 0 # GET request latency on network to next level
 l3: # Cache stats
  l3-0: # Cache stats
   hGETS: 60427 # GETS hits
   hGETX: 16965 # GETX hits
   mGETS: 294798 # GETS misses
   mGETXIM: 21984 # GETX I->M misses
   mGETXSM: 0 # GETX S->M misses (upgrade misses)
   PUTS: 107141 # Clean evictions (from lower level)
   PUTX: 282937 # Dirty evictions (from lower level)
   INV: 0 # Invalidates (from upper level)
   INVX: 0 # Downgrades (from upper level)
   FWD: 0 # Forwards (from upper level)
   latGETnl: 28510380 # GET request latency on next level
   latGETnet: 0 # GET request latency on network to next level
 mem: # Memory controller stats
  mem-0: # Memory controller stats
   rd: 78805 # Read requests
   wr: 57750 # Write requests
   rdlat: 10551059 # Total latency experienced by read requests
   wrlat: 8157930 # Total latency experienced by write requests
   rdhits: 8 # Read row hits
   wrhits: 11 # Write row hits
   mlh: # latency histogram for memory requests
    0: 0
    1: 0
    2: 0
    3: 0
    4: 0
    5: 0
    6: 0
    7: 0
    8: 0
    9: 0
    10: 0
    11: 0
    12: 0
    13: 77444
    14: 98
    15: 110
    16: 61
    17: 35
    18: 24
    19: 38
    20: 31
    21: 27
    22: 40
    23: 60
    24: 74
    25: 44
    26: 39
    27: 29
    28: 38
    29: 40
    30: 37
    31: 58
    32: 38
    33: 35
    34: 54
    35: 48
    36: 45
    37: 41
    38: 42
    39: 39
    40: 37
    41: 40
    42: 40
    43: 14
    44: 1
    45: 0
    46: 3
    47: 1
    48: 0
    49: 0
    50: 0
    51: 0
    52: 0
    53: 0
    54: 0
    55: 0
    56: 0
    57: 0
    58: 0
    59: 0
    60: 0
    61: 0
    62: 0
    63: 0
    64: 0
    65: 0
    66: 0
    67: 0
    68: 0
    69: 0
    70: 0
    71: 0
    72: 0
    73: 0
    74: 0
    75: 0
    76: 0
    77: 0
    78: 0
    79: 0
    80: 0
    81: 0
    82: 0
    83: 0
    84: 0
    85: 0
    86: 0
    87: 0
    88: 0
    89: 0
    90: 0
    91: 0
    92: 0
    93: 0
    94: 0
    95: 0
    96: 0
    97: 0
    98: 0
    99: 0
  mem-1: # Memory controller stats
   rd: 78763 # Read requests
   wr: 57606 # Write requests
   rdlat: 10553509 # Total latency experienced by read requests
   wrlat: 8138600 # Total latency experienced by write requests
   rdhits: 8 # Read row hits
   wrhits: 11 # Write row hits
   mlh: # latency histogram for memory requests
    0: 0
    1: 0
    2: 0
    3: 0
    4: 0
    5: 0
    6: 0
    7: 0
    8: 0
    9: 0
    10: 0
    11: 0
    12: 0
    13: 77366
    14: 84
    15: 109
    16: 61
    17: 29
    18: 48
    19: 43
    20: 37
    21: 26
    22: 39
    23: 43
    24: 81
    25: 41
    26: 45
    27: 53
    28: 32
    29: 36
    30: 25
    31: 61
    32: 43
    33: 49
    34: 43
    35: 32
    36: 39
    37: 50
    38: 45
    39: 47
    40: 59
    41: 31
    42: 44
    43: 10
    44: 0
    45: 2
    46: 2
    47: 7
    48: 1
    49: 0
    50: 0
    51: 0
    52: 0
    53: 0
    54: 0
    55: 0
    56: 0
    57: 0
    58: 0
    59: 0
    60: 0
    61: 0
    62: 0
    63: 0
    64: 0
    65: 0
    66: 0
    67: 0
    68: 0
    69: 0
    70: 0
    71: 0
    72: 0
    73: 0
    74: 0
    75: 0
    76: 0
    77: 0
    78: 0
    79: 0
    80: 0
    81: 0
    82: 0
    83: 0
    84: 0
    85: 0
    86: 0
    87: 0
    88: 0
    89: 0
    90: 0
    91: 0
    92: 0
    93: 0
    94: 0
    95: 0
    96: 0
    97: 0
    98: 0
    99: 0
  mem-2: # Memory controller stats
   rd: 79543 # Read requests
   wr: 58220 # Write requests
   rdlat: 10659445 # Total latency experienced by read requests
   wrlat: 8234106 # Total latency experienced by write requests
   rdhits: 9 # Read row hits
   wrhits: 14 # Write row hits
   mlh: # latency histogram for memory requests
    0: 0
    1: 0
    2: 0
    3: 0
    4: 0
    5: 0
    6: 0
    7: 0
    8: 0
    9: 0
    10: 0
    11: 0
    12: 1
    13: 78127
    14: 86
    15: 114
    16: 65
    17: 30
    18: 35
    19: 37
    20: 35
    21: 25
    22: 40
    23: 58
    24: 62
    25: 39
    26: 42
    27: 46
    28: 43
    29: 40
    30: 47
    31: 59
    32: 51
    33: 51
    34: 37
    35: 33
    36: 56
    37: 46
    38: 49
    39: 37
    40: 44
    41: 43
    42: 44
    43: 13
    44: 0
    45: 1
    46: 3
    47: 1
    48: 0
    49: 1
    50: 0
    51: 1
    52: 1
    53: 0
    54: 0
    55: 0
    56: 0
    57: 0
    58: 0
    59: 0
    60: 0
    61: 0
    62: 0
    63: 0
    64: 0
    65: 0
    66: 0
    67: 0
    68: 0
    69: 0
    70: 0
    71: 0
    72: 0
    73: 0
    74: 0
    75: 0
    76: 0
    77: 0
    78: 0
    79: 0
    80: 0
    81: 0
    82: 0
    83: 0
    84: 0
    85: 0
    86: 0
    87: 0
    88: 0
    89: 0
    90: 0
    91: 0
    92: 0
    93: 0
    94: 0
    95: 0
    96: 0
    97: 0
    98: 0
    99: 0
  mem-3: # Memory controller stats
   rd: 79671 # Read requests
   wr: 58403 # Write requests
   rdlat: 10670352 # Total latency experienced by read requests
   wrlat: 8261541 # Total latency experienced by write requests
   rdhits: 16 # Read row hits
   wrhits: 10 # Write row hits
   mlh: # latency histogram for memory requests
    0: 0
    1: 0
    2: 0
    3: 0
    4: 0
    5: 0
    6: 0
    7: 0
    8: 0
    9: 0
    10: 0
    11: 2
    12: 0
    13: 78243
    14: 112
    15: 103
    16: 77
    17: 26
    18: 33
    19: 35
    20: 45
    21: 36
    22: 46
    23: 47
    24: 96
    25: 32
    26: 36
    27: 43
    28: 40
    29: 42
    30: 41
    31: 48
    32: 46
    33: 47
    34: 49
    35: 42
    36: 47
    37: 29
    38: 41
    39: 27
    40: 54
    41: 37
    42: 45
    43: 20
    44: 0
    45: 1
    46: 2
    47: 1
    48: 0
    49: 0
    50: 0
    51: 0
    52: 0
    53: 0
    54: 0
    55: 0
    56: 0
    57: 0
    58: 0
    59: 0
    60: 0
    61: 0
    62: 0
    63: 0
    64: 0
    65: 0
    66: 0
    67: 0
    68: 0
    69: 0
    70: 0
    71: 0
    72: 0
    73: 0
    74: 0
    75: 0
    76: 0
    77: 0
    78: 0
    79: 0
    80: 0
    81: 0
    82: 0
    83: 0
    84: 0
    85: 0
    86: 0
    87: 0
    88: 0
    89: 0
    90: 0
    91: 0
    92: 0
    93: 0
    94: 0
    95: 0
    96: 0
    97: 0
    98: 0
    99: 0
 sched: # Scheduler stats
  thCr: 1 # Threads created
  thFn: 1 # Threads finished
  schedEvs: 1 # Schedule events
  waitEvs: 0 # Wait events
  handoffEvs: 0 # Handoff events
  sleepEvs: 0 # Sleep events
  idlePhases: 0 # Phases with no thread active
  idlePeriods: 0 # Periods with no thread active
  occHist: # Occupancy histogram
   0: 0
   1: 80013
  rqSzHist: # Run queue size histogram
   0: 80013
   1: 0
   2: 0
   3: 0
   4: 0
   5: 0
   6: 0
   7: 0
   8: 0
   9: 0
   10: 0
   11: 0
   12: 0
   13: 0
   14: 0
   15: 0
   16: 0
 procCycles: # Per-process unhalted core cycles
  0: 800130023
  1: 0
  2: 0
  3: 0
  4: 0
  5: 0
  6: 0
  7: 0
  8: 0
  9: 0
  10: 0
  11: 0
  12: 0
  13: 0
  14: 0
  15: 0
  16: 0
  17: 0
  18: 0
  19: 0
  20: 0
  21: 0
  22: 0
  23: 0
  24: 0
  25: 0
  26: 0
  27: 0
  28: 0
  29: 0
  30: 0
  31: 0
  32: 0
  33: 0
  34: 0
  35: 0
  36: 0
  37: 0
  38: 0
  39: 0
  40: 0
  41: 0
  42: 0
  43: 0
  44: 0
  45: 0
  46: 0
  47: 0
  48: 0
  49: 0
  50: 0
  51: 0
  52: 0
  53: 0
  54: 0
  55: 0
  56: 0
  57: 0
  58: 0
  59: 0
  60: 0
  61: 0
  62: 0
  63: 0
 procInstrs: # Per-process instructions
  0: 1000009248
  1: 0
  2: 0
  3: 0
  4: 0
  5: 0
  6: 0
  7: 0
  8: 0
  9: 0
  10: 0
  11: 0
  12: 0
  13: 0
  14: 0
  15: 0
  16: 0
  17: 0
  18: 0
  19: 0
  20: 0
  21: 0
  22: 0
  23: 0
  24: 0
  25: 0
  26: 0
  27: 0
  28: 0
  29: 0
  30: 0
  31: 0
  32: 0
  33: 0
  34: 0
  35: 0
  36: 0
  37: 0
  38: 0
  39: 0
  40: 0
  41: 0
  42: 0
  43: 0
  44: 0
  45: 0
  46: 0
  47: 0
  48: 0
  49: 0
  50: 0
  51: 0
  52: 0
  53: 0
  54: 0
  55: 0
  56: 0
  57: 0
  58: 0
  59: 0
  60: 0
  61: 0
  62: 0
  63: 0
 heartbeats: # Per-process heartbeats
  0: 0
  1: 0
  2: 0
  3: 0
  4: 0
  5: 0
  6: 0
  7: 0
  8: 0
  9: 0
  10: 0
  11: 0
  12: 0
  13: 0
  14: 0
  15: 0
  16: 0
  17: 0
  18: 0
  19: 0
  20: 0
  21: 0
  22: 0
  23: 0
  24: 0
  25: 0
  26: 0
  27: 0
  28: 0
  29: 0
  30: 0
  31: 0
  32: 0
  33: 0
  34: 0
  35: 0
  36: 0
  37: 0
  38: 0
  39: 0
  40: 0
  41: 0
  42: 0
  43: 0
  44: 0
  45: 0
  46: 0
  47: 0
  48: 0
  49: 0
  50: 0
  51: 0
  52: 0
  53: 0
  54: 0
  55: 0
  56: 0
  57: 0
  58: 0
  59: 0
  60: 0
  61: 0
  62: 0
  63: 0
===
