# zsim stats
===
root: # Stats
 contention: # Contention simulation stats
  domain-0: # Domain stats
   time: 370755534 # Weave simulation time
 time: # Simulator time breakdown
  init: 515019419
  bound: 85512394561
  weave: 2399942638
  ff: 0
 trigger: 20000 # Reason for this stats dump
 phase: 78256 # Simulated phases
 westmere: # Core stats
  westmere-0: # Core stats
   cycles: 782560015 # Simulated unhalted cycles
   cCycles: 42224 # Cycles due to contention stalls
   instrs: 1250012918 # Simulated instructions
   uops: 1500841739 # Retired micro-ops
   bbls: 167640345 # Basic blocks
   approxInstrs: 13739582 # Instrs with approx uop decoding
   mispredBranches: 3600108 # Mispredicted branches
   condBranches: 129728781 # conditional branches
  westmere-1: # Core stats
   cycles: 782560007 # Simulated unhalted cycles
   cCycles: 48114 # Cycles due to contention stalls
   instrs: 1249997831 # Simulated instructions
   uops: 1500821273 # Retired micro-ops
   bbls: 167637976 # Basic blocks
   approxInstrs: 13739304 # Instrs with approx uop decoding
   mispredBranches: 3600024 # Mispredicted branches
   condBranches: 129727313 # conditional branches
  westmere-2: # Core stats
   cycles: 782560024 # Simulated unhalted cycles
   cCycles: 46408 # Cycles due to contention stalls
   instrs: 1249987081 # Simulated instructions
   uops: 1500809691 # Retired micro-ops
   bbls: 167636635 # Basic blocks
   approxInstrs: 13739633 # Instrs with approx uop decoding
   mispredBranches: 3600084 # Mispredicted branches
   condBranches: 129725634 # conditional branches
  westmere-3: # Core stats
   cycles: 782550008 # Simulated unhalted cycles
   cCycles: 43492 # Cycles due to contention stalls
   instrs: 1250011265 # Simulated instructions
   uops: 1500838631 # Retired micro-ops
   bbls: 167639721 # Basic blocks
   approxInstrs: 13739564 # Instrs with approx uop decoding
   mispredBranches: 3600004 # Mispredicted branches
   condBranches: 129728238 # conditional branches
 l1i: # Cache stats
  l1i-0: # Filter cache stats
   fhGETS: 223367696 # Filtered GETS hits
   fhGETX: 0 # Filtered GETX hits
   hGETS: 3215921 # GETS hits
   hGETX: 0 # GETX hits
   mGETS: 2820 # GETS misses
   mGETXIM: 0 # GETX I->M misses
   mGETXSM: 0 # GETX S->M misses (upgrade misses)
   PUTS: 0 # Clean evictions (from lower level)
   PUTX: 0 # Dirty evictions (from lower level)
   INV: 0 # Invalidates (from upper level)
   INVX: 0 # Downgrades (from upper level)
   FWD: 0 # Forwards (from upper level)
   latGETnl: 50940 # GET request latency on next level
   latGETnet: 0 # GET request latency on network to next level
  l1i-1: # Filter cache stats
   fhGETS: 223364842 # Filtered GETS hits
   fhGETX: 0 # Filtered GETX hits
   hGETS: 3215674 # GETS hits
   hGETX: 0 # GETX hits
   mGETS: 2800 # GETS misses
   mGETXIM: 0 # GETX I->M misses
   mGETXSM: 0 # GETX S->M misses (upgrade misses)
   PUTS: 0 # Clean evictions (from lower level)
   PUTX: 0 # Dirty evictions (from lower level)
   INV: 0 # Invalidates (from upper level)
   INVX: 0 # Downgrades (from upper level)
   FWD: 0 # Forwards (from upper level)
   latGETnl: 52110 # GET request latency on next level
   latGETnet: 0 # GET request latency on network to next level
  l1i-2: # Filter cache stats
   fhGETS: 223363960 # Filtered GETS hits
   fhGETX: 0 # Filtered GETX hits
   hGETS: 3215449 # GETS hits
   hGETX: 0 # GETX hits
   mGETS: 2767 # GETS misses
   mGETXIM: 0 # GETX I->M misses
   mGETXSM: 0 # GETX S->M misses (upgrade misses)
   PUTS: 0 # Clean evictions (from lower level)
   PUTX: 0 # Dirty evictions (from lower level)
   INV: 0 # Invalidates (from upper level)
   INVX: 0 # Downgrades (from upper level)
   FWD: 0 # Forwards (from upper level)
   latGETnl: 56436 # GET request latency on next level
   latGETnet: 0 # GET request latency on network to next level
  l1i-3: # Filter cache stats
   fhGETS: 223367025 # Filtered GETS hits
   fhGETX: 0 # Filtered GETX hits
   hGETS: 3215629 # GETS hits
   hGETX: 0 # GETX hits
   mGETS: 2772 # GETS misses
   mGETXIM: 0 # GETX I->M misses
   mGETXSM: 0 # GETX S->M misses (upgrade misses)
   PUTS: 0 # Clean evictions (from lower level)
   PUTX: 0 # Dirty evictions (from lower level)
   INV: 0 # Invalidates (from upper level)
   INVX: 0 # Downgrades (from upper level)
   FWD: 0 # Forwards (from upper level)
   latGETnl: 45376 # GET request latency on next level
   latGETnet: 0 # GET request latency on network to next level
 l1d: # Cache stats
  l1d-0: # Filter cache stats
   fhGETS: 320286906 # Filtered GETS hits
   fhGETX: 75946415 # Filtered GETX hits
   hGETS: 23854223 # GETS hits
   hGETX: 23451486 # GETX hits
   mGETS: 2676476 # GETS misses
   mGETXIM: 2212152 # GETX I->M misses
   mGETXSM: 322 # GETX S->M misses (upgrade misses)
   PUTS: 0 # Clean evictions (from lower level)
   PUTX: 0 # Dirty evictions (from lower level)
   INV: 24 # Invalidates (from upper level)
   INVX: 41 # Downgrades (from upper level)
   FWD: 0 # Forwards (from upper level)
   latGETnl: 39485040 # GET request latency on next level
   latGETnet: 0 # GET request latency on network to next level
  l1d-1: # Filter cache stats
   fhGETS: 317360105 # Filtered GETS hits
   fhGETX: 75723367 # Filtered GETX hits
   hGETS: 26777251 # GETS hits
   hGETX: 23681769 # GETX hits
   mGETS: 2676690 # GETS misses
   mGETXIM: 2202791 # GETX I->M misses
   mGETXSM: 408 # GETX S->M misses (upgrade misses)
   PUTS: 0 # Clean evictions (from lower level)
   PUTX: 0 # Dirty evictions (from lower level)
   INV: 19 # Invalidates (from upper level)
   INVX: 169 # Downgrades (from upper level)
   FWD: 0 # Forwards (from upper level)
   latGETnl: 39428510 # GET request latency on next level
   latGETnet: 0 # GET request latency on network to next level
  l1d-2: # Filter cache stats
   fhGETS: 321750995 # Filtered GETS hits
   fhGETX: 76020868 # Filtered GETX hits
   hGETS: 22386144 # GETS hits
   hGETX: 23370601 # GETX hits
   mGETS: 2676517 # GETS misses
   mGETXIM: 2214049 # GETX I->M misses
   mGETXSM: 227 # GETX S->M misses (upgrade misses)
   PUTS: 0 # Clean evictions (from lower level)
   PUTX: 0 # Dirty evictions (from lower level)
   INV: 22 # Invalidates (from upper level)
   INVX: 130 # Downgrades (from upper level)
   FWD: 0 # Forwards (from upper level)
   latGETnl: 39474596 # GET request latency on next level
   latGETnet: 0 # GET request latency on network to next level
  l1d-3: # Filter cache stats
   fhGETS: 317226936 # Filtered GETS hits
   fhGETX: 75790746 # Filtered GETX hits
   hGETS: 26913129 # GETS hits
   hGETX: 23606995 # GETX hits
   mGETS: 2677368 # GETS misses
   mGETXIM: 2211551 # GETX I->M misses
   mGETXSM: 168 # GETX S->M misses (upgrade misses)
   PUTS: 0 # Clean evictions (from lower level)
   PUTX: 0 # Dirty evictions (from lower level)
   INV: 9 # Invalidates (from upper level)
   INVX: 99 # Downgrades (from upper level)
   FWD: 0 # Forwards (from upper level)
   latGETnl: 39441362 # GET request latency on next level
   latGETnet: 0 # GET request latency on network to next level
 l2: # Cache stats
  l2-0: # Cache stats
   hGETS: 2677347 # GETS hits
   hGETX: 2208115 # GETX hits
   mGETS: 1949 # GETS misses
   mGETXIM: 3907 # GETX I->M misses
   mGETXSM: 452 # GETX S->M misses (upgrade misses)
   PUTS: 2296872 # Clean evictions (from lower level)
   PUTX: 2593532 # Dirty evictions (from lower level)
   INV: 2056 # Invalidates (from upper level)
   INVX: 591 # Downgrades (from upper level)
   FWD: 0 # Forwards (from upper level)
   latGETnl: 401820 # GET request latency on next level
   latGETnet: 0 # GET request latency on network to next level
  l2-1: # Cache stats
   hGETS: 2677460 # GETS hits
   hGETX: 2198456 # GETX hits
   mGETS: 2030 # GETS misses
   mGETXIM: 4171 # GETX I->M misses
   mGETXSM: 572 # GETX S->M misses (upgrade misses)
   PUTS: 2298334 # Clean evictions (from lower level)
   PUTX: 2582915 # Dirty evictions (from lower level)
   INV: 2537 # Invalidates (from upper level)
   INVX: 756 # Downgrades (from upper level)
   FWD: 0 # Forwards (from upper level)
   latGETnl: 419108 # GET request latency on next level
   latGETnet: 0 # GET request latency on network to next level
  l2-2: # Cache stats
   hGETS: 2677582 # GETS hits
   hGETX: 2210552 # GETX hits
   mGETS: 1702 # GETS misses
   mGETXIM: 3429 # GETX I->M misses
   mGETXSM: 295 # GETX S->M misses (upgrade misses)
   PUTS: 2298113 # Clean evictions (from lower level)
   PUTX: 2594185 # Dirty evictions (from lower level)
   INV: 1528 # Invalidates (from upper level)
   INVX: 486 # Downgrades (from upper level)
   FWD: 0 # Forwards (from upper level)
   latGETnl: 382552 # GET request latency on next level
   latGETnet: 0 # GET request latency on network to next level
  l2-3: # Cache stats
   hGETS: 2678532 # GETS hits
   hGETX: 2208500 # GETX hits
   mGETS: 1608 # GETS misses
   mGETXIM: 2997 # GETX I->M misses
   mGETXSM: 222 # GETX S->M misses (upgrade misses)
   PUTS: 2296390 # Clean evictions (from lower level)
   PUTX: 2594278 # Dirty evictions (from lower level)
   INV: 1010 # Invalidates (from upper level)
   INVX: 334 # Downgrades (from upper level)
   FWD: 0 # Forwards (from upper level)
   latGETnl: 351866 # GET request latency on next level
   latGETnet: 0 # GET request latency on network to next level
 l3: # Cache stats
  l3-0b0: # Cache stats
   hGETS: 1158 # GETS hits
   hGETX: 1779 # GETX hits
   mGETS: 584 # GETS misses
   mGETXIM: 2219 # GETX I->M misses
   mGETXSM: 0 # GETX S->M misses (upgrade misses)
   PUTS: 88 # Clean evictions (from lower level)
   PUTX: 222 # Dirty evictions (from lower level)
   INV: 0 # Invalidates (from upper level)
   INVX: 0 # Downgrades (from upper level)
   FWD: 0 # Forwards (from upper level)
   latGETnl: 252270 # GET request latency on next level
   latGETnet: 0 # GET request latency on network to next level
  l3-0b1: # Cache stats
   hGETS: 1309 # GETS hits
   hGETX: 1801 # GETX hits
   mGETS: 606 # GETS misses
   mGETXIM: 2198 # GETX I->M misses
   mGETXSM: 0 # GETX S->M misses (upgrade misses)
   PUTS: 129 # Clean evictions (from lower level)
   PUTX: 245 # Dirty evictions (from lower level)
   INV: 0 # Invalidates (from upper level)
   INVX: 0 # Downgrades (from upper level)
   FWD: 0 # Forwards (from upper level)
   latGETnl: 252360 # GET request latency on next level
   latGETnet: 0 # GET request latency on network to next level
  l3-0b2: # Cache stats
   hGETS: 1233 # GETS hits
   hGETX: 1809 # GETX hits
   mGETS: 587 # GETS misses
   mGETXIM: 2232 # GETX I->M misses
   mGETXSM: 0 # GETX S->M misses (upgrade misses)
   PUTS: 97 # Clean evictions (from lower level)
   PUTX: 250 # Dirty evictions (from lower level)
   INV: 0 # Invalidates (from upper level)
   INVX: 0 # Downgrades (from upper level)
   FWD: 0 # Forwards (from upper level)
   latGETnl: 253710 # GET request latency on next level
   latGETnet: 0 # GET request latency on network to next level
  l3-0b3: # Cache stats
   hGETS: 1206 # GETS hits
   hGETX: 1790 # GETX hits
   mGETS: 606 # GETS misses
   mGETXIM: 2217 # GETX I->M misses
   mGETXSM: 0 # GETX S->M misses (upgrade misses)
   PUTS: 94 # Clean evictions (from lower level)
   PUTX: 250 # Dirty evictions (from lower level)
   INV: 0 # Invalidates (from upper level)
   INVX: 0 # Downgrades (from upper level)
   FWD: 0 # Forwards (from upper level)
   latGETnl: 254070 # GET request latency on next level
   latGETnet: 0 # GET request latency on network to next level
 mem: # Memory controller stats
  mem-0: # Memory controller stats
   rd: 2846 # Read requests
   wr: 0 # Write requests
   rdlat: 479262 # Total latency experienced by read requests
   wrlat: 0 # Total latency experienced by write requests
   rdhits: 292 # Read row hits
   wrhits: 0 # Write row hits
   mlh: # latency histogram for memory requests
    0: 0
    1: 0
    2: 0
    3: 0
    4: 0
    5: 0
    6: 0
    7: 0
    8: 0
    9: 0
    10: 0
    11: 14
    12: 30
    13: 1885
    14: 221
    15: 119
    16: 90
    17: 53
    18: 36
    19: 35
    20: 34
    21: 22
    22: 25
    23: 17
    24: 14
    25: 11
    26: 2
    27: 4
    28: 4
    29: 9
    30: 7
    31: 10
    32: 6
    33: 7
    34: 3
    35: 7
    36: 9
    37: 5
    38: 8
    39: 6
    40: 4
    41: 7
    42: 7
    43: 9
    44: 10
    45: 9
    46: 7
    47: 5
    48: 6
    49: 7
    50: 7
    51: 6
    52: 6
    53: 6
    54: 6
    55: 3
    56: 3
    57: 3
    58: 1
    59: 1
    60: 3
    61: 6
    62: 3
    63: 5
    64: 2
    65: 0
    66: 1
    67: 0
    68: 1
    69: 2
    70: 5
    71: 3
    72: 1
    73: 1
    74: 1
    75: 2
    76: 0
    77: 0
    78: 2
    79: 0
    80: 0
    81: 2
    82: 0
    83: 0
    84: 0
    85: 0
    86: 0
    87: 0
    88: 0
    89: 0
    90: 0
    91: 0
    92: 0
    93: 0
    94: 0
    95: 0
    96: 0
    97: 0
    98: 0
    99: 0
  mem-1: # Memory controller stats
   rd: 2797 # Read requests
   wr: 0 # Write requests
   rdlat: 435935 # Total latency experienced by read requests
   wrlat: 0 # Total latency experienced by write requests
   rdhits: 270 # Read row hits
   wrhits: 0 # Write row hits
   mlh: # latency histogram for memory requests
    0: 0
    1: 0
    2: 0
    3: 0
    4: 0
    5: 0
    6: 0
    7: 0
    8: 0
    9: 0
    10: 0
    11: 14
    12: 41
    13: 1899
    14: 223
    15: 89
    16: 85
    17: 52
    18: 46
    19: 42
    20: 35
    21: 26
    22: 24
    23: 19
    24: 19
    25: 15
    26: 21
    27: 10
    28: 6
    29: 9
    30: 5
    31: 6
    32: 7
    33: 3
    34: 11
    35: 5
    36: 4
    37: 10
    38: 9
    39: 9
    40: 3
    41: 8
    42: 8
    43: 6
    44: 3
    45: 3
    46: 7
    47: 2
    48: 1
    49: 1
    50: 0
    51: 0
    52: 1
    53: 0
    54: 1
    55: 1
    56: 1
    57: 0
    58: 0
    59: 1
    60: 2
    61: 0
    62: 0
    63: 0
    64: 0
    65: 0
    66: 0
    67: 1
    68: 0
    69: 0
    70: 0
    71: 0
    72: 0
    73: 1
    74: 1
    75: 1
    76: 0
    77: 0
    78: 0
    79: 0
    80: 0
    81: 0
    82: 0
    83: 0
    84: 0
    85: 0
    86: 0
    87: 0
    88: 0
    89: 0
    90: 0
    91: 0
    92: 0
    93: 0
    94: 0
    95: 0
    96: 0
    97: 0
    98: 0
    99: 0
  mem-2: # Memory controller stats
   rd: 2803 # Read requests
   wr: 0 # Write requests
   rdlat: 469597 # Total latency experienced by read requests
   wrlat: 0 # Total latency experienced by write requests
   rdhits: 293 # Read row hits
   wrhits: 0 # Write row hits
   mlh: # latency histogram for memory requests
    0: 0
    1: 0
    2: 0
    3: 0
    4: 0
    5: 0
    6: 0
    7: 0
    8: 0
    9: 0
    10: 0
    11: 12
    12: 35
    13: 1852
    14: 223
    15: 100
    16: 99
    17: 44
    18: 52
    19: 45
    20: 26
    21: 31
    22: 22
    23: 12
    24: 11
    25: 5
    26: 5
    27: 4
    28: 8
    29: 9
    30: 6
    31: 8
    32: 6
    33: 9
    34: 9
    35: 7
    36: 7
    37: 5
    38: 6
    39: 6
    40: 4
    41: 8
    42: 7
    43: 13
    44: 4
    45: 7
    46: 4
    47: 0
    48: 5
    49: 5
    50: 3
    51: 9
    52: 5
    53: 7
    54: 3
    55: 4
    56: 4
    57: 4
    58: 2
    59: 3
    60: 1
    61: 7
    62: 3
    63: 3
    64: 3
    65: 0
    66: 1
    67: 2
    68: 4
    69: 2
    70: 1
    71: 1
    72: 0
    73: 0
    74: 1
    75: 0
    76: 2
    77: 2
    78: 1
    79: 1
    80: 2
    81: 0
    82: 0
    83: 1
    84: 0
    85: 0
    86: 0
    87: 0
    88: 0
    89: 0
    90: 0
    91: 0
    92: 0
    93: 0
    94: 0
    95: 0
    96: 0
    97: 0
    98: 0
    99: 0
  mem-3: # Memory controller stats
   rd: 2803 # Read requests
   wr: 0 # Write requests
   rdlat: 432225 # Total latency experienced by read requests
   wrlat: 0 # Total latency experienced by write requests
   rdhits: 264 # Read row hits
   wrhits: 0 # Write row hits
   mlh: # latency histogram for memory requests
    0: 0
    1: 0
    2: 0
    3: 0
    4: 0
    5: 0
    6: 0
    7: 0
    8: 0
    9: 0
    10: 0
    11: 16
    12: 37
    13: 1884
    14: 258
    15: 80
    16: 68
    17: 60
    18: 61
    19: 55
    20: 32
    21: 31
    22: 20
    23: 17
    24: 15
    25: 14
    26: 9
    27: 10
    28: 10
    29: 9
    30: 9
    31: 12
    32: 13
    33: 5
    34: 9
    35: 3
    36: 8
    37: 6
    38: 4
    39: 7
    40: 3
    41: 4
    42: 2
    43: 4
    44: 6
    45: 2
    46: 7
    47: 2
    48: 2
    49: 1
    50: 2
    51: 2
    52: 1
    53: 2
    54: 1
    55: 0
    56: 0
    57: 0
    58: 0
    59: 0
    60: 0
    61: 0
    62: 0
    63: 0
    64: 0
    65: 0
    66: 0
    67: 0
    68: 0
    69: 0
    70: 0
    71: 0
    72: 0
    73: 0
    74: 0
    75: 0
    76: 0
    77: 0
    78: 0
    79: 0
    80: 0
    81: 0
    82: 0
    83: 0
    84: 0
    85: 0
    86: 0
    87: 0
    88: 0
    89: 0
    90: 0
    91: 0
    92: 0
    93: 0
    94: 0
    95: 0
    96: 0
    97: 0
    98: 0
    99: 0
 sched: # Scheduler stats
  thCr: 9 # Threads created
  thFn: 0 # Threads finished
  schedEvs: 37 # Schedule events
  waitEvs: 33 # Wait events
  handoffEvs: 28 # Handoff events
  sleepEvs: 0 # Sleep events
  idlePhases: 0 # Phases with no thread active
  idlePeriods: 0 # Periods with no thread active
  occHist: # Occupancy histogram
   0: 0
   1: 0
   2: 0
   3: 1
   4: 78255
  rqSzHist: # Run queue size histogram
   0: 1
   1: 0
   2: 0
   3: 0
   4: 78255
   5: 0
   6: 0
   7: 0
   8: 0
   9: 0
   10: 0
   11: 0
   12: 0
   13: 0
   14: 0
   15: 0
   16: 0
 procCycles: # Per-process unhalted core cycles
  0: 3130230054
  1: 0
  2: 0
  3: 0
  4: 0
  5: 0
  6: 0
  7: 0
  8: 0
  9: 0
  10: 0
  11: 0
  12: 0
  13: 0
  14: 0
  15: 0
  16: 0
  17: 0
  18: 0
  19: 0
  20: 0
  21: 0
  22: 0
  23: 0
  24: 0
  25: 0
  26: 0
  27: 0
  28: 0
  29: 0
  30: 0
  31: 0
  32: 0
  33: 0
  34: 0
  35: 0
  36: 0
  37: 0
  38: 0
  39: 0
  40: 0
  41: 0
  42: 0
  43: 0
  44: 0
  45: 0
  46: 0
  47: 0
  48: 0
  49: 0
  50: 0
  51: 0
  52: 0
  53: 0
  54: 0
  55: 0
  56: 0
  57: 0
  58: 0
  59: 0
  60: 0
  61: 0
  62: 0
  63: 0
 procInstrs: # Per-process instructions
  0: 5000009095
  1: 0
  2: 0
  3: 0
  4: 0
  5: 0
  6: 0
  7: 0
  8: 0
  9: 0
  10: 0
  11: 0
  12: 0
  13: 0
  14: 0
  15: 0
  16: 0
  17: 0
  18: 0
  19: 0
  20: 0
  21: 0
  22: 0
  23: 0
  24: 0
  25: 0
  26: 0
  27: 0
  28: 0
  29: 0
  30: 0
  31: 0
  32: 0
  33: 0
  34: 0
  35: 0
  36: 0
  37: 0
  38: 0
  39: 0
  40: 0
  41: 0
  42: 0
  43: 0
  44: 0
  45: 0
  46: 0
  47: 0
  48: 0
  49: 0
  50: 0
  51: 0
  52: 0
  53: 0
  54: 0
  55: 0
  56: 0
  57: 0
  58: 0
  59: 0
  60: 0
  61: 0
  62: 0
  63: 0
 heartbeats: # Per-process heartbeats
  0: 0
  1: 0
  2: 0
  3: 0
  4: 0
  5: 0
  6: 0
  7: 0
  8: 0
  9: 0
  10: 0
  11: 0
  12: 0
  13: 0
  14: 0
  15: 0
  16: 0
  17: 0
  18: 0
  19: 0
  20: 0
  21: 0
  22: 0
  23: 0
  24: 0
  25: 0
  26: 0
  27: 0
  28: 0
  29: 0
  30: 0
  31: 0
  32: 0
  33: 0
  34: 0
  35: 0
  36: 0
  37: 0
  38: 0
  39: 0
  40: 0
  41: 0
  42: 0
  43: 0
  44: 0
  45: 0
  46: 0
  47: 0
  48: 0
  49: 0
  50: 0
  51: 0
  52: 0
  53: 0
  54: 0
  55: 0
  56: 0
  57: 0
  58: 0
  59: 0
  60: 0
  61: 0
  62: 0
  63: 0
===
