# zsim stats
===
root: # Stats
 contention: # Contention simulation stats
  domain-0: # Domain stats
   time: 14669386235 # Weave simulation time
 time: # Simulator time breakdown
  init: 2077905882
  bound: 100713568995
  weave: 16702867437
  ff: 0
 trigger: 20000 # Reason for this stats dump
 phase: 154311 # Simulated phases
 westmere: # Core stats
  westmere-0: # Core stats
   cycles: 1543112258 # Simulated unhalted cycles
   cCycles: 404115011 # Cycles due to contention stalls
   instrs: 1000000475 # Simulated instructions
   uops: 1166693450 # Retired micro-ops
   bbls: 78828710 # Basic blocks
   approxInstrs: 9960884 # Instrs with approx uop decoding
   mispredBranches: 614286 # Mispredicted branches
   condBranches: 76585465 # conditional branches
 l1i: # Cache stats
  l1i-0: # Filter cache stats
   fhGETS: 111828174 # Filtered GETS hits
   fhGETX: 0 # Filtered GETX hits
   hGETS: 36170 # GETS hits
   hGETX: 0 # GETX hits
   mGETS: 38145 # GETS misses
   mGETXIM: 0 # GETX I->M misses
   mGETXSM: 0 # GETX S->M misses (upgrade misses)
   PUTS: 0 # Clean evictions (from lower level)
   PUTX: 0 # Dirty evictions (from lower level)
   INV: 38053 # Invalidates (from upper level)
   INVX: 0 # Downgrades (from upper level)
   FWD: 0 # Forwards (from upper level)
   latGETnl: 4500890 # GET request latency on next level
   latGETnet: 0 # GET request latency on network to next level
 l1d: # Cache stats
  l1d-0: # Filter cache stats
   fhGETS: 191459182 # Filtered GETS hits
   fhGETX: 64516699 # Filtered GETX hits
   hGETS: 118947847 # GETS hits
   hGETX: 28645849 # GETX hits
   mGETS: 25005499 # GETS misses
   mGETXIM: 7985863 # GETX I->M misses
   mGETXSM: 0 # GETX S->M misses (upgrade misses)
   PUTS: 0 # Clean evictions (from lower level)
   PUTX: 0 # Dirty evictions (from lower level)
   INV: 4300522 # Invalidates (from upper level)
   INVX: 0 # Downgrades (from upper level)
   FWD: 0 # Forwards (from upper level)
   latGETnl: 2657474156 # GET request latency on next level
   latGETnet: 0 # GET request latency on network to next level
 l2: # Cache stats
  l2-0: # Cache stats
   hGETS: 5450127 # GETS hits
   hGETX: 2567897 # GETX hits
   mGETS: 19593517 # GETS misses
   mGETXIM: 5417966 # GETX I->M misses
   mGETXSM: 0 # GETX S->M misses (upgrade misses)
   PUTS: 19425091 # Clean evictions (from lower level)
   PUTX: 9265333 # Dirty evictions (from lower level)
   INV: 8991547 # Invalidates (from upper level)
   INVX: 0 # Downgrades (from upper level)
   FWD: 0 # Forwards (from upper level)
   latGETnl: 2397738990 # GET request latency on next level
   latGETnet: 0 # GET request latency on network to next level
 l3: # Cache stats
  l3-0: # Cache stats
   hGETS: 3310996 # GETS hits
   hGETX: 617050 # GETX hits
   mGETS: 16282521 # GETS misses
   mGETXIM: 4800916 # GETX I->M misses
   mGETXSM: 0 # GETX S->M misses (upgrade misses)
   PUTS: 11373089 # Clean evictions (from lower level)
   PUTX: 4643040 # Dirty evictions (from lower level)
   INV: 0 # Invalidates (from upper level)
   INVX: 0 # Downgrades (from upper level)
   FWD: 0 # Forwards (from upper level)
   latGETnl: 1897509330 # GET request latency on next level
   latGETnet: 0 # GET request latency on network to next level
 mem: # Memory controller stats
  mem-0: # Memory controller stats
   rd: 5270516 # Read requests
   wr: 1572385 # Write requests
   rdlat: 764204626 # Total latency experienced by read requests
   wrlat: 238904566 # Total latency experienced by write requests
   rdhits: 56426 # Read row hits
   wrhits: 7471 # Write row hits
   mlh: # latency histogram for memory requests
    0: 0
    1: 0
    2: 0
    3: 0
    4: 0
    5: 0
    6: 0
    7: 0
    8: 0
    9: 0
    10: 0
    11: 1204
    12: 10705
    13: 3562211
    14: 743376
    15: 330714
    16: 71118
    17: 143655
    18: 63617
    19: 65052
    20: 8679
    21: 4755
    22: 4785
    23: 24148
    24: 103529
    25: 49428
    26: 24209
    27: 4400
    28: 2495
    29: 2751
    30: 2880
    31: 3167
    32: 2829
    33: 2995
    34: 2961
    35: 4712
    36: 3272
    37: 2876
    38: 2850
    39: 3029
    40: 3055
    41: 2954
    42: 3013
    43: 1894
    44: 1009
    45: 652
    46: 586
    47: 895
    48: 1193
    49: 660
    50: 464
    51: 434
    52: 378
    53: 265
    54: 212
    55: 94
    56: 58
    57: 19
    58: 37
    59: 151
    60: 56
    61: 10
    62: 7
    63: 5
    64: 3
    65: 5
    66: 0
    67: 1
    68: 1
    69: 1
    70: 2
    71: 0
    72: 0
    73: 0
    74: 0
    75: 0
    76: 0
    77: 0
    78: 0
    79: 0
    80: 0
    81: 0
    82: 0
    83: 0
    84: 0
    85: 0
    86: 0
    87: 0
    88: 0
    89: 0
    90: 0
    91: 0
    92: 0
    93: 0
    94: 0
    95: 0
    96: 0
    97: 0
    98: 0
    99: 0
  mem-1: # Memory controller stats
   rd: 5270655 # Read requests
   wr: 1571640 # Write requests
   rdlat: 764251066 # Total latency experienced by read requests
   wrlat: 238806976 # Total latency experienced by write requests
   rdhits: 55534 # Read row hits
   wrhits: 7368 # Write row hits
   mlh: # latency histogram for memory requests
    0: 0
    1: 0
    2: 0
    3: 0
    4: 0
    5: 0
    6: 0
    7: 0
    8: 0
    9: 1
    10: 0
    11: 1234
    12: 10006
    13: 3561340
    14: 745139
    15: 332667
    16: 71545
    17: 142311
    18: 62965
    19: 63727
    20: 8720
    21: 4936
    22: 4590
    23: 23455
    24: 104820
    25: 49357
    26: 24155
    27: 4492
    28: 2556
    29: 2783
    30: 3098
    31: 3097
    32: 2866
    33: 3014
    34: 2922
    35: 4796
    36: 3233
    37: 2850
    38: 2864
    39: 2991
    40: 3128
    41: 2988
    42: 2903
    43: 1783
    44: 972
    45: 680
    46: 600
    47: 847
    48: 1242
    49: 701
    50: 483
    51: 485
    52: 441
    53: 231
    54: 192
    55: 80
    56: 53
    57: 6
    58: 23
    59: 171
    60: 72
    61: 21
    62: 7
    63: 3
    64: 1
    65: 5
    66: 1
    67: 2
    68: 0
    69: 4
    70: 0
    71: 0
    72: 0
    73: 0
    74: 0
    75: 0
    76: 0
    77: 0
    78: 0
    79: 0
    80: 0
    81: 0
    82: 0
    83: 0
    84: 0
    85: 0
    86: 0
    87: 0
    88: 0
    89: 0
    90: 0
    91: 0
    92: 0
    93: 0
    94: 0
    95: 0
    96: 0
    97: 0
    98: 0
    99: 0
  mem-2: # Memory controller stats
   rd: 5274497 # Read requests
   wr: 1566597 # Write requests
   rdlat: 765042561 # Total latency experienced by read requests
   wrlat: 237540451 # Total latency experienced by write requests
   rdhits: 55689 # Read row hits
   wrhits: 6437 # Write row hits
   mlh: # latency histogram for memory requests
    0: 0
    1: 0
    2: 0
    3: 0
    4: 0
    5: 0
    6: 0
    7: 0
    8: 0
    9: 0
    10: 0
    11: 1847
    12: 11079
    13: 3559335
    14: 745642
    15: 332252
    16: 71556
    17: 144450
    18: 63388
    19: 63986
    20: 9053
    21: 5487
    22: 4843
    23: 24487
    24: 103954
    25: 49570
    26: 23791
    27: 4480
    28: 2492
    29: 2739
    30: 3009
    31: 3055
    32: 2710
    33: 2994
    34: 3021
    35: 4762
    36: 3190
    37: 2803
    38: 2884
    39: 3078
    40: 3106
    41: 3043
    42: 2966
    43: 1865
    44: 1018
    45: 643
    46: 591
    47: 925
    48: 1328
    49: 691
    50: 498
    51: 486
    52: 462
    53: 260
    54: 202
    55: 97
    56: 47
    57: 16
    58: 24
    59: 181
    60: 80
    61: 14
    62: 6
    63: 5
    64: 3
    65: 1
    66: 0
    67: 0
    68: 1
    69: 0
    70: 1
    71: 0
    72: 0
    73: 0
    74: 0
    75: 0
    76: 0
    77: 0
    78: 0
    79: 0
    80: 0
    81: 0
    82: 0
    83: 0
    84: 0
    85: 0
    86: 0
    87: 0
    88: 0
    89: 0
    90: 0
    91: 0
    92: 0
    93: 0
    94: 0
    95: 0
    96: 0
    97: 0
    98: 0
    99: 0
  mem-3: # Memory controller stats
   rd: 5267719 # Read requests
   wr: 1566095 # Write requests
   rdlat: 764050203 # Total latency experienced by read requests
   wrlat: 237364644 # Total latency experienced by write requests
   rdhits: 55491 # Read row hits
   wrhits: 6462 # Write row hits
   mlh: # latency histogram for memory requests
    0: 0
    1: 0
    2: 0
    3: 0
    4: 0
    5: 0
    6: 0
    7: 0
    8: 0
    9: 0
    10: 1
    11: 2141
    12: 9742
    13: 3556913
    14: 744642
    15: 332202
    16: 71624
    17: 143101
    18: 62506
    19: 63967
    20: 9058
    21: 5152
    22: 4971
    23: 24083
    24: 104310
    25: 49485
    26: 23991
    27: 4442
    28: 2585
    29: 2847
    30: 2945
    31: 2898
    32: 2648
    33: 2897
    34: 3102
    35: 4745
    36: 3200
    37: 2935
    38: 2883
    39: 3039
    40: 3182
    41: 3048
    42: 3102
    43: 1854
    44: 1058
    45: 710
    46: 526
    47: 878
    48: 1296
    49: 700
    50: 462
    51: 499
    52: 424
    53: 266
    54: 211
    55: 88
    56: 44
    57: 15
    58: 36
    59: 167
    60: 63
    61: 11
    62: 7
    63: 3
    64: 5
    65: 6
    66: 0
    67: 0
    68: 0
    69: 1
    70: 1
    71: 0
    72: 0
    73: 0
    74: 0
    75: 0
    76: 1
    77: 0
    78: 0
    79: 0
    80: 0
    81: 0
    82: 0
    83: 0
    84: 0
    85: 0
    86: 0
    87: 0
    88: 0
    89: 0
    90: 0
    91: 0
    92: 0
    93: 0
    94: 0
    95: 0
    96: 0
    97: 0
    98: 0
    99: 0
 sched: # Scheduler stats
  thCr: 1 # Threads created
  thFn: 1 # Threads finished
  schedEvs: 1 # Schedule events
  waitEvs: 0 # Wait events
  handoffEvs: 0 # Handoff events
  sleepEvs: 0 # Sleep events
  idlePhases: 0 # Phases with no thread active
  idlePeriods: 0 # Periods with no thread active
  occHist: # Occupancy histogram
   0: 0
   1: 154311
  rqSzHist: # Run queue size histogram
   0: 154311
   1: 0
   2: 0
   3: 0
   4: 0
   5: 0
   6: 0
   7: 0
   8: 0
   9: 0
   10: 0
   11: 0
   12: 0
   13: 0
   14: 0
   15: 0
   16: 0
 procCycles: # Per-process unhalted core cycles
  0: 1543112258
  1: 0
  2: 0
  3: 0
  4: 0
  5: 0
  6: 0
  7: 0
  8: 0
  9: 0
  10: 0
  11: 0
  12: 0
  13: 0
  14: 0
  15: 0
  16: 0
  17: 0
  18: 0
  19: 0
  20: 0
  21: 0
  22: 0
  23: 0
  24: 0
  25: 0
  26: 0
  27: 0
  28: 0
  29: 0
  30: 0
  31: 0
  32: 0
  33: 0
  34: 0
  35: 0
  36: 0
  37: 0
  38: 0
  39: 0
  40: 0
  41: 0
  42: 0
  43: 0
  44: 0
  45: 0
  46: 0
  47: 0
  48: 0
  49: 0
  50: 0
  51: 0
  52: 0
  53: 0
  54: 0
  55: 0
  56: 0
  57: 0
  58: 0
  59: 0
  60: 0
  61: 0
  62: 0
  63: 0
 procInstrs: # Per-process instructions
  0: 1000000475
  1: 0
  2: 0
  3: 0
  4: 0
  5: 0
  6: 0
  7: 0
  8: 0
  9: 0
  10: 0
  11: 0
  12: 0
  13: 0
  14: 0
  15: 0
  16: 0
  17: 0
  18: 0
  19: 0
  20: 0
  21: 0
  22: 0
  23: 0
  24: 0
  25: 0
  26: 0
  27: 0
  28: 0
  29: 0
  30: 0
  31: 0
  32: 0
  33: 0
  34: 0
  35: 0
  36: 0
  37: 0
  38: 0
  39: 0
  40: 0
  41: 0
  42: 0
  43: 0
  44: 0
  45: 0
  46: 0
  47: 0
  48: 0
  49: 0
  50: 0
  51: 0
  52: 0
  53: 0
  54: 0
  55: 0
  56: 0
  57: 0
  58: 0
  59: 0
  60: 0
  61: 0
  62: 0
  63: 0
 heartbeats: # Per-process heartbeats
  0: 0
  1: 0
  2: 0
  3: 0
  4: 0
  5: 0
  6: 0
  7: 0
  8: 0
  9: 0
  10: 0
  11: 0
  12: 0
  13: 0
  14: 0
  15: 0
  16: 0
  17: 0
  18: 0
  19: 0
  20: 0
  21: 0
  22: 0
  23: 0
  24: 0
  25: 0
  26: 0
  27: 0
  28: 0
  29: 0
  30: 0
  31: 0
  32: 0
  33: 0
  34: 0
  35: 0
  36: 0
  37: 0
  38: 0
  39: 0
  40: 0
  41: 0
  42: 0
  43: 0
  44: 0
  45: 0
  46: 0
  47: 0
  48: 0
  49: 0
  50: 0
  51: 0
  52: 0
  53: 0
  54: 0
  55: 0
  56: 0
  57: 0
  58: 0
  59: 0
  60: 0
  61: 0
  62: 0
  63: 0
===
